[2024-04-04T01:16:46.889-0500] {processor.py:161} INFO - Started process (PID=33803) to work on /Volumes/SLU_CS/big_data_scd_all_types_project/airflow/dags/bigDataProjectSCD_0.py
[2024-04-04T01:16:46.890-0500] {processor.py:830} INFO - Processing file /Volumes/SLU_CS/big_data_scd_all_types_project/airflow/dags/bigDataProjectSCD_0.py for tasks to queue
[2024-04-04T01:16:46.890-0500] {logging_mixin.py:188} INFO - [2024-04-04T01:16:46.890-0500] {dagbag.py:540} INFO - Filling up the DagBag from /Volumes/SLU_CS/big_data_scd_all_types_project/airflow/dags/bigDataProjectSCD_0.py
[2024-04-04T01:16:47.193-0500] {processor.py:840} INFO - DAG(s) 'BigDataProjectSCD_0' retrieved from /Volumes/SLU_CS/big_data_scd_all_types_project/airflow/dags/bigDataProjectSCD_0.py
[2024-04-04T01:16:47.253-0500] {logging_mixin.py:188} INFO - [2024-04-04T01:16:47.253-0500] {override.py:1769} INFO - Created Permission View: can delete on DAG:BigDataProjectSCD_0
[2024-04-04T01:16:47.256-0500] {logging_mixin.py:188} INFO - [2024-04-04T01:16:47.256-0500] {override.py:1769} INFO - Created Permission View: can edit on DAG:BigDataProjectSCD_0
[2024-04-04T01:16:47.258-0500] {logging_mixin.py:188} INFO - [2024-04-04T01:16:47.258-0500] {override.py:1769} INFO - Created Permission View: can read on DAG:BigDataProjectSCD_0
[2024-04-04T01:16:47.258-0500] {logging_mixin.py:188} INFO - [2024-04-04T01:16:47.258-0500] {dag.py:3047} INFO - Sync 1 DAGs
[2024-04-04T01:16:47.261-0500] {logging_mixin.py:188} INFO - [2024-04-04T01:16:47.261-0500] {dag.py:3069} INFO - Creating ORM DAG for BigDataProjectSCD_0
[2024-04-04T01:16:47.265-0500] {logging_mixin.py:188} INFO - [2024-04-04T01:16:47.265-0500] {dag.py:3834} INFO - Setting next_dagrun for BigDataProjectSCD_0 to 2024-04-03 00:00:00+00:00, run_after=2024-04-04 00:00:00+00:00
[2024-04-04T01:16:47.271-0500] {processor.py:183} INFO - Processing /Volumes/SLU_CS/big_data_scd_all_types_project/airflow/dags/bigDataProjectSCD_0.py took 0.383 seconds
[2024-04-04T01:17:29.120-0500] {processor.py:161} INFO - Started process (PID=33875) to work on /Volumes/SLU_CS/big_data_scd_all_types_project/airflow/dags/bigDataProjectSCD_0.py
[2024-04-04T01:17:29.121-0500] {processor.py:830} INFO - Processing file /Volumes/SLU_CS/big_data_scd_all_types_project/airflow/dags/bigDataProjectSCD_0.py for tasks to queue
[2024-04-04T01:17:29.121-0500] {logging_mixin.py:188} INFO - [2024-04-04T01:17:29.121-0500] {dagbag.py:540} INFO - Filling up the DagBag from /Volumes/SLU_CS/big_data_scd_all_types_project/airflow/dags/bigDataProjectSCD_0.py
[2024-04-04T01:17:29.498-0500] {processor.py:840} INFO - DAG(s) 'BigDataProjectSCD_0' retrieved from /Volumes/SLU_CS/big_data_scd_all_types_project/airflow/dags/bigDataProjectSCD_0.py
[2024-04-04T01:17:29.527-0500] {logging_mixin.py:188} INFO - [2024-04-04T01:17:29.527-0500] {dag.py:3047} INFO - Sync 1 DAGs
[2024-04-04T01:17:29.532-0500] {logging_mixin.py:188} INFO - [2024-04-04T01:17:29.532-0500] {dag.py:3834} INFO - Setting next_dagrun for BigDataProjectSCD_0 to 2024-04-03 00:00:00+00:00, run_after=2024-04-04 00:00:00+00:00
[2024-04-04T01:17:29.539-0500] {processor.py:183} INFO - Processing /Volumes/SLU_CS/big_data_scd_all_types_project/airflow/dags/bigDataProjectSCD_0.py took 0.420 seconds
[2024-04-04T01:18:22.780-0500] {processor.py:161} INFO - Started process (PID=33949) to work on /Volumes/SLU_CS/big_data_scd_all_types_project/airflow/dags/bigDataProjectSCD_0.py
[2024-04-04T01:18:22.780-0500] {processor.py:830} INFO - Processing file /Volumes/SLU_CS/big_data_scd_all_types_project/airflow/dags/bigDataProjectSCD_0.py for tasks to queue
[2024-04-04T01:18:22.781-0500] {logging_mixin.py:188} INFO - [2024-04-04T01:18:22.781-0500] {dagbag.py:540} INFO - Filling up the DagBag from /Volumes/SLU_CS/big_data_scd_all_types_project/airflow/dags/bigDataProjectSCD_0.py
[2024-04-04T01:18:23.209-0500] {processor.py:840} INFO - DAG(s) 'BigDataProjectSCD_0' retrieved from /Volumes/SLU_CS/big_data_scd_all_types_project/airflow/dags/bigDataProjectSCD_0.py
[2024-04-04T01:18:23.243-0500] {logging_mixin.py:188} INFO - [2024-04-04T01:18:23.243-0500] {dag.py:3047} INFO - Sync 1 DAGs
[2024-04-04T01:18:23.249-0500] {logging_mixin.py:188} INFO - [2024-04-04T01:18:23.249-0500] {dag.py:3834} INFO - Setting next_dagrun for BigDataProjectSCD_0 to 2024-04-03 00:00:00+00:00, run_after=2024-04-04 00:00:00+00:00
[2024-04-04T01:18:23.256-0500] {processor.py:183} INFO - Processing /Volumes/SLU_CS/big_data_scd_all_types_project/airflow/dags/bigDataProjectSCD_0.py took 0.477 seconds
[2024-04-04T01:19:16.852-0500] {processor.py:161} INFO - Started process (PID=34159) to work on /Volumes/SLU_CS/big_data_scd_all_types_project/airflow/dags/bigDataProjectSCD_0.py
[2024-04-04T01:19:16.853-0500] {processor.py:830} INFO - Processing file /Volumes/SLU_CS/big_data_scd_all_types_project/airflow/dags/bigDataProjectSCD_0.py for tasks to queue
[2024-04-04T01:19:16.854-0500] {logging_mixin.py:188} INFO - [2024-04-04T01:19:16.853-0500] {dagbag.py:540} INFO - Filling up the DagBag from /Volumes/SLU_CS/big_data_scd_all_types_project/airflow/dags/bigDataProjectSCD_0.py
[2024-04-04T01:19:17.423-0500] {processor.py:840} INFO - DAG(s) 'BigDataProjectSCD_0' retrieved from /Volumes/SLU_CS/big_data_scd_all_types_project/airflow/dags/bigDataProjectSCD_0.py
[2024-04-04T01:19:17.456-0500] {logging_mixin.py:188} INFO - [2024-04-04T01:19:17.456-0500] {dag.py:3047} INFO - Sync 1 DAGs
[2024-04-04T01:19:17.462-0500] {logging_mixin.py:188} INFO - [2024-04-04T01:19:17.462-0500] {dag.py:3834} INFO - Setting next_dagrun for BigDataProjectSCD_0 to 2024-04-03 00:00:00+00:00, run_after=2024-04-04 00:00:00+00:00
[2024-04-04T01:19:17.469-0500] {processor.py:183} INFO - Processing /Volumes/SLU_CS/big_data_scd_all_types_project/airflow/dags/bigDataProjectSCD_0.py took 0.617 seconds
[2024-04-04T01:20:13.287-0500] {processor.py:161} INFO - Started process (PID=34250) to work on /Volumes/SLU_CS/big_data_scd_all_types_project/airflow/dags/bigDataProjectSCD_0.py
[2024-04-04T01:20:13.287-0500] {processor.py:830} INFO - Processing file /Volumes/SLU_CS/big_data_scd_all_types_project/airflow/dags/bigDataProjectSCD_0.py for tasks to queue
[2024-04-04T01:20:13.287-0500] {logging_mixin.py:188} INFO - [2024-04-04T01:20:13.287-0500] {dagbag.py:540} INFO - Filling up the DagBag from /Volumes/SLU_CS/big_data_scd_all_types_project/airflow/dags/bigDataProjectSCD_0.py
[2024-04-04T01:20:13.714-0500] {processor.py:840} INFO - DAG(s) 'BigDataProjectSCD_0' retrieved from /Volumes/SLU_CS/big_data_scd_all_types_project/airflow/dags/bigDataProjectSCD_0.py
[2024-04-04T01:20:13.746-0500] {logging_mixin.py:188} INFO - [2024-04-04T01:20:13.746-0500] {dag.py:3047} INFO - Sync 1 DAGs
[2024-04-04T01:20:13.753-0500] {logging_mixin.py:188} INFO - [2024-04-04T01:20:13.752-0500] {dag.py:3834} INFO - Setting next_dagrun for BigDataProjectSCD_0 to 2024-04-03 00:00:00+00:00, run_after=2024-04-04 00:00:00+00:00
[2024-04-04T01:20:13.759-0500] {processor.py:183} INFO - Processing /Volumes/SLU_CS/big_data_scd_all_types_project/airflow/dags/bigDataProjectSCD_0.py took 0.473 seconds
