[2024-04-04T01:01:35.812-0500] {processor.py:161} INFO - Started process (PID=31842) to work on /Volumes/SLU_CS/big_data_scd_all_types_project/airflow/dags/scd_0.py
[2024-04-04T01:01:35.813-0500] {processor.py:830} INFO - Processing file /Volumes/SLU_CS/big_data_scd_all_types_project/airflow/dags/scd_0.py for tasks to queue
[2024-04-04T01:01:35.813-0500] {logging_mixin.py:188} INFO - [2024-04-04T01:01:35.813-0500] {dagbag.py:540} INFO - Filling up the DagBag from /Volumes/SLU_CS/big_data_scd_all_types_project/airflow/dags/scd_0.py
[2024-04-04T01:01:36.280-0500] {logging_mixin.py:188} INFO - [2024-04-04T01:01:36.279-0500] {dagbag.py:350} ERROR - Failed to import: /Volumes/SLU_CS/big_data_scd_all_types_project/airflow/dags/scd_0.py
Traceback (most recent call last):
  File "/Volumes/SLU_CS/big_data_scd_all_types_project/.venv/lib/python3.11/site-packages/airflow/models/dagbag.py", line 346, in parse
    loader.exec_module(new_module)
  File "<frozen importlib._bootstrap_external>", line 940, in exec_module
  File "<frozen importlib._bootstrap>", line 241, in _call_with_frames_removed
  File "/Volumes/SLU_CS/big_data_scd_all_types_project/airflow/dags/scd_0.py", line 42, in <module>
    with DAG(**DAG_ARGS) as dag:
         ^^^^^^^^^^^^^^^
TypeError: DAG.__init__() got an unexpected keyword argument 'depends_on_past'
[2024-04-04T01:01:36.280-0500] {processor.py:842} WARNING - No viable dags retrieved from /Volumes/SLU_CS/big_data_scd_all_types_project/airflow/dags/scd_0.py
[2024-04-04T01:01:36.306-0500] {processor.py:183} INFO - Processing /Volumes/SLU_CS/big_data_scd_all_types_project/airflow/dags/scd_0.py took 0.495 seconds
[2024-04-04T01:03:01.845-0500] {processor.py:161} INFO - Started process (PID=32018) to work on /Volumes/SLU_CS/big_data_scd_all_types_project/airflow/dags/scd_0.py
[2024-04-04T01:03:01.845-0500] {processor.py:830} INFO - Processing file /Volumes/SLU_CS/big_data_scd_all_types_project/airflow/dags/scd_0.py for tasks to queue
[2024-04-04T01:03:01.845-0500] {logging_mixin.py:188} INFO - [2024-04-04T01:03:01.845-0500] {dagbag.py:540} INFO - Filling up the DagBag from /Volumes/SLU_CS/big_data_scd_all_types_project/airflow/dags/scd_0.py
[2024-04-04T01:03:02.264-0500] {logging_mixin.py:188} INFO - [2024-04-04T01:03:02.263-0500] {dagbag.py:350} ERROR - Failed to import: /Volumes/SLU_CS/big_data_scd_all_types_project/airflow/dags/scd_0.py
Traceback (most recent call last):
  File "/Volumes/SLU_CS/big_data_scd_all_types_project/.venv/lib/python3.11/site-packages/airflow/models/dagbag.py", line 346, in parse
    loader.exec_module(new_module)
  File "<frozen importlib._bootstrap_external>", line 940, in exec_module
  File "<frozen importlib._bootstrap>", line 241, in _call_with_frames_removed
  File "/Volumes/SLU_CS/big_data_scd_all_types_project/airflow/dags/scd_0.py", line 42, in <module>
    with DAG(**DAG_ARGS) as dag:
         ^^^^^^^^^^^^^^^
TypeError: DAG.__init__() got an unexpected keyword argument 'depends_on_past'
[2024-04-04T01:03:02.264-0500] {processor.py:842} WARNING - No viable dags retrieved from /Volumes/SLU_CS/big_data_scd_all_types_project/airflow/dags/scd_0.py
[2024-04-04T01:03:02.293-0500] {processor.py:183} INFO - Processing /Volumes/SLU_CS/big_data_scd_all_types_project/airflow/dags/scd_0.py took 0.449 seconds
[2024-04-04T01:03:53.511-0500] {processor.py:161} INFO - Started process (PID=32164) to work on /Volumes/SLU_CS/big_data_scd_all_types_project/airflow/dags/scd_0.py
[2024-04-04T01:03:53.512-0500] {processor.py:830} INFO - Processing file /Volumes/SLU_CS/big_data_scd_all_types_project/airflow/dags/scd_0.py for tasks to queue
[2024-04-04T01:03:53.512-0500] {logging_mixin.py:188} INFO - [2024-04-04T01:03:53.512-0500] {dagbag.py:540} INFO - Filling up the DagBag from /Volumes/SLU_CS/big_data_scd_all_types_project/airflow/dags/scd_0.py
[2024-04-04T01:03:53.953-0500] {processor.py:840} INFO - DAG(s) 'SlowChangingDimension_1' retrieved from /Volumes/SLU_CS/big_data_scd_all_types_project/airflow/dags/scd_0.py
[2024-04-04T01:03:54.012-0500] {logging_mixin.py:188} INFO - [2024-04-04T01:03:54.012-0500] {override.py:1769} INFO - Created Permission View: can read on DAG:SlowChangingDimension_1
[2024-04-04T01:03:54.015-0500] {logging_mixin.py:188} INFO - [2024-04-04T01:03:54.015-0500] {override.py:1769} INFO - Created Permission View: can edit on DAG:SlowChangingDimension_1
[2024-04-04T01:03:54.017-0500] {logging_mixin.py:188} INFO - [2024-04-04T01:03:54.017-0500] {override.py:1769} INFO - Created Permission View: can delete on DAG:SlowChangingDimension_1
[2024-04-04T01:03:54.017-0500] {logging_mixin.py:188} INFO - [2024-04-04T01:03:54.017-0500] {dag.py:3047} INFO - Sync 1 DAGs
[2024-04-04T01:03:54.020-0500] {logging_mixin.py:188} INFO - [2024-04-04T01:03:54.020-0500] {dag.py:3069} INFO - Creating ORM DAG for SlowChangingDimension_1
[2024-04-04T01:03:54.025-0500] {logging_mixin.py:188} INFO - [2024-04-04T01:03:54.025-0500] {dag.py:3834} INFO - Setting next_dagrun for SlowChangingDimension_1 to 2024-04-03 00:00:00+00:00, run_after=2024-04-04 00:00:00+00:00
[2024-04-04T01:03:54.032-0500] {processor.py:183} INFO - Processing /Volumes/SLU_CS/big_data_scd_all_types_project/airflow/dags/scd_0.py took 0.522 seconds
[2024-04-04T01:04:46.240-0500] {processor.py:161} INFO - Started process (PID=32284) to work on /Volumes/SLU_CS/big_data_scd_all_types_project/airflow/dags/scd_0.py
[2024-04-04T01:04:46.241-0500] {processor.py:830} INFO - Processing file /Volumes/SLU_CS/big_data_scd_all_types_project/airflow/dags/scd_0.py for tasks to queue
[2024-04-04T01:04:46.241-0500] {logging_mixin.py:188} INFO - [2024-04-04T01:04:46.241-0500] {dagbag.py:540} INFO - Filling up the DagBag from /Volumes/SLU_CS/big_data_scd_all_types_project/airflow/dags/scd_0.py
[2024-04-04T01:04:46.628-0500] {processor.py:840} INFO - DAG(s) 'SlowChangingDimension_1' retrieved from /Volumes/SLU_CS/big_data_scd_all_types_project/airflow/dags/scd_0.py
[2024-04-04T01:04:46.662-0500] {logging_mixin.py:188} INFO - [2024-04-04T01:04:46.662-0500] {dag.py:3047} INFO - Sync 1 DAGs
[2024-04-04T01:04:46.668-0500] {logging_mixin.py:188} INFO - [2024-04-04T01:04:46.668-0500] {dag.py:3834} INFO - Setting next_dagrun for SlowChangingDimension_1 to 2024-04-04 00:00:00+00:00, run_after=2024-04-05 00:00:00+00:00
[2024-04-04T01:04:46.675-0500] {processor.py:183} INFO - Processing /Volumes/SLU_CS/big_data_scd_all_types_project/airflow/dags/scd_0.py took 0.435 seconds
[2024-04-04T01:05:35.824-0500] {processor.py:161} INFO - Started process (PID=32356) to work on /Volumes/SLU_CS/big_data_scd_all_types_project/airflow/dags/scd_0.py
[2024-04-04T01:05:35.824-0500] {processor.py:830} INFO - Processing file /Volumes/SLU_CS/big_data_scd_all_types_project/airflow/dags/scd_0.py for tasks to queue
[2024-04-04T01:05:35.825-0500] {logging_mixin.py:188} INFO - [2024-04-04T01:05:35.824-0500] {dagbag.py:540} INFO - Filling up the DagBag from /Volumes/SLU_CS/big_data_scd_all_types_project/airflow/dags/scd_0.py
[2024-04-04T01:05:36.214-0500] {processor.py:840} INFO - DAG(s) 'SlowChangingDimension_1' retrieved from /Volumes/SLU_CS/big_data_scd_all_types_project/airflow/dags/scd_0.py
[2024-04-04T01:05:36.245-0500] {logging_mixin.py:188} INFO - [2024-04-04T01:05:36.244-0500] {dag.py:3047} INFO - Sync 1 DAGs
[2024-04-04T01:05:36.250-0500] {logging_mixin.py:188} INFO - [2024-04-04T01:05:36.250-0500] {dag.py:3834} INFO - Setting next_dagrun for SlowChangingDimension_1 to 2024-04-04 00:00:00+00:00, run_after=2024-04-05 00:00:00+00:00
[2024-04-04T01:05:36.257-0500] {processor.py:183} INFO - Processing /Volumes/SLU_CS/big_data_scd_all_types_project/airflow/dags/scd_0.py took 0.434 seconds
[2024-04-04T01:06:29.546-0500] {processor.py:161} INFO - Started process (PID=32475) to work on /Volumes/SLU_CS/big_data_scd_all_types_project/airflow/dags/scd_0.py
[2024-04-04T01:06:29.546-0500] {processor.py:830} INFO - Processing file /Volumes/SLU_CS/big_data_scd_all_types_project/airflow/dags/scd_0.py for tasks to queue
[2024-04-04T01:06:29.547-0500] {logging_mixin.py:188} INFO - [2024-04-04T01:06:29.547-0500] {dagbag.py:540} INFO - Filling up the DagBag from /Volumes/SLU_CS/big_data_scd_all_types_project/airflow/dags/scd_0.py
[2024-04-04T01:06:29.964-0500] {processor.py:840} INFO - DAG(s) 'SlowChangingDimension_1' retrieved from /Volumes/SLU_CS/big_data_scd_all_types_project/airflow/dags/scd_0.py
[2024-04-04T01:06:29.993-0500] {logging_mixin.py:188} INFO - [2024-04-04T01:06:29.993-0500] {dag.py:3047} INFO - Sync 1 DAGs
[2024-04-04T01:06:29.999-0500] {logging_mixin.py:188} INFO - [2024-04-04T01:06:29.999-0500] {dag.py:3834} INFO - Setting next_dagrun for SlowChangingDimension_1 to 2024-04-04 00:00:00+00:00, run_after=2024-04-05 00:00:00+00:00
[2024-04-04T01:06:30.005-0500] {processor.py:183} INFO - Processing /Volumes/SLU_CS/big_data_scd_all_types_project/airflow/dags/scd_0.py took 0.460 seconds
[2024-04-04T01:06:45.624-0500] {processor.py:161} INFO - Started process (PID=32532) to work on /Volumes/SLU_CS/big_data_scd_all_types_project/airflow/dags/scd_0.py
[2024-04-04T01:06:45.626-0500] {processor.py:830} INFO - Processing file /Volumes/SLU_CS/big_data_scd_all_types_project/airflow/dags/scd_0.py for tasks to queue
[2024-04-04T01:06:45.626-0500] {logging_mixin.py:188} INFO - [2024-04-04T01:06:45.626-0500] {dagbag.py:540} INFO - Filling up the DagBag from /Volumes/SLU_CS/big_data_scd_all_types_project/airflow/dags/scd_0.py
[2024-04-04T01:06:46.132-0500] {processor.py:840} INFO - DAG(s) 'SlowChangingDimension_1' retrieved from /Volumes/SLU_CS/big_data_scd_all_types_project/airflow/dags/scd_0.py
[2024-04-04T01:06:46.165-0500] {logging_mixin.py:188} INFO - [2024-04-04T01:06:46.165-0500] {dag.py:3047} INFO - Sync 1 DAGs
[2024-04-04T01:06:46.171-0500] {logging_mixin.py:188} INFO - [2024-04-04T01:06:46.171-0500] {dag.py:3834} INFO - Setting next_dagrun for SlowChangingDimension_1 to 2024-04-04 00:00:00+00:00, run_after=2024-04-05 00:00:00+00:00
[2024-04-04T01:06:46.178-0500] {processor.py:183} INFO - Processing /Volumes/SLU_CS/big_data_scd_all_types_project/airflow/dags/scd_0.py took 0.554 seconds
[2024-04-04T01:08:10.722-0500] {processor.py:161} INFO - Started process (PID=32680) to work on /Volumes/SLU_CS/big_data_scd_all_types_project/airflow/dags/scd_0.py
[2024-04-04T01:08:10.723-0500] {processor.py:830} INFO - Processing file /Volumes/SLU_CS/big_data_scd_all_types_project/airflow/dags/scd_0.py for tasks to queue
[2024-04-04T01:08:10.723-0500] {logging_mixin.py:188} INFO - [2024-04-04T01:08:10.723-0500] {dagbag.py:540} INFO - Filling up the DagBag from /Volumes/SLU_CS/big_data_scd_all_types_project/airflow/dags/scd_0.py
[2024-04-04T01:08:11.168-0500] {processor.py:840} INFO - DAG(s) 'SlowChangingDimension_1' retrieved from /Volumes/SLU_CS/big_data_scd_all_types_project/airflow/dags/scd_0.py
[2024-04-04T01:08:11.198-0500] {logging_mixin.py:188} INFO - [2024-04-04T01:08:11.198-0500] {dag.py:3047} INFO - Sync 1 DAGs
[2024-04-04T01:08:11.204-0500] {logging_mixin.py:188} INFO - [2024-04-04T01:08:11.204-0500] {dag.py:3834} INFO - Setting next_dagrun for SlowChangingDimension_1 to 2024-04-04 00:00:00+00:00, run_after=2024-04-05 00:00:00+00:00
[2024-04-04T01:08:11.210-0500] {processor.py:183} INFO - Processing /Volumes/SLU_CS/big_data_scd_all_types_project/airflow/dags/scd_0.py took 0.489 seconds
[2024-04-04T01:09:05.678-0500] {processor.py:161} INFO - Started process (PID=32771) to work on /Volumes/SLU_CS/big_data_scd_all_types_project/airflow/dags/scd_0.py
[2024-04-04T01:09:05.679-0500] {processor.py:830} INFO - Processing file /Volumes/SLU_CS/big_data_scd_all_types_project/airflow/dags/scd_0.py for tasks to queue
[2024-04-04T01:09:05.680-0500] {logging_mixin.py:188} INFO - [2024-04-04T01:09:05.679-0500] {dagbag.py:540} INFO - Filling up the DagBag from /Volumes/SLU_CS/big_data_scd_all_types_project/airflow/dags/scd_0.py
[2024-04-04T01:09:06.160-0500] {processor.py:840} INFO - DAG(s) 'SlowChangingDimension_1' retrieved from /Volumes/SLU_CS/big_data_scd_all_types_project/airflow/dags/scd_0.py
[2024-04-04T01:09:06.191-0500] {logging_mixin.py:188} INFO - [2024-04-04T01:09:06.191-0500] {dag.py:3047} INFO - Sync 1 DAGs
[2024-04-04T01:09:06.196-0500] {logging_mixin.py:188} INFO - [2024-04-04T01:09:06.196-0500] {dag.py:3834} INFO - Setting next_dagrun for SlowChangingDimension_1 to 2024-04-04 00:00:00+00:00, run_after=2024-04-05 00:00:00+00:00
[2024-04-04T01:09:06.203-0500] {processor.py:183} INFO - Processing /Volumes/SLU_CS/big_data_scd_all_types_project/airflow/dags/scd_0.py took 0.526 seconds
[2024-04-04T01:09:56.826-0500] {processor.py:161} INFO - Started process (PID=32886) to work on /Volumes/SLU_CS/big_data_scd_all_types_project/airflow/dags/scd_0.py
[2024-04-04T01:09:56.827-0500] {processor.py:830} INFO - Processing file /Volumes/SLU_CS/big_data_scd_all_types_project/airflow/dags/scd_0.py for tasks to queue
[2024-04-04T01:09:56.827-0500] {logging_mixin.py:188} INFO - [2024-04-04T01:09:56.827-0500] {dagbag.py:540} INFO - Filling up the DagBag from /Volumes/SLU_CS/big_data_scd_all_types_project/airflow/dags/scd_0.py
[2024-04-04T01:09:57.222-0500] {processor.py:840} INFO - DAG(s) 'SlowChangingDimension_1' retrieved from /Volumes/SLU_CS/big_data_scd_all_types_project/airflow/dags/scd_0.py
[2024-04-04T01:09:57.253-0500] {logging_mixin.py:188} INFO - [2024-04-04T01:09:57.252-0500] {dag.py:3047} INFO - Sync 1 DAGs
[2024-04-04T01:09:57.258-0500] {logging_mixin.py:188} INFO - [2024-04-04T01:09:57.258-0500] {dag.py:3834} INFO - Setting next_dagrun for SlowChangingDimension_1 to 2024-04-04 00:00:00+00:00, run_after=2024-04-05 00:00:00+00:00
[2024-04-04T01:09:57.265-0500] {processor.py:183} INFO - Processing /Volumes/SLU_CS/big_data_scd_all_types_project/airflow/dags/scd_0.py took 0.439 seconds
[2024-04-04T01:10:45.433-0500] {processor.py:161} INFO - Started process (PID=33005) to work on /Volumes/SLU_CS/big_data_scd_all_types_project/airflow/dags/scd_0.py
[2024-04-04T01:10:45.434-0500] {processor.py:830} INFO - Processing file /Volumes/SLU_CS/big_data_scd_all_types_project/airflow/dags/scd_0.py for tasks to queue
[2024-04-04T01:10:45.434-0500] {logging_mixin.py:188} INFO - [2024-04-04T01:10:45.434-0500] {dagbag.py:540} INFO - Filling up the DagBag from /Volumes/SLU_CS/big_data_scd_all_types_project/airflow/dags/scd_0.py
[2024-04-04T01:10:45.863-0500] {processor.py:840} INFO - DAG(s) 'SlowChangingDimension_1' retrieved from /Volumes/SLU_CS/big_data_scd_all_types_project/airflow/dags/scd_0.py
[2024-04-04T01:10:45.894-0500] {logging_mixin.py:188} INFO - [2024-04-04T01:10:45.894-0500] {dag.py:3047} INFO - Sync 1 DAGs
[2024-04-04T01:10:45.900-0500] {logging_mixin.py:188} INFO - [2024-04-04T01:10:45.900-0500] {dag.py:3834} INFO - Setting next_dagrun for SlowChangingDimension_1 to 2024-04-04 00:00:00+00:00, run_after=2024-04-05 00:00:00+00:00
[2024-04-04T01:10:45.906-0500] {processor.py:183} INFO - Processing /Volumes/SLU_CS/big_data_scd_all_types_project/airflow/dags/scd_0.py took 0.474 seconds
[2024-04-04T01:11:38.490-0500] {processor.py:161} INFO - Started process (PID=33151) to work on /Volumes/SLU_CS/big_data_scd_all_types_project/airflow/dags/scd_0.py
[2024-04-04T01:11:38.491-0500] {processor.py:830} INFO - Processing file /Volumes/SLU_CS/big_data_scd_all_types_project/airflow/dags/scd_0.py for tasks to queue
[2024-04-04T01:11:38.491-0500] {logging_mixin.py:188} INFO - [2024-04-04T01:11:38.491-0500] {dagbag.py:540} INFO - Filling up the DagBag from /Volumes/SLU_CS/big_data_scd_all_types_project/airflow/dags/scd_0.py
[2024-04-04T01:11:38.964-0500] {processor.py:840} INFO - DAG(s) 'SlowChangingDimension_1' retrieved from /Volumes/SLU_CS/big_data_scd_all_types_project/airflow/dags/scd_0.py
[2024-04-04T01:11:38.995-0500] {logging_mixin.py:188} INFO - [2024-04-04T01:11:38.995-0500] {dag.py:3047} INFO - Sync 1 DAGs
[2024-04-04T01:11:39.001-0500] {logging_mixin.py:188} INFO - [2024-04-04T01:11:39.001-0500] {dag.py:3834} INFO - Setting next_dagrun for SlowChangingDimension_1 to 2024-04-04 00:00:00+00:00, run_after=2024-04-05 00:00:00+00:00
[2024-04-04T01:11:39.008-0500] {processor.py:183} INFO - Processing /Volumes/SLU_CS/big_data_scd_all_types_project/airflow/dags/scd_0.py took 0.519 seconds
[2024-04-04T01:12:32.651-0500] {processor.py:161} INFO - Started process (PID=33314) to work on /Volumes/SLU_CS/big_data_scd_all_types_project/airflow/dags/scd_0.py
[2024-04-04T01:12:32.652-0500] {processor.py:830} INFO - Processing file /Volumes/SLU_CS/big_data_scd_all_types_project/airflow/dags/scd_0.py for tasks to queue
[2024-04-04T01:12:32.653-0500] {logging_mixin.py:188} INFO - [2024-04-04T01:12:32.653-0500] {dagbag.py:540} INFO - Filling up the DagBag from /Volumes/SLU_CS/big_data_scd_all_types_project/airflow/dags/scd_0.py
[2024-04-04T01:12:33.104-0500] {processor.py:840} INFO - DAG(s) 'BigDataProjectTest' retrieved from /Volumes/SLU_CS/big_data_scd_all_types_project/airflow/dags/scd_0.py
[2024-04-04T01:12:33.174-0500] {logging_mixin.py:188} INFO - [2024-04-04T01:12:33.174-0500] {override.py:1769} INFO - Created Permission View: can delete on DAG:BigDataProjectTest
[2024-04-04T01:12:33.177-0500] {logging_mixin.py:188} INFO - [2024-04-04T01:12:33.177-0500] {override.py:1769} INFO - Created Permission View: can edit on DAG:BigDataProjectTest
[2024-04-04T01:12:33.179-0500] {logging_mixin.py:188} INFO - [2024-04-04T01:12:33.179-0500] {override.py:1769} INFO - Created Permission View: can read on DAG:BigDataProjectTest
[2024-04-04T01:12:33.179-0500] {logging_mixin.py:188} INFO - [2024-04-04T01:12:33.179-0500] {dag.py:3047} INFO - Sync 1 DAGs
[2024-04-04T01:12:33.182-0500] {logging_mixin.py:188} INFO - [2024-04-04T01:12:33.182-0500] {dag.py:3069} INFO - Creating ORM DAG for BigDataProjectTest
[2024-04-04T01:12:33.185-0500] {logging_mixin.py:188} INFO - [2024-04-04T01:12:33.185-0500] {dag.py:3834} INFO - Setting next_dagrun for BigDataProjectTest to 2024-04-03 00:00:00+00:00, run_after=2024-04-04 00:00:00+00:00
[2024-04-04T01:12:33.191-0500] {processor.py:183} INFO - Processing /Volumes/SLU_CS/big_data_scd_all_types_project/airflow/dags/scd_0.py took 0.542 seconds
