[2024-04-04T01:02:05.274-0500] {processor.py:161} INFO - Started process (PID=31909) to work on /Volumes/SLU_CS/big_data_scd_all_types_project/.venv/lib/python3.11/site-packages/airflow/example_dags/example_subdag_operator.py
[2024-04-04T01:02:05.275-0500] {processor.py:830} INFO - Processing file /Volumes/SLU_CS/big_data_scd_all_types_project/.venv/lib/python3.11/site-packages/airflow/example_dags/example_subdag_operator.py for tasks to queue
[2024-04-04T01:02:05.275-0500] {logging_mixin.py:188} INFO - [2024-04-04T01:02:05.275-0500] {dagbag.py:540} INFO - Filling up the DagBag from /Volumes/SLU_CS/big_data_scd_all_types_project/.venv/lib/python3.11/site-packages/airflow/example_dags/example_subdag_operator.py
[2024-04-04T01:02:05.305-0500] {processor.py:840} INFO - DAG(s) 'example_subdag_operator.section-1', 'example_subdag_operator.section-2', 'example_subdag_operator' retrieved from /Volumes/SLU_CS/big_data_scd_all_types_project/.venv/lib/python3.11/site-packages/airflow/example_dags/example_subdag_operator.py
[2024-04-04T01:02:05.369-0500] {logging_mixin.py:188} INFO - [2024-04-04T01:02:05.369-0500] {dag.py:3047} INFO - Sync 3 DAGs
[2024-04-04T01:02:05.374-0500] {logging_mixin.py:188} INFO - [2024-04-04T01:02:05.374-0500] {dag.py:3834} INFO - Setting next_dagrun for example_subdag_operator to 2022-01-01 00:00:00+00:00, run_after=2022-01-01 00:00:00+00:00
[2024-04-04T01:02:05.375-0500] {logging_mixin.py:188} INFO - [2024-04-04T01:02:05.375-0500] {dag.py:3834} INFO - Setting next_dagrun for example_subdag_operator.section-1 to None, run_after=None
[2024-04-04T01:02:05.375-0500] {logging_mixin.py:188} INFO - [2024-04-04T01:02:05.375-0500] {dag.py:3834} INFO - Setting next_dagrun for example_subdag_operator.section-2 to None, run_after=None
[2024-04-04T01:02:05.377-0500] {logging_mixin.py:188} INFO - [2024-04-04T01:02:05.377-0500] {dag.py:3047} INFO - Sync 2 DAGs
[2024-04-04T01:02:05.378-0500] {logging_mixin.py:188} INFO - [2024-04-04T01:02:05.378-0500] {dag.py:3834} INFO - Setting next_dagrun for example_subdag_operator.section-1 to None, run_after=None
[2024-04-04T01:02:05.378-0500] {logging_mixin.py:188} INFO - [2024-04-04T01:02:05.378-0500] {dag.py:3834} INFO - Setting next_dagrun for example_subdag_operator.section-2 to None, run_after=None
[2024-04-04T01:02:05.383-0500] {processor.py:183} INFO - Processing /Volumes/SLU_CS/big_data_scd_all_types_project/.venv/lib/python3.11/site-packages/airflow/example_dags/example_subdag_operator.py took 0.109 seconds
[2024-04-04T01:03:29.856-0500] {processor.py:161} INFO - Started process (PID=32081) to work on /Volumes/SLU_CS/big_data_scd_all_types_project/.venv/lib/python3.11/site-packages/airflow/example_dags/example_subdag_operator.py
[2024-04-04T01:03:29.857-0500] {processor.py:830} INFO - Processing file /Volumes/SLU_CS/big_data_scd_all_types_project/.venv/lib/python3.11/site-packages/airflow/example_dags/example_subdag_operator.py for tasks to queue
[2024-04-04T01:03:29.857-0500] {logging_mixin.py:188} INFO - [2024-04-04T01:03:29.857-0500] {dagbag.py:540} INFO - Filling up the DagBag from /Volumes/SLU_CS/big_data_scd_all_types_project/.venv/lib/python3.11/site-packages/airflow/example_dags/example_subdag_operator.py
[2024-04-04T01:03:29.888-0500] {processor.py:840} INFO - DAG(s) 'example_subdag_operator.section-1', 'example_subdag_operator.section-2', 'example_subdag_operator' retrieved from /Volumes/SLU_CS/big_data_scd_all_types_project/.venv/lib/python3.11/site-packages/airflow/example_dags/example_subdag_operator.py
[2024-04-04T01:03:29.898-0500] {logging_mixin.py:188} INFO - [2024-04-04T01:03:29.898-0500] {dag.py:3047} INFO - Sync 3 DAGs
[2024-04-04T01:03:29.904-0500] {logging_mixin.py:188} INFO - [2024-04-04T01:03:29.904-0500] {dag.py:3834} INFO - Setting next_dagrun for example_subdag_operator to 2022-01-01 00:00:00+00:00, run_after=2022-01-01 00:00:00+00:00
[2024-04-04T01:03:29.905-0500] {logging_mixin.py:188} INFO - [2024-04-04T01:03:29.905-0500] {dag.py:3834} INFO - Setting next_dagrun for example_subdag_operator.section-1 to None, run_after=None
[2024-04-04T01:03:29.905-0500] {logging_mixin.py:188} INFO - [2024-04-04T01:03:29.905-0500] {dag.py:3834} INFO - Setting next_dagrun for example_subdag_operator.section-2 to None, run_after=None
[2024-04-04T01:03:29.907-0500] {logging_mixin.py:188} INFO - [2024-04-04T01:03:29.907-0500] {dag.py:3047} INFO - Sync 2 DAGs
[2024-04-04T01:03:29.908-0500] {logging_mixin.py:188} INFO - [2024-04-04T01:03:29.908-0500] {dag.py:3834} INFO - Setting next_dagrun for example_subdag_operator.section-1 to None, run_after=None
[2024-04-04T01:03:29.909-0500] {logging_mixin.py:188} INFO - [2024-04-04T01:03:29.909-0500] {dag.py:3834} INFO - Setting next_dagrun for example_subdag_operator.section-2 to None, run_after=None
[2024-04-04T01:03:29.913-0500] {processor.py:183} INFO - Processing /Volumes/SLU_CS/big_data_scd_all_types_project/.venv/lib/python3.11/site-packages/airflow/example_dags/example_subdag_operator.py took 0.058 seconds
[2024-04-04T01:05:12.201-0500] {processor.py:161} INFO - Started process (PID=32317) to work on /Volumes/SLU_CS/big_data_scd_all_types_project/.venv/lib/python3.11/site-packages/airflow/example_dags/example_subdag_operator.py
[2024-04-04T01:05:12.202-0500] {processor.py:830} INFO - Processing file /Volumes/SLU_CS/big_data_scd_all_types_project/.venv/lib/python3.11/site-packages/airflow/example_dags/example_subdag_operator.py for tasks to queue
[2024-04-04T01:05:12.202-0500] {logging_mixin.py:188} INFO - [2024-04-04T01:05:12.202-0500] {dagbag.py:540} INFO - Filling up the DagBag from /Volumes/SLU_CS/big_data_scd_all_types_project/.venv/lib/python3.11/site-packages/airflow/example_dags/example_subdag_operator.py
[2024-04-04T01:05:12.232-0500] {processor.py:840} INFO - DAG(s) 'example_subdag_operator.section-1', 'example_subdag_operator.section-2', 'example_subdag_operator' retrieved from /Volumes/SLU_CS/big_data_scd_all_types_project/.venv/lib/python3.11/site-packages/airflow/example_dags/example_subdag_operator.py
[2024-04-04T01:05:12.243-0500] {logging_mixin.py:188} INFO - [2024-04-04T01:05:12.243-0500] {dag.py:3047} INFO - Sync 3 DAGs
[2024-04-04T01:05:12.249-0500] {logging_mixin.py:188} INFO - [2024-04-04T01:05:12.249-0500] {dag.py:3834} INFO - Setting next_dagrun for example_subdag_operator to 2022-01-01 00:00:00+00:00, run_after=2022-01-01 00:00:00+00:00
[2024-04-04T01:05:12.250-0500] {logging_mixin.py:188} INFO - [2024-04-04T01:05:12.250-0500] {dag.py:3834} INFO - Setting next_dagrun for example_subdag_operator.section-1 to None, run_after=None
[2024-04-04T01:05:12.250-0500] {logging_mixin.py:188} INFO - [2024-04-04T01:05:12.250-0500] {dag.py:3834} INFO - Setting next_dagrun for example_subdag_operator.section-2 to None, run_after=None
[2024-04-04T01:05:12.252-0500] {logging_mixin.py:188} INFO - [2024-04-04T01:05:12.252-0500] {dag.py:3047} INFO - Sync 2 DAGs
[2024-04-04T01:05:12.253-0500] {logging_mixin.py:188} INFO - [2024-04-04T01:05:12.253-0500] {dag.py:3834} INFO - Setting next_dagrun for example_subdag_operator.section-1 to None, run_after=None
[2024-04-04T01:05:12.253-0500] {logging_mixin.py:188} INFO - [2024-04-04T01:05:12.253-0500] {dag.py:3834} INFO - Setting next_dagrun for example_subdag_operator.section-2 to None, run_after=None
[2024-04-04T01:05:12.257-0500] {processor.py:183} INFO - Processing /Volumes/SLU_CS/big_data_scd_all_types_project/.venv/lib/python3.11/site-packages/airflow/example_dags/example_subdag_operator.py took 0.057 seconds
[2024-04-04T01:07:15.408-0500] {processor.py:161} INFO - Started process (PID=32597) to work on /Volumes/SLU_CS/big_data_scd_all_types_project/.venv/lib/python3.11/site-packages/airflow/example_dags/example_subdag_operator.py
[2024-04-04T01:07:15.410-0500] {processor.py:830} INFO - Processing file /Volumes/SLU_CS/big_data_scd_all_types_project/.venv/lib/python3.11/site-packages/airflow/example_dags/example_subdag_operator.py for tasks to queue
[2024-04-04T01:07:15.410-0500] {logging_mixin.py:188} INFO - [2024-04-04T01:07:15.410-0500] {dagbag.py:540} INFO - Filling up the DagBag from /Volumes/SLU_CS/big_data_scd_all_types_project/.venv/lib/python3.11/site-packages/airflow/example_dags/example_subdag_operator.py
[2024-04-04T01:07:15.444-0500] {processor.py:840} INFO - DAG(s) 'example_subdag_operator.section-1', 'example_subdag_operator.section-2', 'example_subdag_operator' retrieved from /Volumes/SLU_CS/big_data_scd_all_types_project/.venv/lib/python3.11/site-packages/airflow/example_dags/example_subdag_operator.py
[2024-04-04T01:07:15.455-0500] {logging_mixin.py:188} INFO - [2024-04-04T01:07:15.455-0500] {dag.py:3047} INFO - Sync 3 DAGs
[2024-04-04T01:07:15.461-0500] {logging_mixin.py:188} INFO - [2024-04-04T01:07:15.461-0500] {dag.py:3834} INFO - Setting next_dagrun for example_subdag_operator to 2022-01-01 00:00:00+00:00, run_after=2022-01-01 00:00:00+00:00
[2024-04-04T01:07:15.462-0500] {logging_mixin.py:188} INFO - [2024-04-04T01:07:15.462-0500] {dag.py:3834} INFO - Setting next_dagrun for example_subdag_operator.section-1 to None, run_after=None
[2024-04-04T01:07:15.462-0500] {logging_mixin.py:188} INFO - [2024-04-04T01:07:15.462-0500] {dag.py:3834} INFO - Setting next_dagrun for example_subdag_operator.section-2 to None, run_after=None
[2024-04-04T01:07:15.464-0500] {logging_mixin.py:188} INFO - [2024-04-04T01:07:15.464-0500] {dag.py:3047} INFO - Sync 2 DAGs
[2024-04-04T01:07:15.465-0500] {logging_mixin.py:188} INFO - [2024-04-04T01:07:15.465-0500] {dag.py:3834} INFO - Setting next_dagrun for example_subdag_operator.section-1 to None, run_after=None
[2024-04-04T01:07:15.465-0500] {logging_mixin.py:188} INFO - [2024-04-04T01:07:15.465-0500] {dag.py:3834} INFO - Setting next_dagrun for example_subdag_operator.section-2 to None, run_after=None
[2024-04-04T01:07:15.469-0500] {processor.py:183} INFO - Processing /Volumes/SLU_CS/big_data_scd_all_types_project/.venv/lib/python3.11/site-packages/airflow/example_dags/example_subdag_operator.py took 0.061 seconds
[2024-04-04T01:08:40.305-0500] {processor.py:161} INFO - Started process (PID=32719) to work on /Volumes/SLU_CS/big_data_scd_all_types_project/.venv/lib/python3.11/site-packages/airflow/example_dags/example_subdag_operator.py
[2024-04-04T01:08:40.306-0500] {processor.py:830} INFO - Processing file /Volumes/SLU_CS/big_data_scd_all_types_project/.venv/lib/python3.11/site-packages/airflow/example_dags/example_subdag_operator.py for tasks to queue
[2024-04-04T01:08:40.306-0500] {logging_mixin.py:188} INFO - [2024-04-04T01:08:40.306-0500] {dagbag.py:540} INFO - Filling up the DagBag from /Volumes/SLU_CS/big_data_scd_all_types_project/.venv/lib/python3.11/site-packages/airflow/example_dags/example_subdag_operator.py
[2024-04-04T01:08:40.336-0500] {processor.py:840} INFO - DAG(s) 'example_subdag_operator.section-1', 'example_subdag_operator.section-2', 'example_subdag_operator' retrieved from /Volumes/SLU_CS/big_data_scd_all_types_project/.venv/lib/python3.11/site-packages/airflow/example_dags/example_subdag_operator.py
[2024-04-04T01:08:40.347-0500] {logging_mixin.py:188} INFO - [2024-04-04T01:08:40.347-0500] {dag.py:3047} INFO - Sync 3 DAGs
[2024-04-04T01:08:40.353-0500] {logging_mixin.py:188} INFO - [2024-04-04T01:08:40.353-0500] {dag.py:3834} INFO - Setting next_dagrun for example_subdag_operator to 2022-01-01 00:00:00+00:00, run_after=2022-01-01 00:00:00+00:00
[2024-04-04T01:08:40.354-0500] {logging_mixin.py:188} INFO - [2024-04-04T01:08:40.354-0500] {dag.py:3834} INFO - Setting next_dagrun for example_subdag_operator.section-1 to None, run_after=None
[2024-04-04T01:08:40.354-0500] {logging_mixin.py:188} INFO - [2024-04-04T01:08:40.354-0500] {dag.py:3834} INFO - Setting next_dagrun for example_subdag_operator.section-2 to None, run_after=None
[2024-04-04T01:08:40.356-0500] {logging_mixin.py:188} INFO - [2024-04-04T01:08:40.356-0500] {dag.py:3047} INFO - Sync 2 DAGs
[2024-04-04T01:08:40.357-0500] {logging_mixin.py:188} INFO - [2024-04-04T01:08:40.357-0500] {dag.py:3834} INFO - Setting next_dagrun for example_subdag_operator.section-1 to None, run_after=None
[2024-04-04T01:08:40.357-0500] {logging_mixin.py:188} INFO - [2024-04-04T01:08:40.357-0500] {dag.py:3834} INFO - Setting next_dagrun for example_subdag_operator.section-2 to None, run_after=None
[2024-04-04T01:08:40.361-0500] {processor.py:183} INFO - Processing /Volumes/SLU_CS/big_data_scd_all_types_project/.venv/lib/python3.11/site-packages/airflow/example_dags/example_subdag_operator.py took 0.057 seconds
[2024-04-04T01:10:21.383-0500] {processor.py:161} INFO - Started process (PID=32950) to work on /Volumes/SLU_CS/big_data_scd_all_types_project/.venv/lib/python3.11/site-packages/airflow/example_dags/example_subdag_operator.py
[2024-04-04T01:10:21.384-0500] {processor.py:830} INFO - Processing file /Volumes/SLU_CS/big_data_scd_all_types_project/.venv/lib/python3.11/site-packages/airflow/example_dags/example_subdag_operator.py for tasks to queue
[2024-04-04T01:10:21.384-0500] {logging_mixin.py:188} INFO - [2024-04-04T01:10:21.384-0500] {dagbag.py:540} INFO - Filling up the DagBag from /Volumes/SLU_CS/big_data_scd_all_types_project/.venv/lib/python3.11/site-packages/airflow/example_dags/example_subdag_operator.py
[2024-04-04T01:10:21.414-0500] {processor.py:840} INFO - DAG(s) 'example_subdag_operator.section-1', 'example_subdag_operator.section-2', 'example_subdag_operator' retrieved from /Volumes/SLU_CS/big_data_scd_all_types_project/.venv/lib/python3.11/site-packages/airflow/example_dags/example_subdag_operator.py
[2024-04-04T01:10:21.425-0500] {logging_mixin.py:188} INFO - [2024-04-04T01:10:21.425-0500] {dag.py:3047} INFO - Sync 3 DAGs
[2024-04-04T01:10:21.431-0500] {logging_mixin.py:188} INFO - [2024-04-04T01:10:21.430-0500] {dag.py:3834} INFO - Setting next_dagrun for example_subdag_operator to 2022-01-01 00:00:00+00:00, run_after=2022-01-01 00:00:00+00:00
[2024-04-04T01:10:21.431-0500] {logging_mixin.py:188} INFO - [2024-04-04T01:10:21.431-0500] {dag.py:3834} INFO - Setting next_dagrun for example_subdag_operator.section-1 to None, run_after=None
[2024-04-04T01:10:21.432-0500] {logging_mixin.py:188} INFO - [2024-04-04T01:10:21.432-0500] {dag.py:3834} INFO - Setting next_dagrun for example_subdag_operator.section-2 to None, run_after=None
[2024-04-04T01:10:21.434-0500] {logging_mixin.py:188} INFO - [2024-04-04T01:10:21.434-0500] {dag.py:3047} INFO - Sync 2 DAGs
[2024-04-04T01:10:21.435-0500] {logging_mixin.py:188} INFO - [2024-04-04T01:10:21.435-0500] {dag.py:3834} INFO - Setting next_dagrun for example_subdag_operator.section-1 to None, run_after=None
[2024-04-04T01:10:21.435-0500] {logging_mixin.py:188} INFO - [2024-04-04T01:10:21.435-0500] {dag.py:3834} INFO - Setting next_dagrun for example_subdag_operator.section-2 to None, run_after=None
[2024-04-04T01:10:21.439-0500] {processor.py:183} INFO - Processing /Volumes/SLU_CS/big_data_scd_all_types_project/.venv/lib/python3.11/site-packages/airflow/example_dags/example_subdag_operator.py took 0.057 seconds
[2024-04-04T01:12:08.249-0500] {processor.py:161} INFO - Started process (PID=33245) to work on /Volumes/SLU_CS/big_data_scd_all_types_project/.venv/lib/python3.11/site-packages/airflow/example_dags/example_subdag_operator.py
[2024-04-04T01:12:08.250-0500] {processor.py:830} INFO - Processing file /Volumes/SLU_CS/big_data_scd_all_types_project/.venv/lib/python3.11/site-packages/airflow/example_dags/example_subdag_operator.py for tasks to queue
[2024-04-04T01:12:08.250-0500] {logging_mixin.py:188} INFO - [2024-04-04T01:12:08.250-0500] {dagbag.py:540} INFO - Filling up the DagBag from /Volumes/SLU_CS/big_data_scd_all_types_project/.venv/lib/python3.11/site-packages/airflow/example_dags/example_subdag_operator.py
[2024-04-04T01:12:08.284-0500] {processor.py:840} INFO - DAG(s) 'example_subdag_operator.section-1', 'example_subdag_operator.section-2', 'example_subdag_operator' retrieved from /Volumes/SLU_CS/big_data_scd_all_types_project/.venv/lib/python3.11/site-packages/airflow/example_dags/example_subdag_operator.py
[2024-04-04T01:12:08.295-0500] {logging_mixin.py:188} INFO - [2024-04-04T01:12:08.295-0500] {dag.py:3047} INFO - Sync 3 DAGs
[2024-04-04T01:12:08.301-0500] {logging_mixin.py:188} INFO - [2024-04-04T01:12:08.301-0500] {dag.py:3834} INFO - Setting next_dagrun for example_subdag_operator to 2022-01-01 00:00:00+00:00, run_after=2022-01-01 00:00:00+00:00
[2024-04-04T01:12:08.302-0500] {logging_mixin.py:188} INFO - [2024-04-04T01:12:08.302-0500] {dag.py:3834} INFO - Setting next_dagrun for example_subdag_operator.section-1 to None, run_after=None
[2024-04-04T01:12:08.303-0500] {logging_mixin.py:188} INFO - [2024-04-04T01:12:08.302-0500] {dag.py:3834} INFO - Setting next_dagrun for example_subdag_operator.section-2 to None, run_after=None
[2024-04-04T01:12:08.305-0500] {logging_mixin.py:188} INFO - [2024-04-04T01:12:08.305-0500] {dag.py:3047} INFO - Sync 2 DAGs
[2024-04-04T01:12:08.306-0500] {logging_mixin.py:188} INFO - [2024-04-04T01:12:08.306-0500] {dag.py:3834} INFO - Setting next_dagrun for example_subdag_operator.section-1 to None, run_after=None
[2024-04-04T01:12:08.306-0500] {logging_mixin.py:188} INFO - [2024-04-04T01:12:08.306-0500] {dag.py:3834} INFO - Setting next_dagrun for example_subdag_operator.section-2 to None, run_after=None
[2024-04-04T01:12:08.310-0500] {processor.py:183} INFO - Processing /Volumes/SLU_CS/big_data_scd_all_types_project/.venv/lib/python3.11/site-packages/airflow/example_dags/example_subdag_operator.py took 0.062 seconds
[2024-04-04T01:13:46.997-0500] {processor.py:161} INFO - Started process (PID=33500) to work on /Volumes/SLU_CS/big_data_scd_all_types_project/.venv/lib/python3.11/site-packages/airflow/example_dags/example_subdag_operator.py
[2024-04-04T01:13:47.009-0500] {processor.py:830} INFO - Processing file /Volumes/SLU_CS/big_data_scd_all_types_project/.venv/lib/python3.11/site-packages/airflow/example_dags/example_subdag_operator.py for tasks to queue
[2024-04-04T01:13:47.009-0500] {logging_mixin.py:188} INFO - [2024-04-04T01:13:47.009-0500] {dagbag.py:540} INFO - Filling up the DagBag from /Volumes/SLU_CS/big_data_scd_all_types_project/.venv/lib/python3.11/site-packages/airflow/example_dags/example_subdag_operator.py
[2024-04-04T01:13:47.044-0500] {processor.py:840} INFO - DAG(s) 'example_subdag_operator.section-1', 'example_subdag_operator.section-2', 'example_subdag_operator' retrieved from /Volumes/SLU_CS/big_data_scd_all_types_project/.venv/lib/python3.11/site-packages/airflow/example_dags/example_subdag_operator.py
[2024-04-04T01:13:47.055-0500] {logging_mixin.py:188} INFO - [2024-04-04T01:13:47.055-0500] {dag.py:3047} INFO - Sync 3 DAGs
[2024-04-04T01:13:47.061-0500] {logging_mixin.py:188} INFO - [2024-04-04T01:13:47.061-0500] {dag.py:3834} INFO - Setting next_dagrun for example_subdag_operator to 2022-01-01 00:00:00+00:00, run_after=2022-01-01 00:00:00+00:00
[2024-04-04T01:13:47.062-0500] {logging_mixin.py:188} INFO - [2024-04-04T01:13:47.062-0500] {dag.py:3834} INFO - Setting next_dagrun for example_subdag_operator.section-1 to None, run_after=None
[2024-04-04T01:13:47.063-0500] {logging_mixin.py:188} INFO - [2024-04-04T01:13:47.063-0500] {dag.py:3834} INFO - Setting next_dagrun for example_subdag_operator.section-2 to None, run_after=None
[2024-04-04T01:13:47.065-0500] {logging_mixin.py:188} INFO - [2024-04-04T01:13:47.065-0500] {dag.py:3047} INFO - Sync 2 DAGs
[2024-04-04T01:13:47.066-0500] {logging_mixin.py:188} INFO - [2024-04-04T01:13:47.066-0500] {dag.py:3834} INFO - Setting next_dagrun for example_subdag_operator.section-1 to None, run_after=None
[2024-04-04T01:13:47.066-0500] {logging_mixin.py:188} INFO - [2024-04-04T01:13:47.066-0500] {dag.py:3834} INFO - Setting next_dagrun for example_subdag_operator.section-2 to None, run_after=None
[2024-04-04T01:13:47.070-0500] {processor.py:183} INFO - Processing /Volumes/SLU_CS/big_data_scd_all_types_project/.venv/lib/python3.11/site-packages/airflow/example_dags/example_subdag_operator.py took 0.075 seconds
[2024-04-04T01:15:23.829-0500] {processor.py:161} INFO - Started process (PID=33672) to work on /Volumes/SLU_CS/big_data_scd_all_types_project/.venv/lib/python3.11/site-packages/airflow/example_dags/example_subdag_operator.py
[2024-04-04T01:15:23.829-0500] {processor.py:830} INFO - Processing file /Volumes/SLU_CS/big_data_scd_all_types_project/.venv/lib/python3.11/site-packages/airflow/example_dags/example_subdag_operator.py for tasks to queue
[2024-04-04T01:15:23.830-0500] {logging_mixin.py:188} INFO - [2024-04-04T01:15:23.829-0500] {dagbag.py:540} INFO - Filling up the DagBag from /Volumes/SLU_CS/big_data_scd_all_types_project/.venv/lib/python3.11/site-packages/airflow/example_dags/example_subdag_operator.py
[2024-04-04T01:15:23.859-0500] {processor.py:840} INFO - DAG(s) 'example_subdag_operator.section-1', 'example_subdag_operator.section-2', 'example_subdag_operator' retrieved from /Volumes/SLU_CS/big_data_scd_all_types_project/.venv/lib/python3.11/site-packages/airflow/example_dags/example_subdag_operator.py
[2024-04-04T01:15:23.870-0500] {logging_mixin.py:188} INFO - [2024-04-04T01:15:23.869-0500] {dag.py:3047} INFO - Sync 3 DAGs
[2024-04-04T01:15:23.875-0500] {logging_mixin.py:188} INFO - [2024-04-04T01:15:23.875-0500] {dag.py:3834} INFO - Setting next_dagrun for example_subdag_operator to 2022-01-01 00:00:00+00:00, run_after=2022-01-01 00:00:00+00:00
[2024-04-04T01:15:23.876-0500] {logging_mixin.py:188} INFO - [2024-04-04T01:15:23.876-0500] {dag.py:3834} INFO - Setting next_dagrun for example_subdag_operator.section-1 to None, run_after=None
[2024-04-04T01:15:23.877-0500] {logging_mixin.py:188} INFO - [2024-04-04T01:15:23.876-0500] {dag.py:3834} INFO - Setting next_dagrun for example_subdag_operator.section-2 to None, run_after=None
[2024-04-04T01:15:23.879-0500] {logging_mixin.py:188} INFO - [2024-04-04T01:15:23.878-0500] {dag.py:3047} INFO - Sync 2 DAGs
[2024-04-04T01:15:23.880-0500] {logging_mixin.py:188} INFO - [2024-04-04T01:15:23.880-0500] {dag.py:3834} INFO - Setting next_dagrun for example_subdag_operator.section-1 to None, run_after=None
[2024-04-04T01:15:23.880-0500] {logging_mixin.py:188} INFO - [2024-04-04T01:15:23.880-0500] {dag.py:3834} INFO - Setting next_dagrun for example_subdag_operator.section-2 to None, run_after=None
[2024-04-04T01:15:23.884-0500] {processor.py:183} INFO - Processing /Volumes/SLU_CS/big_data_scd_all_types_project/.venv/lib/python3.11/site-packages/airflow/example_dags/example_subdag_operator.py took 0.056 seconds
[2024-04-04T01:17:03.993-0500] {processor.py:161} INFO - Started process (PID=33842) to work on /Volumes/SLU_CS/big_data_scd_all_types_project/.venv/lib/python3.11/site-packages/airflow/example_dags/example_subdag_operator.py
[2024-04-04T01:17:03.993-0500] {processor.py:830} INFO - Processing file /Volumes/SLU_CS/big_data_scd_all_types_project/.venv/lib/python3.11/site-packages/airflow/example_dags/example_subdag_operator.py for tasks to queue
[2024-04-04T01:17:03.993-0500] {logging_mixin.py:188} INFO - [2024-04-04T01:17:03.993-0500] {dagbag.py:540} INFO - Filling up the DagBag from /Volumes/SLU_CS/big_data_scd_all_types_project/.venv/lib/python3.11/site-packages/airflow/example_dags/example_subdag_operator.py
[2024-04-04T01:17:04.024-0500] {processor.py:840} INFO - DAG(s) 'example_subdag_operator.section-1', 'example_subdag_operator.section-2', 'example_subdag_operator' retrieved from /Volumes/SLU_CS/big_data_scd_all_types_project/.venv/lib/python3.11/site-packages/airflow/example_dags/example_subdag_operator.py
[2024-04-04T01:17:04.035-0500] {logging_mixin.py:188} INFO - [2024-04-04T01:17:04.035-0500] {dag.py:3047} INFO - Sync 3 DAGs
[2024-04-04T01:17:04.041-0500] {logging_mixin.py:188} INFO - [2024-04-04T01:17:04.041-0500] {dag.py:3834} INFO - Setting next_dagrun for example_subdag_operator to 2022-01-01 00:00:00+00:00, run_after=2022-01-01 00:00:00+00:00
[2024-04-04T01:17:04.042-0500] {logging_mixin.py:188} INFO - [2024-04-04T01:17:04.042-0500] {dag.py:3834} INFO - Setting next_dagrun for example_subdag_operator.section-1 to None, run_after=None
[2024-04-04T01:17:04.042-0500] {logging_mixin.py:188} INFO - [2024-04-04T01:17:04.042-0500] {dag.py:3834} INFO - Setting next_dagrun for example_subdag_operator.section-2 to None, run_after=None
[2024-04-04T01:17:04.044-0500] {logging_mixin.py:188} INFO - [2024-04-04T01:17:04.044-0500] {dag.py:3047} INFO - Sync 2 DAGs
[2024-04-04T01:17:04.045-0500] {logging_mixin.py:188} INFO - [2024-04-04T01:17:04.045-0500] {dag.py:3834} INFO - Setting next_dagrun for example_subdag_operator.section-1 to None, run_after=None
[2024-04-04T01:17:04.045-0500] {logging_mixin.py:188} INFO - [2024-04-04T01:17:04.045-0500] {dag.py:3834} INFO - Setting next_dagrun for example_subdag_operator.section-2 to None, run_after=None
[2024-04-04T01:17:04.049-0500] {processor.py:183} INFO - Processing /Volumes/SLU_CS/big_data_scd_all_types_project/.venv/lib/python3.11/site-packages/airflow/example_dags/example_subdag_operator.py took 0.058 seconds
[2024-04-04T01:18:50.895-0500] {processor.py:161} INFO - Started process (PID=34069) to work on /Volumes/SLU_CS/big_data_scd_all_types_project/.venv/lib/python3.11/site-packages/airflow/example_dags/example_subdag_operator.py
[2024-04-04T01:18:50.896-0500] {processor.py:830} INFO - Processing file /Volumes/SLU_CS/big_data_scd_all_types_project/.venv/lib/python3.11/site-packages/airflow/example_dags/example_subdag_operator.py for tasks to queue
[2024-04-04T01:18:50.896-0500] {logging_mixin.py:188} INFO - [2024-04-04T01:18:50.896-0500] {dagbag.py:540} INFO - Filling up the DagBag from /Volumes/SLU_CS/big_data_scd_all_types_project/.venv/lib/python3.11/site-packages/airflow/example_dags/example_subdag_operator.py
[2024-04-04T01:18:50.929-0500] {processor.py:840} INFO - DAG(s) 'example_subdag_operator.section-1', 'example_subdag_operator.section-2', 'example_subdag_operator' retrieved from /Volumes/SLU_CS/big_data_scd_all_types_project/.venv/lib/python3.11/site-packages/airflow/example_dags/example_subdag_operator.py
[2024-04-04T01:18:50.946-0500] {logging_mixin.py:188} INFO - [2024-04-04T01:18:50.945-0500] {dag.py:3047} INFO - Sync 3 DAGs
[2024-04-04T01:18:50.953-0500] {logging_mixin.py:188} INFO - [2024-04-04T01:18:50.953-0500] {dag.py:3834} INFO - Setting next_dagrun for example_subdag_operator to 2022-01-01 00:00:00+00:00, run_after=2022-01-01 00:00:00+00:00
[2024-04-04T01:18:50.955-0500] {logging_mixin.py:188} INFO - [2024-04-04T01:18:50.955-0500] {dag.py:3834} INFO - Setting next_dagrun for example_subdag_operator.section-1 to None, run_after=None
[2024-04-04T01:18:50.955-0500] {logging_mixin.py:188} INFO - [2024-04-04T01:18:50.955-0500] {dag.py:3834} INFO - Setting next_dagrun for example_subdag_operator.section-2 to None, run_after=None
[2024-04-04T01:18:50.958-0500] {logging_mixin.py:188} INFO - [2024-04-04T01:18:50.958-0500] {dag.py:3047} INFO - Sync 2 DAGs
[2024-04-04T01:18:50.960-0500] {logging_mixin.py:188} INFO - [2024-04-04T01:18:50.959-0500] {dag.py:3834} INFO - Setting next_dagrun for example_subdag_operator.section-1 to None, run_after=None
[2024-04-04T01:18:50.960-0500] {logging_mixin.py:188} INFO - [2024-04-04T01:18:50.960-0500] {dag.py:3834} INFO - Setting next_dagrun for example_subdag_operator.section-2 to None, run_after=None
[2024-04-04T01:18:50.972-0500] {processor.py:183} INFO - Processing /Volumes/SLU_CS/big_data_scd_all_types_project/.venv/lib/python3.11/site-packages/airflow/example_dags/example_subdag_operator.py took 0.078 seconds
[2024-04-04T01:20:40.332-0500] {processor.py:161} INFO - Started process (PID=34298) to work on /Volumes/SLU_CS/big_data_scd_all_types_project/.venv/lib/python3.11/site-packages/airflow/example_dags/example_subdag_operator.py
[2024-04-04T01:20:40.333-0500] {processor.py:830} INFO - Processing file /Volumes/SLU_CS/big_data_scd_all_types_project/.venv/lib/python3.11/site-packages/airflow/example_dags/example_subdag_operator.py for tasks to queue
[2024-04-04T01:20:40.333-0500] {logging_mixin.py:188} INFO - [2024-04-04T01:20:40.333-0500] {dagbag.py:540} INFO - Filling up the DagBag from /Volumes/SLU_CS/big_data_scd_all_types_project/.venv/lib/python3.11/site-packages/airflow/example_dags/example_subdag_operator.py
[2024-04-04T01:20:40.366-0500] {processor.py:840} INFO - DAG(s) 'example_subdag_operator.section-1', 'example_subdag_operator.section-2', 'example_subdag_operator' retrieved from /Volumes/SLU_CS/big_data_scd_all_types_project/.venv/lib/python3.11/site-packages/airflow/example_dags/example_subdag_operator.py
[2024-04-04T01:20:40.377-0500] {logging_mixin.py:188} INFO - [2024-04-04T01:20:40.377-0500] {dag.py:3047} INFO - Sync 3 DAGs
[2024-04-04T01:20:40.383-0500] {logging_mixin.py:188} INFO - [2024-04-04T01:20:40.383-0500] {dag.py:3834} INFO - Setting next_dagrun for example_subdag_operator to 2022-01-01 00:00:00+00:00, run_after=2022-01-01 00:00:00+00:00
[2024-04-04T01:20:40.384-0500] {logging_mixin.py:188} INFO - [2024-04-04T01:20:40.384-0500] {dag.py:3834} INFO - Setting next_dagrun for example_subdag_operator.section-1 to None, run_after=None
[2024-04-04T01:20:40.384-0500] {logging_mixin.py:188} INFO - [2024-04-04T01:20:40.384-0500] {dag.py:3834} INFO - Setting next_dagrun for example_subdag_operator.section-2 to None, run_after=None
[2024-04-04T01:20:40.386-0500] {logging_mixin.py:188} INFO - [2024-04-04T01:20:40.386-0500] {dag.py:3047} INFO - Sync 2 DAGs
[2024-04-04T01:20:40.388-0500] {logging_mixin.py:188} INFO - [2024-04-04T01:20:40.388-0500] {dag.py:3834} INFO - Setting next_dagrun for example_subdag_operator.section-1 to None, run_after=None
[2024-04-04T01:20:40.388-0500] {logging_mixin.py:188} INFO - [2024-04-04T01:20:40.388-0500] {dag.py:3834} INFO - Setting next_dagrun for example_subdag_operator.section-2 to None, run_after=None
[2024-04-04T01:20:40.392-0500] {processor.py:183} INFO - Processing /Volumes/SLU_CS/big_data_scd_all_types_project/.venv/lib/python3.11/site-packages/airflow/example_dags/example_subdag_operator.py took 0.061 seconds
