[2024-04-04T01:02:06.886-0500] {processor.py:161} INFO - Started process (PID=31911) to work on /Volumes/SLU_CS/big_data_scd_all_types_project/.venv/lib/python3.11/site-packages/airflow/example_dags/example_sla_dag.py
[2024-04-04T01:02:06.886-0500] {processor.py:830} INFO - Processing file /Volumes/SLU_CS/big_data_scd_all_types_project/.venv/lib/python3.11/site-packages/airflow/example_dags/example_sla_dag.py for tasks to queue
[2024-04-04T01:02:06.887-0500] {logging_mixin.py:188} INFO - [2024-04-04T01:02:06.887-0500] {dagbag.py:540} INFO - Filling up the DagBag from /Volumes/SLU_CS/big_data_scd_all_types_project/.venv/lib/python3.11/site-packages/airflow/example_dags/example_sla_dag.py
[2024-04-04T01:02:06.902-0500] {processor.py:840} INFO - DAG(s) 'example_sla_dag' retrieved from /Volumes/SLU_CS/big_data_scd_all_types_project/.venv/lib/python3.11/site-packages/airflow/example_dags/example_sla_dag.py
[2024-04-04T01:02:06.984-0500] {logging_mixin.py:188} INFO - [2024-04-04T01:02:06.984-0500] {dag.py:3047} INFO - Sync 1 DAGs
[2024-04-04T01:02:06.991-0500] {logging_mixin.py:188} INFO - [2024-04-04T01:02:06.991-0500] {dag.py:3834} INFO - Setting next_dagrun for example_sla_dag to 2024-04-04 06:00:00+00:00, run_after=2024-04-04 06:02:00+00:00
[2024-04-04T01:02:06.997-0500] {processor.py:183} INFO - Processing /Volumes/SLU_CS/big_data_scd_all_types_project/.venv/lib/python3.11/site-packages/airflow/example_dags/example_sla_dag.py took 0.112 seconds
[2024-04-04T01:03:31.649-0500] {processor.py:161} INFO - Started process (PID=32083) to work on /Volumes/SLU_CS/big_data_scd_all_types_project/.venv/lib/python3.11/site-packages/airflow/example_dags/example_sla_dag.py
[2024-04-04T01:03:31.652-0500] {processor.py:830} INFO - Processing file /Volumes/SLU_CS/big_data_scd_all_types_project/.venv/lib/python3.11/site-packages/airflow/example_dags/example_sla_dag.py for tasks to queue
[2024-04-04T01:03:31.653-0500] {logging_mixin.py:188} INFO - [2024-04-04T01:03:31.653-0500] {dagbag.py:540} INFO - Filling up the DagBag from /Volumes/SLU_CS/big_data_scd_all_types_project/.venv/lib/python3.11/site-packages/airflow/example_dags/example_sla_dag.py
[2024-04-04T01:03:31.668-0500] {processor.py:840} INFO - DAG(s) 'example_sla_dag' retrieved from /Volumes/SLU_CS/big_data_scd_all_types_project/.venv/lib/python3.11/site-packages/airflow/example_dags/example_sla_dag.py
[2024-04-04T01:03:31.699-0500] {logging_mixin.py:188} INFO - [2024-04-04T01:03:31.699-0500] {dag.py:3047} INFO - Sync 1 DAGs
[2024-04-04T01:03:31.708-0500] {logging_mixin.py:188} INFO - [2024-04-04T01:03:31.708-0500] {dag.py:3834} INFO - Setting next_dagrun for example_sla_dag to 2024-04-04 06:00:00+00:00, run_after=2024-04-04 06:02:00+00:00
[2024-04-04T01:03:31.714-0500] {processor.py:183} INFO - Processing /Volumes/SLU_CS/big_data_scd_all_types_project/.venv/lib/python3.11/site-packages/airflow/example_dags/example_sla_dag.py took 0.067 seconds
[2024-04-04T01:05:14.000-0500] {processor.py:161} INFO - Started process (PID=32321) to work on /Volumes/SLU_CS/big_data_scd_all_types_project/.venv/lib/python3.11/site-packages/airflow/example_dags/example_sla_dag.py
[2024-04-04T01:05:14.001-0500] {processor.py:830} INFO - Processing file /Volumes/SLU_CS/big_data_scd_all_types_project/.venv/lib/python3.11/site-packages/airflow/example_dags/example_sla_dag.py for tasks to queue
[2024-04-04T01:05:14.001-0500] {logging_mixin.py:188} INFO - [2024-04-04T01:05:14.001-0500] {dagbag.py:540} INFO - Filling up the DagBag from /Volumes/SLU_CS/big_data_scd_all_types_project/.venv/lib/python3.11/site-packages/airflow/example_dags/example_sla_dag.py
[2024-04-04T01:05:14.017-0500] {processor.py:840} INFO - DAG(s) 'example_sla_dag' retrieved from /Volumes/SLU_CS/big_data_scd_all_types_project/.venv/lib/python3.11/site-packages/airflow/example_dags/example_sla_dag.py
[2024-04-04T01:05:14.047-0500] {logging_mixin.py:188} INFO - [2024-04-04T01:05:14.046-0500] {dag.py:3047} INFO - Sync 1 DAGs
[2024-04-04T01:05:14.053-0500] {logging_mixin.py:188} INFO - [2024-04-04T01:05:14.053-0500] {dag.py:3834} INFO - Setting next_dagrun for example_sla_dag to 2024-04-04 06:02:00+00:00, run_after=2024-04-04 06:04:00+00:00
[2024-04-04T01:05:14.059-0500] {processor.py:183} INFO - Processing /Volumes/SLU_CS/big_data_scd_all_types_project/.venv/lib/python3.11/site-packages/airflow/example_dags/example_sla_dag.py took 0.060 seconds
[2024-04-04T01:07:16.133-0500] {processor.py:161} INFO - Started process (PID=32599) to work on /Volumes/SLU_CS/big_data_scd_all_types_project/.venv/lib/python3.11/site-packages/airflow/example_dags/example_sla_dag.py
[2024-04-04T01:07:16.134-0500] {processor.py:830} INFO - Processing file /Volumes/SLU_CS/big_data_scd_all_types_project/.venv/lib/python3.11/site-packages/airflow/example_dags/example_sla_dag.py for tasks to queue
[2024-04-04T01:07:16.134-0500] {logging_mixin.py:188} INFO - [2024-04-04T01:07:16.134-0500] {dagbag.py:540} INFO - Filling up the DagBag from /Volumes/SLU_CS/big_data_scd_all_types_project/.venv/lib/python3.11/site-packages/airflow/example_dags/example_sla_dag.py
[2024-04-04T01:07:16.150-0500] {processor.py:840} INFO - DAG(s) 'example_sla_dag' retrieved from /Volumes/SLU_CS/big_data_scd_all_types_project/.venv/lib/python3.11/site-packages/airflow/example_dags/example_sla_dag.py
[2024-04-04T01:07:16.179-0500] {logging_mixin.py:188} INFO - [2024-04-04T01:07:16.179-0500] {dag.py:3047} INFO - Sync 1 DAGs
[2024-04-04T01:07:16.185-0500] {logging_mixin.py:188} INFO - [2024-04-04T01:07:16.185-0500] {dag.py:3834} INFO - Setting next_dagrun for example_sla_dag to 2024-04-04 06:04:00+00:00, run_after=2024-04-04 06:06:00+00:00
[2024-04-04T01:07:16.191-0500] {processor.py:183} INFO - Processing /Volumes/SLU_CS/big_data_scd_all_types_project/.venv/lib/python3.11/site-packages/airflow/example_dags/example_sla_dag.py took 0.059 seconds
[2024-04-04T01:08:42.049-0500] {processor.py:161} INFO - Started process (PID=32721) to work on /Volumes/SLU_CS/big_data_scd_all_types_project/.venv/lib/python3.11/site-packages/airflow/example_dags/example_sla_dag.py
[2024-04-04T01:08:42.050-0500] {processor.py:830} INFO - Processing file /Volumes/SLU_CS/big_data_scd_all_types_project/.venv/lib/python3.11/site-packages/airflow/example_dags/example_sla_dag.py for tasks to queue
[2024-04-04T01:08:42.050-0500] {logging_mixin.py:188} INFO - [2024-04-04T01:08:42.050-0500] {dagbag.py:540} INFO - Filling up the DagBag from /Volumes/SLU_CS/big_data_scd_all_types_project/.venv/lib/python3.11/site-packages/airflow/example_dags/example_sla_dag.py
[2024-04-04T01:08:42.063-0500] {processor.py:840} INFO - DAG(s) 'example_sla_dag' retrieved from /Volumes/SLU_CS/big_data_scd_all_types_project/.venv/lib/python3.11/site-packages/airflow/example_dags/example_sla_dag.py
[2024-04-04T01:08:42.092-0500] {logging_mixin.py:188} INFO - [2024-04-04T01:08:42.092-0500] {dag.py:3047} INFO - Sync 1 DAGs
[2024-04-04T01:08:42.098-0500] {logging_mixin.py:188} INFO - [2024-04-04T01:08:42.098-0500] {dag.py:3834} INFO - Setting next_dagrun for example_sla_dag to 2024-04-04 06:06:00+00:00, run_after=2024-04-04 06:08:00+00:00
[2024-04-04T01:08:42.105-0500] {processor.py:183} INFO - Processing /Volumes/SLU_CS/big_data_scd_all_types_project/.venv/lib/python3.11/site-packages/airflow/example_dags/example_sla_dag.py took 0.056 seconds
[2024-04-04T01:10:23.087-0500] {processor.py:161} INFO - Started process (PID=32957) to work on /Volumes/SLU_CS/big_data_scd_all_types_project/.venv/lib/python3.11/site-packages/airflow/example_dags/example_sla_dag.py
[2024-04-04T01:10:23.087-0500] {processor.py:830} INFO - Processing file /Volumes/SLU_CS/big_data_scd_all_types_project/.venv/lib/python3.11/site-packages/airflow/example_dags/example_sla_dag.py for tasks to queue
[2024-04-04T01:10:23.088-0500] {logging_mixin.py:188} INFO - [2024-04-04T01:10:23.088-0500] {dagbag.py:540} INFO - Filling up the DagBag from /Volumes/SLU_CS/big_data_scd_all_types_project/.venv/lib/python3.11/site-packages/airflow/example_dags/example_sla_dag.py
[2024-04-04T01:10:23.100-0500] {processor.py:840} INFO - DAG(s) 'example_sla_dag' retrieved from /Volumes/SLU_CS/big_data_scd_all_types_project/.venv/lib/python3.11/site-packages/airflow/example_dags/example_sla_dag.py
[2024-04-04T01:10:23.129-0500] {logging_mixin.py:188} INFO - [2024-04-04T01:10:23.129-0500] {dag.py:3047} INFO - Sync 1 DAGs
[2024-04-04T01:10:23.135-0500] {logging_mixin.py:188} INFO - [2024-04-04T01:10:23.135-0500] {dag.py:3834} INFO - Setting next_dagrun for example_sla_dag to 2024-04-04 06:08:00+00:00, run_after=2024-04-04 06:10:00+00:00
[2024-04-04T01:10:23.141-0500] {processor.py:183} INFO - Processing /Volumes/SLU_CS/big_data_scd_all_types_project/.venv/lib/python3.11/site-packages/airflow/example_dags/example_sla_dag.py took 0.055 seconds
[2024-04-04T01:12:10.046-0500] {processor.py:161} INFO - Started process (PID=33247) to work on /Volumes/SLU_CS/big_data_scd_all_types_project/.venv/lib/python3.11/site-packages/airflow/example_dags/example_sla_dag.py
[2024-04-04T01:12:10.047-0500] {processor.py:830} INFO - Processing file /Volumes/SLU_CS/big_data_scd_all_types_project/.venv/lib/python3.11/site-packages/airflow/example_dags/example_sla_dag.py for tasks to queue
[2024-04-04T01:12:10.048-0500] {logging_mixin.py:188} INFO - [2024-04-04T01:12:10.048-0500] {dagbag.py:540} INFO - Filling up the DagBag from /Volumes/SLU_CS/big_data_scd_all_types_project/.venv/lib/python3.11/site-packages/airflow/example_dags/example_sla_dag.py
[2024-04-04T01:12:10.062-0500] {processor.py:840} INFO - DAG(s) 'example_sla_dag' retrieved from /Volumes/SLU_CS/big_data_scd_all_types_project/.venv/lib/python3.11/site-packages/airflow/example_dags/example_sla_dag.py
[2024-04-04T01:12:10.091-0500] {logging_mixin.py:188} INFO - [2024-04-04T01:12:10.091-0500] {dag.py:3047} INFO - Sync 1 DAGs
[2024-04-04T01:12:10.098-0500] {logging_mixin.py:188} INFO - [2024-04-04T01:12:10.098-0500] {dag.py:3834} INFO - Setting next_dagrun for example_sla_dag to 2024-04-04 06:10:00+00:00, run_after=2024-04-04 06:12:00+00:00
[2024-04-04T01:12:10.104-0500] {processor.py:183} INFO - Processing /Volumes/SLU_CS/big_data_scd_all_types_project/.venv/lib/python3.11/site-packages/airflow/example_dags/example_sla_dag.py took 0.059 seconds
[2024-04-04T01:13:48.737-0500] {processor.py:161} INFO - Started process (PID=33502) to work on /Volumes/SLU_CS/big_data_scd_all_types_project/.venv/lib/python3.11/site-packages/airflow/example_dags/example_sla_dag.py
[2024-04-04T01:13:48.737-0500] {processor.py:830} INFO - Processing file /Volumes/SLU_CS/big_data_scd_all_types_project/.venv/lib/python3.11/site-packages/airflow/example_dags/example_sla_dag.py for tasks to queue
[2024-04-04T01:13:48.738-0500] {logging_mixin.py:188} INFO - [2024-04-04T01:13:48.738-0500] {dagbag.py:540} INFO - Filling up the DagBag from /Volumes/SLU_CS/big_data_scd_all_types_project/.venv/lib/python3.11/site-packages/airflow/example_dags/example_sla_dag.py
[2024-04-04T01:13:48.752-0500] {processor.py:840} INFO - DAG(s) 'example_sla_dag' retrieved from /Volumes/SLU_CS/big_data_scd_all_types_project/.venv/lib/python3.11/site-packages/airflow/example_dags/example_sla_dag.py
[2024-04-04T01:13:48.782-0500] {logging_mixin.py:188} INFO - [2024-04-04T01:13:48.782-0500] {dag.py:3047} INFO - Sync 1 DAGs
[2024-04-04T01:13:48.788-0500] {logging_mixin.py:188} INFO - [2024-04-04T01:13:48.788-0500] {dag.py:3834} INFO - Setting next_dagrun for example_sla_dag to 2024-04-04 06:10:00+00:00, run_after=2024-04-04 06:12:00+00:00
[2024-04-04T01:13:48.795-0500] {processor.py:183} INFO - Processing /Volumes/SLU_CS/big_data_scd_all_types_project/.venv/lib/python3.11/site-packages/airflow/example_dags/example_sla_dag.py took 0.059 seconds
[2024-04-04T01:15:25.544-0500] {processor.py:161} INFO - Started process (PID=33675) to work on /Volumes/SLU_CS/big_data_scd_all_types_project/.venv/lib/python3.11/site-packages/airflow/example_dags/example_sla_dag.py
[2024-04-04T01:15:25.545-0500] {processor.py:830} INFO - Processing file /Volumes/SLU_CS/big_data_scd_all_types_project/.venv/lib/python3.11/site-packages/airflow/example_dags/example_sla_dag.py for tasks to queue
[2024-04-04T01:15:25.546-0500] {logging_mixin.py:188} INFO - [2024-04-04T01:15:25.545-0500] {dagbag.py:540} INFO - Filling up the DagBag from /Volumes/SLU_CS/big_data_scd_all_types_project/.venv/lib/python3.11/site-packages/airflow/example_dags/example_sla_dag.py
[2024-04-04T01:15:25.558-0500] {processor.py:840} INFO - DAG(s) 'example_sla_dag' retrieved from /Volumes/SLU_CS/big_data_scd_all_types_project/.venv/lib/python3.11/site-packages/airflow/example_dags/example_sla_dag.py
[2024-04-04T01:15:25.587-0500] {logging_mixin.py:188} INFO - [2024-04-04T01:15:25.587-0500] {dag.py:3047} INFO - Sync 1 DAGs
[2024-04-04T01:15:25.594-0500] {logging_mixin.py:188} INFO - [2024-04-04T01:15:25.593-0500] {dag.py:3834} INFO - Setting next_dagrun for example_sla_dag to 2024-04-04 06:12:00+00:00, run_after=2024-04-04 06:14:00+00:00
[2024-04-04T01:15:25.600-0500] {processor.py:183} INFO - Processing /Volumes/SLU_CS/big_data_scd_all_types_project/.venv/lib/python3.11/site-packages/airflow/example_dags/example_sla_dag.py took 0.056 seconds
[2024-04-04T01:17:05.879-0500] {processor.py:161} INFO - Started process (PID=33845) to work on /Volumes/SLU_CS/big_data_scd_all_types_project/.venv/lib/python3.11/site-packages/airflow/example_dags/example_sla_dag.py
[2024-04-04T01:17:05.882-0500] {processor.py:830} INFO - Processing file /Volumes/SLU_CS/big_data_scd_all_types_project/.venv/lib/python3.11/site-packages/airflow/example_dags/example_sla_dag.py for tasks to queue
[2024-04-04T01:17:05.882-0500] {logging_mixin.py:188} INFO - [2024-04-04T01:17:05.882-0500] {dagbag.py:540} INFO - Filling up the DagBag from /Volumes/SLU_CS/big_data_scd_all_types_project/.venv/lib/python3.11/site-packages/airflow/example_dags/example_sla_dag.py
[2024-04-04T01:17:05.896-0500] {processor.py:840} INFO - DAG(s) 'example_sla_dag' retrieved from /Volumes/SLU_CS/big_data_scd_all_types_project/.venv/lib/python3.11/site-packages/airflow/example_dags/example_sla_dag.py
[2024-04-04T01:17:05.927-0500] {logging_mixin.py:188} INFO - [2024-04-04T01:17:05.927-0500] {dag.py:3047} INFO - Sync 1 DAGs
[2024-04-04T01:17:05.934-0500] {logging_mixin.py:188} INFO - [2024-04-04T01:17:05.934-0500] {dag.py:3834} INFO - Setting next_dagrun for example_sla_dag to 2024-04-04 06:14:00+00:00, run_after=2024-04-04 06:16:00+00:00
[2024-04-04T01:17:05.940-0500] {processor.py:183} INFO - Processing /Volumes/SLU_CS/big_data_scd_all_types_project/.venv/lib/python3.11/site-packages/airflow/example_dags/example_sla_dag.py took 0.063 seconds
[2024-04-04T01:18:52.791-0500] {processor.py:161} INFO - Started process (PID=34090) to work on /Volumes/SLU_CS/big_data_scd_all_types_project/.venv/lib/python3.11/site-packages/airflow/example_dags/example_sla_dag.py
[2024-04-04T01:18:52.792-0500] {processor.py:830} INFO - Processing file /Volumes/SLU_CS/big_data_scd_all_types_project/.venv/lib/python3.11/site-packages/airflow/example_dags/example_sla_dag.py for tasks to queue
[2024-04-04T01:18:52.792-0500] {logging_mixin.py:188} INFO - [2024-04-04T01:18:52.792-0500] {dagbag.py:540} INFO - Filling up the DagBag from /Volumes/SLU_CS/big_data_scd_all_types_project/.venv/lib/python3.11/site-packages/airflow/example_dags/example_sla_dag.py
[2024-04-04T01:18:52.810-0500] {processor.py:840} INFO - DAG(s) 'example_sla_dag' retrieved from /Volumes/SLU_CS/big_data_scd_all_types_project/.venv/lib/python3.11/site-packages/airflow/example_dags/example_sla_dag.py
[2024-04-04T01:18:52.843-0500] {logging_mixin.py:188} INFO - [2024-04-04T01:18:52.843-0500] {dag.py:3047} INFO - Sync 1 DAGs
[2024-04-04T01:18:52.850-0500] {logging_mixin.py:188} INFO - [2024-04-04T01:18:52.850-0500] {dag.py:3834} INFO - Setting next_dagrun for example_sla_dag to 2024-04-04 06:16:00+00:00, run_after=2024-04-04 06:18:00+00:00
[2024-04-04T01:18:52.859-0500] {processor.py:183} INFO - Processing /Volumes/SLU_CS/big_data_scd_all_types_project/.venv/lib/python3.11/site-packages/airflow/example_dags/example_sla_dag.py took 0.069 seconds
[2024-04-04T01:20:42.163-0500] {processor.py:161} INFO - Started process (PID=34306) to work on /Volumes/SLU_CS/big_data_scd_all_types_project/.venv/lib/python3.11/site-packages/airflow/example_dags/example_sla_dag.py
[2024-04-04T01:20:42.164-0500] {processor.py:830} INFO - Processing file /Volumes/SLU_CS/big_data_scd_all_types_project/.venv/lib/python3.11/site-packages/airflow/example_dags/example_sla_dag.py for tasks to queue
[2024-04-04T01:20:42.165-0500] {logging_mixin.py:188} INFO - [2024-04-04T01:20:42.165-0500] {dagbag.py:540} INFO - Filling up the DagBag from /Volumes/SLU_CS/big_data_scd_all_types_project/.venv/lib/python3.11/site-packages/airflow/example_dags/example_sla_dag.py
[2024-04-04T01:20:42.179-0500] {processor.py:840} INFO - DAG(s) 'example_sla_dag' retrieved from /Volumes/SLU_CS/big_data_scd_all_types_project/.venv/lib/python3.11/site-packages/airflow/example_dags/example_sla_dag.py
[2024-04-04T01:20:42.210-0500] {logging_mixin.py:188} INFO - [2024-04-04T01:20:42.210-0500] {dag.py:3047} INFO - Sync 1 DAGs
[2024-04-04T01:20:42.216-0500] {logging_mixin.py:188} INFO - [2024-04-04T01:20:42.216-0500] {dag.py:3834} INFO - Setting next_dagrun for example_sla_dag to 2024-04-04 06:18:00+00:00, run_after=2024-04-04 06:20:00+00:00
[2024-04-04T01:20:42.223-0500] {processor.py:183} INFO - Processing /Volumes/SLU_CS/big_data_scd_all_types_project/.venv/lib/python3.11/site-packages/airflow/example_dags/example_sla_dag.py took 0.060 seconds
