[2024-04-04T01:01:59.716-0500] {processor.py:161} INFO - Started process (PID=31898) to work on /Volumes/SLU_CS/big_data_scd_all_types_project/.venv/lib/python3.11/site-packages/airflow/example_dags/example_time_delta_sensor_async.py
[2024-04-04T01:01:59.716-0500] {processor.py:830} INFO - Processing file /Volumes/SLU_CS/big_data_scd_all_types_project/.venv/lib/python3.11/site-packages/airflow/example_dags/example_time_delta_sensor_async.py for tasks to queue
[2024-04-04T01:01:59.717-0500] {logging_mixin.py:188} INFO - [2024-04-04T01:01:59.717-0500] {dagbag.py:540} INFO - Filling up the DagBag from /Volumes/SLU_CS/big_data_scd_all_types_project/.venv/lib/python3.11/site-packages/airflow/example_dags/example_time_delta_sensor_async.py
[2024-04-04T01:01:59.720-0500] {processor.py:840} INFO - DAG(s) 'example_time_delta_sensor_async' retrieved from /Volumes/SLU_CS/big_data_scd_all_types_project/.venv/lib/python3.11/site-packages/airflow/example_dags/example_time_delta_sensor_async.py
[2024-04-04T01:01:59.818-0500] {logging_mixin.py:188} INFO - [2024-04-04T01:01:59.818-0500] {dag.py:3047} INFO - Sync 1 DAGs
[2024-04-04T01:01:59.821-0500] {logging_mixin.py:188} INFO - [2024-04-04T01:01:59.821-0500] {dag.py:3834} INFO - Setting next_dagrun for example_time_delta_sensor_async to None, run_after=None
[2024-04-04T01:01:59.828-0500] {processor.py:183} INFO - Processing /Volumes/SLU_CS/big_data_scd_all_types_project/.venv/lib/python3.11/site-packages/airflow/example_dags/example_time_delta_sensor_async.py took 0.113 seconds
[2024-04-04T01:03:24.608-0500] {processor.py:161} INFO - Started process (PID=32070) to work on /Volumes/SLU_CS/big_data_scd_all_types_project/.venv/lib/python3.11/site-packages/airflow/example_dags/example_time_delta_sensor_async.py
[2024-04-04T01:03:24.608-0500] {processor.py:830} INFO - Processing file /Volumes/SLU_CS/big_data_scd_all_types_project/.venv/lib/python3.11/site-packages/airflow/example_dags/example_time_delta_sensor_async.py for tasks to queue
[2024-04-04T01:03:24.609-0500] {logging_mixin.py:188} INFO - [2024-04-04T01:03:24.609-0500] {dagbag.py:540} INFO - Filling up the DagBag from /Volumes/SLU_CS/big_data_scd_all_types_project/.venv/lib/python3.11/site-packages/airflow/example_dags/example_time_delta_sensor_async.py
[2024-04-04T01:03:24.612-0500] {processor.py:840} INFO - DAG(s) 'example_time_delta_sensor_async' retrieved from /Volumes/SLU_CS/big_data_scd_all_types_project/.venv/lib/python3.11/site-packages/airflow/example_dags/example_time_delta_sensor_async.py
[2024-04-04T01:03:24.645-0500] {logging_mixin.py:188} INFO - [2024-04-04T01:03:24.645-0500] {dag.py:3047} INFO - Sync 1 DAGs
[2024-04-04T01:03:24.648-0500] {logging_mixin.py:188} INFO - [2024-04-04T01:03:24.648-0500] {dag.py:3834} INFO - Setting next_dagrun for example_time_delta_sensor_async to None, run_after=None
[2024-04-04T01:03:24.655-0500] {processor.py:183} INFO - Processing /Volumes/SLU_CS/big_data_scd_all_types_project/.venv/lib/python3.11/site-packages/airflow/example_dags/example_time_delta_sensor_async.py took 0.048 seconds
[2024-04-04T01:05:07.501-0500] {processor.py:161} INFO - Started process (PID=32311) to work on /Volumes/SLU_CS/big_data_scd_all_types_project/.venv/lib/python3.11/site-packages/airflow/example_dags/example_time_delta_sensor_async.py
[2024-04-04T01:05:07.502-0500] {processor.py:830} INFO - Processing file /Volumes/SLU_CS/big_data_scd_all_types_project/.venv/lib/python3.11/site-packages/airflow/example_dags/example_time_delta_sensor_async.py for tasks to queue
[2024-04-04T01:05:07.502-0500] {logging_mixin.py:188} INFO - [2024-04-04T01:05:07.502-0500] {dagbag.py:540} INFO - Filling up the DagBag from /Volumes/SLU_CS/big_data_scd_all_types_project/.venv/lib/python3.11/site-packages/airflow/example_dags/example_time_delta_sensor_async.py
[2024-04-04T01:05:07.506-0500] {processor.py:840} INFO - DAG(s) 'example_time_delta_sensor_async' retrieved from /Volumes/SLU_CS/big_data_scd_all_types_project/.venv/lib/python3.11/site-packages/airflow/example_dags/example_time_delta_sensor_async.py
[2024-04-04T01:05:07.538-0500] {logging_mixin.py:188} INFO - [2024-04-04T01:05:07.538-0500] {dag.py:3047} INFO - Sync 1 DAGs
[2024-04-04T01:05:07.541-0500] {logging_mixin.py:188} INFO - [2024-04-04T01:05:07.541-0500] {dag.py:3834} INFO - Setting next_dagrun for example_time_delta_sensor_async to None, run_after=None
[2024-04-04T01:05:07.548-0500] {processor.py:183} INFO - Processing /Volumes/SLU_CS/big_data_scd_all_types_project/.venv/lib/python3.11/site-packages/airflow/example_dags/example_time_delta_sensor_async.py took 0.047 seconds
[2024-04-04T01:07:10.777-0500] {processor.py:161} INFO - Started process (PID=32588) to work on /Volumes/SLU_CS/big_data_scd_all_types_project/.venv/lib/python3.11/site-packages/airflow/example_dags/example_time_delta_sensor_async.py
[2024-04-04T01:07:10.778-0500] {processor.py:830} INFO - Processing file /Volumes/SLU_CS/big_data_scd_all_types_project/.venv/lib/python3.11/site-packages/airflow/example_dags/example_time_delta_sensor_async.py for tasks to queue
[2024-04-04T01:07:10.778-0500] {logging_mixin.py:188} INFO - [2024-04-04T01:07:10.778-0500] {dagbag.py:540} INFO - Filling up the DagBag from /Volumes/SLU_CS/big_data_scd_all_types_project/.venv/lib/python3.11/site-packages/airflow/example_dags/example_time_delta_sensor_async.py
[2024-04-04T01:07:10.781-0500] {processor.py:840} INFO - DAG(s) 'example_time_delta_sensor_async' retrieved from /Volumes/SLU_CS/big_data_scd_all_types_project/.venv/lib/python3.11/site-packages/airflow/example_dags/example_time_delta_sensor_async.py
[2024-04-04T01:07:10.813-0500] {logging_mixin.py:188} INFO - [2024-04-04T01:07:10.813-0500] {dag.py:3047} INFO - Sync 1 DAGs
[2024-04-04T01:07:10.816-0500] {logging_mixin.py:188} INFO - [2024-04-04T01:07:10.815-0500] {dag.py:3834} INFO - Setting next_dagrun for example_time_delta_sensor_async to None, run_after=None
[2024-04-04T01:07:10.822-0500] {processor.py:183} INFO - Processing /Volumes/SLU_CS/big_data_scd_all_types_project/.venv/lib/python3.11/site-packages/airflow/example_dags/example_time_delta_sensor_async.py took 0.047 seconds
[2024-04-04T01:08:35.022-0500] {processor.py:161} INFO - Started process (PID=32711) to work on /Volumes/SLU_CS/big_data_scd_all_types_project/.venv/lib/python3.11/site-packages/airflow/example_dags/example_time_delta_sensor_async.py
[2024-04-04T01:08:35.023-0500] {processor.py:830} INFO - Processing file /Volumes/SLU_CS/big_data_scd_all_types_project/.venv/lib/python3.11/site-packages/airflow/example_dags/example_time_delta_sensor_async.py for tasks to queue
[2024-04-04T01:08:35.023-0500] {logging_mixin.py:188} INFO - [2024-04-04T01:08:35.023-0500] {dagbag.py:540} INFO - Filling up the DagBag from /Volumes/SLU_CS/big_data_scd_all_types_project/.venv/lib/python3.11/site-packages/airflow/example_dags/example_time_delta_sensor_async.py
[2024-04-04T01:08:35.027-0500] {processor.py:840} INFO - DAG(s) 'example_time_delta_sensor_async' retrieved from /Volumes/SLU_CS/big_data_scd_all_types_project/.venv/lib/python3.11/site-packages/airflow/example_dags/example_time_delta_sensor_async.py
[2024-04-04T01:08:35.060-0500] {logging_mixin.py:188} INFO - [2024-04-04T01:08:35.060-0500] {dag.py:3047} INFO - Sync 1 DAGs
[2024-04-04T01:08:35.063-0500] {logging_mixin.py:188} INFO - [2024-04-04T01:08:35.063-0500] {dag.py:3834} INFO - Setting next_dagrun for example_time_delta_sensor_async to None, run_after=None
[2024-04-04T01:08:35.070-0500] {processor.py:183} INFO - Processing /Volumes/SLU_CS/big_data_scd_all_types_project/.venv/lib/python3.11/site-packages/airflow/example_dags/example_time_delta_sensor_async.py took 0.049 seconds
[2024-04-04T01:10:16.715-0500] {processor.py:161} INFO - Started process (PID=32935) to work on /Volumes/SLU_CS/big_data_scd_all_types_project/.venv/lib/python3.11/site-packages/airflow/example_dags/example_time_delta_sensor_async.py
[2024-04-04T01:10:16.715-0500] {processor.py:830} INFO - Processing file /Volumes/SLU_CS/big_data_scd_all_types_project/.venv/lib/python3.11/site-packages/airflow/example_dags/example_time_delta_sensor_async.py for tasks to queue
[2024-04-04T01:10:16.716-0500] {logging_mixin.py:188} INFO - [2024-04-04T01:10:16.716-0500] {dagbag.py:540} INFO - Filling up the DagBag from /Volumes/SLU_CS/big_data_scd_all_types_project/.venv/lib/python3.11/site-packages/airflow/example_dags/example_time_delta_sensor_async.py
[2024-04-04T01:10:16.719-0500] {processor.py:840} INFO - DAG(s) 'example_time_delta_sensor_async' retrieved from /Volumes/SLU_CS/big_data_scd_all_types_project/.venv/lib/python3.11/site-packages/airflow/example_dags/example_time_delta_sensor_async.py
[2024-04-04T01:10:16.752-0500] {logging_mixin.py:188} INFO - [2024-04-04T01:10:16.752-0500] {dag.py:3047} INFO - Sync 1 DAGs
[2024-04-04T01:10:16.755-0500] {logging_mixin.py:188} INFO - [2024-04-04T01:10:16.755-0500] {dag.py:3834} INFO - Setting next_dagrun for example_time_delta_sensor_async to None, run_after=None
[2024-04-04T01:10:16.762-0500] {processor.py:183} INFO - Processing /Volumes/SLU_CS/big_data_scd_all_types_project/.venv/lib/python3.11/site-packages/airflow/example_dags/example_time_delta_sensor_async.py took 0.049 seconds
[2024-04-04T01:12:02.637-0500] {processor.py:161} INFO - Started process (PID=33221) to work on /Volumes/SLU_CS/big_data_scd_all_types_project/.venv/lib/python3.11/site-packages/airflow/example_dags/example_time_delta_sensor_async.py
[2024-04-04T01:12:02.638-0500] {processor.py:830} INFO - Processing file /Volumes/SLU_CS/big_data_scd_all_types_project/.venv/lib/python3.11/site-packages/airflow/example_dags/example_time_delta_sensor_async.py for tasks to queue
[2024-04-04T01:12:02.638-0500] {logging_mixin.py:188} INFO - [2024-04-04T01:12:02.638-0500] {dagbag.py:540} INFO - Filling up the DagBag from /Volumes/SLU_CS/big_data_scd_all_types_project/.venv/lib/python3.11/site-packages/airflow/example_dags/example_time_delta_sensor_async.py
[2024-04-04T01:12:02.642-0500] {processor.py:840} INFO - DAG(s) 'example_time_delta_sensor_async' retrieved from /Volumes/SLU_CS/big_data_scd_all_types_project/.venv/lib/python3.11/site-packages/airflow/example_dags/example_time_delta_sensor_async.py
[2024-04-04T01:12:02.676-0500] {logging_mixin.py:188} INFO - [2024-04-04T01:12:02.676-0500] {dag.py:3047} INFO - Sync 1 DAGs
[2024-04-04T01:12:02.679-0500] {logging_mixin.py:188} INFO - [2024-04-04T01:12:02.679-0500] {dag.py:3834} INFO - Setting next_dagrun for example_time_delta_sensor_async to None, run_after=None
[2024-04-04T01:12:02.686-0500] {processor.py:183} INFO - Processing /Volumes/SLU_CS/big_data_scd_all_types_project/.venv/lib/python3.11/site-packages/airflow/example_dags/example_time_delta_sensor_async.py took 0.051 seconds
[2024-04-04T01:13:41.770-0500] {processor.py:161} INFO - Started process (PID=33489) to work on /Volumes/SLU_CS/big_data_scd_all_types_project/.venv/lib/python3.11/site-packages/airflow/example_dags/example_time_delta_sensor_async.py
[2024-04-04T01:13:41.770-0500] {processor.py:830} INFO - Processing file /Volumes/SLU_CS/big_data_scd_all_types_project/.venv/lib/python3.11/site-packages/airflow/example_dags/example_time_delta_sensor_async.py for tasks to queue
[2024-04-04T01:13:41.770-0500] {logging_mixin.py:188} INFO - [2024-04-04T01:13:41.770-0500] {dagbag.py:540} INFO - Filling up the DagBag from /Volumes/SLU_CS/big_data_scd_all_types_project/.venv/lib/python3.11/site-packages/airflow/example_dags/example_time_delta_sensor_async.py
[2024-04-04T01:13:41.774-0500] {processor.py:840} INFO - DAG(s) 'example_time_delta_sensor_async' retrieved from /Volumes/SLU_CS/big_data_scd_all_types_project/.venv/lib/python3.11/site-packages/airflow/example_dags/example_time_delta_sensor_async.py
[2024-04-04T01:13:41.807-0500] {logging_mixin.py:188} INFO - [2024-04-04T01:13:41.807-0500] {dag.py:3047} INFO - Sync 1 DAGs
[2024-04-04T01:13:41.810-0500] {logging_mixin.py:188} INFO - [2024-04-04T01:13:41.810-0500] {dag.py:3834} INFO - Setting next_dagrun for example_time_delta_sensor_async to None, run_after=None
[2024-04-04T01:13:41.817-0500] {processor.py:183} INFO - Processing /Volumes/SLU_CS/big_data_scd_all_types_project/.venv/lib/python3.11/site-packages/airflow/example_dags/example_time_delta_sensor_async.py took 0.048 seconds
[2024-04-04T01:15:19.496-0500] {processor.py:161} INFO - Started process (PID=33666) to work on /Volumes/SLU_CS/big_data_scd_all_types_project/.venv/lib/python3.11/site-packages/airflow/example_dags/example_time_delta_sensor_async.py
[2024-04-04T01:15:19.497-0500] {processor.py:830} INFO - Processing file /Volumes/SLU_CS/big_data_scd_all_types_project/.venv/lib/python3.11/site-packages/airflow/example_dags/example_time_delta_sensor_async.py for tasks to queue
[2024-04-04T01:15:19.498-0500] {logging_mixin.py:188} INFO - [2024-04-04T01:15:19.497-0500] {dagbag.py:540} INFO - Filling up the DagBag from /Volumes/SLU_CS/big_data_scd_all_types_project/.venv/lib/python3.11/site-packages/airflow/example_dags/example_time_delta_sensor_async.py
[2024-04-04T01:15:19.501-0500] {processor.py:840} INFO - DAG(s) 'example_time_delta_sensor_async' retrieved from /Volumes/SLU_CS/big_data_scd_all_types_project/.venv/lib/python3.11/site-packages/airflow/example_dags/example_time_delta_sensor_async.py
[2024-04-04T01:15:19.533-0500] {logging_mixin.py:188} INFO - [2024-04-04T01:15:19.532-0500] {dag.py:3047} INFO - Sync 1 DAGs
[2024-04-04T01:15:19.535-0500] {logging_mixin.py:188} INFO - [2024-04-04T01:15:19.535-0500] {dag.py:3834} INFO - Setting next_dagrun for example_time_delta_sensor_async to None, run_after=None
[2024-04-04T01:15:19.542-0500] {processor.py:183} INFO - Processing /Volumes/SLU_CS/big_data_scd_all_types_project/.venv/lib/python3.11/site-packages/airflow/example_dags/example_time_delta_sensor_async.py took 0.047 seconds
[2024-04-04T01:16:59.985-0500] {processor.py:161} INFO - Started process (PID=33827) to work on /Volumes/SLU_CS/big_data_scd_all_types_project/.venv/lib/python3.11/site-packages/airflow/example_dags/example_time_delta_sensor_async.py
[2024-04-04T01:16:59.986-0500] {processor.py:830} INFO - Processing file /Volumes/SLU_CS/big_data_scd_all_types_project/.venv/lib/python3.11/site-packages/airflow/example_dags/example_time_delta_sensor_async.py for tasks to queue
[2024-04-04T01:16:59.986-0500] {logging_mixin.py:188} INFO - [2024-04-04T01:16:59.986-0500] {dagbag.py:540} INFO - Filling up the DagBag from /Volumes/SLU_CS/big_data_scd_all_types_project/.venv/lib/python3.11/site-packages/airflow/example_dags/example_time_delta_sensor_async.py
[2024-04-04T01:16:59.989-0500] {processor.py:840} INFO - DAG(s) 'example_time_delta_sensor_async' retrieved from /Volumes/SLU_CS/big_data_scd_all_types_project/.venv/lib/python3.11/site-packages/airflow/example_dags/example_time_delta_sensor_async.py
[2024-04-04T01:17:00.021-0500] {logging_mixin.py:188} INFO - [2024-04-04T01:17:00.021-0500] {dag.py:3047} INFO - Sync 1 DAGs
[2024-04-04T01:17:00.024-0500] {logging_mixin.py:188} INFO - [2024-04-04T01:17:00.024-0500] {dag.py:3834} INFO - Setting next_dagrun for example_time_delta_sensor_async to None, run_after=None
[2024-04-04T01:17:00.031-0500] {processor.py:183} INFO - Processing /Volumes/SLU_CS/big_data_scd_all_types_project/.venv/lib/python3.11/site-packages/airflow/example_dags/example_time_delta_sensor_async.py took 0.047 seconds
[2024-04-04T01:18:45.806-0500] {processor.py:161} INFO - Started process (PID=34022) to work on /Volumes/SLU_CS/big_data_scd_all_types_project/.venv/lib/python3.11/site-packages/airflow/example_dags/example_time_delta_sensor_async.py
[2024-04-04T01:18:45.807-0500] {processor.py:830} INFO - Processing file /Volumes/SLU_CS/big_data_scd_all_types_project/.venv/lib/python3.11/site-packages/airflow/example_dags/example_time_delta_sensor_async.py for tasks to queue
[2024-04-04T01:18:45.807-0500] {logging_mixin.py:188} INFO - [2024-04-04T01:18:45.807-0500] {dagbag.py:540} INFO - Filling up the DagBag from /Volumes/SLU_CS/big_data_scd_all_types_project/.venv/lib/python3.11/site-packages/airflow/example_dags/example_time_delta_sensor_async.py
[2024-04-04T01:18:45.812-0500] {processor.py:840} INFO - DAG(s) 'example_time_delta_sensor_async' retrieved from /Volumes/SLU_CS/big_data_scd_all_types_project/.venv/lib/python3.11/site-packages/airflow/example_dags/example_time_delta_sensor_async.py
[2024-04-04T01:18:45.853-0500] {logging_mixin.py:188} INFO - [2024-04-04T01:18:45.853-0500] {dag.py:3047} INFO - Sync 1 DAGs
[2024-04-04T01:18:45.857-0500] {logging_mixin.py:188} INFO - [2024-04-04T01:18:45.857-0500] {dag.py:3834} INFO - Setting next_dagrun for example_time_delta_sensor_async to None, run_after=None
[2024-04-04T01:18:45.864-0500] {processor.py:183} INFO - Processing /Volumes/SLU_CS/big_data_scd_all_types_project/.venv/lib/python3.11/site-packages/airflow/example_dags/example_time_delta_sensor_async.py took 0.060 seconds
[2024-04-04T01:19:43.907-0500] {processor.py:161} INFO - Started process (PID=34198) to work on /Volumes/SLU_CS/big_data_scd_all_types_project/.venv/lib/python3.11/site-packages/airflow/example_dags/example_time_delta_sensor_async.py
[2024-04-04T01:19:43.908-0500] {processor.py:830} INFO - Processing file /Volumes/SLU_CS/big_data_scd_all_types_project/.venv/lib/python3.11/site-packages/airflow/example_dags/example_time_delta_sensor_async.py for tasks to queue
[2024-04-04T01:19:43.908-0500] {logging_mixin.py:188} INFO - [2024-04-04T01:19:43.908-0500] {dagbag.py:540} INFO - Filling up the DagBag from /Volumes/SLU_CS/big_data_scd_all_types_project/.venv/lib/python3.11/site-packages/airflow/example_dags/example_time_delta_sensor_async.py
[2024-04-04T01:19:43.911-0500] {processor.py:840} INFO - DAG(s) 'example_time_delta_sensor_async' retrieved from /Volumes/SLU_CS/big_data_scd_all_types_project/.venv/lib/python3.11/site-packages/airflow/example_dags/example_time_delta_sensor_async.py
[2024-04-04T01:19:43.944-0500] {logging_mixin.py:188} INFO - [2024-04-04T01:19:43.944-0500] {dag.py:3047} INFO - Sync 1 DAGs
[2024-04-04T01:19:43.947-0500] {logging_mixin.py:188} INFO - [2024-04-04T01:19:43.947-0500] {dag.py:3834} INFO - Setting next_dagrun for example_time_delta_sensor_async to None, run_after=None
[2024-04-04T01:19:43.954-0500] {processor.py:183} INFO - Processing /Volumes/SLU_CS/big_data_scd_all_types_project/.venv/lib/python3.11/site-packages/airflow/example_dags/example_time_delta_sensor_async.py took 0.047 seconds
