[2024-04-04T01:02:08.811-0500] {processor.py:161} INFO - Started process (PID=31912) to work on /Volumes/SLU_CS/big_data_scd_all_types_project/.venv/lib/python3.11/site-packages/airflow/example_dags/example_skip_dag.py
[2024-04-04T01:02:08.811-0500] {processor.py:830} INFO - Processing file /Volumes/SLU_CS/big_data_scd_all_types_project/.venv/lib/python3.11/site-packages/airflow/example_dags/example_skip_dag.py for tasks to queue
[2024-04-04T01:02:08.811-0500] {logging_mixin.py:188} INFO - [2024-04-04T01:02:08.811-0500] {dagbag.py:540} INFO - Filling up the DagBag from /Volumes/SLU_CS/big_data_scd_all_types_project/.venv/lib/python3.11/site-packages/airflow/example_dags/example_skip_dag.py
[2024-04-04T01:02:08.814-0500] {processor.py:840} INFO - DAG(s) 'example_skip_dag' retrieved from /Volumes/SLU_CS/big_data_scd_all_types_project/.venv/lib/python3.11/site-packages/airflow/example_dags/example_skip_dag.py
[2024-04-04T01:02:08.900-0500] {logging_mixin.py:188} INFO - [2024-04-04T01:02:08.899-0500] {dag.py:3047} INFO - Sync 1 DAGs
[2024-04-04T01:02:08.905-0500] {logging_mixin.py:188} INFO - [2024-04-04T01:02:08.905-0500] {dag.py:3834} INFO - Setting next_dagrun for example_skip_dag to 2024-04-03 00:00:00+00:00, run_after=2024-04-04 00:00:00+00:00
[2024-04-04T01:02:08.913-0500] {processor.py:183} INFO - Processing /Volumes/SLU_CS/big_data_scd_all_types_project/.venv/lib/python3.11/site-packages/airflow/example_dags/example_skip_dag.py took 0.103 seconds
[2024-04-04T01:03:32.472-0500] {processor.py:161} INFO - Started process (PID=32085) to work on /Volumes/SLU_CS/big_data_scd_all_types_project/.venv/lib/python3.11/site-packages/airflow/example_dags/example_skip_dag.py
[2024-04-04T01:03:32.473-0500] {processor.py:830} INFO - Processing file /Volumes/SLU_CS/big_data_scd_all_types_project/.venv/lib/python3.11/site-packages/airflow/example_dags/example_skip_dag.py for tasks to queue
[2024-04-04T01:03:32.473-0500] {logging_mixin.py:188} INFO - [2024-04-04T01:03:32.473-0500] {dagbag.py:540} INFO - Filling up the DagBag from /Volumes/SLU_CS/big_data_scd_all_types_project/.venv/lib/python3.11/site-packages/airflow/example_dags/example_skip_dag.py
[2024-04-04T01:03:32.476-0500] {processor.py:840} INFO - DAG(s) 'example_skip_dag' retrieved from /Volumes/SLU_CS/big_data_scd_all_types_project/.venv/lib/python3.11/site-packages/airflow/example_dags/example_skip_dag.py
[2024-04-04T01:03:32.507-0500] {logging_mixin.py:188} INFO - [2024-04-04T01:03:32.507-0500] {dag.py:3047} INFO - Sync 1 DAGs
[2024-04-04T01:03:32.512-0500] {logging_mixin.py:188} INFO - [2024-04-04T01:03:32.512-0500] {dag.py:3834} INFO - Setting next_dagrun for example_skip_dag to 2024-04-03 00:00:00+00:00, run_after=2024-04-04 00:00:00+00:00
[2024-04-04T01:03:32.519-0500] {processor.py:183} INFO - Processing /Volumes/SLU_CS/big_data_scd_all_types_project/.venv/lib/python3.11/site-packages/airflow/example_dags/example_skip_dag.py took 0.047 seconds
[2024-04-04T01:05:15.731-0500] {processor.py:161} INFO - Started process (PID=32322) to work on /Volumes/SLU_CS/big_data_scd_all_types_project/.venv/lib/python3.11/site-packages/airflow/example_dags/example_skip_dag.py
[2024-04-04T01:05:15.732-0500] {processor.py:830} INFO - Processing file /Volumes/SLU_CS/big_data_scd_all_types_project/.venv/lib/python3.11/site-packages/airflow/example_dags/example_skip_dag.py for tasks to queue
[2024-04-04T01:05:15.733-0500] {logging_mixin.py:188} INFO - [2024-04-04T01:05:15.732-0500] {dagbag.py:540} INFO - Filling up the DagBag from /Volumes/SLU_CS/big_data_scd_all_types_project/.venv/lib/python3.11/site-packages/airflow/example_dags/example_skip_dag.py
[2024-04-04T01:05:15.736-0500] {processor.py:840} INFO - DAG(s) 'example_skip_dag' retrieved from /Volumes/SLU_CS/big_data_scd_all_types_project/.venv/lib/python3.11/site-packages/airflow/example_dags/example_skip_dag.py
[2024-04-04T01:05:15.768-0500] {logging_mixin.py:188} INFO - [2024-04-04T01:05:15.768-0500] {dag.py:3047} INFO - Sync 1 DAGs
[2024-04-04T01:05:15.773-0500] {logging_mixin.py:188} INFO - [2024-04-04T01:05:15.773-0500] {dag.py:3834} INFO - Setting next_dagrun for example_skip_dag to 2024-04-03 00:00:00+00:00, run_after=2024-04-04 00:00:00+00:00
[2024-04-04T01:05:15.779-0500] {processor.py:183} INFO - Processing /Volumes/SLU_CS/big_data_scd_all_types_project/.venv/lib/python3.11/site-packages/airflow/example_dags/example_skip_dag.py took 0.049 seconds
[2024-04-04T01:07:17.904-0500] {processor.py:161} INFO - Started process (PID=32601) to work on /Volumes/SLU_CS/big_data_scd_all_types_project/.venv/lib/python3.11/site-packages/airflow/example_dags/example_skip_dag.py
[2024-04-04T01:07:17.904-0500] {processor.py:830} INFO - Processing file /Volumes/SLU_CS/big_data_scd_all_types_project/.venv/lib/python3.11/site-packages/airflow/example_dags/example_skip_dag.py for tasks to queue
[2024-04-04T01:07:17.905-0500] {logging_mixin.py:188} INFO - [2024-04-04T01:07:17.905-0500] {dagbag.py:540} INFO - Filling up the DagBag from /Volumes/SLU_CS/big_data_scd_all_types_project/.venv/lib/python3.11/site-packages/airflow/example_dags/example_skip_dag.py
[2024-04-04T01:07:17.907-0500] {processor.py:840} INFO - DAG(s) 'example_skip_dag' retrieved from /Volumes/SLU_CS/big_data_scd_all_types_project/.venv/lib/python3.11/site-packages/airflow/example_dags/example_skip_dag.py
[2024-04-04T01:07:17.938-0500] {logging_mixin.py:188} INFO - [2024-04-04T01:07:17.938-0500] {dag.py:3047} INFO - Sync 1 DAGs
[2024-04-04T01:07:17.943-0500] {logging_mixin.py:188} INFO - [2024-04-04T01:07:17.943-0500] {dag.py:3834} INFO - Setting next_dagrun for example_skip_dag to 2024-04-03 00:00:00+00:00, run_after=2024-04-04 00:00:00+00:00
[2024-04-04T01:07:17.950-0500] {processor.py:183} INFO - Processing /Volumes/SLU_CS/big_data_scd_all_types_project/.venv/lib/python3.11/site-packages/airflow/example_dags/example_skip_dag.py took 0.046 seconds
[2024-04-04T01:08:43.792-0500] {processor.py:161} INFO - Started process (PID=32728) to work on /Volumes/SLU_CS/big_data_scd_all_types_project/.venv/lib/python3.11/site-packages/airflow/example_dags/example_skip_dag.py
[2024-04-04T01:08:43.793-0500] {processor.py:830} INFO - Processing file /Volumes/SLU_CS/big_data_scd_all_types_project/.venv/lib/python3.11/site-packages/airflow/example_dags/example_skip_dag.py for tasks to queue
[2024-04-04T01:08:43.793-0500] {logging_mixin.py:188} INFO - [2024-04-04T01:08:43.793-0500] {dagbag.py:540} INFO - Filling up the DagBag from /Volumes/SLU_CS/big_data_scd_all_types_project/.venv/lib/python3.11/site-packages/airflow/example_dags/example_skip_dag.py
[2024-04-04T01:08:43.796-0500] {processor.py:840} INFO - DAG(s) 'example_skip_dag' retrieved from /Volumes/SLU_CS/big_data_scd_all_types_project/.venv/lib/python3.11/site-packages/airflow/example_dags/example_skip_dag.py
[2024-04-04T01:08:43.826-0500] {logging_mixin.py:188} INFO - [2024-04-04T01:08:43.826-0500] {dag.py:3047} INFO - Sync 1 DAGs
[2024-04-04T01:08:43.831-0500] {logging_mixin.py:188} INFO - [2024-04-04T01:08:43.831-0500] {dag.py:3834} INFO - Setting next_dagrun for example_skip_dag to 2024-04-03 00:00:00+00:00, run_after=2024-04-04 00:00:00+00:00
[2024-04-04T01:08:43.838-0500] {processor.py:183} INFO - Processing /Volumes/SLU_CS/big_data_scd_all_types_project/.venv/lib/python3.11/site-packages/airflow/example_dags/example_skip_dag.py took 0.046 seconds
[2024-04-04T01:10:24.841-0500] {processor.py:161} INFO - Started process (PID=32961) to work on /Volumes/SLU_CS/big_data_scd_all_types_project/.venv/lib/python3.11/site-packages/airflow/example_dags/example_skip_dag.py
[2024-04-04T01:10:24.844-0500] {processor.py:830} INFO - Processing file /Volumes/SLU_CS/big_data_scd_all_types_project/.venv/lib/python3.11/site-packages/airflow/example_dags/example_skip_dag.py for tasks to queue
[2024-04-04T01:10:24.844-0500] {logging_mixin.py:188} INFO - [2024-04-04T01:10:24.844-0500] {dagbag.py:540} INFO - Filling up the DagBag from /Volumes/SLU_CS/big_data_scd_all_types_project/.venv/lib/python3.11/site-packages/airflow/example_dags/example_skip_dag.py
[2024-04-04T01:10:24.847-0500] {processor.py:840} INFO - DAG(s) 'example_skip_dag' retrieved from /Volumes/SLU_CS/big_data_scd_all_types_project/.venv/lib/python3.11/site-packages/airflow/example_dags/example_skip_dag.py
[2024-04-04T01:10:24.878-0500] {logging_mixin.py:188} INFO - [2024-04-04T01:10:24.878-0500] {dag.py:3047} INFO - Sync 1 DAGs
[2024-04-04T01:10:24.884-0500] {logging_mixin.py:188} INFO - [2024-04-04T01:10:24.884-0500] {dag.py:3834} INFO - Setting next_dagrun for example_skip_dag to 2024-04-03 00:00:00+00:00, run_after=2024-04-04 00:00:00+00:00
[2024-04-04T01:10:24.891-0500] {processor.py:183} INFO - Processing /Volumes/SLU_CS/big_data_scd_all_types_project/.venv/lib/python3.11/site-packages/airflow/example_dags/example_skip_dag.py took 0.051 seconds
[2024-04-04T01:12:11.451-0500] {processor.py:161} INFO - Started process (PID=33252) to work on /Volumes/SLU_CS/big_data_scd_all_types_project/.venv/lib/python3.11/site-packages/airflow/example_dags/example_skip_dag.py
[2024-04-04T01:12:11.452-0500] {processor.py:830} INFO - Processing file /Volumes/SLU_CS/big_data_scd_all_types_project/.venv/lib/python3.11/site-packages/airflow/example_dags/example_skip_dag.py for tasks to queue
[2024-04-04T01:12:11.452-0500] {logging_mixin.py:188} INFO - [2024-04-04T01:12:11.452-0500] {dagbag.py:540} INFO - Filling up the DagBag from /Volumes/SLU_CS/big_data_scd_all_types_project/.venv/lib/python3.11/site-packages/airflow/example_dags/example_skip_dag.py
[2024-04-04T01:12:11.455-0500] {processor.py:840} INFO - DAG(s) 'example_skip_dag' retrieved from /Volumes/SLU_CS/big_data_scd_all_types_project/.venv/lib/python3.11/site-packages/airflow/example_dags/example_skip_dag.py
[2024-04-04T01:12:11.486-0500] {logging_mixin.py:188} INFO - [2024-04-04T01:12:11.486-0500] {dag.py:3047} INFO - Sync 1 DAGs
[2024-04-04T01:12:11.491-0500] {logging_mixin.py:188} INFO - [2024-04-04T01:12:11.491-0500] {dag.py:3834} INFO - Setting next_dagrun for example_skip_dag to 2024-04-03 00:00:00+00:00, run_after=2024-04-04 00:00:00+00:00
[2024-04-04T01:12:11.498-0500] {processor.py:183} INFO - Processing /Volumes/SLU_CS/big_data_scd_all_types_project/.venv/lib/python3.11/site-packages/airflow/example_dags/example_skip_dag.py took 0.049 seconds
[2024-04-04T01:13:50.061-0500] {processor.py:161} INFO - Started process (PID=33504) to work on /Volumes/SLU_CS/big_data_scd_all_types_project/.venv/lib/python3.11/site-packages/airflow/example_dags/example_skip_dag.py
[2024-04-04T01:13:50.062-0500] {processor.py:830} INFO - Processing file /Volumes/SLU_CS/big_data_scd_all_types_project/.venv/lib/python3.11/site-packages/airflow/example_dags/example_skip_dag.py for tasks to queue
[2024-04-04T01:13:50.062-0500] {logging_mixin.py:188} INFO - [2024-04-04T01:13:50.062-0500] {dagbag.py:540} INFO - Filling up the DagBag from /Volumes/SLU_CS/big_data_scd_all_types_project/.venv/lib/python3.11/site-packages/airflow/example_dags/example_skip_dag.py
[2024-04-04T01:13:50.065-0500] {processor.py:840} INFO - DAG(s) 'example_skip_dag' retrieved from /Volumes/SLU_CS/big_data_scd_all_types_project/.venv/lib/python3.11/site-packages/airflow/example_dags/example_skip_dag.py
[2024-04-04T01:13:50.095-0500] {logging_mixin.py:188} INFO - [2024-04-04T01:13:50.095-0500] {dag.py:3047} INFO - Sync 1 DAGs
[2024-04-04T01:13:50.100-0500] {logging_mixin.py:188} INFO - [2024-04-04T01:13:50.100-0500] {dag.py:3834} INFO - Setting next_dagrun for example_skip_dag to 2024-04-03 00:00:00+00:00, run_after=2024-04-04 00:00:00+00:00
[2024-04-04T01:13:50.107-0500] {processor.py:183} INFO - Processing /Volumes/SLU_CS/big_data_scd_all_types_project/.venv/lib/python3.11/site-packages/airflow/example_dags/example_skip_dag.py took 0.046 seconds
[2024-04-04T01:15:26.744-0500] {processor.py:161} INFO - Started process (PID=33677) to work on /Volumes/SLU_CS/big_data_scd_all_types_project/.venv/lib/python3.11/site-packages/airflow/example_dags/example_skip_dag.py
[2024-04-04T01:15:26.745-0500] {processor.py:830} INFO - Processing file /Volumes/SLU_CS/big_data_scd_all_types_project/.venv/lib/python3.11/site-packages/airflow/example_dags/example_skip_dag.py for tasks to queue
[2024-04-04T01:15:26.745-0500] {logging_mixin.py:188} INFO - [2024-04-04T01:15:26.745-0500] {dagbag.py:540} INFO - Filling up the DagBag from /Volumes/SLU_CS/big_data_scd_all_types_project/.venv/lib/python3.11/site-packages/airflow/example_dags/example_skip_dag.py
[2024-04-04T01:15:26.748-0500] {processor.py:840} INFO - DAG(s) 'example_skip_dag' retrieved from /Volumes/SLU_CS/big_data_scd_all_types_project/.venv/lib/python3.11/site-packages/airflow/example_dags/example_skip_dag.py
[2024-04-04T01:15:26.778-0500] {logging_mixin.py:188} INFO - [2024-04-04T01:15:26.778-0500] {dag.py:3047} INFO - Sync 1 DAGs
[2024-04-04T01:15:26.784-0500] {logging_mixin.py:188} INFO - [2024-04-04T01:15:26.784-0500] {dag.py:3834} INFO - Setting next_dagrun for example_skip_dag to 2024-04-03 00:00:00+00:00, run_after=2024-04-04 00:00:00+00:00
[2024-04-04T01:15:26.791-0500] {processor.py:183} INFO - Processing /Volumes/SLU_CS/big_data_scd_all_types_project/.venv/lib/python3.11/site-packages/airflow/example_dags/example_skip_dag.py took 0.047 seconds
[2024-04-04T01:17:07.645-0500] {processor.py:161} INFO - Started process (PID=33847) to work on /Volumes/SLU_CS/big_data_scd_all_types_project/.venv/lib/python3.11/site-packages/airflow/example_dags/example_skip_dag.py
[2024-04-04T01:17:07.646-0500] {processor.py:830} INFO - Processing file /Volumes/SLU_CS/big_data_scd_all_types_project/.venv/lib/python3.11/site-packages/airflow/example_dags/example_skip_dag.py for tasks to queue
[2024-04-04T01:17:07.646-0500] {logging_mixin.py:188} INFO - [2024-04-04T01:17:07.646-0500] {dagbag.py:540} INFO - Filling up the DagBag from /Volumes/SLU_CS/big_data_scd_all_types_project/.venv/lib/python3.11/site-packages/airflow/example_dags/example_skip_dag.py
[2024-04-04T01:17:07.649-0500] {processor.py:840} INFO - DAG(s) 'example_skip_dag' retrieved from /Volumes/SLU_CS/big_data_scd_all_types_project/.venv/lib/python3.11/site-packages/airflow/example_dags/example_skip_dag.py
[2024-04-04T01:17:07.679-0500] {logging_mixin.py:188} INFO - [2024-04-04T01:17:07.679-0500] {dag.py:3047} INFO - Sync 1 DAGs
[2024-04-04T01:17:07.684-0500] {logging_mixin.py:188} INFO - [2024-04-04T01:17:07.684-0500] {dag.py:3834} INFO - Setting next_dagrun for example_skip_dag to 2024-04-03 00:00:00+00:00, run_after=2024-04-04 00:00:00+00:00
[2024-04-04T01:17:07.691-0500] {processor.py:183} INFO - Processing /Volumes/SLU_CS/big_data_scd_all_types_project/.venv/lib/python3.11/site-packages/airflow/example_dags/example_skip_dag.py took 0.048 seconds
[2024-04-04T01:18:54.692-0500] {processor.py:161} INFO - Started process (PID=34097) to work on /Volumes/SLU_CS/big_data_scd_all_types_project/.venv/lib/python3.11/site-packages/airflow/example_dags/example_skip_dag.py
[2024-04-04T01:18:54.693-0500] {processor.py:830} INFO - Processing file /Volumes/SLU_CS/big_data_scd_all_types_project/.venv/lib/python3.11/site-packages/airflow/example_dags/example_skip_dag.py for tasks to queue
[2024-04-04T01:18:54.693-0500] {logging_mixin.py:188} INFO - [2024-04-04T01:18:54.693-0500] {dagbag.py:540} INFO - Filling up the DagBag from /Volumes/SLU_CS/big_data_scd_all_types_project/.venv/lib/python3.11/site-packages/airflow/example_dags/example_skip_dag.py
[2024-04-04T01:18:54.696-0500] {processor.py:840} INFO - DAG(s) 'example_skip_dag' retrieved from /Volumes/SLU_CS/big_data_scd_all_types_project/.venv/lib/python3.11/site-packages/airflow/example_dags/example_skip_dag.py
[2024-04-04T01:18:54.728-0500] {logging_mixin.py:188} INFO - [2024-04-04T01:18:54.728-0500] {dag.py:3047} INFO - Sync 1 DAGs
[2024-04-04T01:18:54.734-0500] {logging_mixin.py:188} INFO - [2024-04-04T01:18:54.734-0500] {dag.py:3834} INFO - Setting next_dagrun for example_skip_dag to 2024-04-03 00:00:00+00:00, run_after=2024-04-04 00:00:00+00:00
[2024-04-04T01:18:54.741-0500] {processor.py:183} INFO - Processing /Volumes/SLU_CS/big_data_scd_all_types_project/.venv/lib/python3.11/site-packages/airflow/example_dags/example_skip_dag.py took 0.051 seconds
[2024-04-04T01:20:43.962-0500] {processor.py:161} INFO - Started process (PID=34316) to work on /Volumes/SLU_CS/big_data_scd_all_types_project/.venv/lib/python3.11/site-packages/airflow/example_dags/example_skip_dag.py
[2024-04-04T01:20:43.963-0500] {processor.py:830} INFO - Processing file /Volumes/SLU_CS/big_data_scd_all_types_project/.venv/lib/python3.11/site-packages/airflow/example_dags/example_skip_dag.py for tasks to queue
[2024-04-04T01:20:43.963-0500] {logging_mixin.py:188} INFO - [2024-04-04T01:20:43.963-0500] {dagbag.py:540} INFO - Filling up the DagBag from /Volumes/SLU_CS/big_data_scd_all_types_project/.venv/lib/python3.11/site-packages/airflow/example_dags/example_skip_dag.py
[2024-04-04T01:20:43.966-0500] {processor.py:840} INFO - DAG(s) 'example_skip_dag' retrieved from /Volumes/SLU_CS/big_data_scd_all_types_project/.venv/lib/python3.11/site-packages/airflow/example_dags/example_skip_dag.py
[2024-04-04T01:20:43.998-0500] {logging_mixin.py:188} INFO - [2024-04-04T01:20:43.998-0500] {dag.py:3047} INFO - Sync 1 DAGs
[2024-04-04T01:20:44.004-0500] {logging_mixin.py:188} INFO - [2024-04-04T01:20:44.004-0500] {dag.py:3834} INFO - Setting next_dagrun for example_skip_dag to 2024-04-03 00:00:00+00:00, run_after=2024-04-04 00:00:00+00:00
[2024-04-04T01:20:44.011-0500] {processor.py:183} INFO - Processing /Volumes/SLU_CS/big_data_scd_all_types_project/.venv/lib/python3.11/site-packages/airflow/example_dags/example_skip_dag.py took 0.050 seconds
