[2024-04-04T01:01:57.942-0500] {processor.py:161} INFO - Started process (PID=31896) to work on /Volumes/SLU_CS/big_data_scd_all_types_project/.venv/lib/python3.11/site-packages/airflow/example_dags/example_trigger_controller_dag.py
[2024-04-04T01:01:57.942-0500] {processor.py:830} INFO - Processing file /Volumes/SLU_CS/big_data_scd_all_types_project/.venv/lib/python3.11/site-packages/airflow/example_dags/example_trigger_controller_dag.py for tasks to queue
[2024-04-04T01:01:57.942-0500] {logging_mixin.py:188} INFO - [2024-04-04T01:01:57.942-0500] {dagbag.py:540} INFO - Filling up the DagBag from /Volumes/SLU_CS/big_data_scd_all_types_project/.venv/lib/python3.11/site-packages/airflow/example_dags/example_trigger_controller_dag.py
[2024-04-04T01:01:57.948-0500] {processor.py:840} INFO - DAG(s) 'example_trigger_controller_dag' retrieved from /Volumes/SLU_CS/big_data_scd_all_types_project/.venv/lib/python3.11/site-packages/airflow/example_dags/example_trigger_controller_dag.py
[2024-04-04T01:01:58.033-0500] {logging_mixin.py:188} INFO - [2024-04-04T01:01:58.033-0500] {dag.py:3047} INFO - Sync 1 DAGs
[2024-04-04T01:01:58.038-0500] {logging_mixin.py:188} INFO - [2024-04-04T01:01:58.038-0500] {dag.py:3834} INFO - Setting next_dagrun for example_trigger_controller_dag to 2021-01-01 00:00:00+00:00, run_after=2021-01-01 00:00:00+00:00
[2024-04-04T01:01:58.045-0500] {processor.py:183} INFO - Processing /Volumes/SLU_CS/big_data_scd_all_types_project/.venv/lib/python3.11/site-packages/airflow/example_dags/example_trigger_controller_dag.py took 0.104 seconds
[2024-04-04T01:03:23.492-0500] {processor.py:161} INFO - Started process (PID=32066) to work on /Volumes/SLU_CS/big_data_scd_all_types_project/.venv/lib/python3.11/site-packages/airflow/example_dags/example_trigger_controller_dag.py
[2024-04-04T01:03:23.494-0500] {processor.py:830} INFO - Processing file /Volumes/SLU_CS/big_data_scd_all_types_project/.venv/lib/python3.11/site-packages/airflow/example_dags/example_trigger_controller_dag.py for tasks to queue
[2024-04-04T01:03:23.495-0500] {logging_mixin.py:188} INFO - [2024-04-04T01:03:23.495-0500] {dagbag.py:540} INFO - Filling up the DagBag from /Volumes/SLU_CS/big_data_scd_all_types_project/.venv/lib/python3.11/site-packages/airflow/example_dags/example_trigger_controller_dag.py
[2024-04-04T01:03:23.499-0500] {processor.py:840} INFO - DAG(s) 'example_trigger_controller_dag' retrieved from /Volumes/SLU_CS/big_data_scd_all_types_project/.venv/lib/python3.11/site-packages/airflow/example_dags/example_trigger_controller_dag.py
[2024-04-04T01:03:23.528-0500] {logging_mixin.py:188} INFO - [2024-04-04T01:03:23.528-0500] {dag.py:3047} INFO - Sync 1 DAGs
[2024-04-04T01:03:23.533-0500] {logging_mixin.py:188} INFO - [2024-04-04T01:03:23.533-0500] {dag.py:3834} INFO - Setting next_dagrun for example_trigger_controller_dag to 2021-01-01 00:00:00+00:00, run_after=2021-01-01 00:00:00+00:00
[2024-04-04T01:03:23.540-0500] {processor.py:183} INFO - Processing /Volumes/SLU_CS/big_data_scd_all_types_project/.venv/lib/python3.11/site-packages/airflow/example_dags/example_trigger_controller_dag.py took 0.049 seconds
[2024-04-04T01:05:06.472-0500] {processor.py:161} INFO - Started process (PID=32310) to work on /Volumes/SLU_CS/big_data_scd_all_types_project/.venv/lib/python3.11/site-packages/airflow/example_dags/example_trigger_controller_dag.py
[2024-04-04T01:05:06.473-0500] {processor.py:830} INFO - Processing file /Volumes/SLU_CS/big_data_scd_all_types_project/.venv/lib/python3.11/site-packages/airflow/example_dags/example_trigger_controller_dag.py for tasks to queue
[2024-04-04T01:05:06.474-0500] {logging_mixin.py:188} INFO - [2024-04-04T01:05:06.474-0500] {dagbag.py:540} INFO - Filling up the DagBag from /Volumes/SLU_CS/big_data_scd_all_types_project/.venv/lib/python3.11/site-packages/airflow/example_dags/example_trigger_controller_dag.py
[2024-04-04T01:05:06.477-0500] {processor.py:840} INFO - DAG(s) 'example_trigger_controller_dag' retrieved from /Volumes/SLU_CS/big_data_scd_all_types_project/.venv/lib/python3.11/site-packages/airflow/example_dags/example_trigger_controller_dag.py
[2024-04-04T01:05:06.508-0500] {logging_mixin.py:188} INFO - [2024-04-04T01:05:06.508-0500] {dag.py:3047} INFO - Sync 1 DAGs
[2024-04-04T01:05:06.513-0500] {logging_mixin.py:188} INFO - [2024-04-04T01:05:06.513-0500] {dag.py:3834} INFO - Setting next_dagrun for example_trigger_controller_dag to 2021-01-01 00:00:00+00:00, run_after=2021-01-01 00:00:00+00:00
[2024-04-04T01:05:06.520-0500] {processor.py:183} INFO - Processing /Volumes/SLU_CS/big_data_scd_all_types_project/.venv/lib/python3.11/site-packages/airflow/example_dags/example_trigger_controller_dag.py took 0.048 seconds
[2024-04-04T01:07:09.014-0500] {processor.py:161} INFO - Started process (PID=32582) to work on /Volumes/SLU_CS/big_data_scd_all_types_project/.venv/lib/python3.11/site-packages/airflow/example_dags/example_trigger_controller_dag.py
[2024-04-04T01:07:09.016-0500] {processor.py:830} INFO - Processing file /Volumes/SLU_CS/big_data_scd_all_types_project/.venv/lib/python3.11/site-packages/airflow/example_dags/example_trigger_controller_dag.py for tasks to queue
[2024-04-04T01:07:09.016-0500] {logging_mixin.py:188} INFO - [2024-04-04T01:07:09.016-0500] {dagbag.py:540} INFO - Filling up the DagBag from /Volumes/SLU_CS/big_data_scd_all_types_project/.venv/lib/python3.11/site-packages/airflow/example_dags/example_trigger_controller_dag.py
[2024-04-04T01:07:09.020-0500] {processor.py:840} INFO - DAG(s) 'example_trigger_controller_dag' retrieved from /Volumes/SLU_CS/big_data_scd_all_types_project/.venv/lib/python3.11/site-packages/airflow/example_dags/example_trigger_controller_dag.py
[2024-04-04T01:07:09.051-0500] {logging_mixin.py:188} INFO - [2024-04-04T01:07:09.050-0500] {dag.py:3047} INFO - Sync 1 DAGs
[2024-04-04T01:07:09.056-0500] {logging_mixin.py:188} INFO - [2024-04-04T01:07:09.056-0500] {dag.py:3834} INFO - Setting next_dagrun for example_trigger_controller_dag to 2021-01-01 00:00:00+00:00, run_after=2021-01-01 00:00:00+00:00
[2024-04-04T01:07:09.064-0500] {processor.py:183} INFO - Processing /Volumes/SLU_CS/big_data_scd_all_types_project/.venv/lib/python3.11/site-packages/airflow/example_dags/example_trigger_controller_dag.py took 0.051 seconds
[2024-04-04T01:08:33.264-0500] {processor.py:161} INFO - Started process (PID=32708) to work on /Volumes/SLU_CS/big_data_scd_all_types_project/.venv/lib/python3.11/site-packages/airflow/example_dags/example_trigger_controller_dag.py
[2024-04-04T01:08:33.265-0500] {processor.py:830} INFO - Processing file /Volumes/SLU_CS/big_data_scd_all_types_project/.venv/lib/python3.11/site-packages/airflow/example_dags/example_trigger_controller_dag.py for tasks to queue
[2024-04-04T01:08:33.265-0500] {logging_mixin.py:188} INFO - [2024-04-04T01:08:33.265-0500] {dagbag.py:540} INFO - Filling up the DagBag from /Volumes/SLU_CS/big_data_scd_all_types_project/.venv/lib/python3.11/site-packages/airflow/example_dags/example_trigger_controller_dag.py
[2024-04-04T01:08:33.272-0500] {processor.py:840} INFO - DAG(s) 'example_trigger_controller_dag' retrieved from /Volumes/SLU_CS/big_data_scd_all_types_project/.venv/lib/python3.11/site-packages/airflow/example_dags/example_trigger_controller_dag.py
[2024-04-04T01:08:33.310-0500] {logging_mixin.py:188} INFO - [2024-04-04T01:08:33.310-0500] {dag.py:3047} INFO - Sync 1 DAGs
[2024-04-04T01:08:33.317-0500] {logging_mixin.py:188} INFO - [2024-04-04T01:08:33.317-0500] {dag.py:3834} INFO - Setting next_dagrun for example_trigger_controller_dag to 2021-01-01 00:00:00+00:00, run_after=2021-01-01 00:00:00+00:00
[2024-04-04T01:08:33.325-0500] {processor.py:183} INFO - Processing /Volumes/SLU_CS/big_data_scd_all_types_project/.venv/lib/python3.11/site-packages/airflow/example_dags/example_trigger_controller_dag.py took 0.063 seconds
[2024-04-04T01:09:27.966-0500] {processor.py:161} INFO - Started process (PID=32816) to work on /Volumes/SLU_CS/big_data_scd_all_types_project/.venv/lib/python3.11/site-packages/airflow/example_dags/example_trigger_controller_dag.py
[2024-04-04T01:09:27.967-0500] {processor.py:830} INFO - Processing file /Volumes/SLU_CS/big_data_scd_all_types_project/.venv/lib/python3.11/site-packages/airflow/example_dags/example_trigger_controller_dag.py for tasks to queue
[2024-04-04T01:09:27.967-0500] {logging_mixin.py:188} INFO - [2024-04-04T01:09:27.967-0500] {dagbag.py:540} INFO - Filling up the DagBag from /Volumes/SLU_CS/big_data_scd_all_types_project/.venv/lib/python3.11/site-packages/airflow/example_dags/example_trigger_controller_dag.py
[2024-04-04T01:09:27.971-0500] {processor.py:840} INFO - DAG(s) 'example_trigger_controller_dag' retrieved from /Volumes/SLU_CS/big_data_scd_all_types_project/.venv/lib/python3.11/site-packages/airflow/example_dags/example_trigger_controller_dag.py
[2024-04-04T01:09:27.999-0500] {logging_mixin.py:188} INFO - [2024-04-04T01:09:27.999-0500] {dag.py:3047} INFO - Sync 1 DAGs
[2024-04-04T01:09:28.005-0500] {logging_mixin.py:188} INFO - [2024-04-04T01:09:28.005-0500] {dag.py:3834} INFO - Setting next_dagrun for example_trigger_controller_dag to 2021-01-01 00:00:00+00:00, run_after=2021-01-01 00:00:00+00:00
[2024-04-04T01:09:28.013-0500] {processor.py:183} INFO - Processing /Volumes/SLU_CS/big_data_scd_all_types_project/.venv/lib/python3.11/site-packages/airflow/example_dags/example_trigger_controller_dag.py took 0.048 seconds
[2024-04-04T01:11:07.672-0500] {processor.py:161} INFO - Started process (PID=33065) to work on /Volumes/SLU_CS/big_data_scd_all_types_project/.venv/lib/python3.11/site-packages/airflow/example_dags/example_trigger_controller_dag.py
[2024-04-04T01:11:07.672-0500] {processor.py:830} INFO - Processing file /Volumes/SLU_CS/big_data_scd_all_types_project/.venv/lib/python3.11/site-packages/airflow/example_dags/example_trigger_controller_dag.py for tasks to queue
[2024-04-04T01:11:07.672-0500] {logging_mixin.py:188} INFO - [2024-04-04T01:11:07.672-0500] {dagbag.py:540} INFO - Filling up the DagBag from /Volumes/SLU_CS/big_data_scd_all_types_project/.venv/lib/python3.11/site-packages/airflow/example_dags/example_trigger_controller_dag.py
[2024-04-04T01:11:07.676-0500] {processor.py:840} INFO - DAG(s) 'example_trigger_controller_dag' retrieved from /Volumes/SLU_CS/big_data_scd_all_types_project/.venv/lib/python3.11/site-packages/airflow/example_dags/example_trigger_controller_dag.py
[2024-04-04T01:11:07.705-0500] {logging_mixin.py:188} INFO - [2024-04-04T01:11:07.705-0500] {dag.py:3047} INFO - Sync 1 DAGs
[2024-04-04T01:11:07.710-0500] {logging_mixin.py:188} INFO - [2024-04-04T01:11:07.710-0500] {dag.py:3834} INFO - Setting next_dagrun for example_trigger_controller_dag to 2021-01-01 00:00:00+00:00, run_after=2021-01-01 00:00:00+00:00
[2024-04-04T01:11:07.717-0500] {processor.py:183} INFO - Processing /Volumes/SLU_CS/big_data_scd_all_types_project/.venv/lib/python3.11/site-packages/airflow/example_dags/example_trigger_controller_dag.py took 0.047 seconds
[2024-04-04T01:12:00.900-0500] {processor.py:161} INFO - Started process (PID=33219) to work on /Volumes/SLU_CS/big_data_scd_all_types_project/.venv/lib/python3.11/site-packages/airflow/example_dags/example_trigger_controller_dag.py
[2024-04-04T01:12:00.901-0500] {processor.py:830} INFO - Processing file /Volumes/SLU_CS/big_data_scd_all_types_project/.venv/lib/python3.11/site-packages/airflow/example_dags/example_trigger_controller_dag.py for tasks to queue
[2024-04-04T01:12:00.901-0500] {logging_mixin.py:188} INFO - [2024-04-04T01:12:00.901-0500] {dagbag.py:540} INFO - Filling up the DagBag from /Volumes/SLU_CS/big_data_scd_all_types_project/.venv/lib/python3.11/site-packages/airflow/example_dags/example_trigger_controller_dag.py
[2024-04-04T01:12:00.906-0500] {processor.py:840} INFO - DAG(s) 'example_trigger_controller_dag' retrieved from /Volumes/SLU_CS/big_data_scd_all_types_project/.venv/lib/python3.11/site-packages/airflow/example_dags/example_trigger_controller_dag.py
[2024-04-04T01:12:00.938-0500] {logging_mixin.py:188} INFO - [2024-04-04T01:12:00.938-0500] {dag.py:3047} INFO - Sync 1 DAGs
[2024-04-04T01:12:00.944-0500] {logging_mixin.py:188} INFO - [2024-04-04T01:12:00.944-0500] {dag.py:3834} INFO - Setting next_dagrun for example_trigger_controller_dag to 2021-01-01 00:00:00+00:00, run_after=2021-01-01 00:00:00+00:00
[2024-04-04T01:12:00.951-0500] {processor.py:183} INFO - Processing /Volumes/SLU_CS/big_data_scd_all_types_project/.venv/lib/python3.11/site-packages/airflow/example_dags/example_trigger_controller_dag.py took 0.051 seconds
[2024-04-04T01:12:52.813-0500] {processor.py:161} INFO - Started process (PID=33373) to work on /Volumes/SLU_CS/big_data_scd_all_types_project/.venv/lib/python3.11/site-packages/airflow/example_dags/example_trigger_controller_dag.py
[2024-04-04T01:12:52.814-0500] {processor.py:830} INFO - Processing file /Volumes/SLU_CS/big_data_scd_all_types_project/.venv/lib/python3.11/site-packages/airflow/example_dags/example_trigger_controller_dag.py for tasks to queue
[2024-04-04T01:12:52.814-0500] {logging_mixin.py:188} INFO - [2024-04-04T01:12:52.814-0500] {dagbag.py:540} INFO - Filling up the DagBag from /Volumes/SLU_CS/big_data_scd_all_types_project/.venv/lib/python3.11/site-packages/airflow/example_dags/example_trigger_controller_dag.py
[2024-04-04T01:12:52.818-0500] {processor.py:840} INFO - DAG(s) 'example_trigger_controller_dag' retrieved from /Volumes/SLU_CS/big_data_scd_all_types_project/.venv/lib/python3.11/site-packages/airflow/example_dags/example_trigger_controller_dag.py
[2024-04-04T01:12:52.849-0500] {logging_mixin.py:188} INFO - [2024-04-04T01:12:52.849-0500] {dag.py:3047} INFO - Sync 1 DAGs
[2024-04-04T01:12:52.854-0500] {logging_mixin.py:188} INFO - [2024-04-04T01:12:52.854-0500] {dag.py:3834} INFO - Setting next_dagrun for example_trigger_controller_dag to 2021-01-01 00:00:00+00:00, run_after=2021-01-01 00:00:00+00:00
[2024-04-04T01:12:52.860-0500] {processor.py:183} INFO - Processing /Volumes/SLU_CS/big_data_scd_all_types_project/.venv/lib/python3.11/site-packages/airflow/example_dags/example_trigger_controller_dag.py took 0.048 seconds
[2024-04-04T01:14:30.810-0500] {processor.py:161} INFO - Started process (PID=33573) to work on /Volumes/SLU_CS/big_data_scd_all_types_project/.venv/lib/python3.11/site-packages/airflow/example_dags/example_trigger_controller_dag.py
[2024-04-04T01:14:30.811-0500] {processor.py:830} INFO - Processing file /Volumes/SLU_CS/big_data_scd_all_types_project/.venv/lib/python3.11/site-packages/airflow/example_dags/example_trigger_controller_dag.py for tasks to queue
[2024-04-04T01:14:30.811-0500] {logging_mixin.py:188} INFO - [2024-04-04T01:14:30.811-0500] {dagbag.py:540} INFO - Filling up the DagBag from /Volumes/SLU_CS/big_data_scd_all_types_project/.venv/lib/python3.11/site-packages/airflow/example_dags/example_trigger_controller_dag.py
[2024-04-04T01:14:30.815-0500] {processor.py:840} INFO - DAG(s) 'example_trigger_controller_dag' retrieved from /Volumes/SLU_CS/big_data_scd_all_types_project/.venv/lib/python3.11/site-packages/airflow/example_dags/example_trigger_controller_dag.py
[2024-04-04T01:14:30.843-0500] {logging_mixin.py:188} INFO - [2024-04-04T01:14:30.843-0500] {dag.py:3047} INFO - Sync 1 DAGs
[2024-04-04T01:14:30.848-0500] {logging_mixin.py:188} INFO - [2024-04-04T01:14:30.848-0500] {dag.py:3834} INFO - Setting next_dagrun for example_trigger_controller_dag to 2021-01-01 00:00:00+00:00, run_after=2021-01-01 00:00:00+00:00
[2024-04-04T01:14:30.855-0500] {processor.py:183} INFO - Processing /Volumes/SLU_CS/big_data_scd_all_types_project/.venv/lib/python3.11/site-packages/airflow/example_dags/example_trigger_controller_dag.py took 0.045 seconds
[2024-04-04T01:16:04.170-0500] {processor.py:161} INFO - Started process (PID=33729) to work on /Volumes/SLU_CS/big_data_scd_all_types_project/.venv/lib/python3.11/site-packages/airflow/example_dags/example_trigger_controller_dag.py
[2024-04-04T01:16:04.171-0500] {processor.py:830} INFO - Processing file /Volumes/SLU_CS/big_data_scd_all_types_project/.venv/lib/python3.11/site-packages/airflow/example_dags/example_trigger_controller_dag.py for tasks to queue
[2024-04-04T01:16:04.171-0500] {logging_mixin.py:188} INFO - [2024-04-04T01:16:04.171-0500] {dagbag.py:540} INFO - Filling up the DagBag from /Volumes/SLU_CS/big_data_scd_all_types_project/.venv/lib/python3.11/site-packages/airflow/example_dags/example_trigger_controller_dag.py
[2024-04-04T01:16:04.175-0500] {processor.py:840} INFO - DAG(s) 'example_trigger_controller_dag' retrieved from /Volumes/SLU_CS/big_data_scd_all_types_project/.venv/lib/python3.11/site-packages/airflow/example_dags/example_trigger_controller_dag.py
[2024-04-04T01:16:04.203-0500] {logging_mixin.py:188} INFO - [2024-04-04T01:16:04.203-0500] {dag.py:3047} INFO - Sync 1 DAGs
[2024-04-04T01:16:04.209-0500] {logging_mixin.py:188} INFO - [2024-04-04T01:16:04.209-0500] {dag.py:3834} INFO - Setting next_dagrun for example_trigger_controller_dag to 2021-01-01 00:00:00+00:00, run_after=2021-01-01 00:00:00+00:00
[2024-04-04T01:16:04.217-0500] {processor.py:183} INFO - Processing /Volumes/SLU_CS/big_data_scd_all_types_project/.venv/lib/python3.11/site-packages/airflow/example_dags/example_trigger_controller_dag.py took 0.047 seconds
[2024-04-04T01:16:58.268-0500] {processor.py:161} INFO - Started process (PID=33823) to work on /Volumes/SLU_CS/big_data_scd_all_types_project/.venv/lib/python3.11/site-packages/airflow/example_dags/example_trigger_controller_dag.py
[2024-04-04T01:16:58.269-0500] {processor.py:830} INFO - Processing file /Volumes/SLU_CS/big_data_scd_all_types_project/.venv/lib/python3.11/site-packages/airflow/example_dags/example_trigger_controller_dag.py for tasks to queue
[2024-04-04T01:16:58.269-0500] {logging_mixin.py:188} INFO - [2024-04-04T01:16:58.269-0500] {dagbag.py:540} INFO - Filling up the DagBag from /Volumes/SLU_CS/big_data_scd_all_types_project/.venv/lib/python3.11/site-packages/airflow/example_dags/example_trigger_controller_dag.py
[2024-04-04T01:16:58.273-0500] {processor.py:840} INFO - DAG(s) 'example_trigger_controller_dag' retrieved from /Volumes/SLU_CS/big_data_scd_all_types_project/.venv/lib/python3.11/site-packages/airflow/example_dags/example_trigger_controller_dag.py
[2024-04-04T01:16:58.301-0500] {logging_mixin.py:188} INFO - [2024-04-04T01:16:58.300-0500] {dag.py:3047} INFO - Sync 1 DAGs
[2024-04-04T01:16:58.306-0500] {logging_mixin.py:188} INFO - [2024-04-04T01:16:58.306-0500] {dag.py:3834} INFO - Setting next_dagrun for example_trigger_controller_dag to 2021-01-01 00:00:00+00:00, run_after=2021-01-01 00:00:00+00:00
[2024-04-04T01:16:58.312-0500] {processor.py:183} INFO - Processing /Volumes/SLU_CS/big_data_scd_all_types_project/.venv/lib/python3.11/site-packages/airflow/example_dags/example_trigger_controller_dag.py took 0.045 seconds
[2024-04-04T01:17:52.750-0500] {processor.py:161} INFO - Started process (PID=33908) to work on /Volumes/SLU_CS/big_data_scd_all_types_project/.venv/lib/python3.11/site-packages/airflow/example_dags/example_trigger_controller_dag.py
[2024-04-04T01:17:52.752-0500] {processor.py:830} INFO - Processing file /Volumes/SLU_CS/big_data_scd_all_types_project/.venv/lib/python3.11/site-packages/airflow/example_dags/example_trigger_controller_dag.py for tasks to queue
[2024-04-04T01:17:52.752-0500] {logging_mixin.py:188} INFO - [2024-04-04T01:17:52.752-0500] {dagbag.py:540} INFO - Filling up the DagBag from /Volumes/SLU_CS/big_data_scd_all_types_project/.venv/lib/python3.11/site-packages/airflow/example_dags/example_trigger_controller_dag.py
[2024-04-04T01:17:52.756-0500] {processor.py:840} INFO - DAG(s) 'example_trigger_controller_dag' retrieved from /Volumes/SLU_CS/big_data_scd_all_types_project/.venv/lib/python3.11/site-packages/airflow/example_dags/example_trigger_controller_dag.py
[2024-04-04T01:17:52.786-0500] {logging_mixin.py:188} INFO - [2024-04-04T01:17:52.786-0500] {dag.py:3047} INFO - Sync 1 DAGs
[2024-04-04T01:17:52.791-0500] {logging_mixin.py:188} INFO - [2024-04-04T01:17:52.791-0500] {dag.py:3834} INFO - Setting next_dagrun for example_trigger_controller_dag to 2021-01-01 00:00:00+00:00, run_after=2021-01-01 00:00:00+00:00
[2024-04-04T01:17:52.798-0500] {processor.py:183} INFO - Processing /Volumes/SLU_CS/big_data_scd_all_types_project/.venv/lib/python3.11/site-packages/airflow/example_dags/example_trigger_controller_dag.py took 0.048 seconds
[2024-04-04T01:19:42.138-0500] {processor.py:161} INFO - Started process (PID=34196) to work on /Volumes/SLU_CS/big_data_scd_all_types_project/.venv/lib/python3.11/site-packages/airflow/example_dags/example_trigger_controller_dag.py
[2024-04-04T01:19:42.140-0500] {processor.py:830} INFO - Processing file /Volumes/SLU_CS/big_data_scd_all_types_project/.venv/lib/python3.11/site-packages/airflow/example_dags/example_trigger_controller_dag.py for tasks to queue
[2024-04-04T01:19:42.140-0500] {logging_mixin.py:188} INFO - [2024-04-04T01:19:42.140-0500] {dagbag.py:540} INFO - Filling up the DagBag from /Volumes/SLU_CS/big_data_scd_all_types_project/.venv/lib/python3.11/site-packages/airflow/example_dags/example_trigger_controller_dag.py
[2024-04-04T01:19:42.144-0500] {processor.py:840} INFO - DAG(s) 'example_trigger_controller_dag' retrieved from /Volumes/SLU_CS/big_data_scd_all_types_project/.venv/lib/python3.11/site-packages/airflow/example_dags/example_trigger_controller_dag.py
[2024-04-04T01:19:42.172-0500] {logging_mixin.py:188} INFO - [2024-04-04T01:19:42.172-0500] {dag.py:3047} INFO - Sync 1 DAGs
[2024-04-04T01:19:42.178-0500] {logging_mixin.py:188} INFO - [2024-04-04T01:19:42.178-0500] {dag.py:3834} INFO - Setting next_dagrun for example_trigger_controller_dag to 2021-01-01 00:00:00+00:00, run_after=2021-01-01 00:00:00+00:00
[2024-04-04T01:19:42.185-0500] {processor.py:183} INFO - Processing /Volumes/SLU_CS/big_data_scd_all_types_project/.venv/lib/python3.11/site-packages/airflow/example_dags/example_trigger_controller_dag.py took 0.047 seconds
[2024-04-04T01:20:35.342-0500] {processor.py:161} INFO - Started process (PID=34293) to work on /Volumes/SLU_CS/big_data_scd_all_types_project/.venv/lib/python3.11/site-packages/airflow/example_dags/example_trigger_controller_dag.py
[2024-04-04T01:20:35.343-0500] {processor.py:830} INFO - Processing file /Volumes/SLU_CS/big_data_scd_all_types_project/.venv/lib/python3.11/site-packages/airflow/example_dags/example_trigger_controller_dag.py for tasks to queue
[2024-04-04T01:20:35.343-0500] {logging_mixin.py:188} INFO - [2024-04-04T01:20:35.343-0500] {dagbag.py:540} INFO - Filling up the DagBag from /Volumes/SLU_CS/big_data_scd_all_types_project/.venv/lib/python3.11/site-packages/airflow/example_dags/example_trigger_controller_dag.py
[2024-04-04T01:20:35.347-0500] {processor.py:840} INFO - DAG(s) 'example_trigger_controller_dag' retrieved from /Volumes/SLU_CS/big_data_scd_all_types_project/.venv/lib/python3.11/site-packages/airflow/example_dags/example_trigger_controller_dag.py
[2024-04-04T01:20:35.376-0500] {logging_mixin.py:188} INFO - [2024-04-04T01:20:35.376-0500] {dag.py:3047} INFO - Sync 1 DAGs
[2024-04-04T01:20:35.382-0500] {logging_mixin.py:188} INFO - [2024-04-04T01:20:35.382-0500] {dag.py:3834} INFO - Setting next_dagrun for example_trigger_controller_dag to 2021-01-01 00:00:00+00:00, run_after=2021-01-01 00:00:00+00:00
[2024-04-04T01:20:35.389-0500] {processor.py:183} INFO - Processing /Volumes/SLU_CS/big_data_scd_all_types_project/.venv/lib/python3.11/site-packages/airflow/example_dags/example_trigger_controller_dag.py took 0.048 seconds
