[2024-04-04T01:02:38.697-0500] {processor.py:161} INFO - Started process (PID=31971) to work on /Volumes/SLU_CS/big_data_scd_all_types_project/.venv/lib/python3.11/site-packages/airflow/example_dags/example_external_task_marker_dag.py
[2024-04-04T01:02:38.698-0500] {processor.py:830} INFO - Processing file /Volumes/SLU_CS/big_data_scd_all_types_project/.venv/lib/python3.11/site-packages/airflow/example_dags/example_external_task_marker_dag.py for tasks to queue
[2024-04-04T01:02:38.698-0500] {logging_mixin.py:188} INFO - [2024-04-04T01:02:38.698-0500] {dagbag.py:540} INFO - Filling up the DagBag from /Volumes/SLU_CS/big_data_scd_all_types_project/.venv/lib/python3.11/site-packages/airflow/example_dags/example_external_task_marker_dag.py
[2024-04-04T01:02:38.703-0500] {processor.py:840} INFO - DAG(s) 'example_external_task_marker_child', 'example_external_task_marker_parent' retrieved from /Volumes/SLU_CS/big_data_scd_all_types_project/.venv/lib/python3.11/site-packages/airflow/example_dags/example_external_task_marker_dag.py
[2024-04-04T01:02:38.795-0500] {logging_mixin.py:188} INFO - [2024-04-04T01:02:38.794-0500] {dag.py:3047} INFO - Sync 2 DAGs
[2024-04-04T01:02:38.798-0500] {logging_mixin.py:188} INFO - [2024-04-04T01:02:38.798-0500] {dag.py:3834} INFO - Setting next_dagrun for example_external_task_marker_child to None, run_after=None
[2024-04-04T01:02:38.799-0500] {logging_mixin.py:188} INFO - [2024-04-04T01:02:38.799-0500] {dag.py:3834} INFO - Setting next_dagrun for example_external_task_marker_parent to None, run_after=None
[2024-04-04T01:02:38.806-0500] {processor.py:183} INFO - Processing /Volumes/SLU_CS/big_data_scd_all_types_project/.venv/lib/python3.11/site-packages/airflow/example_dags/example_external_task_marker_dag.py took 0.109 seconds
[2024-04-04T01:04:24.431-0500] {processor.py:161} INFO - Started process (PID=32246) to work on /Volumes/SLU_CS/big_data_scd_all_types_project/.venv/lib/python3.11/site-packages/airflow/example_dags/example_external_task_marker_dag.py
[2024-04-04T01:04:24.432-0500] {processor.py:830} INFO - Processing file /Volumes/SLU_CS/big_data_scd_all_types_project/.venv/lib/python3.11/site-packages/airflow/example_dags/example_external_task_marker_dag.py for tasks to queue
[2024-04-04T01:04:24.432-0500] {logging_mixin.py:188} INFO - [2024-04-04T01:04:24.432-0500] {dagbag.py:540} INFO - Filling up the DagBag from /Volumes/SLU_CS/big_data_scd_all_types_project/.venv/lib/python3.11/site-packages/airflow/example_dags/example_external_task_marker_dag.py
[2024-04-04T01:04:24.439-0500] {processor.py:840} INFO - DAG(s) 'example_external_task_marker_parent', 'example_external_task_marker_child' retrieved from /Volumes/SLU_CS/big_data_scd_all_types_project/.venv/lib/python3.11/site-packages/airflow/example_dags/example_external_task_marker_dag.py
[2024-04-04T01:04:24.481-0500] {logging_mixin.py:188} INFO - [2024-04-04T01:04:24.481-0500] {dag.py:3047} INFO - Sync 2 DAGs
[2024-04-04T01:04:24.484-0500] {logging_mixin.py:188} INFO - [2024-04-04T01:04:24.484-0500] {dag.py:3834} INFO - Setting next_dagrun for example_external_task_marker_child to None, run_after=None
[2024-04-04T01:04:24.485-0500] {logging_mixin.py:188} INFO - [2024-04-04T01:04:24.485-0500] {dag.py:3834} INFO - Setting next_dagrun for example_external_task_marker_parent to None, run_after=None
[2024-04-04T01:04:24.492-0500] {processor.py:183} INFO - Processing /Volumes/SLU_CS/big_data_scd_all_types_project/.venv/lib/python3.11/site-packages/airflow/example_dags/example_external_task_marker_dag.py took 0.063 seconds
[2024-04-04T01:06:06.273-0500] {processor.py:161} INFO - Started process (PID=32431) to work on /Volumes/SLU_CS/big_data_scd_all_types_project/.venv/lib/python3.11/site-packages/airflow/example_dags/example_external_task_marker_dag.py
[2024-04-04T01:06:06.274-0500] {processor.py:830} INFO - Processing file /Volumes/SLU_CS/big_data_scd_all_types_project/.venv/lib/python3.11/site-packages/airflow/example_dags/example_external_task_marker_dag.py for tasks to queue
[2024-04-04T01:06:06.274-0500] {logging_mixin.py:188} INFO - [2024-04-04T01:06:06.274-0500] {dagbag.py:540} INFO - Filling up the DagBag from /Volumes/SLU_CS/big_data_scd_all_types_project/.venv/lib/python3.11/site-packages/airflow/example_dags/example_external_task_marker_dag.py
[2024-04-04T01:06:06.279-0500] {processor.py:840} INFO - DAG(s) 'example_external_task_marker_child', 'example_external_task_marker_parent' retrieved from /Volumes/SLU_CS/big_data_scd_all_types_project/.venv/lib/python3.11/site-packages/airflow/example_dags/example_external_task_marker_dag.py
[2024-04-04T01:06:06.312-0500] {logging_mixin.py:188} INFO - [2024-04-04T01:06:06.312-0500] {dag.py:3047} INFO - Sync 2 DAGs
[2024-04-04T01:06:06.315-0500] {logging_mixin.py:188} INFO - [2024-04-04T01:06:06.315-0500] {dag.py:3834} INFO - Setting next_dagrun for example_external_task_marker_child to None, run_after=None
[2024-04-04T01:06:06.316-0500] {logging_mixin.py:188} INFO - [2024-04-04T01:06:06.316-0500] {dag.py:3834} INFO - Setting next_dagrun for example_external_task_marker_parent to None, run_after=None
[2024-04-04T01:06:06.324-0500] {processor.py:183} INFO - Processing /Volumes/SLU_CS/big_data_scd_all_types_project/.venv/lib/python3.11/site-packages/airflow/example_dags/example_external_task_marker_dag.py took 0.051 seconds
[2024-04-04T01:07:47.930-0500] {processor.py:161} INFO - Started process (PID=32645) to work on /Volumes/SLU_CS/big_data_scd_all_types_project/.venv/lib/python3.11/site-packages/airflow/example_dags/example_external_task_marker_dag.py
[2024-04-04T01:07:47.930-0500] {processor.py:830} INFO - Processing file /Volumes/SLU_CS/big_data_scd_all_types_project/.venv/lib/python3.11/site-packages/airflow/example_dags/example_external_task_marker_dag.py for tasks to queue
[2024-04-04T01:07:47.931-0500] {logging_mixin.py:188} INFO - [2024-04-04T01:07:47.930-0500] {dagbag.py:540} INFO - Filling up the DagBag from /Volumes/SLU_CS/big_data_scd_all_types_project/.venv/lib/python3.11/site-packages/airflow/example_dags/example_external_task_marker_dag.py
[2024-04-04T01:07:47.935-0500] {processor.py:840} INFO - DAG(s) 'example_external_task_marker_child', 'example_external_task_marker_parent' retrieved from /Volumes/SLU_CS/big_data_scd_all_types_project/.venv/lib/python3.11/site-packages/airflow/example_dags/example_external_task_marker_dag.py
[2024-04-04T01:07:47.968-0500] {logging_mixin.py:188} INFO - [2024-04-04T01:07:47.967-0500] {dag.py:3047} INFO - Sync 2 DAGs
[2024-04-04T01:07:47.971-0500] {logging_mixin.py:188} INFO - [2024-04-04T01:07:47.971-0500] {dag.py:3834} INFO - Setting next_dagrun for example_external_task_marker_child to None, run_after=None
[2024-04-04T01:07:47.972-0500] {logging_mixin.py:188} INFO - [2024-04-04T01:07:47.972-0500] {dag.py:3834} INFO - Setting next_dagrun for example_external_task_marker_parent to None, run_after=None
[2024-04-04T01:07:47.978-0500] {processor.py:183} INFO - Processing /Volumes/SLU_CS/big_data_scd_all_types_project/.venv/lib/python3.11/site-packages/airflow/example_dags/example_external_task_marker_dag.py took 0.050 seconds
[2024-04-04T01:09:36.563-0500] {processor.py:161} INFO - Started process (PID=32837) to work on /Volumes/SLU_CS/big_data_scd_all_types_project/.venv/lib/python3.11/site-packages/airflow/example_dags/example_external_task_marker_dag.py
[2024-04-04T01:09:36.564-0500] {processor.py:830} INFO - Processing file /Volumes/SLU_CS/big_data_scd_all_types_project/.venv/lib/python3.11/site-packages/airflow/example_dags/example_external_task_marker_dag.py for tasks to queue
[2024-04-04T01:09:36.564-0500] {logging_mixin.py:188} INFO - [2024-04-04T01:09:36.564-0500] {dagbag.py:540} INFO - Filling up the DagBag from /Volumes/SLU_CS/big_data_scd_all_types_project/.venv/lib/python3.11/site-packages/airflow/example_dags/example_external_task_marker_dag.py
[2024-04-04T01:09:36.569-0500] {processor.py:840} INFO - DAG(s) 'example_external_task_marker_child', 'example_external_task_marker_parent' retrieved from /Volumes/SLU_CS/big_data_scd_all_types_project/.venv/lib/python3.11/site-packages/airflow/example_dags/example_external_task_marker_dag.py
[2024-04-04T01:09:36.602-0500] {logging_mixin.py:188} INFO - [2024-04-04T01:09:36.601-0500] {dag.py:3047} INFO - Sync 2 DAGs
[2024-04-04T01:09:36.605-0500] {logging_mixin.py:188} INFO - [2024-04-04T01:09:36.605-0500] {dag.py:3834} INFO - Setting next_dagrun for example_external_task_marker_child to None, run_after=None
[2024-04-04T01:09:36.606-0500] {logging_mixin.py:188} INFO - [2024-04-04T01:09:36.606-0500] {dag.py:3834} INFO - Setting next_dagrun for example_external_task_marker_parent to None, run_after=None
[2024-04-04T01:09:36.613-0500] {processor.py:183} INFO - Processing /Volumes/SLU_CS/big_data_scd_all_types_project/.venv/lib/python3.11/site-packages/airflow/example_dags/example_external_task_marker_dag.py took 0.050 seconds
[2024-04-04T01:11:15.099-0500] {processor.py:161} INFO - Started process (PID=33084) to work on /Volumes/SLU_CS/big_data_scd_all_types_project/.venv/lib/python3.11/site-packages/airflow/example_dags/example_external_task_marker_dag.py
[2024-04-04T01:11:15.100-0500] {processor.py:830} INFO - Processing file /Volumes/SLU_CS/big_data_scd_all_types_project/.venv/lib/python3.11/site-packages/airflow/example_dags/example_external_task_marker_dag.py for tasks to queue
[2024-04-04T01:11:15.100-0500] {logging_mixin.py:188} INFO - [2024-04-04T01:11:15.100-0500] {dagbag.py:540} INFO - Filling up the DagBag from /Volumes/SLU_CS/big_data_scd_all_types_project/.venv/lib/python3.11/site-packages/airflow/example_dags/example_external_task_marker_dag.py
[2024-04-04T01:11:15.110-0500] {processor.py:840} INFO - DAG(s) 'example_external_task_marker_parent', 'example_external_task_marker_child' retrieved from /Volumes/SLU_CS/big_data_scd_all_types_project/.venv/lib/python3.11/site-packages/airflow/example_dags/example_external_task_marker_dag.py
[2024-04-04T01:11:15.163-0500] {logging_mixin.py:188} INFO - [2024-04-04T01:11:15.163-0500] {dag.py:3047} INFO - Sync 2 DAGs
[2024-04-04T01:11:15.166-0500] {logging_mixin.py:188} INFO - [2024-04-04T01:11:15.166-0500] {dag.py:3834} INFO - Setting next_dagrun for example_external_task_marker_child to None, run_after=None
[2024-04-04T01:11:15.167-0500] {logging_mixin.py:188} INFO - [2024-04-04T01:11:15.167-0500] {dag.py:3834} INFO - Setting next_dagrun for example_external_task_marker_parent to None, run_after=None
[2024-04-04T01:11:15.175-0500] {processor.py:183} INFO - Processing /Volumes/SLU_CS/big_data_scd_all_types_project/.venv/lib/python3.11/site-packages/airflow/example_dags/example_external_task_marker_dag.py took 0.078 seconds
[2024-04-04T01:13:00.390-0500] {processor.py:161} INFO - Started process (PID=33400) to work on /Volumes/SLU_CS/big_data_scd_all_types_project/.venv/lib/python3.11/site-packages/airflow/example_dags/example_external_task_marker_dag.py
[2024-04-04T01:13:00.390-0500] {processor.py:830} INFO - Processing file /Volumes/SLU_CS/big_data_scd_all_types_project/.venv/lib/python3.11/site-packages/airflow/example_dags/example_external_task_marker_dag.py for tasks to queue
[2024-04-04T01:13:00.391-0500] {logging_mixin.py:188} INFO - [2024-04-04T01:13:00.391-0500] {dagbag.py:540} INFO - Filling up the DagBag from /Volumes/SLU_CS/big_data_scd_all_types_project/.venv/lib/python3.11/site-packages/airflow/example_dags/example_external_task_marker_dag.py
[2024-04-04T01:13:00.397-0500] {processor.py:840} INFO - DAG(s) 'example_external_task_marker_child', 'example_external_task_marker_parent' retrieved from /Volumes/SLU_CS/big_data_scd_all_types_project/.venv/lib/python3.11/site-packages/airflow/example_dags/example_external_task_marker_dag.py
[2024-04-04T01:13:00.456-0500] {logging_mixin.py:188} INFO - [2024-04-04T01:13:00.455-0500] {dag.py:3047} INFO - Sync 2 DAGs
[2024-04-04T01:13:00.460-0500] {logging_mixin.py:188} INFO - [2024-04-04T01:13:00.460-0500] {dag.py:3834} INFO - Setting next_dagrun for example_external_task_marker_child to None, run_after=None
[2024-04-04T01:13:00.461-0500] {logging_mixin.py:188} INFO - [2024-04-04T01:13:00.461-0500] {dag.py:3834} INFO - Setting next_dagrun for example_external_task_marker_parent to None, run_after=None
[2024-04-04T01:13:00.468-0500] {processor.py:183} INFO - Processing /Volumes/SLU_CS/big_data_scd_all_types_project/.venv/lib/python3.11/site-packages/airflow/example_dags/example_external_task_marker_dag.py took 0.079 seconds
[2024-04-04T01:14:38.247-0500] {processor.py:161} INFO - Started process (PID=33583) to work on /Volumes/SLU_CS/big_data_scd_all_types_project/.venv/lib/python3.11/site-packages/airflow/example_dags/example_external_task_marker_dag.py
[2024-04-04T01:14:38.247-0500] {processor.py:830} INFO - Processing file /Volumes/SLU_CS/big_data_scd_all_types_project/.venv/lib/python3.11/site-packages/airflow/example_dags/example_external_task_marker_dag.py for tasks to queue
[2024-04-04T01:14:38.247-0500] {logging_mixin.py:188} INFO - [2024-04-04T01:14:38.247-0500] {dagbag.py:540} INFO - Filling up the DagBag from /Volumes/SLU_CS/big_data_scd_all_types_project/.venv/lib/python3.11/site-packages/airflow/example_dags/example_external_task_marker_dag.py
[2024-04-04T01:14:38.252-0500] {processor.py:840} INFO - DAG(s) 'example_external_task_marker_parent', 'example_external_task_marker_child' retrieved from /Volumes/SLU_CS/big_data_scd_all_types_project/.venv/lib/python3.11/site-packages/airflow/example_dags/example_external_task_marker_dag.py
[2024-04-04T01:14:38.284-0500] {logging_mixin.py:188} INFO - [2024-04-04T01:14:38.284-0500] {dag.py:3047} INFO - Sync 2 DAGs
[2024-04-04T01:14:38.287-0500] {logging_mixin.py:188} INFO - [2024-04-04T01:14:38.287-0500] {dag.py:3834} INFO - Setting next_dagrun for example_external_task_marker_child to None, run_after=None
[2024-04-04T01:14:38.288-0500] {logging_mixin.py:188} INFO - [2024-04-04T01:14:38.288-0500] {dag.py:3834} INFO - Setting next_dagrun for example_external_task_marker_parent to None, run_after=None
[2024-04-04T01:14:38.295-0500] {processor.py:183} INFO - Processing /Volumes/SLU_CS/big_data_scd_all_types_project/.venv/lib/python3.11/site-packages/airflow/example_dags/example_external_task_marker_dag.py took 0.049 seconds
[2024-04-04T01:16:12.779-0500] {processor.py:161} INFO - Started process (PID=33739) to work on /Volumes/SLU_CS/big_data_scd_all_types_project/.venv/lib/python3.11/site-packages/airflow/example_dags/example_external_task_marker_dag.py
[2024-04-04T01:16:12.780-0500] {processor.py:830} INFO - Processing file /Volumes/SLU_CS/big_data_scd_all_types_project/.venv/lib/python3.11/site-packages/airflow/example_dags/example_external_task_marker_dag.py for tasks to queue
[2024-04-04T01:16:12.780-0500] {logging_mixin.py:188} INFO - [2024-04-04T01:16:12.780-0500] {dagbag.py:540} INFO - Filling up the DagBag from /Volumes/SLU_CS/big_data_scd_all_types_project/.venv/lib/python3.11/site-packages/airflow/example_dags/example_external_task_marker_dag.py
[2024-04-04T01:16:12.785-0500] {processor.py:840} INFO - DAG(s) 'example_external_task_marker_child', 'example_external_task_marker_parent' retrieved from /Volumes/SLU_CS/big_data_scd_all_types_project/.venv/lib/python3.11/site-packages/airflow/example_dags/example_external_task_marker_dag.py
[2024-04-04T01:16:12.816-0500] {logging_mixin.py:188} INFO - [2024-04-04T01:16:12.816-0500] {dag.py:3047} INFO - Sync 2 DAGs
[2024-04-04T01:16:12.820-0500] {logging_mixin.py:188} INFO - [2024-04-04T01:16:12.819-0500] {dag.py:3834} INFO - Setting next_dagrun for example_external_task_marker_child to None, run_after=None
[2024-04-04T01:16:12.820-0500] {logging_mixin.py:188} INFO - [2024-04-04T01:16:12.820-0500] {dag.py:3834} INFO - Setting next_dagrun for example_external_task_marker_parent to None, run_after=None
[2024-04-04T01:16:12.827-0500] {processor.py:183} INFO - Processing /Volumes/SLU_CS/big_data_scd_all_types_project/.venv/lib/python3.11/site-packages/airflow/example_dags/example_external_task_marker_dag.py took 0.048 seconds
[2024-04-04T01:17:59.874-0500] {processor.py:161} INFO - Started process (PID=33918) to work on /Volumes/SLU_CS/big_data_scd_all_types_project/.venv/lib/python3.11/site-packages/airflow/example_dags/example_external_task_marker_dag.py
[2024-04-04T01:17:59.874-0500] {processor.py:830} INFO - Processing file /Volumes/SLU_CS/big_data_scd_all_types_project/.venv/lib/python3.11/site-packages/airflow/example_dags/example_external_task_marker_dag.py for tasks to queue
[2024-04-04T01:17:59.874-0500] {logging_mixin.py:188} INFO - [2024-04-04T01:17:59.874-0500] {dagbag.py:540} INFO - Filling up the DagBag from /Volumes/SLU_CS/big_data_scd_all_types_project/.venv/lib/python3.11/site-packages/airflow/example_dags/example_external_task_marker_dag.py
[2024-04-04T01:17:59.879-0500] {processor.py:840} INFO - DAG(s) 'example_external_task_marker_child', 'example_external_task_marker_parent' retrieved from /Volumes/SLU_CS/big_data_scd_all_types_project/.venv/lib/python3.11/site-packages/airflow/example_dags/example_external_task_marker_dag.py
[2024-04-04T01:17:59.911-0500] {logging_mixin.py:188} INFO - [2024-04-04T01:17:59.911-0500] {dag.py:3047} INFO - Sync 2 DAGs
[2024-04-04T01:17:59.914-0500] {logging_mixin.py:188} INFO - [2024-04-04T01:17:59.914-0500] {dag.py:3834} INFO - Setting next_dagrun for example_external_task_marker_child to None, run_after=None
[2024-04-04T01:17:59.915-0500] {logging_mixin.py:188} INFO - [2024-04-04T01:17:59.915-0500] {dag.py:3834} INFO - Setting next_dagrun for example_external_task_marker_parent to None, run_after=None
[2024-04-04T01:17:59.921-0500] {processor.py:183} INFO - Processing /Volumes/SLU_CS/big_data_scd_all_types_project/.venv/lib/python3.11/site-packages/airflow/example_dags/example_external_task_marker_dag.py took 0.048 seconds
[2024-04-04T01:19:52.494-0500] {processor.py:161} INFO - Started process (PID=34216) to work on /Volumes/SLU_CS/big_data_scd_all_types_project/.venv/lib/python3.11/site-packages/airflow/example_dags/example_external_task_marker_dag.py
[2024-04-04T01:19:52.496-0500] {processor.py:830} INFO - Processing file /Volumes/SLU_CS/big_data_scd_all_types_project/.venv/lib/python3.11/site-packages/airflow/example_dags/example_external_task_marker_dag.py for tasks to queue
[2024-04-04T01:19:52.496-0500] {logging_mixin.py:188} INFO - [2024-04-04T01:19:52.496-0500] {dagbag.py:540} INFO - Filling up the DagBag from /Volumes/SLU_CS/big_data_scd_all_types_project/.venv/lib/python3.11/site-packages/airflow/example_dags/example_external_task_marker_dag.py
[2024-04-04T01:19:52.501-0500] {processor.py:840} INFO - DAG(s) 'example_external_task_marker_child', 'example_external_task_marker_parent' retrieved from /Volumes/SLU_CS/big_data_scd_all_types_project/.venv/lib/python3.11/site-packages/airflow/example_dags/example_external_task_marker_dag.py
[2024-04-04T01:19:52.534-0500] {logging_mixin.py:188} INFO - [2024-04-04T01:19:52.534-0500] {dag.py:3047} INFO - Sync 2 DAGs
[2024-04-04T01:19:52.537-0500] {logging_mixin.py:188} INFO - [2024-04-04T01:19:52.537-0500] {dag.py:3834} INFO - Setting next_dagrun for example_external_task_marker_child to None, run_after=None
[2024-04-04T01:19:52.539-0500] {logging_mixin.py:188} INFO - [2024-04-04T01:19:52.539-0500] {dag.py:3834} INFO - Setting next_dagrun for example_external_task_marker_parent to None, run_after=None
[2024-04-04T01:19:52.545-0500] {processor.py:183} INFO - Processing /Volumes/SLU_CS/big_data_scd_all_types_project/.venv/lib/python3.11/site-packages/airflow/example_dags/example_external_task_marker_dag.py took 0.054 seconds
