[2024-04-04T01:02:22.991-0500] {processor.py:161} INFO - Started process (PID=31941) to work on /Volumes/SLU_CS/big_data_scd_all_types_project/.venv/lib/python3.11/site-packages/airflow/example_dags/example_python_decorator.py
[2024-04-04T01:02:22.993-0500] {processor.py:830} INFO - Processing file /Volumes/SLU_CS/big_data_scd_all_types_project/.venv/lib/python3.11/site-packages/airflow/example_dags/example_python_decorator.py for tasks to queue
[2024-04-04T01:02:22.993-0500] {logging_mixin.py:188} INFO - [2024-04-04T01:02:22.993-0500] {dagbag.py:540} INFO - Filling up the DagBag from /Volumes/SLU_CS/big_data_scd_all_types_project/.venv/lib/python3.11/site-packages/airflow/example_dags/example_python_decorator.py
[2024-04-04T01:02:23.007-0500] {processor.py:840} INFO - DAG(s) 'example_python_decorator' retrieved from /Volumes/SLU_CS/big_data_scd_all_types_project/.venv/lib/python3.11/site-packages/airflow/example_dags/example_python_decorator.py
[2024-04-04T01:02:23.161-0500] {logging_mixin.py:188} INFO - [2024-04-04T01:02:23.161-0500] {dag.py:3047} INFO - Sync 1 DAGs
[2024-04-04T01:02:23.164-0500] {logging_mixin.py:188} INFO - [2024-04-04T01:02:23.164-0500] {dag.py:3834} INFO - Setting next_dagrun for example_python_decorator to None, run_after=None
[2024-04-04T01:02:23.175-0500] {processor.py:183} INFO - Processing /Volumes/SLU_CS/big_data_scd_all_types_project/.venv/lib/python3.11/site-packages/airflow/example_dags/example_python_decorator.py took 0.185 seconds
[2024-04-04T01:03:45.039-0500] {processor.py:161} INFO - Started process (PID=32135) to work on /Volumes/SLU_CS/big_data_scd_all_types_project/.venv/lib/python3.11/site-packages/airflow/example_dags/example_python_decorator.py
[2024-04-04T01:03:45.040-0500] {processor.py:830} INFO - Processing file /Volumes/SLU_CS/big_data_scd_all_types_project/.venv/lib/python3.11/site-packages/airflow/example_dags/example_python_decorator.py for tasks to queue
[2024-04-04T01:03:45.040-0500] {logging_mixin.py:188} INFO - [2024-04-04T01:03:45.040-0500] {dagbag.py:540} INFO - Filling up the DagBag from /Volumes/SLU_CS/big_data_scd_all_types_project/.venv/lib/python3.11/site-packages/airflow/example_dags/example_python_decorator.py
[2024-04-04T01:03:45.059-0500] {processor.py:840} INFO - DAG(s) 'example_python_decorator' retrieved from /Volumes/SLU_CS/big_data_scd_all_types_project/.venv/lib/python3.11/site-packages/airflow/example_dags/example_python_decorator.py
[2024-04-04T01:03:45.149-0500] {logging_mixin.py:188} INFO - [2024-04-04T01:03:45.149-0500] {dag.py:3047} INFO - Sync 1 DAGs
[2024-04-04T01:03:45.153-0500] {logging_mixin.py:188} INFO - [2024-04-04T01:03:45.153-0500] {dag.py:3834} INFO - Setting next_dagrun for example_python_decorator to None, run_after=None
[2024-04-04T01:03:45.162-0500] {processor.py:183} INFO - Processing /Volumes/SLU_CS/big_data_scd_all_types_project/.venv/lib/python3.11/site-packages/airflow/example_dags/example_python_decorator.py took 0.124 seconds
[2024-04-04T01:05:27.968-0500] {processor.py:161} INFO - Started process (PID=32344) to work on /Volumes/SLU_CS/big_data_scd_all_types_project/.venv/lib/python3.11/site-packages/airflow/example_dags/example_python_decorator.py
[2024-04-04T01:05:27.969-0500] {processor.py:830} INFO - Processing file /Volumes/SLU_CS/big_data_scd_all_types_project/.venv/lib/python3.11/site-packages/airflow/example_dags/example_python_decorator.py for tasks to queue
[2024-04-04T01:05:27.970-0500] {logging_mixin.py:188} INFO - [2024-04-04T01:05:27.970-0500] {dagbag.py:540} INFO - Filling up the DagBag from /Volumes/SLU_CS/big_data_scd_all_types_project/.venv/lib/python3.11/site-packages/airflow/example_dags/example_python_decorator.py
[2024-04-04T01:05:27.984-0500] {processor.py:840} INFO - DAG(s) 'example_python_decorator' retrieved from /Volumes/SLU_CS/big_data_scd_all_types_project/.venv/lib/python3.11/site-packages/airflow/example_dags/example_python_decorator.py
[2024-04-04T01:05:28.119-0500] {logging_mixin.py:188} INFO - [2024-04-04T01:05:28.119-0500] {dag.py:3047} INFO - Sync 1 DAGs
[2024-04-04T01:05:28.123-0500] {logging_mixin.py:188} INFO - [2024-04-04T01:05:28.122-0500] {dag.py:3834} INFO - Setting next_dagrun for example_python_decorator to None, run_after=None
[2024-04-04T01:05:28.130-0500] {processor.py:183} INFO - Processing /Volumes/SLU_CS/big_data_scd_all_types_project/.venv/lib/python3.11/site-packages/airflow/example_dags/example_python_decorator.py took 0.162 seconds
[2024-04-04T01:07:32.231-0500] {processor.py:161} INFO - Started process (PID=32624) to work on /Volumes/SLU_CS/big_data_scd_all_types_project/.venv/lib/python3.11/site-packages/airflow/example_dags/example_python_decorator.py
[2024-04-04T01:07:32.232-0500] {processor.py:830} INFO - Processing file /Volumes/SLU_CS/big_data_scd_all_types_project/.venv/lib/python3.11/site-packages/airflow/example_dags/example_python_decorator.py for tasks to queue
[2024-04-04T01:07:32.232-0500] {logging_mixin.py:188} INFO - [2024-04-04T01:07:32.232-0500] {dagbag.py:540} INFO - Filling up the DagBag from /Volumes/SLU_CS/big_data_scd_all_types_project/.venv/lib/python3.11/site-packages/airflow/example_dags/example_python_decorator.py
[2024-04-04T01:07:32.253-0500] {processor.py:840} INFO - DAG(s) 'example_python_decorator' retrieved from /Volumes/SLU_CS/big_data_scd_all_types_project/.venv/lib/python3.11/site-packages/airflow/example_dags/example_python_decorator.py
[2024-04-04T01:07:32.336-0500] {logging_mixin.py:188} INFO - [2024-04-04T01:07:32.336-0500] {dag.py:3047} INFO - Sync 1 DAGs
[2024-04-04T01:07:32.340-0500] {logging_mixin.py:188} INFO - [2024-04-04T01:07:32.339-0500] {dag.py:3834} INFO - Setting next_dagrun for example_python_decorator to None, run_after=None
[2024-04-04T01:07:32.346-0500] {processor.py:183} INFO - Processing /Volumes/SLU_CS/big_data_scd_all_types_project/.venv/lib/python3.11/site-packages/airflow/example_dags/example_python_decorator.py took 0.117 seconds
[2024-04-04T01:08:56.385-0500] {processor.py:161} INFO - Started process (PID=32749) to work on /Volumes/SLU_CS/big_data_scd_all_types_project/.venv/lib/python3.11/site-packages/airflow/example_dags/example_python_decorator.py
[2024-04-04T01:08:56.385-0500] {processor.py:830} INFO - Processing file /Volumes/SLU_CS/big_data_scd_all_types_project/.venv/lib/python3.11/site-packages/airflow/example_dags/example_python_decorator.py for tasks to queue
[2024-04-04T01:08:56.385-0500] {logging_mixin.py:188} INFO - [2024-04-04T01:08:56.385-0500] {dagbag.py:540} INFO - Filling up the DagBag from /Volumes/SLU_CS/big_data_scd_all_types_project/.venv/lib/python3.11/site-packages/airflow/example_dags/example_python_decorator.py
[2024-04-04T01:08:56.407-0500] {processor.py:840} INFO - DAG(s) 'example_python_decorator' retrieved from /Volumes/SLU_CS/big_data_scd_all_types_project/.venv/lib/python3.11/site-packages/airflow/example_dags/example_python_decorator.py
[2024-04-04T01:08:56.492-0500] {logging_mixin.py:188} INFO - [2024-04-04T01:08:56.492-0500] {dag.py:3047} INFO - Sync 1 DAGs
[2024-04-04T01:08:56.495-0500] {logging_mixin.py:188} INFO - [2024-04-04T01:08:56.495-0500] {dag.py:3834} INFO - Setting next_dagrun for example_python_decorator to None, run_after=None
[2024-04-04T01:08:56.502-0500] {processor.py:183} INFO - Processing /Volumes/SLU_CS/big_data_scd_all_types_project/.venv/lib/python3.11/site-packages/airflow/example_dags/example_python_decorator.py took 0.119 seconds
[2024-04-04T01:10:37.094-0500] {processor.py:161} INFO - Started process (PID=32982) to work on /Volumes/SLU_CS/big_data_scd_all_types_project/.venv/lib/python3.11/site-packages/airflow/example_dags/example_python_decorator.py
[2024-04-04T01:10:37.097-0500] {processor.py:830} INFO - Processing file /Volumes/SLU_CS/big_data_scd_all_types_project/.venv/lib/python3.11/site-packages/airflow/example_dags/example_python_decorator.py for tasks to queue
[2024-04-04T01:10:37.097-0500] {logging_mixin.py:188} INFO - [2024-04-04T01:10:37.097-0500] {dagbag.py:540} INFO - Filling up the DagBag from /Volumes/SLU_CS/big_data_scd_all_types_project/.venv/lib/python3.11/site-packages/airflow/example_dags/example_python_decorator.py
[2024-04-04T01:10:37.111-0500] {processor.py:840} INFO - DAG(s) 'example_python_decorator' retrieved from /Volumes/SLU_CS/big_data_scd_all_types_project/.venv/lib/python3.11/site-packages/airflow/example_dags/example_python_decorator.py
[2024-04-04T01:10:37.194-0500] {logging_mixin.py:188} INFO - [2024-04-04T01:10:37.194-0500] {dag.py:3047} INFO - Sync 1 DAGs
[2024-04-04T01:10:37.197-0500] {logging_mixin.py:188} INFO - [2024-04-04T01:10:37.197-0500] {dag.py:3834} INFO - Setting next_dagrun for example_python_decorator to None, run_after=None
[2024-04-04T01:10:37.205-0500] {processor.py:183} INFO - Processing /Volumes/SLU_CS/big_data_scd_all_types_project/.venv/lib/python3.11/site-packages/airflow/example_dags/example_python_decorator.py took 0.111 seconds
[2024-04-04T01:12:23.408-0500] {processor.py:161} INFO - Started process (PID=33290) to work on /Volumes/SLU_CS/big_data_scd_all_types_project/.venv/lib/python3.11/site-packages/airflow/example_dags/example_python_decorator.py
[2024-04-04T01:12:23.409-0500] {processor.py:830} INFO - Processing file /Volumes/SLU_CS/big_data_scd_all_types_project/.venv/lib/python3.11/site-packages/airflow/example_dags/example_python_decorator.py for tasks to queue
[2024-04-04T01:12:23.410-0500] {logging_mixin.py:188} INFO - [2024-04-04T01:12:23.410-0500] {dagbag.py:540} INFO - Filling up the DagBag from /Volumes/SLU_CS/big_data_scd_all_types_project/.venv/lib/python3.11/site-packages/airflow/example_dags/example_python_decorator.py
[2024-04-04T01:12:23.450-0500] {processor.py:840} INFO - DAG(s) 'example_python_decorator' retrieved from /Volumes/SLU_CS/big_data_scd_all_types_project/.venv/lib/python3.11/site-packages/airflow/example_dags/example_python_decorator.py
[2024-04-04T01:12:23.586-0500] {logging_mixin.py:188} INFO - [2024-04-04T01:12:23.586-0500] {dag.py:3047} INFO - Sync 1 DAGs
[2024-04-04T01:12:23.590-0500] {logging_mixin.py:188} INFO - [2024-04-04T01:12:23.590-0500] {dag.py:3834} INFO - Setting next_dagrun for example_python_decorator to None, run_after=None
[2024-04-04T01:12:23.598-0500] {processor.py:183} INFO - Processing /Volumes/SLU_CS/big_data_scd_all_types_project/.venv/lib/python3.11/site-packages/airflow/example_dags/example_python_decorator.py took 0.191 seconds
[2024-04-04T01:14:02.850-0500] {processor.py:161} INFO - Started process (PID=33529) to work on /Volumes/SLU_CS/big_data_scd_all_types_project/.venv/lib/python3.11/site-packages/airflow/example_dags/example_python_decorator.py
[2024-04-04T01:14:02.851-0500] {processor.py:830} INFO - Processing file /Volumes/SLU_CS/big_data_scd_all_types_project/.venv/lib/python3.11/site-packages/airflow/example_dags/example_python_decorator.py for tasks to queue
[2024-04-04T01:14:02.851-0500] {logging_mixin.py:188} INFO - [2024-04-04T01:14:02.851-0500] {dagbag.py:540} INFO - Filling up the DagBag from /Volumes/SLU_CS/big_data_scd_all_types_project/.venv/lib/python3.11/site-packages/airflow/example_dags/example_python_decorator.py
[2024-04-04T01:14:02.869-0500] {processor.py:840} INFO - DAG(s) 'example_python_decorator' retrieved from /Volumes/SLU_CS/big_data_scd_all_types_project/.venv/lib/python3.11/site-packages/airflow/example_dags/example_python_decorator.py
[2024-04-04T01:14:02.951-0500] {logging_mixin.py:188} INFO - [2024-04-04T01:14:02.951-0500] {dag.py:3047} INFO - Sync 1 DAGs
[2024-04-04T01:14:02.954-0500] {logging_mixin.py:188} INFO - [2024-04-04T01:14:02.954-0500] {dag.py:3834} INFO - Setting next_dagrun for example_python_decorator to None, run_after=None
[2024-04-04T01:14:02.961-0500] {processor.py:183} INFO - Processing /Volumes/SLU_CS/big_data_scd_all_types_project/.venv/lib/python3.11/site-packages/airflow/example_dags/example_python_decorator.py took 0.113 seconds
[2024-04-04T01:15:39.269-0500] {processor.py:161} INFO - Started process (PID=33693) to work on /Volumes/SLU_CS/big_data_scd_all_types_project/.venv/lib/python3.11/site-packages/airflow/example_dags/example_python_decorator.py
[2024-04-04T01:15:39.270-0500] {processor.py:830} INFO - Processing file /Volumes/SLU_CS/big_data_scd_all_types_project/.venv/lib/python3.11/site-packages/airflow/example_dags/example_python_decorator.py for tasks to queue
[2024-04-04T01:15:39.271-0500] {logging_mixin.py:188} INFO - [2024-04-04T01:15:39.271-0500] {dagbag.py:540} INFO - Filling up the DagBag from /Volumes/SLU_CS/big_data_scd_all_types_project/.venv/lib/python3.11/site-packages/airflow/example_dags/example_python_decorator.py
[2024-04-04T01:15:39.285-0500] {processor.py:840} INFO - DAG(s) 'example_python_decorator' retrieved from /Volumes/SLU_CS/big_data_scd_all_types_project/.venv/lib/python3.11/site-packages/airflow/example_dags/example_python_decorator.py
[2024-04-04T01:15:39.369-0500] {logging_mixin.py:188} INFO - [2024-04-04T01:15:39.369-0500] {dag.py:3047} INFO - Sync 1 DAGs
[2024-04-04T01:15:39.372-0500] {logging_mixin.py:188} INFO - [2024-04-04T01:15:39.372-0500] {dag.py:3834} INFO - Setting next_dagrun for example_python_decorator to None, run_after=None
[2024-04-04T01:15:39.379-0500] {processor.py:183} INFO - Processing /Volumes/SLU_CS/big_data_scd_all_types_project/.venv/lib/python3.11/site-packages/airflow/example_dags/example_python_decorator.py took 0.111 seconds
[2024-04-04T01:17:20.385-0500] {processor.py:161} INFO - Started process (PID=33863) to work on /Volumes/SLU_CS/big_data_scd_all_types_project/.venv/lib/python3.11/site-packages/airflow/example_dags/example_python_decorator.py
[2024-04-04T01:17:20.385-0500] {processor.py:830} INFO - Processing file /Volumes/SLU_CS/big_data_scd_all_types_project/.venv/lib/python3.11/site-packages/airflow/example_dags/example_python_decorator.py for tasks to queue
[2024-04-04T01:17:20.386-0500] {logging_mixin.py:188} INFO - [2024-04-04T01:17:20.386-0500] {dagbag.py:540} INFO - Filling up the DagBag from /Volumes/SLU_CS/big_data_scd_all_types_project/.venv/lib/python3.11/site-packages/airflow/example_dags/example_python_decorator.py
[2024-04-04T01:17:20.399-0500] {processor.py:840} INFO - DAG(s) 'example_python_decorator' retrieved from /Volumes/SLU_CS/big_data_scd_all_types_project/.venv/lib/python3.11/site-packages/airflow/example_dags/example_python_decorator.py
[2024-04-04T01:17:20.483-0500] {logging_mixin.py:188} INFO - [2024-04-04T01:17:20.483-0500] {dag.py:3047} INFO - Sync 1 DAGs
[2024-04-04T01:17:20.487-0500] {logging_mixin.py:188} INFO - [2024-04-04T01:17:20.486-0500] {dag.py:3834} INFO - Setting next_dagrun for example_python_decorator to None, run_after=None
[2024-04-04T01:17:20.493-0500] {processor.py:183} INFO - Processing /Volumes/SLU_CS/big_data_scd_all_types_project/.venv/lib/python3.11/site-packages/airflow/example_dags/example_python_decorator.py took 0.109 seconds
[2024-04-04T01:19:09.104-0500] {processor.py:161} INFO - Started process (PID=34128) to work on /Volumes/SLU_CS/big_data_scd_all_types_project/.venv/lib/python3.11/site-packages/airflow/example_dags/example_python_decorator.py
[2024-04-04T01:19:09.105-0500] {processor.py:830} INFO - Processing file /Volumes/SLU_CS/big_data_scd_all_types_project/.venv/lib/python3.11/site-packages/airflow/example_dags/example_python_decorator.py for tasks to queue
[2024-04-04T01:19:09.105-0500] {logging_mixin.py:188} INFO - [2024-04-04T01:19:09.105-0500] {dagbag.py:540} INFO - Filling up the DagBag from /Volumes/SLU_CS/big_data_scd_all_types_project/.venv/lib/python3.11/site-packages/airflow/example_dags/example_python_decorator.py
[2024-04-04T01:19:09.124-0500] {processor.py:840} INFO - DAG(s) 'example_python_decorator' retrieved from /Volumes/SLU_CS/big_data_scd_all_types_project/.venv/lib/python3.11/site-packages/airflow/example_dags/example_python_decorator.py
[2024-04-04T01:19:09.213-0500] {logging_mixin.py:188} INFO - [2024-04-04T01:19:09.213-0500] {dag.py:3047} INFO - Sync 1 DAGs
[2024-04-04T01:19:09.216-0500] {logging_mixin.py:188} INFO - [2024-04-04T01:19:09.216-0500] {dag.py:3834} INFO - Setting next_dagrun for example_python_decorator to None, run_after=None
[2024-04-04T01:19:09.223-0500] {processor.py:183} INFO - Processing /Volumes/SLU_CS/big_data_scd_all_types_project/.venv/lib/python3.11/site-packages/airflow/example_dags/example_python_decorator.py took 0.121 seconds
[2024-04-04T01:20:55.480-0500] {processor.py:161} INFO - Started process (PID=34340) to work on /Volumes/SLU_CS/big_data_scd_all_types_project/.venv/lib/python3.11/site-packages/airflow/example_dags/example_python_decorator.py
[2024-04-04T01:20:55.481-0500] {processor.py:830} INFO - Processing file /Volumes/SLU_CS/big_data_scd_all_types_project/.venv/lib/python3.11/site-packages/airflow/example_dags/example_python_decorator.py for tasks to queue
[2024-04-04T01:20:55.481-0500] {logging_mixin.py:188} INFO - [2024-04-04T01:20:55.481-0500] {dagbag.py:540} INFO - Filling up the DagBag from /Volumes/SLU_CS/big_data_scd_all_types_project/.venv/lib/python3.11/site-packages/airflow/example_dags/example_python_decorator.py
[2024-04-04T01:20:55.496-0500] {processor.py:840} INFO - DAG(s) 'example_python_decorator' retrieved from /Volumes/SLU_CS/big_data_scd_all_types_project/.venv/lib/python3.11/site-packages/airflow/example_dags/example_python_decorator.py
[2024-04-04T01:20:55.586-0500] {logging_mixin.py:188} INFO - [2024-04-04T01:20:55.585-0500] {dag.py:3047} INFO - Sync 1 DAGs
[2024-04-04T01:20:55.589-0500] {logging_mixin.py:188} INFO - [2024-04-04T01:20:55.589-0500] {dag.py:3834} INFO - Setting next_dagrun for example_python_decorator to None, run_after=None
[2024-04-04T01:20:55.597-0500] {processor.py:183} INFO - Processing /Volumes/SLU_CS/big_data_scd_all_types_project/.venv/lib/python3.11/site-packages/airflow/example_dags/example_python_decorator.py took 0.118 seconds
