[2024-04-04T01:02:43.415-0500] {processor.py:161} INFO - Started process (PID=31977) to work on /Volumes/SLU_CS/big_data_scd_all_types_project/.venv/lib/python3.11/site-packages/airflow/example_dags/example_datasets.py
[2024-04-04T01:02:43.416-0500] {processor.py:830} INFO - Processing file /Volumes/SLU_CS/big_data_scd_all_types_project/.venv/lib/python3.11/site-packages/airflow/example_dags/example_datasets.py for tasks to queue
[2024-04-04T01:02:43.416-0500] {logging_mixin.py:188} INFO - [2024-04-04T01:02:43.416-0500] {dagbag.py:540} INFO - Filling up the DagBag from /Volumes/SLU_CS/big_data_scd_all_types_project/.venv/lib/python3.11/site-packages/airflow/example_dags/example_datasets.py
[2024-04-04T01:02:43.421-0500] {processor.py:840} INFO - DAG(s) 'dataset_produces_1', 'dataset_consumes_1', 'dataset_consumes_unknown_never_scheduled', 'dataset_consumes_1_never_scheduled', 'dataset_produces_2', 'dataset_consumes_1_and_2' retrieved from /Volumes/SLU_CS/big_data_scd_all_types_project/.venv/lib/python3.11/site-packages/airflow/example_dags/example_datasets.py
[2024-04-04T01:02:43.513-0500] {logging_mixin.py:188} INFO - [2024-04-04T01:02:43.513-0500] {dag.py:3047} INFO - Sync 6 DAGs
[2024-04-04T01:02:43.519-0500] {logging_mixin.py:188} INFO - [2024-04-04T01:02:43.518-0500] {dag.py:3834} INFO - Setting next_dagrun for dataset_consumes_1 to None, run_after=None
[2024-04-04T01:02:43.519-0500] {logging_mixin.py:188} INFO - [2024-04-04T01:02:43.519-0500] {dag.py:3834} INFO - Setting next_dagrun for dataset_consumes_1_and_2 to None, run_after=None
[2024-04-04T01:02:43.520-0500] {logging_mixin.py:188} INFO - [2024-04-04T01:02:43.520-0500] {dag.py:3834} INFO - Setting next_dagrun for dataset_consumes_1_never_scheduled to None, run_after=None
[2024-04-04T01:02:43.520-0500] {logging_mixin.py:188} INFO - [2024-04-04T01:02:43.520-0500] {dag.py:3834} INFO - Setting next_dagrun for dataset_consumes_unknown_never_scheduled to None, run_after=None
[2024-04-04T01:02:43.520-0500] {logging_mixin.py:188} INFO - [2024-04-04T01:02:43.520-0500] {dag.py:3834} INFO - Setting next_dagrun for dataset_produces_1 to 2024-04-03 00:00:00+00:00, run_after=2024-04-04 00:00:00+00:00
[2024-04-04T01:02:43.521-0500] {logging_mixin.py:188} INFO - [2024-04-04T01:02:43.521-0500] {dag.py:3834} INFO - Setting next_dagrun for dataset_produces_2 to None, run_after=None
[2024-04-04T01:02:43.530-0500] {processor.py:183} INFO - Processing /Volumes/SLU_CS/big_data_scd_all_types_project/.venv/lib/python3.11/site-packages/airflow/example_dags/example_datasets.py took 0.115 seconds
[2024-04-04T01:04:28.413-0500] {processor.py:161} INFO - Started process (PID=32251) to work on /Volumes/SLU_CS/big_data_scd_all_types_project/.venv/lib/python3.11/site-packages/airflow/example_dags/example_datasets.py
[2024-04-04T01:04:28.414-0500] {processor.py:830} INFO - Processing file /Volumes/SLU_CS/big_data_scd_all_types_project/.venv/lib/python3.11/site-packages/airflow/example_dags/example_datasets.py for tasks to queue
[2024-04-04T01:04:28.415-0500] {logging_mixin.py:188} INFO - [2024-04-04T01:04:28.415-0500] {dagbag.py:540} INFO - Filling up the DagBag from /Volumes/SLU_CS/big_data_scd_all_types_project/.venv/lib/python3.11/site-packages/airflow/example_dags/example_datasets.py
[2024-04-04T01:04:28.419-0500] {processor.py:840} INFO - DAG(s) 'dataset_consumes_1', 'dataset_consumes_1_never_scheduled', 'dataset_produces_2', 'dataset_produces_1', 'dataset_consumes_unknown_never_scheduled', 'dataset_consumes_1_and_2' retrieved from /Volumes/SLU_CS/big_data_scd_all_types_project/.venv/lib/python3.11/site-packages/airflow/example_dags/example_datasets.py
[2024-04-04T01:04:28.453-0500] {logging_mixin.py:188} INFO - [2024-04-04T01:04:28.453-0500] {dag.py:3047} INFO - Sync 6 DAGs
[2024-04-04T01:04:28.459-0500] {logging_mixin.py:188} INFO - [2024-04-04T01:04:28.459-0500] {dag.py:3834} INFO - Setting next_dagrun for dataset_consumes_1 to None, run_after=None
[2024-04-04T01:04:28.460-0500] {logging_mixin.py:188} INFO - [2024-04-04T01:04:28.460-0500] {dag.py:3834} INFO - Setting next_dagrun for dataset_consumes_1_and_2 to None, run_after=None
[2024-04-04T01:04:28.460-0500] {logging_mixin.py:188} INFO - [2024-04-04T01:04:28.460-0500] {dag.py:3834} INFO - Setting next_dagrun for dataset_consumes_1_never_scheduled to None, run_after=None
[2024-04-04T01:04:28.461-0500] {logging_mixin.py:188} INFO - [2024-04-04T01:04:28.461-0500] {dag.py:3834} INFO - Setting next_dagrun for dataset_consumes_unknown_never_scheduled to None, run_after=None
[2024-04-04T01:04:28.461-0500] {logging_mixin.py:188} INFO - [2024-04-04T01:04:28.461-0500] {dag.py:3834} INFO - Setting next_dagrun for dataset_produces_1 to 2024-04-03 00:00:00+00:00, run_after=2024-04-04 00:00:00+00:00
[2024-04-04T01:04:28.462-0500] {logging_mixin.py:188} INFO - [2024-04-04T01:04:28.462-0500] {dag.py:3834} INFO - Setting next_dagrun for dataset_produces_2 to None, run_after=None
[2024-04-04T01:04:28.470-0500] {processor.py:183} INFO - Processing /Volumes/SLU_CS/big_data_scd_all_types_project/.venv/lib/python3.11/site-packages/airflow/example_dags/example_datasets.py took 0.059 seconds
[2024-04-04T01:06:11.901-0500] {processor.py:161} INFO - Started process (PID=32442) to work on /Volumes/SLU_CS/big_data_scd_all_types_project/.venv/lib/python3.11/site-packages/airflow/example_dags/example_datasets.py
[2024-04-04T01:06:11.901-0500] {processor.py:830} INFO - Processing file /Volumes/SLU_CS/big_data_scd_all_types_project/.venv/lib/python3.11/site-packages/airflow/example_dags/example_datasets.py for tasks to queue
[2024-04-04T01:06:11.902-0500] {logging_mixin.py:188} INFO - [2024-04-04T01:06:11.902-0500] {dagbag.py:540} INFO - Filling up the DagBag from /Volumes/SLU_CS/big_data_scd_all_types_project/.venv/lib/python3.11/site-packages/airflow/example_dags/example_datasets.py
[2024-04-04T01:06:11.907-0500] {processor.py:840} INFO - DAG(s) 'dataset_consumes_unknown_never_scheduled', 'dataset_produces_1', 'dataset_consumes_1_never_scheduled', 'dataset_consumes_1', 'dataset_consumes_1_and_2', 'dataset_produces_2' retrieved from /Volumes/SLU_CS/big_data_scd_all_types_project/.venv/lib/python3.11/site-packages/airflow/example_dags/example_datasets.py
[2024-04-04T01:06:11.948-0500] {logging_mixin.py:188} INFO - [2024-04-04T01:06:11.948-0500] {dag.py:3047} INFO - Sync 6 DAGs
[2024-04-04T01:06:11.954-0500] {logging_mixin.py:188} INFO - [2024-04-04T01:06:11.954-0500] {dag.py:3834} INFO - Setting next_dagrun for dataset_consumes_1 to None, run_after=None
[2024-04-04T01:06:11.955-0500] {logging_mixin.py:188} INFO - [2024-04-04T01:06:11.955-0500] {dag.py:3834} INFO - Setting next_dagrun for dataset_consumes_1_and_2 to None, run_after=None
[2024-04-04T01:06:11.955-0500] {logging_mixin.py:188} INFO - [2024-04-04T01:06:11.955-0500] {dag.py:3834} INFO - Setting next_dagrun for dataset_consumes_1_never_scheduled to None, run_after=None
[2024-04-04T01:06:11.956-0500] {logging_mixin.py:188} INFO - [2024-04-04T01:06:11.956-0500] {dag.py:3834} INFO - Setting next_dagrun for dataset_consumes_unknown_never_scheduled to None, run_after=None
[2024-04-04T01:06:11.956-0500] {logging_mixin.py:188} INFO - [2024-04-04T01:06:11.956-0500] {dag.py:3834} INFO - Setting next_dagrun for dataset_produces_1 to 2024-04-03 00:00:00+00:00, run_after=2024-04-04 00:00:00+00:00
[2024-04-04T01:06:11.957-0500] {logging_mixin.py:188} INFO - [2024-04-04T01:06:11.956-0500] {dag.py:3834} INFO - Setting next_dagrun for dataset_produces_2 to None, run_after=None
[2024-04-04T01:06:11.965-0500] {processor.py:183} INFO - Processing /Volumes/SLU_CS/big_data_scd_all_types_project/.venv/lib/python3.11/site-packages/airflow/example_dags/example_datasets.py took 0.065 seconds
[2024-04-04T01:07:53.146-0500] {processor.py:161} INFO - Started process (PID=32651) to work on /Volumes/SLU_CS/big_data_scd_all_types_project/.venv/lib/python3.11/site-packages/airflow/example_dags/example_datasets.py
[2024-04-04T01:07:53.147-0500] {processor.py:830} INFO - Processing file /Volumes/SLU_CS/big_data_scd_all_types_project/.venv/lib/python3.11/site-packages/airflow/example_dags/example_datasets.py for tasks to queue
[2024-04-04T01:07:53.147-0500] {logging_mixin.py:188} INFO - [2024-04-04T01:07:53.147-0500] {dagbag.py:540} INFO - Filling up the DagBag from /Volumes/SLU_CS/big_data_scd_all_types_project/.venv/lib/python3.11/site-packages/airflow/example_dags/example_datasets.py
[2024-04-04T01:07:53.152-0500] {processor.py:840} INFO - DAG(s) 'dataset_consumes_1', 'dataset_consumes_1_never_scheduled', 'dataset_consumes_1_and_2', 'dataset_consumes_unknown_never_scheduled', 'dataset_produces_1', 'dataset_produces_2' retrieved from /Volumes/SLU_CS/big_data_scd_all_types_project/.venv/lib/python3.11/site-packages/airflow/example_dags/example_datasets.py
[2024-04-04T01:07:53.186-0500] {logging_mixin.py:188} INFO - [2024-04-04T01:07:53.186-0500] {dag.py:3047} INFO - Sync 6 DAGs
[2024-04-04T01:07:53.192-0500] {logging_mixin.py:188} INFO - [2024-04-04T01:07:53.192-0500] {dag.py:3834} INFO - Setting next_dagrun for dataset_consumes_1 to None, run_after=None
[2024-04-04T01:07:53.193-0500] {logging_mixin.py:188} INFO - [2024-04-04T01:07:53.193-0500] {dag.py:3834} INFO - Setting next_dagrun for dataset_consumes_1_and_2 to None, run_after=None
[2024-04-04T01:07:53.193-0500] {logging_mixin.py:188} INFO - [2024-04-04T01:07:53.193-0500] {dag.py:3834} INFO - Setting next_dagrun for dataset_consumes_1_never_scheduled to None, run_after=None
[2024-04-04T01:07:53.194-0500] {logging_mixin.py:188} INFO - [2024-04-04T01:07:53.194-0500] {dag.py:3834} INFO - Setting next_dagrun for dataset_consumes_unknown_never_scheduled to None, run_after=None
[2024-04-04T01:07:53.194-0500] {logging_mixin.py:188} INFO - [2024-04-04T01:07:53.194-0500] {dag.py:3834} INFO - Setting next_dagrun for dataset_produces_1 to 2024-04-03 00:00:00+00:00, run_after=2024-04-04 00:00:00+00:00
[2024-04-04T01:07:53.195-0500] {logging_mixin.py:188} INFO - [2024-04-04T01:07:53.195-0500] {dag.py:3834} INFO - Setting next_dagrun for dataset_produces_2 to None, run_after=None
[2024-04-04T01:07:53.203-0500] {processor.py:183} INFO - Processing /Volumes/SLU_CS/big_data_scd_all_types_project/.venv/lib/python3.11/site-packages/airflow/example_dags/example_datasets.py took 0.058 seconds
[2024-04-04T01:09:40.757-0500] {processor.py:161} INFO - Started process (PID=32842) to work on /Volumes/SLU_CS/big_data_scd_all_types_project/.venv/lib/python3.11/site-packages/airflow/example_dags/example_datasets.py
[2024-04-04T01:09:40.757-0500] {processor.py:830} INFO - Processing file /Volumes/SLU_CS/big_data_scd_all_types_project/.venv/lib/python3.11/site-packages/airflow/example_dags/example_datasets.py for tasks to queue
[2024-04-04T01:09:40.757-0500] {logging_mixin.py:188} INFO - [2024-04-04T01:09:40.757-0500] {dagbag.py:540} INFO - Filling up the DagBag from /Volumes/SLU_CS/big_data_scd_all_types_project/.venv/lib/python3.11/site-packages/airflow/example_dags/example_datasets.py
[2024-04-04T01:09:40.762-0500] {processor.py:840} INFO - DAG(s) 'dataset_consumes_unknown_never_scheduled', 'dataset_consumes_1', 'dataset_consumes_1_never_scheduled', 'dataset_consumes_1_and_2', 'dataset_produces_2', 'dataset_produces_1' retrieved from /Volumes/SLU_CS/big_data_scd_all_types_project/.venv/lib/python3.11/site-packages/airflow/example_dags/example_datasets.py
[2024-04-04T01:09:40.795-0500] {logging_mixin.py:188} INFO - [2024-04-04T01:09:40.795-0500] {dag.py:3047} INFO - Sync 6 DAGs
[2024-04-04T01:09:40.801-0500] {logging_mixin.py:188} INFO - [2024-04-04T01:09:40.801-0500] {dag.py:3834} INFO - Setting next_dagrun for dataset_consumes_1 to None, run_after=None
[2024-04-04T01:09:40.802-0500] {logging_mixin.py:188} INFO - [2024-04-04T01:09:40.802-0500] {dag.py:3834} INFO - Setting next_dagrun for dataset_consumes_1_and_2 to None, run_after=None
[2024-04-04T01:09:40.803-0500] {logging_mixin.py:188} INFO - [2024-04-04T01:09:40.803-0500] {dag.py:3834} INFO - Setting next_dagrun for dataset_consumes_1_never_scheduled to None, run_after=None
[2024-04-04T01:09:40.803-0500] {logging_mixin.py:188} INFO - [2024-04-04T01:09:40.803-0500] {dag.py:3834} INFO - Setting next_dagrun for dataset_consumes_unknown_never_scheduled to None, run_after=None
[2024-04-04T01:09:40.804-0500] {logging_mixin.py:188} INFO - [2024-04-04T01:09:40.804-0500] {dag.py:3834} INFO - Setting next_dagrun for dataset_produces_1 to 2024-04-03 00:00:00+00:00, run_after=2024-04-04 00:00:00+00:00
[2024-04-04T01:09:40.804-0500] {logging_mixin.py:188} INFO - [2024-04-04T01:09:40.804-0500] {dag.py:3834} INFO - Setting next_dagrun for dataset_produces_2 to None, run_after=None
[2024-04-04T01:09:40.812-0500] {processor.py:183} INFO - Processing /Volumes/SLU_CS/big_data_scd_all_types_project/.venv/lib/python3.11/site-packages/airflow/example_dags/example_datasets.py took 0.057 seconds
[2024-04-04T01:11:20.351-0500] {processor.py:161} INFO - Started process (PID=33094) to work on /Volumes/SLU_CS/big_data_scd_all_types_project/.venv/lib/python3.11/site-packages/airflow/example_dags/example_datasets.py
[2024-04-04T01:11:20.352-0500] {processor.py:830} INFO - Processing file /Volumes/SLU_CS/big_data_scd_all_types_project/.venv/lib/python3.11/site-packages/airflow/example_dags/example_datasets.py for tasks to queue
[2024-04-04T01:11:20.352-0500] {logging_mixin.py:188} INFO - [2024-04-04T01:11:20.352-0500] {dagbag.py:540} INFO - Filling up the DagBag from /Volumes/SLU_CS/big_data_scd_all_types_project/.venv/lib/python3.11/site-packages/airflow/example_dags/example_datasets.py
[2024-04-04T01:11:20.357-0500] {processor.py:840} INFO - DAG(s) 'dataset_produces_2', 'dataset_consumes_1_and_2', 'dataset_consumes_1', 'dataset_consumes_unknown_never_scheduled', 'dataset_produces_1', 'dataset_consumes_1_never_scheduled' retrieved from /Volumes/SLU_CS/big_data_scd_all_types_project/.venv/lib/python3.11/site-packages/airflow/example_dags/example_datasets.py
[2024-04-04T01:11:20.391-0500] {logging_mixin.py:188} INFO - [2024-04-04T01:11:20.391-0500] {dag.py:3047} INFO - Sync 6 DAGs
[2024-04-04T01:11:20.397-0500] {logging_mixin.py:188} INFO - [2024-04-04T01:11:20.397-0500] {dag.py:3834} INFO - Setting next_dagrun for dataset_consumes_1 to None, run_after=None
[2024-04-04T01:11:20.398-0500] {logging_mixin.py:188} INFO - [2024-04-04T01:11:20.398-0500] {dag.py:3834} INFO - Setting next_dagrun for dataset_consumes_1_and_2 to None, run_after=None
[2024-04-04T01:11:20.398-0500] {logging_mixin.py:188} INFO - [2024-04-04T01:11:20.398-0500] {dag.py:3834} INFO - Setting next_dagrun for dataset_consumes_1_never_scheduled to None, run_after=None
[2024-04-04T01:11:20.398-0500] {logging_mixin.py:188} INFO - [2024-04-04T01:11:20.398-0500] {dag.py:3834} INFO - Setting next_dagrun for dataset_consumes_unknown_never_scheduled to None, run_after=None
[2024-04-04T01:11:20.399-0500] {logging_mixin.py:188} INFO - [2024-04-04T01:11:20.399-0500] {dag.py:3834} INFO - Setting next_dagrun for dataset_produces_1 to 2024-04-03 00:00:00+00:00, run_after=2024-04-04 00:00:00+00:00
[2024-04-04T01:11:20.399-0500] {logging_mixin.py:188} INFO - [2024-04-04T01:11:20.399-0500] {dag.py:3834} INFO - Setting next_dagrun for dataset_produces_2 to None, run_after=None
[2024-04-04T01:11:20.407-0500] {processor.py:183} INFO - Processing /Volumes/SLU_CS/big_data_scd_all_types_project/.venv/lib/python3.11/site-packages/airflow/example_dags/example_datasets.py took 0.057 seconds
[2024-04-04T01:13:05.746-0500] {processor.py:161} INFO - Started process (PID=33415) to work on /Volumes/SLU_CS/big_data_scd_all_types_project/.venv/lib/python3.11/site-packages/airflow/example_dags/example_datasets.py
[2024-04-04T01:13:05.747-0500] {processor.py:830} INFO - Processing file /Volumes/SLU_CS/big_data_scd_all_types_project/.venv/lib/python3.11/site-packages/airflow/example_dags/example_datasets.py for tasks to queue
[2024-04-04T01:13:05.747-0500] {logging_mixin.py:188} INFO - [2024-04-04T01:13:05.747-0500] {dagbag.py:540} INFO - Filling up the DagBag from /Volumes/SLU_CS/big_data_scd_all_types_project/.venv/lib/python3.11/site-packages/airflow/example_dags/example_datasets.py
[2024-04-04T01:13:05.755-0500] {processor.py:840} INFO - DAG(s) 'dataset_produces_2', 'dataset_consumes_1_and_2', 'dataset_consumes_unknown_never_scheduled', 'dataset_consumes_1', 'dataset_produces_1', 'dataset_consumes_1_never_scheduled' retrieved from /Volumes/SLU_CS/big_data_scd_all_types_project/.venv/lib/python3.11/site-packages/airflow/example_dags/example_datasets.py
[2024-04-04T01:13:05.796-0500] {logging_mixin.py:188} INFO - [2024-04-04T01:13:05.795-0500] {dag.py:3047} INFO - Sync 6 DAGs
[2024-04-04T01:13:05.802-0500] {logging_mixin.py:188} INFO - [2024-04-04T01:13:05.802-0500] {dag.py:3834} INFO - Setting next_dagrun for dataset_consumes_1 to None, run_after=None
[2024-04-04T01:13:05.803-0500] {logging_mixin.py:188} INFO - [2024-04-04T01:13:05.803-0500] {dag.py:3834} INFO - Setting next_dagrun for dataset_consumes_1_and_2 to None, run_after=None
[2024-04-04T01:13:05.803-0500] {logging_mixin.py:188} INFO - [2024-04-04T01:13:05.803-0500] {dag.py:3834} INFO - Setting next_dagrun for dataset_consumes_1_never_scheduled to None, run_after=None
[2024-04-04T01:13:05.803-0500] {logging_mixin.py:188} INFO - [2024-04-04T01:13:05.803-0500] {dag.py:3834} INFO - Setting next_dagrun for dataset_consumes_unknown_never_scheduled to None, run_after=None
[2024-04-04T01:13:05.804-0500] {logging_mixin.py:188} INFO - [2024-04-04T01:13:05.804-0500] {dag.py:3834} INFO - Setting next_dagrun for dataset_produces_1 to 2024-04-03 00:00:00+00:00, run_after=2024-04-04 00:00:00+00:00
[2024-04-04T01:13:05.804-0500] {logging_mixin.py:188} INFO - [2024-04-04T01:13:05.804-0500] {dag.py:3834} INFO - Setting next_dagrun for dataset_produces_2 to None, run_after=None
[2024-04-04T01:13:05.813-0500] {processor.py:183} INFO - Processing /Volumes/SLU_CS/big_data_scd_all_types_project/.venv/lib/python3.11/site-packages/airflow/example_dags/example_datasets.py took 0.068 seconds
[2024-04-04T01:14:43.687-0500] {processor.py:161} INFO - Started process (PID=33599) to work on /Volumes/SLU_CS/big_data_scd_all_types_project/.venv/lib/python3.11/site-packages/airflow/example_dags/example_datasets.py
[2024-04-04T01:14:43.688-0500] {processor.py:830} INFO - Processing file /Volumes/SLU_CS/big_data_scd_all_types_project/.venv/lib/python3.11/site-packages/airflow/example_dags/example_datasets.py for tasks to queue
[2024-04-04T01:14:43.688-0500] {logging_mixin.py:188} INFO - [2024-04-04T01:14:43.688-0500] {dagbag.py:540} INFO - Filling up the DagBag from /Volumes/SLU_CS/big_data_scd_all_types_project/.venv/lib/python3.11/site-packages/airflow/example_dags/example_datasets.py
[2024-04-04T01:14:43.693-0500] {processor.py:840} INFO - DAG(s) 'dataset_consumes_1_and_2', 'dataset_consumes_1', 'dataset_consumes_1_never_scheduled', 'dataset_produces_2', 'dataset_produces_1', 'dataset_consumes_unknown_never_scheduled' retrieved from /Volumes/SLU_CS/big_data_scd_all_types_project/.venv/lib/python3.11/site-packages/airflow/example_dags/example_datasets.py
[2024-04-04T01:14:43.730-0500] {logging_mixin.py:188} INFO - [2024-04-04T01:14:43.730-0500] {dag.py:3047} INFO - Sync 6 DAGs
[2024-04-04T01:14:43.736-0500] {logging_mixin.py:188} INFO - [2024-04-04T01:14:43.736-0500] {dag.py:3834} INFO - Setting next_dagrun for dataset_consumes_1 to None, run_after=None
[2024-04-04T01:14:43.737-0500] {logging_mixin.py:188} INFO - [2024-04-04T01:14:43.737-0500] {dag.py:3834} INFO - Setting next_dagrun for dataset_consumes_1_and_2 to None, run_after=None
[2024-04-04T01:14:43.737-0500] {logging_mixin.py:188} INFO - [2024-04-04T01:14:43.737-0500] {dag.py:3834} INFO - Setting next_dagrun for dataset_consumes_1_never_scheduled to None, run_after=None
[2024-04-04T01:14:43.738-0500] {logging_mixin.py:188} INFO - [2024-04-04T01:14:43.738-0500] {dag.py:3834} INFO - Setting next_dagrun for dataset_consumes_unknown_never_scheduled to None, run_after=None
[2024-04-04T01:14:43.738-0500] {logging_mixin.py:188} INFO - [2024-04-04T01:14:43.738-0500] {dag.py:3834} INFO - Setting next_dagrun for dataset_produces_1 to 2024-04-03 00:00:00+00:00, run_after=2024-04-04 00:00:00+00:00
[2024-04-04T01:14:43.739-0500] {logging_mixin.py:188} INFO - [2024-04-04T01:14:43.739-0500] {dag.py:3834} INFO - Setting next_dagrun for dataset_produces_2 to None, run_after=None
[2024-04-04T01:14:43.747-0500] {processor.py:183} INFO - Processing /Volumes/SLU_CS/big_data_scd_all_types_project/.venv/lib/python3.11/site-packages/airflow/example_dags/example_datasets.py took 0.061 seconds
[2024-04-04T01:16:17.961-0500] {processor.py:161} INFO - Started process (PID=33746) to work on /Volumes/SLU_CS/big_data_scd_all_types_project/.venv/lib/python3.11/site-packages/airflow/example_dags/example_datasets.py
[2024-04-04T01:16:17.962-0500] {processor.py:830} INFO - Processing file /Volumes/SLU_CS/big_data_scd_all_types_project/.venv/lib/python3.11/site-packages/airflow/example_dags/example_datasets.py for tasks to queue
[2024-04-04T01:16:17.962-0500] {logging_mixin.py:188} INFO - [2024-04-04T01:16:17.962-0500] {dagbag.py:540} INFO - Filling up the DagBag from /Volumes/SLU_CS/big_data_scd_all_types_project/.venv/lib/python3.11/site-packages/airflow/example_dags/example_datasets.py
[2024-04-04T01:16:17.966-0500] {processor.py:840} INFO - DAG(s) 'dataset_consumes_1', 'dataset_consumes_unknown_never_scheduled', 'dataset_produces_2', 'dataset_produces_1', 'dataset_consumes_1_and_2', 'dataset_consumes_1_never_scheduled' retrieved from /Volumes/SLU_CS/big_data_scd_all_types_project/.venv/lib/python3.11/site-packages/airflow/example_dags/example_datasets.py
[2024-04-04T01:16:18.000-0500] {logging_mixin.py:188} INFO - [2024-04-04T01:16:18.000-0500] {dag.py:3047} INFO - Sync 6 DAGs
[2024-04-04T01:16:18.006-0500] {logging_mixin.py:188} INFO - [2024-04-04T01:16:18.006-0500] {dag.py:3834} INFO - Setting next_dagrun for dataset_consumes_1 to None, run_after=None
[2024-04-04T01:16:18.007-0500] {logging_mixin.py:188} INFO - [2024-04-04T01:16:18.007-0500] {dag.py:3834} INFO - Setting next_dagrun for dataset_consumes_1_and_2 to None, run_after=None
[2024-04-04T01:16:18.008-0500] {logging_mixin.py:188} INFO - [2024-04-04T01:16:18.008-0500] {dag.py:3834} INFO - Setting next_dagrun for dataset_consumes_1_never_scheduled to None, run_after=None
[2024-04-04T01:16:18.008-0500] {logging_mixin.py:188} INFO - [2024-04-04T01:16:18.008-0500] {dag.py:3834} INFO - Setting next_dagrun for dataset_consumes_unknown_never_scheduled to None, run_after=None
[2024-04-04T01:16:18.009-0500] {logging_mixin.py:188} INFO - [2024-04-04T01:16:18.008-0500] {dag.py:3834} INFO - Setting next_dagrun for dataset_produces_1 to 2024-04-03 00:00:00+00:00, run_after=2024-04-04 00:00:00+00:00
[2024-04-04T01:16:18.009-0500] {logging_mixin.py:188} INFO - [2024-04-04T01:16:18.009-0500] {dag.py:3834} INFO - Setting next_dagrun for dataset_produces_2 to None, run_after=None
[2024-04-04T01:16:18.017-0500] {processor.py:183} INFO - Processing /Volumes/SLU_CS/big_data_scd_all_types_project/.venv/lib/python3.11/site-packages/airflow/example_dags/example_datasets.py took 0.057 seconds
[2024-04-04T01:18:05.177-0500] {processor.py:161} INFO - Started process (PID=33928) to work on /Volumes/SLU_CS/big_data_scd_all_types_project/.venv/lib/python3.11/site-packages/airflow/example_dags/example_datasets.py
[2024-04-04T01:18:05.178-0500] {processor.py:830} INFO - Processing file /Volumes/SLU_CS/big_data_scd_all_types_project/.venv/lib/python3.11/site-packages/airflow/example_dags/example_datasets.py for tasks to queue
[2024-04-04T01:18:05.178-0500] {logging_mixin.py:188} INFO - [2024-04-04T01:18:05.178-0500] {dagbag.py:540} INFO - Filling up the DagBag from /Volumes/SLU_CS/big_data_scd_all_types_project/.venv/lib/python3.11/site-packages/airflow/example_dags/example_datasets.py
[2024-04-04T01:18:05.184-0500] {processor.py:840} INFO - DAG(s) 'dataset_consumes_1', 'dataset_consumes_1_never_scheduled', 'dataset_produces_2', 'dataset_consumes_unknown_never_scheduled', 'dataset_produces_1', 'dataset_consumes_1_and_2' retrieved from /Volumes/SLU_CS/big_data_scd_all_types_project/.venv/lib/python3.11/site-packages/airflow/example_dags/example_datasets.py
[2024-04-04T01:18:05.222-0500] {logging_mixin.py:188} INFO - [2024-04-04T01:18:05.222-0500] {dag.py:3047} INFO - Sync 6 DAGs
[2024-04-04T01:18:05.228-0500] {logging_mixin.py:188} INFO - [2024-04-04T01:18:05.228-0500] {dag.py:3834} INFO - Setting next_dagrun for dataset_consumes_1 to None, run_after=None
[2024-04-04T01:18:05.229-0500] {logging_mixin.py:188} INFO - [2024-04-04T01:18:05.229-0500] {dag.py:3834} INFO - Setting next_dagrun for dataset_consumes_1_and_2 to None, run_after=None
[2024-04-04T01:18:05.229-0500] {logging_mixin.py:188} INFO - [2024-04-04T01:18:05.229-0500] {dag.py:3834} INFO - Setting next_dagrun for dataset_consumes_1_never_scheduled to None, run_after=None
[2024-04-04T01:18:05.229-0500] {logging_mixin.py:188} INFO - [2024-04-04T01:18:05.229-0500] {dag.py:3834} INFO - Setting next_dagrun for dataset_consumes_unknown_never_scheduled to None, run_after=None
[2024-04-04T01:18:05.230-0500] {logging_mixin.py:188} INFO - [2024-04-04T01:18:05.230-0500] {dag.py:3834} INFO - Setting next_dagrun for dataset_produces_1 to 2024-04-03 00:00:00+00:00, run_after=2024-04-04 00:00:00+00:00
[2024-04-04T01:18:05.230-0500] {logging_mixin.py:188} INFO - [2024-04-04T01:18:05.230-0500] {dag.py:3834} INFO - Setting next_dagrun for dataset_produces_2 to None, run_after=None
[2024-04-04T01:18:05.239-0500] {processor.py:183} INFO - Processing /Volumes/SLU_CS/big_data_scd_all_types_project/.venv/lib/python3.11/site-packages/airflow/example_dags/example_datasets.py took 0.063 seconds
[2024-04-04T01:19:57.212-0500] {processor.py:161} INFO - Started process (PID=34224) to work on /Volumes/SLU_CS/big_data_scd_all_types_project/.venv/lib/python3.11/site-packages/airflow/example_dags/example_datasets.py
[2024-04-04T01:19:57.213-0500] {processor.py:830} INFO - Processing file /Volumes/SLU_CS/big_data_scd_all_types_project/.venv/lib/python3.11/site-packages/airflow/example_dags/example_datasets.py for tasks to queue
[2024-04-04T01:19:57.213-0500] {logging_mixin.py:188} INFO - [2024-04-04T01:19:57.213-0500] {dagbag.py:540} INFO - Filling up the DagBag from /Volumes/SLU_CS/big_data_scd_all_types_project/.venv/lib/python3.11/site-packages/airflow/example_dags/example_datasets.py
[2024-04-04T01:19:57.218-0500] {processor.py:840} INFO - DAG(s) 'dataset_consumes_1_never_scheduled', 'dataset_consumes_unknown_never_scheduled', 'dataset_consumes_1_and_2', 'dataset_produces_1', 'dataset_produces_2', 'dataset_consumes_1' retrieved from /Volumes/SLU_CS/big_data_scd_all_types_project/.venv/lib/python3.11/site-packages/airflow/example_dags/example_datasets.py
[2024-04-04T01:19:57.254-0500] {logging_mixin.py:188} INFO - [2024-04-04T01:19:57.254-0500] {dag.py:3047} INFO - Sync 6 DAGs
[2024-04-04T01:19:57.261-0500] {logging_mixin.py:188} INFO - [2024-04-04T01:19:57.261-0500] {dag.py:3834} INFO - Setting next_dagrun for dataset_consumes_1 to None, run_after=None
[2024-04-04T01:19:57.262-0500] {logging_mixin.py:188} INFO - [2024-04-04T01:19:57.262-0500] {dag.py:3834} INFO - Setting next_dagrun for dataset_consumes_1_and_2 to None, run_after=None
[2024-04-04T01:19:57.262-0500] {logging_mixin.py:188} INFO - [2024-04-04T01:19:57.262-0500] {dag.py:3834} INFO - Setting next_dagrun for dataset_consumes_1_never_scheduled to None, run_after=None
[2024-04-04T01:19:57.262-0500] {logging_mixin.py:188} INFO - [2024-04-04T01:19:57.262-0500] {dag.py:3834} INFO - Setting next_dagrun for dataset_consumes_unknown_never_scheduled to None, run_after=None
[2024-04-04T01:19:57.263-0500] {logging_mixin.py:188} INFO - [2024-04-04T01:19:57.263-0500] {dag.py:3834} INFO - Setting next_dagrun for dataset_produces_1 to 2024-04-03 00:00:00+00:00, run_after=2024-04-04 00:00:00+00:00
[2024-04-04T01:19:57.263-0500] {logging_mixin.py:188} INFO - [2024-04-04T01:19:57.263-0500] {dag.py:3834} INFO - Setting next_dagrun for dataset_produces_2 to None, run_after=None
[2024-04-04T01:19:57.276-0500] {processor.py:183} INFO - Processing /Volumes/SLU_CS/big_data_scd_all_types_project/.venv/lib/python3.11/site-packages/airflow/example_dags/example_datasets.py took 0.064 seconds
