[2024-04-04T01:02:03.460-0500] {processor.py:161} INFO - Started process (PID=31905) to work on /Volumes/SLU_CS/big_data_scd_all_types_project/.venv/lib/python3.11/site-packages/airflow/example_dags/example_task_group.py
[2024-04-04T01:02:03.461-0500] {processor.py:830} INFO - Processing file /Volumes/SLU_CS/big_data_scd_all_types_project/.venv/lib/python3.11/site-packages/airflow/example_dags/example_task_group.py for tasks to queue
[2024-04-04T01:02:03.461-0500] {logging_mixin.py:188} INFO - [2024-04-04T01:02:03.461-0500] {dagbag.py:540} INFO - Filling up the DagBag from /Volumes/SLU_CS/big_data_scd_all_types_project/.venv/lib/python3.11/site-packages/airflow/example_dags/example_task_group.py
[2024-04-04T01:02:03.464-0500] {processor.py:840} INFO - DAG(s) 'example_task_group' retrieved from /Volumes/SLU_CS/big_data_scd_all_types_project/.venv/lib/python3.11/site-packages/airflow/example_dags/example_task_group.py
[2024-04-04T01:02:03.556-0500] {logging_mixin.py:188} INFO - [2024-04-04T01:02:03.556-0500] {dag.py:3047} INFO - Sync 1 DAGs
[2024-04-04T01:02:03.562-0500] {logging_mixin.py:188} INFO - [2024-04-04T01:02:03.562-0500] {dag.py:3834} INFO - Setting next_dagrun for example_task_group to 2024-04-03 00:00:00+00:00, run_after=2024-04-04 00:00:00+00:00
[2024-04-04T01:02:03.568-0500] {processor.py:183} INFO - Processing /Volumes/SLU_CS/big_data_scd_all_types_project/.venv/lib/python3.11/site-packages/airflow/example_dags/example_task_group.py took 0.109 seconds
[2024-04-04T01:03:28.032-0500] {processor.py:161} INFO - Started process (PID=32077) to work on /Volumes/SLU_CS/big_data_scd_all_types_project/.venv/lib/python3.11/site-packages/airflow/example_dags/example_task_group.py
[2024-04-04T01:03:28.032-0500] {processor.py:830} INFO - Processing file /Volumes/SLU_CS/big_data_scd_all_types_project/.venv/lib/python3.11/site-packages/airflow/example_dags/example_task_group.py for tasks to queue
[2024-04-04T01:03:28.033-0500] {logging_mixin.py:188} INFO - [2024-04-04T01:03:28.033-0500] {dagbag.py:540} INFO - Filling up the DagBag from /Volumes/SLU_CS/big_data_scd_all_types_project/.venv/lib/python3.11/site-packages/airflow/example_dags/example_task_group.py
[2024-04-04T01:03:28.048-0500] {processor.py:840} INFO - DAG(s) 'example_task_group' retrieved from /Volumes/SLU_CS/big_data_scd_all_types_project/.venv/lib/python3.11/site-packages/airflow/example_dags/example_task_group.py
[2024-04-04T01:03:28.121-0500] {logging_mixin.py:188} INFO - [2024-04-04T01:03:28.121-0500] {dag.py:3047} INFO - Sync 1 DAGs
[2024-04-04T01:03:28.128-0500] {logging_mixin.py:188} INFO - [2024-04-04T01:03:28.128-0500] {dag.py:3834} INFO - Setting next_dagrun for example_task_group to 2024-04-03 00:00:00+00:00, run_after=2024-04-04 00:00:00+00:00
[2024-04-04T01:03:28.134-0500] {processor.py:183} INFO - Processing /Volumes/SLU_CS/big_data_scd_all_types_project/.venv/lib/python3.11/site-packages/airflow/example_dags/example_task_group.py took 0.104 seconds
[2024-04-04T01:05:10.468-0500] {processor.py:161} INFO - Started process (PID=32315) to work on /Volumes/SLU_CS/big_data_scd_all_types_project/.venv/lib/python3.11/site-packages/airflow/example_dags/example_task_group.py
[2024-04-04T01:05:10.469-0500] {processor.py:830} INFO - Processing file /Volumes/SLU_CS/big_data_scd_all_types_project/.venv/lib/python3.11/site-packages/airflow/example_dags/example_task_group.py for tasks to queue
[2024-04-04T01:05:10.469-0500] {logging_mixin.py:188} INFO - [2024-04-04T01:05:10.469-0500] {dagbag.py:540} INFO - Filling up the DagBag from /Volumes/SLU_CS/big_data_scd_all_types_project/.venv/lib/python3.11/site-packages/airflow/example_dags/example_task_group.py
[2024-04-04T01:05:10.473-0500] {processor.py:840} INFO - DAG(s) 'example_task_group' retrieved from /Volumes/SLU_CS/big_data_scd_all_types_project/.venv/lib/python3.11/site-packages/airflow/example_dags/example_task_group.py
[2024-04-04T01:05:10.503-0500] {logging_mixin.py:188} INFO - [2024-04-04T01:05:10.503-0500] {dag.py:3047} INFO - Sync 1 DAGs
[2024-04-04T01:05:10.509-0500] {logging_mixin.py:188} INFO - [2024-04-04T01:05:10.509-0500] {dag.py:3834} INFO - Setting next_dagrun for example_task_group to 2024-04-03 00:00:00+00:00, run_after=2024-04-04 00:00:00+00:00
[2024-04-04T01:05:10.516-0500] {processor.py:183} INFO - Processing /Volumes/SLU_CS/big_data_scd_all_types_project/.venv/lib/python3.11/site-packages/airflow/example_dags/example_task_group.py took 0.049 seconds
[2024-04-04T01:07:14.160-0500] {processor.py:161} INFO - Started process (PID=32596) to work on /Volumes/SLU_CS/big_data_scd_all_types_project/.venv/lib/python3.11/site-packages/airflow/example_dags/example_task_group.py
[2024-04-04T01:07:14.161-0500] {processor.py:830} INFO - Processing file /Volumes/SLU_CS/big_data_scd_all_types_project/.venv/lib/python3.11/site-packages/airflow/example_dags/example_task_group.py for tasks to queue
[2024-04-04T01:07:14.161-0500] {logging_mixin.py:188} INFO - [2024-04-04T01:07:14.161-0500] {dagbag.py:540} INFO - Filling up the DagBag from /Volumes/SLU_CS/big_data_scd_all_types_project/.venv/lib/python3.11/site-packages/airflow/example_dags/example_task_group.py
[2024-04-04T01:07:14.164-0500] {processor.py:840} INFO - DAG(s) 'example_task_group' retrieved from /Volumes/SLU_CS/big_data_scd_all_types_project/.venv/lib/python3.11/site-packages/airflow/example_dags/example_task_group.py
[2024-04-04T01:07:14.195-0500] {logging_mixin.py:188} INFO - [2024-04-04T01:07:14.195-0500] {dag.py:3047} INFO - Sync 1 DAGs
[2024-04-04T01:07:14.201-0500] {logging_mixin.py:188} INFO - [2024-04-04T01:07:14.201-0500] {dag.py:3834} INFO - Setting next_dagrun for example_task_group to 2024-04-03 00:00:00+00:00, run_after=2024-04-04 00:00:00+00:00
[2024-04-04T01:07:14.207-0500] {processor.py:183} INFO - Processing /Volumes/SLU_CS/big_data_scd_all_types_project/.venv/lib/python3.11/site-packages/airflow/example_dags/example_task_group.py took 0.048 seconds
[2024-04-04T01:08:38.589-0500] {processor.py:161} INFO - Started process (PID=32717) to work on /Volumes/SLU_CS/big_data_scd_all_types_project/.venv/lib/python3.11/site-packages/airflow/example_dags/example_task_group.py
[2024-04-04T01:08:38.590-0500] {processor.py:830} INFO - Processing file /Volumes/SLU_CS/big_data_scd_all_types_project/.venv/lib/python3.11/site-packages/airflow/example_dags/example_task_group.py for tasks to queue
[2024-04-04T01:08:38.590-0500] {logging_mixin.py:188} INFO - [2024-04-04T01:08:38.590-0500] {dagbag.py:540} INFO - Filling up the DagBag from /Volumes/SLU_CS/big_data_scd_all_types_project/.venv/lib/python3.11/site-packages/airflow/example_dags/example_task_group.py
[2024-04-04T01:08:38.594-0500] {processor.py:840} INFO - DAG(s) 'example_task_group' retrieved from /Volumes/SLU_CS/big_data_scd_all_types_project/.venv/lib/python3.11/site-packages/airflow/example_dags/example_task_group.py
[2024-04-04T01:08:38.625-0500] {logging_mixin.py:188} INFO - [2024-04-04T01:08:38.625-0500] {dag.py:3047} INFO - Sync 1 DAGs
[2024-04-04T01:08:38.632-0500] {logging_mixin.py:188} INFO - [2024-04-04T01:08:38.631-0500] {dag.py:3834} INFO - Setting next_dagrun for example_task_group to 2024-04-03 00:00:00+00:00, run_after=2024-04-04 00:00:00+00:00
[2024-04-04T01:08:38.638-0500] {processor.py:183} INFO - Processing /Volumes/SLU_CS/big_data_scd_all_types_project/.venv/lib/python3.11/site-packages/airflow/example_dags/example_task_group.py took 0.049 seconds
[2024-04-04T01:10:19.678-0500] {processor.py:161} INFO - Started process (PID=32947) to work on /Volumes/SLU_CS/big_data_scd_all_types_project/.venv/lib/python3.11/site-packages/airflow/example_dags/example_task_group.py
[2024-04-04T01:10:19.680-0500] {processor.py:830} INFO - Processing file /Volumes/SLU_CS/big_data_scd_all_types_project/.venv/lib/python3.11/site-packages/airflow/example_dags/example_task_group.py for tasks to queue
[2024-04-04T01:10:19.681-0500] {logging_mixin.py:188} INFO - [2024-04-04T01:10:19.680-0500] {dagbag.py:540} INFO - Filling up the DagBag from /Volumes/SLU_CS/big_data_scd_all_types_project/.venv/lib/python3.11/site-packages/airflow/example_dags/example_task_group.py
[2024-04-04T01:10:19.684-0500] {processor.py:840} INFO - DAG(s) 'example_task_group' retrieved from /Volumes/SLU_CS/big_data_scd_all_types_project/.venv/lib/python3.11/site-packages/airflow/example_dags/example_task_group.py
[2024-04-04T01:10:19.715-0500] {logging_mixin.py:188} INFO - [2024-04-04T01:10:19.715-0500] {dag.py:3047} INFO - Sync 1 DAGs
[2024-04-04T01:10:19.720-0500] {logging_mixin.py:188} INFO - [2024-04-04T01:10:19.720-0500] {dag.py:3834} INFO - Setting next_dagrun for example_task_group to 2024-04-03 00:00:00+00:00, run_after=2024-04-04 00:00:00+00:00
[2024-04-04T01:10:19.727-0500] {processor.py:183} INFO - Processing /Volumes/SLU_CS/big_data_scd_all_types_project/.venv/lib/python3.11/site-packages/airflow/example_dags/example_task_group.py took 0.049 seconds
[2024-04-04T01:12:06.451-0500] {processor.py:161} INFO - Started process (PID=33240) to work on /Volumes/SLU_CS/big_data_scd_all_types_project/.venv/lib/python3.11/site-packages/airflow/example_dags/example_task_group.py
[2024-04-04T01:12:06.452-0500] {processor.py:830} INFO - Processing file /Volumes/SLU_CS/big_data_scd_all_types_project/.venv/lib/python3.11/site-packages/airflow/example_dags/example_task_group.py for tasks to queue
[2024-04-04T01:12:06.452-0500] {logging_mixin.py:188} INFO - [2024-04-04T01:12:06.452-0500] {dagbag.py:540} INFO - Filling up the DagBag from /Volumes/SLU_CS/big_data_scd_all_types_project/.venv/lib/python3.11/site-packages/airflow/example_dags/example_task_group.py
[2024-04-04T01:12:06.456-0500] {processor.py:840} INFO - DAG(s) 'example_task_group' retrieved from /Volumes/SLU_CS/big_data_scd_all_types_project/.venv/lib/python3.11/site-packages/airflow/example_dags/example_task_group.py
[2024-04-04T01:12:06.487-0500] {logging_mixin.py:188} INFO - [2024-04-04T01:12:06.487-0500] {dag.py:3047} INFO - Sync 1 DAGs
[2024-04-04T01:12:06.493-0500] {logging_mixin.py:188} INFO - [2024-04-04T01:12:06.493-0500] {dag.py:3834} INFO - Setting next_dagrun for example_task_group to 2024-04-03 00:00:00+00:00, run_after=2024-04-04 00:00:00+00:00
[2024-04-04T01:12:06.500-0500] {processor.py:183} INFO - Processing /Volumes/SLU_CS/big_data_scd_all_types_project/.venv/lib/python3.11/site-packages/airflow/example_dags/example_task_group.py took 0.050 seconds
[2024-04-04T01:13:45.261-0500] {processor.py:161} INFO - Started process (PID=33495) to work on /Volumes/SLU_CS/big_data_scd_all_types_project/.venv/lib/python3.11/site-packages/airflow/example_dags/example_task_group.py
[2024-04-04T01:13:45.262-0500] {processor.py:830} INFO - Processing file /Volumes/SLU_CS/big_data_scd_all_types_project/.venv/lib/python3.11/site-packages/airflow/example_dags/example_task_group.py for tasks to queue
[2024-04-04T01:13:45.262-0500] {logging_mixin.py:188} INFO - [2024-04-04T01:13:45.262-0500] {dagbag.py:540} INFO - Filling up the DagBag from /Volumes/SLU_CS/big_data_scd_all_types_project/.venv/lib/python3.11/site-packages/airflow/example_dags/example_task_group.py
[2024-04-04T01:13:45.265-0500] {processor.py:840} INFO - DAG(s) 'example_task_group' retrieved from /Volumes/SLU_CS/big_data_scd_all_types_project/.venv/lib/python3.11/site-packages/airflow/example_dags/example_task_group.py
[2024-04-04T01:13:45.295-0500] {logging_mixin.py:188} INFO - [2024-04-04T01:13:45.295-0500] {dag.py:3047} INFO - Sync 1 DAGs
[2024-04-04T01:13:45.301-0500] {logging_mixin.py:188} INFO - [2024-04-04T01:13:45.301-0500] {dag.py:3834} INFO - Setting next_dagrun for example_task_group to 2024-04-03 00:00:00+00:00, run_after=2024-04-04 00:00:00+00:00
[2024-04-04T01:13:45.307-0500] {processor.py:183} INFO - Processing /Volumes/SLU_CS/big_data_scd_all_types_project/.venv/lib/python3.11/site-packages/airflow/example_dags/example_task_group.py took 0.046 seconds
[2024-04-04T01:15:22.092-0500] {processor.py:161} INFO - Started process (PID=33670) to work on /Volumes/SLU_CS/big_data_scd_all_types_project/.venv/lib/python3.11/site-packages/airflow/example_dags/example_task_group.py
[2024-04-04T01:15:22.092-0500] {processor.py:830} INFO - Processing file /Volumes/SLU_CS/big_data_scd_all_types_project/.venv/lib/python3.11/site-packages/airflow/example_dags/example_task_group.py for tasks to queue
[2024-04-04T01:15:22.093-0500] {logging_mixin.py:188} INFO - [2024-04-04T01:15:22.093-0500] {dagbag.py:540} INFO - Filling up the DagBag from /Volumes/SLU_CS/big_data_scd_all_types_project/.venv/lib/python3.11/site-packages/airflow/example_dags/example_task_group.py
[2024-04-04T01:15:22.096-0500] {processor.py:840} INFO - DAG(s) 'example_task_group' retrieved from /Volumes/SLU_CS/big_data_scd_all_types_project/.venv/lib/python3.11/site-packages/airflow/example_dags/example_task_group.py
[2024-04-04T01:15:22.127-0500] {logging_mixin.py:188} INFO - [2024-04-04T01:15:22.127-0500] {dag.py:3047} INFO - Sync 1 DAGs
[2024-04-04T01:15:22.133-0500] {logging_mixin.py:188} INFO - [2024-04-04T01:15:22.133-0500] {dag.py:3834} INFO - Setting next_dagrun for example_task_group to 2024-04-03 00:00:00+00:00, run_after=2024-04-04 00:00:00+00:00
[2024-04-04T01:15:22.139-0500] {processor.py:183} INFO - Processing /Volumes/SLU_CS/big_data_scd_all_types_project/.venv/lib/python3.11/site-packages/airflow/example_dags/example_task_group.py took 0.048 seconds
[2024-04-04T01:17:02.684-0500] {processor.py:161} INFO - Started process (PID=33836) to work on /Volumes/SLU_CS/big_data_scd_all_types_project/.venv/lib/python3.11/site-packages/airflow/example_dags/example_task_group.py
[2024-04-04T01:17:02.685-0500] {processor.py:830} INFO - Processing file /Volumes/SLU_CS/big_data_scd_all_types_project/.venv/lib/python3.11/site-packages/airflow/example_dags/example_task_group.py for tasks to queue
[2024-04-04T01:17:02.685-0500] {logging_mixin.py:188} INFO - [2024-04-04T01:17:02.685-0500] {dagbag.py:540} INFO - Filling up the DagBag from /Volumes/SLU_CS/big_data_scd_all_types_project/.venv/lib/python3.11/site-packages/airflow/example_dags/example_task_group.py
[2024-04-04T01:17:02.689-0500] {processor.py:840} INFO - DAG(s) 'example_task_group' retrieved from /Volumes/SLU_CS/big_data_scd_all_types_project/.venv/lib/python3.11/site-packages/airflow/example_dags/example_task_group.py
[2024-04-04T01:17:02.719-0500] {logging_mixin.py:188} INFO - [2024-04-04T01:17:02.719-0500] {dag.py:3047} INFO - Sync 1 DAGs
[2024-04-04T01:17:02.725-0500] {logging_mixin.py:188} INFO - [2024-04-04T01:17:02.724-0500] {dag.py:3834} INFO - Setting next_dagrun for example_task_group to 2024-04-03 00:00:00+00:00, run_after=2024-04-04 00:00:00+00:00
[2024-04-04T01:17:02.731-0500] {processor.py:183} INFO - Processing /Volumes/SLU_CS/big_data_scd_all_types_project/.venv/lib/python3.11/site-packages/airflow/example_dags/example_task_group.py took 0.048 seconds
[2024-04-04T01:18:49.579-0500] {processor.py:161} INFO - Started process (PID=34060) to work on /Volumes/SLU_CS/big_data_scd_all_types_project/.venv/lib/python3.11/site-packages/airflow/example_dags/example_task_group.py
[2024-04-04T01:18:49.580-0500] {processor.py:830} INFO - Processing file /Volumes/SLU_CS/big_data_scd_all_types_project/.venv/lib/python3.11/site-packages/airflow/example_dags/example_task_group.py for tasks to queue
[2024-04-04T01:18:49.580-0500] {logging_mixin.py:188} INFO - [2024-04-04T01:18:49.580-0500] {dagbag.py:540} INFO - Filling up the DagBag from /Volumes/SLU_CS/big_data_scd_all_types_project/.venv/lib/python3.11/site-packages/airflow/example_dags/example_task_group.py
[2024-04-04T01:18:49.584-0500] {processor.py:840} INFO - DAG(s) 'example_task_group' retrieved from /Volumes/SLU_CS/big_data_scd_all_types_project/.venv/lib/python3.11/site-packages/airflow/example_dags/example_task_group.py
[2024-04-04T01:18:49.619-0500] {logging_mixin.py:188} INFO - [2024-04-04T01:18:49.619-0500] {dag.py:3047} INFO - Sync 1 DAGs
[2024-04-04T01:18:49.626-0500] {logging_mixin.py:188} INFO - [2024-04-04T01:18:49.626-0500] {dag.py:3834} INFO - Setting next_dagrun for example_task_group to 2024-04-03 00:00:00+00:00, run_after=2024-04-04 00:00:00+00:00
[2024-04-04T01:18:49.635-0500] {processor.py:183} INFO - Processing /Volumes/SLU_CS/big_data_scd_all_types_project/.venv/lib/python3.11/site-packages/airflow/example_dags/example_task_group.py took 0.056 seconds
[2024-04-04T01:20:38.515-0500] {processor.py:161} INFO - Started process (PID=34296) to work on /Volumes/SLU_CS/big_data_scd_all_types_project/.venv/lib/python3.11/site-packages/airflow/example_dags/example_task_group.py
[2024-04-04T01:20:38.516-0500] {processor.py:830} INFO - Processing file /Volumes/SLU_CS/big_data_scd_all_types_project/.venv/lib/python3.11/site-packages/airflow/example_dags/example_task_group.py for tasks to queue
[2024-04-04T01:20:38.516-0500] {logging_mixin.py:188} INFO - [2024-04-04T01:20:38.516-0500] {dagbag.py:540} INFO - Filling up the DagBag from /Volumes/SLU_CS/big_data_scd_all_types_project/.venv/lib/python3.11/site-packages/airflow/example_dags/example_task_group.py
[2024-04-04T01:20:38.520-0500] {processor.py:840} INFO - DAG(s) 'example_task_group' retrieved from /Volumes/SLU_CS/big_data_scd_all_types_project/.venv/lib/python3.11/site-packages/airflow/example_dags/example_task_group.py
[2024-04-04T01:20:38.565-0500] {logging_mixin.py:188} INFO - [2024-04-04T01:20:38.564-0500] {dag.py:3047} INFO - Sync 1 DAGs
[2024-04-04T01:20:38.574-0500] {logging_mixin.py:188} INFO - [2024-04-04T01:20:38.574-0500] {dag.py:3834} INFO - Setting next_dagrun for example_task_group to 2024-04-03 00:00:00+00:00, run_after=2024-04-04 00:00:00+00:00
[2024-04-04T01:20:38.586-0500] {processor.py:183} INFO - Processing /Volumes/SLU_CS/big_data_scd_all_types_project/.venv/lib/python3.11/site-packages/airflow/example_dags/example_task_group.py took 0.072 seconds
