[2024-04-04T01:02:59.943-0500] {processor.py:161} INFO - Started process (PID=32013) to work on /Volumes/SLU_CS/big_data_scd_all_types_project/.venv/lib/python3.11/site-packages/airflow/example_dags/example_bash_operator.py
[2024-04-04T01:02:59.945-0500] {processor.py:830} INFO - Processing file /Volumes/SLU_CS/big_data_scd_all_types_project/.venv/lib/python3.11/site-packages/airflow/example_dags/example_bash_operator.py for tasks to queue
[2024-04-04T01:02:59.947-0500] {logging_mixin.py:188} INFO - [2024-04-04T01:02:59.947-0500] {dagbag.py:540} INFO - Filling up the DagBag from /Volumes/SLU_CS/big_data_scd_all_types_project/.venv/lib/python3.11/site-packages/airflow/example_dags/example_bash_operator.py
[2024-04-04T01:02:59.962-0500] {processor.py:840} INFO - DAG(s) 'example_bash_operator' retrieved from /Volumes/SLU_CS/big_data_scd_all_types_project/.venv/lib/python3.11/site-packages/airflow/example_dags/example_bash_operator.py
[2024-04-04T01:03:00.084-0500] {logging_mixin.py:188} INFO - [2024-04-04T01:03:00.084-0500] {dag.py:3047} INFO - Sync 1 DAGs
[2024-04-04T01:03:00.090-0500] {logging_mixin.py:188} INFO - [2024-04-04T01:03:00.089-0500] {dag.py:3834} INFO - Setting next_dagrun for example_bash_operator to 2024-04-03 00:00:00+00:00, run_after=2024-04-04 00:00:00+00:00
[2024-04-04T01:03:00.098-0500] {processor.py:183} INFO - Processing /Volumes/SLU_CS/big_data_scd_all_types_project/.venv/lib/python3.11/site-packages/airflow/example_dags/example_bash_operator.py took 0.156 seconds
[2024-04-04T01:04:44.482-0500] {processor.py:161} INFO - Started process (PID=32282) to work on /Volumes/SLU_CS/big_data_scd_all_types_project/.venv/lib/python3.11/site-packages/airflow/example_dags/example_bash_operator.py
[2024-04-04T01:04:44.483-0500] {processor.py:830} INFO - Processing file /Volumes/SLU_CS/big_data_scd_all_types_project/.venv/lib/python3.11/site-packages/airflow/example_dags/example_bash_operator.py for tasks to queue
[2024-04-04T01:04:44.483-0500] {logging_mixin.py:188} INFO - [2024-04-04T01:04:44.483-0500] {dagbag.py:540} INFO - Filling up the DagBag from /Volumes/SLU_CS/big_data_scd_all_types_project/.venv/lib/python3.11/site-packages/airflow/example_dags/example_bash_operator.py
[2024-04-04T01:04:44.488-0500] {processor.py:840} INFO - DAG(s) 'example_bash_operator' retrieved from /Volumes/SLU_CS/big_data_scd_all_types_project/.venv/lib/python3.11/site-packages/airflow/example_dags/example_bash_operator.py
[2024-04-04T01:04:44.520-0500] {logging_mixin.py:188} INFO - [2024-04-04T01:04:44.520-0500] {dag.py:3047} INFO - Sync 1 DAGs
[2024-04-04T01:04:44.526-0500] {logging_mixin.py:188} INFO - [2024-04-04T01:04:44.526-0500] {dag.py:3834} INFO - Setting next_dagrun for example_bash_operator to 2024-04-03 00:00:00+00:00, run_after=2024-04-04 00:00:00+00:00
[2024-04-04T01:04:44.532-0500] {processor.py:183} INFO - Processing /Volumes/SLU_CS/big_data_scd_all_types_project/.venv/lib/python3.11/site-packages/airflow/example_dags/example_bash_operator.py took 0.051 seconds
[2024-04-04T01:06:27.799-0500] {processor.py:161} INFO - Started process (PID=32471) to work on /Volumes/SLU_CS/big_data_scd_all_types_project/.venv/lib/python3.11/site-packages/airflow/example_dags/example_bash_operator.py
[2024-04-04T01:06:27.800-0500] {processor.py:830} INFO - Processing file /Volumes/SLU_CS/big_data_scd_all_types_project/.venv/lib/python3.11/site-packages/airflow/example_dags/example_bash_operator.py for tasks to queue
[2024-04-04T01:06:27.800-0500] {logging_mixin.py:188} INFO - [2024-04-04T01:06:27.800-0500] {dagbag.py:540} INFO - Filling up the DagBag from /Volumes/SLU_CS/big_data_scd_all_types_project/.venv/lib/python3.11/site-packages/airflow/example_dags/example_bash_operator.py
[2024-04-04T01:06:27.805-0500] {processor.py:840} INFO - DAG(s) 'example_bash_operator' retrieved from /Volumes/SLU_CS/big_data_scd_all_types_project/.venv/lib/python3.11/site-packages/airflow/example_dags/example_bash_operator.py
[2024-04-04T01:06:27.837-0500] {logging_mixin.py:188} INFO - [2024-04-04T01:06:27.837-0500] {dag.py:3047} INFO - Sync 1 DAGs
[2024-04-04T01:06:27.843-0500] {logging_mixin.py:188} INFO - [2024-04-04T01:06:27.843-0500] {dag.py:3834} INFO - Setting next_dagrun for example_bash_operator to 2024-04-03 00:00:00+00:00, run_after=2024-04-04 00:00:00+00:00
[2024-04-04T01:06:27.849-0500] {processor.py:183} INFO - Processing /Volumes/SLU_CS/big_data_scd_all_types_project/.venv/lib/python3.11/site-packages/airflow/example_dags/example_bash_operator.py took 0.051 seconds
[2024-04-04T01:08:08.985-0500] {processor.py:161} INFO - Started process (PID=32678) to work on /Volumes/SLU_CS/big_data_scd_all_types_project/.venv/lib/python3.11/site-packages/airflow/example_dags/example_bash_operator.py
[2024-04-04T01:08:08.986-0500] {processor.py:830} INFO - Processing file /Volumes/SLU_CS/big_data_scd_all_types_project/.venv/lib/python3.11/site-packages/airflow/example_dags/example_bash_operator.py for tasks to queue
[2024-04-04T01:08:08.986-0500] {logging_mixin.py:188} INFO - [2024-04-04T01:08:08.986-0500] {dagbag.py:540} INFO - Filling up the DagBag from /Volumes/SLU_CS/big_data_scd_all_types_project/.venv/lib/python3.11/site-packages/airflow/example_dags/example_bash_operator.py
[2024-04-04T01:08:08.990-0500] {processor.py:840} INFO - DAG(s) 'example_bash_operator' retrieved from /Volumes/SLU_CS/big_data_scd_all_types_project/.venv/lib/python3.11/site-packages/airflow/example_dags/example_bash_operator.py
[2024-04-04T01:08:09.023-0500] {logging_mixin.py:188} INFO - [2024-04-04T01:08:09.023-0500] {dag.py:3047} INFO - Sync 1 DAGs
[2024-04-04T01:08:09.029-0500] {logging_mixin.py:188} INFO - [2024-04-04T01:08:09.029-0500] {dag.py:3834} INFO - Setting next_dagrun for example_bash_operator to 2024-04-03 00:00:00+00:00, run_after=2024-04-04 00:00:00+00:00
[2024-04-04T01:08:09.035-0500] {processor.py:183} INFO - Processing /Volumes/SLU_CS/big_data_scd_all_types_project/.venv/lib/python3.11/site-packages/airflow/example_dags/example_bash_operator.py took 0.051 seconds
[2024-04-04T01:09:55.016-0500] {processor.py:161} INFO - Started process (PID=32884) to work on /Volumes/SLU_CS/big_data_scd_all_types_project/.venv/lib/python3.11/site-packages/airflow/example_dags/example_bash_operator.py
[2024-04-04T01:09:55.016-0500] {processor.py:830} INFO - Processing file /Volumes/SLU_CS/big_data_scd_all_types_project/.venv/lib/python3.11/site-packages/airflow/example_dags/example_bash_operator.py for tasks to queue
[2024-04-04T01:09:55.017-0500] {logging_mixin.py:188} INFO - [2024-04-04T01:09:55.016-0500] {dagbag.py:540} INFO - Filling up the DagBag from /Volumes/SLU_CS/big_data_scd_all_types_project/.venv/lib/python3.11/site-packages/airflow/example_dags/example_bash_operator.py
[2024-04-04T01:09:55.022-0500] {processor.py:840} INFO - DAG(s) 'example_bash_operator' retrieved from /Volumes/SLU_CS/big_data_scd_all_types_project/.venv/lib/python3.11/site-packages/airflow/example_dags/example_bash_operator.py
[2024-04-04T01:09:55.056-0500] {logging_mixin.py:188} INFO - [2024-04-04T01:09:55.056-0500] {dag.py:3047} INFO - Sync 1 DAGs
[2024-04-04T01:09:55.063-0500] {logging_mixin.py:188} INFO - [2024-04-04T01:09:55.063-0500] {dag.py:3834} INFO - Setting next_dagrun for example_bash_operator to 2024-04-03 00:00:00+00:00, run_after=2024-04-04 00:00:00+00:00
[2024-04-04T01:09:55.070-0500] {processor.py:183} INFO - Processing /Volumes/SLU_CS/big_data_scd_all_types_project/.venv/lib/python3.11/site-packages/airflow/example_dags/example_bash_operator.py took 0.056 seconds
[2024-04-04T01:11:36.679-0500] {processor.py:161} INFO - Started process (PID=33148) to work on /Volumes/SLU_CS/big_data_scd_all_types_project/.venv/lib/python3.11/site-packages/airflow/example_dags/example_bash_operator.py
[2024-04-04T01:11:36.680-0500] {processor.py:830} INFO - Processing file /Volumes/SLU_CS/big_data_scd_all_types_project/.venv/lib/python3.11/site-packages/airflow/example_dags/example_bash_operator.py for tasks to queue
[2024-04-04T01:11:36.680-0500] {logging_mixin.py:188} INFO - [2024-04-04T01:11:36.680-0500] {dagbag.py:540} INFO - Filling up the DagBag from /Volumes/SLU_CS/big_data_scd_all_types_project/.venv/lib/python3.11/site-packages/airflow/example_dags/example_bash_operator.py
[2024-04-04T01:11:36.685-0500] {processor.py:840} INFO - DAG(s) 'example_bash_operator' retrieved from /Volumes/SLU_CS/big_data_scd_all_types_project/.venv/lib/python3.11/site-packages/airflow/example_dags/example_bash_operator.py
[2024-04-04T01:11:36.719-0500] {logging_mixin.py:188} INFO - [2024-04-04T01:11:36.718-0500] {dag.py:3047} INFO - Sync 1 DAGs
[2024-04-04T01:11:36.725-0500] {logging_mixin.py:188} INFO - [2024-04-04T01:11:36.725-0500] {dag.py:3834} INFO - Setting next_dagrun for example_bash_operator to 2024-04-03 00:00:00+00:00, run_after=2024-04-04 00:00:00+00:00
[2024-04-04T01:11:36.732-0500] {processor.py:183} INFO - Processing /Volumes/SLU_CS/big_data_scd_all_types_project/.venv/lib/python3.11/site-packages/airflow/example_dags/example_bash_operator.py took 0.053 seconds
[2024-04-04T01:13:20.175-0500] {processor.py:161} INFO - Started process (PID=33446) to work on /Volumes/SLU_CS/big_data_scd_all_types_project/.venv/lib/python3.11/site-packages/airflow/example_dags/example_bash_operator.py
[2024-04-04T01:13:20.177-0500] {processor.py:830} INFO - Processing file /Volumes/SLU_CS/big_data_scd_all_types_project/.venv/lib/python3.11/site-packages/airflow/example_dags/example_bash_operator.py for tasks to queue
[2024-04-04T01:13:20.177-0500] {logging_mixin.py:188} INFO - [2024-04-04T01:13:20.177-0500] {dagbag.py:540} INFO - Filling up the DagBag from /Volumes/SLU_CS/big_data_scd_all_types_project/.venv/lib/python3.11/site-packages/airflow/example_dags/example_bash_operator.py
[2024-04-04T01:13:20.181-0500] {processor.py:840} INFO - DAG(s) 'example_bash_operator' retrieved from /Volumes/SLU_CS/big_data_scd_all_types_project/.venv/lib/python3.11/site-packages/airflow/example_dags/example_bash_operator.py
[2024-04-04T01:13:20.212-0500] {logging_mixin.py:188} INFO - [2024-04-04T01:13:20.212-0500] {dag.py:3047} INFO - Sync 1 DAGs
[2024-04-04T01:13:20.218-0500] {logging_mixin.py:188} INFO - [2024-04-04T01:13:20.218-0500] {dag.py:3834} INFO - Setting next_dagrun for example_bash_operator to 2024-04-03 00:00:00+00:00, run_after=2024-04-04 00:00:00+00:00
[2024-04-04T01:13:20.224-0500] {processor.py:183} INFO - Processing /Volumes/SLU_CS/big_data_scd_all_types_project/.venv/lib/python3.11/site-packages/airflow/example_dags/example_bash_operator.py took 0.049 seconds
[2024-04-04T01:14:58.036-0500] {processor.py:161} INFO - Started process (PID=33619) to work on /Volumes/SLU_CS/big_data_scd_all_types_project/.venv/lib/python3.11/site-packages/airflow/example_dags/example_bash_operator.py
[2024-04-04T01:14:58.037-0500] {processor.py:830} INFO - Processing file /Volumes/SLU_CS/big_data_scd_all_types_project/.venv/lib/python3.11/site-packages/airflow/example_dags/example_bash_operator.py for tasks to queue
[2024-04-04T01:14:58.037-0500] {logging_mixin.py:188} INFO - [2024-04-04T01:14:58.037-0500] {dagbag.py:540} INFO - Filling up the DagBag from /Volumes/SLU_CS/big_data_scd_all_types_project/.venv/lib/python3.11/site-packages/airflow/example_dags/example_bash_operator.py
[2024-04-04T01:14:58.042-0500] {processor.py:840} INFO - DAG(s) 'example_bash_operator' retrieved from /Volumes/SLU_CS/big_data_scd_all_types_project/.venv/lib/python3.11/site-packages/airflow/example_dags/example_bash_operator.py
[2024-04-04T01:14:58.075-0500] {logging_mixin.py:188} INFO - [2024-04-04T01:14:58.075-0500] {dag.py:3047} INFO - Sync 1 DAGs
[2024-04-04T01:14:58.081-0500] {logging_mixin.py:188} INFO - [2024-04-04T01:14:58.081-0500] {dag.py:3834} INFO - Setting next_dagrun for example_bash_operator to 2024-04-03 00:00:00+00:00, run_after=2024-04-04 00:00:00+00:00
[2024-04-04T01:14:58.088-0500] {processor.py:183} INFO - Processing /Volumes/SLU_CS/big_data_scd_all_types_project/.venv/lib/python3.11/site-packages/airflow/example_dags/example_bash_operator.py took 0.052 seconds
[2024-04-04T01:16:34.058-0500] {processor.py:161} INFO - Started process (PID=33787) to work on /Volumes/SLU_CS/big_data_scd_all_types_project/.venv/lib/python3.11/site-packages/airflow/example_dags/example_bash_operator.py
[2024-04-04T01:16:34.059-0500] {processor.py:830} INFO - Processing file /Volumes/SLU_CS/big_data_scd_all_types_project/.venv/lib/python3.11/site-packages/airflow/example_dags/example_bash_operator.py for tasks to queue
[2024-04-04T01:16:34.059-0500] {logging_mixin.py:188} INFO - [2024-04-04T01:16:34.059-0500] {dagbag.py:540} INFO - Filling up the DagBag from /Volumes/SLU_CS/big_data_scd_all_types_project/.venv/lib/python3.11/site-packages/airflow/example_dags/example_bash_operator.py
[2024-04-04T01:16:34.063-0500] {processor.py:840} INFO - DAG(s) 'example_bash_operator' retrieved from /Volumes/SLU_CS/big_data_scd_all_types_project/.venv/lib/python3.11/site-packages/airflow/example_dags/example_bash_operator.py
[2024-04-04T01:16:34.095-0500] {logging_mixin.py:188} INFO - [2024-04-04T01:16:34.095-0500] {dag.py:3047} INFO - Sync 1 DAGs
[2024-04-04T01:16:34.101-0500] {logging_mixin.py:188} INFO - [2024-04-04T01:16:34.101-0500] {dag.py:3834} INFO - Setting next_dagrun for example_bash_operator to 2024-04-03 00:00:00+00:00, run_after=2024-04-04 00:00:00+00:00
[2024-04-04T01:16:34.108-0500] {processor.py:183} INFO - Processing /Volumes/SLU_CS/big_data_scd_all_types_project/.venv/lib/python3.11/site-packages/airflow/example_dags/example_bash_operator.py took 0.050 seconds
[2024-04-04T01:18:21.043-0500] {processor.py:161} INFO - Started process (PID=33947) to work on /Volumes/SLU_CS/big_data_scd_all_types_project/.venv/lib/python3.11/site-packages/airflow/example_dags/example_bash_operator.py
[2024-04-04T01:18:21.044-0500] {processor.py:830} INFO - Processing file /Volumes/SLU_CS/big_data_scd_all_types_project/.venv/lib/python3.11/site-packages/airflow/example_dags/example_bash_operator.py for tasks to queue
[2024-04-04T01:18:21.044-0500] {logging_mixin.py:188} INFO - [2024-04-04T01:18:21.044-0500] {dagbag.py:540} INFO - Filling up the DagBag from /Volumes/SLU_CS/big_data_scd_all_types_project/.venv/lib/python3.11/site-packages/airflow/example_dags/example_bash_operator.py
[2024-04-04T01:18:21.049-0500] {processor.py:840} INFO - DAG(s) 'example_bash_operator' retrieved from /Volumes/SLU_CS/big_data_scd_all_types_project/.venv/lib/python3.11/site-packages/airflow/example_dags/example_bash_operator.py
[2024-04-04T01:18:21.081-0500] {logging_mixin.py:188} INFO - [2024-04-04T01:18:21.081-0500] {dag.py:3047} INFO - Sync 1 DAGs
[2024-04-04T01:18:21.087-0500] {logging_mixin.py:188} INFO - [2024-04-04T01:18:21.087-0500] {dag.py:3834} INFO - Setting next_dagrun for example_bash_operator to 2024-04-03 00:00:00+00:00, run_after=2024-04-04 00:00:00+00:00
[2024-04-04T01:18:21.093-0500] {processor.py:183} INFO - Processing /Volumes/SLU_CS/big_data_scd_all_types_project/.venv/lib/python3.11/site-packages/airflow/example_dags/example_bash_operator.py took 0.052 seconds
[2024-04-04T01:20:11.507-0500] {processor.py:161} INFO - Started process (PID=34246) to work on /Volumes/SLU_CS/big_data_scd_all_types_project/.venv/lib/python3.11/site-packages/airflow/example_dags/example_bash_operator.py
[2024-04-04T01:20:11.508-0500] {processor.py:830} INFO - Processing file /Volumes/SLU_CS/big_data_scd_all_types_project/.venv/lib/python3.11/site-packages/airflow/example_dags/example_bash_operator.py for tasks to queue
[2024-04-04T01:20:11.508-0500] {logging_mixin.py:188} INFO - [2024-04-04T01:20:11.508-0500] {dagbag.py:540} INFO - Filling up the DagBag from /Volumes/SLU_CS/big_data_scd_all_types_project/.venv/lib/python3.11/site-packages/airflow/example_dags/example_bash_operator.py
[2024-04-04T01:20:11.513-0500] {processor.py:840} INFO - DAG(s) 'example_bash_operator' retrieved from /Volumes/SLU_CS/big_data_scd_all_types_project/.venv/lib/python3.11/site-packages/airflow/example_dags/example_bash_operator.py
[2024-04-04T01:20:11.548-0500] {logging_mixin.py:188} INFO - [2024-04-04T01:20:11.547-0500] {dag.py:3047} INFO - Sync 1 DAGs
[2024-04-04T01:20:11.554-0500] {logging_mixin.py:188} INFO - [2024-04-04T01:20:11.554-0500] {dag.py:3834} INFO - Setting next_dagrun for example_bash_operator to 2024-04-03 00:00:00+00:00, run_after=2024-04-04 00:00:00+00:00
[2024-04-04T01:20:11.561-0500] {processor.py:183} INFO - Processing /Volumes/SLU_CS/big_data_scd_all_types_project/.venv/lib/python3.11/site-packages/airflow/example_dags/example_bash_operator.py took 0.055 seconds
