[2024-04-04T01:02:19.538-0500] {processor.py:161} INFO - Started process (PID=31938) to work on /Volumes/SLU_CS/big_data_scd_all_types_project/.venv/lib/python3.11/site-packages/airflow/example_dags/example_sensor_decorator.py
[2024-04-04T01:02:19.539-0500] {processor.py:830} INFO - Processing file /Volumes/SLU_CS/big_data_scd_all_types_project/.venv/lib/python3.11/site-packages/airflow/example_dags/example_sensor_decorator.py for tasks to queue
[2024-04-04T01:02:19.541-0500] {logging_mixin.py:188} INFO - [2024-04-04T01:02:19.540-0500] {dagbag.py:540} INFO - Filling up the DagBag from /Volumes/SLU_CS/big_data_scd_all_types_project/.venv/lib/python3.11/site-packages/airflow/example_dags/example_sensor_decorator.py
[2024-04-04T01:02:19.586-0500] {processor.py:840} INFO - DAG(s) 'example_sensor_decorator' retrieved from /Volumes/SLU_CS/big_data_scd_all_types_project/.venv/lib/python3.11/site-packages/airflow/example_dags/example_sensor_decorator.py
[2024-04-04T01:02:19.695-0500] {logging_mixin.py:188} INFO - [2024-04-04T01:02:19.695-0500] {dag.py:3047} INFO - Sync 1 DAGs
[2024-04-04T01:02:19.699-0500] {logging_mixin.py:188} INFO - [2024-04-04T01:02:19.698-0500] {dag.py:3834} INFO - Setting next_dagrun for example_sensor_decorator to None, run_after=None
[2024-04-04T01:02:19.707-0500] {processor.py:183} INFO - Processing /Volumes/SLU_CS/big_data_scd_all_types_project/.venv/lib/python3.11/site-packages/airflow/example_dags/example_sensor_decorator.py took 0.169 seconds
[2024-04-04T01:03:42.345-0500] {processor.py:161} INFO - Started process (PID=32121) to work on /Volumes/SLU_CS/big_data_scd_all_types_project/.venv/lib/python3.11/site-packages/airflow/example_dags/example_sensor_decorator.py
[2024-04-04T01:03:42.345-0500] {processor.py:830} INFO - Processing file /Volumes/SLU_CS/big_data_scd_all_types_project/.venv/lib/python3.11/site-packages/airflow/example_dags/example_sensor_decorator.py for tasks to queue
[2024-04-04T01:03:42.346-0500] {logging_mixin.py:188} INFO - [2024-04-04T01:03:42.346-0500] {dagbag.py:540} INFO - Filling up the DagBag from /Volumes/SLU_CS/big_data_scd_all_types_project/.venv/lib/python3.11/site-packages/airflow/example_dags/example_sensor_decorator.py
[2024-04-04T01:03:42.359-0500] {processor.py:840} INFO - DAG(s) 'example_sensor_decorator' retrieved from /Volumes/SLU_CS/big_data_scd_all_types_project/.venv/lib/python3.11/site-packages/airflow/example_dags/example_sensor_decorator.py
[2024-04-04T01:03:42.393-0500] {logging_mixin.py:188} INFO - [2024-04-04T01:03:42.393-0500] {dag.py:3047} INFO - Sync 1 DAGs
[2024-04-04T01:03:42.396-0500] {logging_mixin.py:188} INFO - [2024-04-04T01:03:42.396-0500] {dag.py:3834} INFO - Setting next_dagrun for example_sensor_decorator to None, run_after=None
[2024-04-04T01:03:42.403-0500] {processor.py:183} INFO - Processing /Volumes/SLU_CS/big_data_scd_all_types_project/.venv/lib/python3.11/site-packages/airflow/example_dags/example_sensor_decorator.py took 0.059 seconds
[2024-04-04T01:05:24.961-0500] {processor.py:161} INFO - Started process (PID=32339) to work on /Volumes/SLU_CS/big_data_scd_all_types_project/.venv/lib/python3.11/site-packages/airflow/example_dags/example_sensor_decorator.py
[2024-04-04T01:05:24.962-0500] {processor.py:830} INFO - Processing file /Volumes/SLU_CS/big_data_scd_all_types_project/.venv/lib/python3.11/site-packages/airflow/example_dags/example_sensor_decorator.py for tasks to queue
[2024-04-04T01:05:24.962-0500] {logging_mixin.py:188} INFO - [2024-04-04T01:05:24.962-0500] {dagbag.py:540} INFO - Filling up the DagBag from /Volumes/SLU_CS/big_data_scd_all_types_project/.venv/lib/python3.11/site-packages/airflow/example_dags/example_sensor_decorator.py
[2024-04-04T01:05:24.975-0500] {processor.py:840} INFO - DAG(s) 'example_sensor_decorator' retrieved from /Volumes/SLU_CS/big_data_scd_all_types_project/.venv/lib/python3.11/site-packages/airflow/example_dags/example_sensor_decorator.py
[2024-04-04T01:05:25.007-0500] {logging_mixin.py:188} INFO - [2024-04-04T01:05:25.006-0500] {dag.py:3047} INFO - Sync 1 DAGs
[2024-04-04T01:05:25.010-0500] {logging_mixin.py:188} INFO - [2024-04-04T01:05:25.009-0500] {dag.py:3834} INFO - Setting next_dagrun for example_sensor_decorator to None, run_after=None
[2024-04-04T01:05:25.016-0500] {processor.py:183} INFO - Processing /Volumes/SLU_CS/big_data_scd_all_types_project/.venv/lib/python3.11/site-packages/airflow/example_dags/example_sensor_decorator.py took 0.055 seconds
[2024-04-04T01:07:28.610-0500] {processor.py:161} INFO - Started process (PID=32617) to work on /Volumes/SLU_CS/big_data_scd_all_types_project/.venv/lib/python3.11/site-packages/airflow/example_dags/example_sensor_decorator.py
[2024-04-04T01:07:28.611-0500] {processor.py:830} INFO - Processing file /Volumes/SLU_CS/big_data_scd_all_types_project/.venv/lib/python3.11/site-packages/airflow/example_dags/example_sensor_decorator.py for tasks to queue
[2024-04-04T01:07:28.611-0500] {logging_mixin.py:188} INFO - [2024-04-04T01:07:28.611-0500] {dagbag.py:540} INFO - Filling up the DagBag from /Volumes/SLU_CS/big_data_scd_all_types_project/.venv/lib/python3.11/site-packages/airflow/example_dags/example_sensor_decorator.py
[2024-04-04T01:07:28.624-0500] {processor.py:840} INFO - DAG(s) 'example_sensor_decorator' retrieved from /Volumes/SLU_CS/big_data_scd_all_types_project/.venv/lib/python3.11/site-packages/airflow/example_dags/example_sensor_decorator.py
[2024-04-04T01:07:28.657-0500] {logging_mixin.py:188} INFO - [2024-04-04T01:07:28.656-0500] {dag.py:3047} INFO - Sync 1 DAGs
[2024-04-04T01:07:28.660-0500] {logging_mixin.py:188} INFO - [2024-04-04T01:07:28.659-0500] {dag.py:3834} INFO - Setting next_dagrun for example_sensor_decorator to None, run_after=None
[2024-04-04T01:07:28.666-0500] {processor.py:183} INFO - Processing /Volumes/SLU_CS/big_data_scd_all_types_project/.venv/lib/python3.11/site-packages/airflow/example_dags/example_sensor_decorator.py took 0.056 seconds
[2024-04-04T01:08:52.797-0500] {processor.py:161} INFO - Started process (PID=32741) to work on /Volumes/SLU_CS/big_data_scd_all_types_project/.venv/lib/python3.11/site-packages/airflow/example_dags/example_sensor_decorator.py
[2024-04-04T01:08:52.798-0500] {processor.py:830} INFO - Processing file /Volumes/SLU_CS/big_data_scd_all_types_project/.venv/lib/python3.11/site-packages/airflow/example_dags/example_sensor_decorator.py for tasks to queue
[2024-04-04T01:08:52.799-0500] {logging_mixin.py:188} INFO - [2024-04-04T01:08:52.799-0500] {dagbag.py:540} INFO - Filling up the DagBag from /Volumes/SLU_CS/big_data_scd_all_types_project/.venv/lib/python3.11/site-packages/airflow/example_dags/example_sensor_decorator.py
[2024-04-04T01:08:52.812-0500] {processor.py:840} INFO - DAG(s) 'example_sensor_decorator' retrieved from /Volumes/SLU_CS/big_data_scd_all_types_project/.venv/lib/python3.11/site-packages/airflow/example_dags/example_sensor_decorator.py
[2024-04-04T01:08:52.845-0500] {logging_mixin.py:188} INFO - [2024-04-04T01:08:52.845-0500] {dag.py:3047} INFO - Sync 1 DAGs
[2024-04-04T01:08:52.848-0500] {logging_mixin.py:188} INFO - [2024-04-04T01:08:52.848-0500] {dag.py:3834} INFO - Setting next_dagrun for example_sensor_decorator to None, run_after=None
[2024-04-04T01:08:52.854-0500] {processor.py:183} INFO - Processing /Volumes/SLU_CS/big_data_scd_all_types_project/.venv/lib/python3.11/site-packages/airflow/example_dags/example_sensor_decorator.py took 0.058 seconds
[2024-04-04T01:10:34.180-0500] {processor.py:161} INFO - Started process (PID=32977) to work on /Volumes/SLU_CS/big_data_scd_all_types_project/.venv/lib/python3.11/site-packages/airflow/example_dags/example_sensor_decorator.py
[2024-04-04T01:10:34.181-0500] {processor.py:830} INFO - Processing file /Volumes/SLU_CS/big_data_scd_all_types_project/.venv/lib/python3.11/site-packages/airflow/example_dags/example_sensor_decorator.py for tasks to queue
[2024-04-04T01:10:34.181-0500] {logging_mixin.py:188} INFO - [2024-04-04T01:10:34.181-0500] {dagbag.py:540} INFO - Filling up the DagBag from /Volumes/SLU_CS/big_data_scd_all_types_project/.venv/lib/python3.11/site-packages/airflow/example_dags/example_sensor_decorator.py
[2024-04-04T01:10:34.193-0500] {processor.py:840} INFO - DAG(s) 'example_sensor_decorator' retrieved from /Volumes/SLU_CS/big_data_scd_all_types_project/.venv/lib/python3.11/site-packages/airflow/example_dags/example_sensor_decorator.py
[2024-04-04T01:10:34.226-0500] {logging_mixin.py:188} INFO - [2024-04-04T01:10:34.226-0500] {dag.py:3047} INFO - Sync 1 DAGs
[2024-04-04T01:10:34.229-0500] {logging_mixin.py:188} INFO - [2024-04-04T01:10:34.229-0500] {dag.py:3834} INFO - Setting next_dagrun for example_sensor_decorator to None, run_after=None
[2024-04-04T01:10:34.235-0500] {processor.py:183} INFO - Processing /Volumes/SLU_CS/big_data_scd_all_types_project/.venv/lib/python3.11/site-packages/airflow/example_dags/example_sensor_decorator.py took 0.056 seconds
[2024-04-04T01:12:19.786-0500] {processor.py:161} INFO - Started process (PID=33277) to work on /Volumes/SLU_CS/big_data_scd_all_types_project/.venv/lib/python3.11/site-packages/airflow/example_dags/example_sensor_decorator.py
[2024-04-04T01:12:19.786-0500] {processor.py:830} INFO - Processing file /Volumes/SLU_CS/big_data_scd_all_types_project/.venv/lib/python3.11/site-packages/airflow/example_dags/example_sensor_decorator.py for tasks to queue
[2024-04-04T01:12:19.787-0500] {logging_mixin.py:188} INFO - [2024-04-04T01:12:19.787-0500] {dagbag.py:540} INFO - Filling up the DagBag from /Volumes/SLU_CS/big_data_scd_all_types_project/.venv/lib/python3.11/site-packages/airflow/example_dags/example_sensor_decorator.py
[2024-04-04T01:12:19.800-0500] {processor.py:840} INFO - DAG(s) 'example_sensor_decorator' retrieved from /Volumes/SLU_CS/big_data_scd_all_types_project/.venv/lib/python3.11/site-packages/airflow/example_dags/example_sensor_decorator.py
[2024-04-04T01:12:19.832-0500] {logging_mixin.py:188} INFO - [2024-04-04T01:12:19.832-0500] {dag.py:3047} INFO - Sync 1 DAGs
[2024-04-04T01:12:19.835-0500] {logging_mixin.py:188} INFO - [2024-04-04T01:12:19.835-0500] {dag.py:3834} INFO - Setting next_dagrun for example_sensor_decorator to None, run_after=None
[2024-04-04T01:12:19.841-0500] {processor.py:183} INFO - Processing /Volumes/SLU_CS/big_data_scd_all_types_project/.venv/lib/python3.11/site-packages/airflow/example_dags/example_sensor_decorator.py took 0.057 seconds
[2024-04-04T01:13:59.333-0500] {processor.py:161} INFO - Started process (PID=33522) to work on /Volumes/SLU_CS/big_data_scd_all_types_project/.venv/lib/python3.11/site-packages/airflow/example_dags/example_sensor_decorator.py
[2024-04-04T01:13:59.334-0500] {processor.py:830} INFO - Processing file /Volumes/SLU_CS/big_data_scd_all_types_project/.venv/lib/python3.11/site-packages/airflow/example_dags/example_sensor_decorator.py for tasks to queue
[2024-04-04T01:13:59.334-0500] {logging_mixin.py:188} INFO - [2024-04-04T01:13:59.334-0500] {dagbag.py:540} INFO - Filling up the DagBag from /Volumes/SLU_CS/big_data_scd_all_types_project/.venv/lib/python3.11/site-packages/airflow/example_dags/example_sensor_decorator.py
[2024-04-04T01:13:59.348-0500] {processor.py:840} INFO - DAG(s) 'example_sensor_decorator' retrieved from /Volumes/SLU_CS/big_data_scd_all_types_project/.venv/lib/python3.11/site-packages/airflow/example_dags/example_sensor_decorator.py
[2024-04-04T01:13:59.380-0500] {logging_mixin.py:188} INFO - [2024-04-04T01:13:59.380-0500] {dag.py:3047} INFO - Sync 1 DAGs
[2024-04-04T01:13:59.383-0500] {logging_mixin.py:188} INFO - [2024-04-04T01:13:59.383-0500] {dag.py:3834} INFO - Setting next_dagrun for example_sensor_decorator to None, run_after=None
[2024-04-04T01:13:59.390-0500] {processor.py:183} INFO - Processing /Volumes/SLU_CS/big_data_scd_all_types_project/.venv/lib/python3.11/site-packages/airflow/example_dags/example_sensor_decorator.py took 0.058 seconds
[2024-04-04T01:15:36.505-0500] {processor.py:161} INFO - Started process (PID=33690) to work on /Volumes/SLU_CS/big_data_scd_all_types_project/.venv/lib/python3.11/site-packages/airflow/example_dags/example_sensor_decorator.py
[2024-04-04T01:15:36.506-0500] {processor.py:830} INFO - Processing file /Volumes/SLU_CS/big_data_scd_all_types_project/.venv/lib/python3.11/site-packages/airflow/example_dags/example_sensor_decorator.py for tasks to queue
[2024-04-04T01:15:36.506-0500] {logging_mixin.py:188} INFO - [2024-04-04T01:15:36.506-0500] {dagbag.py:540} INFO - Filling up the DagBag from /Volumes/SLU_CS/big_data_scd_all_types_project/.venv/lib/python3.11/site-packages/airflow/example_dags/example_sensor_decorator.py
[2024-04-04T01:15:36.519-0500] {processor.py:840} INFO - DAG(s) 'example_sensor_decorator' retrieved from /Volumes/SLU_CS/big_data_scd_all_types_project/.venv/lib/python3.11/site-packages/airflow/example_dags/example_sensor_decorator.py
[2024-04-04T01:15:36.550-0500] {logging_mixin.py:188} INFO - [2024-04-04T01:15:36.550-0500] {dag.py:3047} INFO - Sync 1 DAGs
[2024-04-04T01:15:36.553-0500] {logging_mixin.py:188} INFO - [2024-04-04T01:15:36.553-0500] {dag.py:3834} INFO - Setting next_dagrun for example_sensor_decorator to None, run_after=None
[2024-04-04T01:15:36.559-0500] {processor.py:183} INFO - Processing /Volumes/SLU_CS/big_data_scd_all_types_project/.venv/lib/python3.11/site-packages/airflow/example_dags/example_sensor_decorator.py took 0.055 seconds
[2024-04-04T01:17:16.839-0500] {processor.py:161} INFO - Started process (PID=33859) to work on /Volumes/SLU_CS/big_data_scd_all_types_project/.venv/lib/python3.11/site-packages/airflow/example_dags/example_sensor_decorator.py
[2024-04-04T01:17:16.839-0500] {processor.py:830} INFO - Processing file /Volumes/SLU_CS/big_data_scd_all_types_project/.venv/lib/python3.11/site-packages/airflow/example_dags/example_sensor_decorator.py for tasks to queue
[2024-04-04T01:17:16.840-0500] {logging_mixin.py:188} INFO - [2024-04-04T01:17:16.840-0500] {dagbag.py:540} INFO - Filling up the DagBag from /Volumes/SLU_CS/big_data_scd_all_types_project/.venv/lib/python3.11/site-packages/airflow/example_dags/example_sensor_decorator.py
[2024-04-04T01:17:16.855-0500] {processor.py:840} INFO - DAG(s) 'example_sensor_decorator' retrieved from /Volumes/SLU_CS/big_data_scd_all_types_project/.venv/lib/python3.11/site-packages/airflow/example_dags/example_sensor_decorator.py
[2024-04-04T01:17:16.888-0500] {logging_mixin.py:188} INFO - [2024-04-04T01:17:16.888-0500] {dag.py:3047} INFO - Sync 1 DAGs
[2024-04-04T01:17:16.891-0500] {logging_mixin.py:188} INFO - [2024-04-04T01:17:16.891-0500] {dag.py:3834} INFO - Setting next_dagrun for example_sensor_decorator to None, run_after=None
[2024-04-04T01:17:16.897-0500] {processor.py:183} INFO - Processing /Volumes/SLU_CS/big_data_scd_all_types_project/.venv/lib/python3.11/site-packages/airflow/example_dags/example_sensor_decorator.py took 0.060 seconds
[2024-04-04T01:19:05.320-0500] {processor.py:161} INFO - Started process (PID=34122) to work on /Volumes/SLU_CS/big_data_scd_all_types_project/.venv/lib/python3.11/site-packages/airflow/example_dags/example_sensor_decorator.py
[2024-04-04T01:19:05.321-0500] {processor.py:830} INFO - Processing file /Volumes/SLU_CS/big_data_scd_all_types_project/.venv/lib/python3.11/site-packages/airflow/example_dags/example_sensor_decorator.py for tasks to queue
[2024-04-04T01:19:05.321-0500] {logging_mixin.py:188} INFO - [2024-04-04T01:19:05.321-0500] {dagbag.py:540} INFO - Filling up the DagBag from /Volumes/SLU_CS/big_data_scd_all_types_project/.venv/lib/python3.11/site-packages/airflow/example_dags/example_sensor_decorator.py
[2024-04-04T01:19:05.337-0500] {processor.py:840} INFO - DAG(s) 'example_sensor_decorator' retrieved from /Volumes/SLU_CS/big_data_scd_all_types_project/.venv/lib/python3.11/site-packages/airflow/example_dags/example_sensor_decorator.py
[2024-04-04T01:19:05.370-0500] {logging_mixin.py:188} INFO - [2024-04-04T01:19:05.370-0500] {dag.py:3047} INFO - Sync 1 DAGs
[2024-04-04T01:19:05.373-0500] {logging_mixin.py:188} INFO - [2024-04-04T01:19:05.373-0500] {dag.py:3834} INFO - Setting next_dagrun for example_sensor_decorator to None, run_after=None
[2024-04-04T01:19:05.380-0500] {processor.py:183} INFO - Processing /Volumes/SLU_CS/big_data_scd_all_types_project/.venv/lib/python3.11/site-packages/airflow/example_dags/example_sensor_decorator.py took 0.061 seconds
[2024-04-04T01:20:53.298-0500] {processor.py:161} INFO - Started process (PID=34335) to work on /Volumes/SLU_CS/big_data_scd_all_types_project/.venv/lib/python3.11/site-packages/airflow/example_dags/example_sensor_decorator.py
[2024-04-04T01:20:53.300-0500] {processor.py:830} INFO - Processing file /Volumes/SLU_CS/big_data_scd_all_types_project/.venv/lib/python3.11/site-packages/airflow/example_dags/example_sensor_decorator.py for tasks to queue
[2024-04-04T01:20:53.300-0500] {logging_mixin.py:188} INFO - [2024-04-04T01:20:53.300-0500] {dagbag.py:540} INFO - Filling up the DagBag from /Volumes/SLU_CS/big_data_scd_all_types_project/.venv/lib/python3.11/site-packages/airflow/example_dags/example_sensor_decorator.py
[2024-04-04T01:20:53.313-0500] {processor.py:840} INFO - DAG(s) 'example_sensor_decorator' retrieved from /Volumes/SLU_CS/big_data_scd_all_types_project/.venv/lib/python3.11/site-packages/airflow/example_dags/example_sensor_decorator.py
[2024-04-04T01:20:53.345-0500] {logging_mixin.py:188} INFO - [2024-04-04T01:20:53.345-0500] {dag.py:3047} INFO - Sync 1 DAGs
[2024-04-04T01:20:53.348-0500] {logging_mixin.py:188} INFO - [2024-04-04T01:20:53.348-0500] {dag.py:3834} INFO - Setting next_dagrun for example_sensor_decorator to None, run_after=None
[2024-04-04T01:20:53.355-0500] {processor.py:183} INFO - Processing /Volumes/SLU_CS/big_data_scd_all_types_project/.venv/lib/python3.11/site-packages/airflow/example_dags/example_sensor_decorator.py took 0.058 seconds
