[2024-04-04T01:02:47.208-0500] {processor.py:161} INFO - Started process (PID=31982) to work on /Volumes/SLU_CS/big_data_scd_all_types_project/.venv/lib/python3.11/site-packages/airflow/example_dags/example_complex.py
[2024-04-04T01:02:47.214-0500] {processor.py:830} INFO - Processing file /Volumes/SLU_CS/big_data_scd_all_types_project/.venv/lib/python3.11/site-packages/airflow/example_dags/example_complex.py for tasks to queue
[2024-04-04T01:02:47.214-0500] {logging_mixin.py:188} INFO - [2024-04-04T01:02:47.214-0500] {dagbag.py:540} INFO - Filling up the DagBag from /Volumes/SLU_CS/big_data_scd_all_types_project/.venv/lib/python3.11/site-packages/airflow/example_dags/example_complex.py
[2024-04-04T01:02:47.221-0500] {processor.py:840} INFO - DAG(s) 'example_complex' retrieved from /Volumes/SLU_CS/big_data_scd_all_types_project/.venv/lib/python3.11/site-packages/airflow/example_dags/example_complex.py
[2024-04-04T01:02:47.313-0500] {logging_mixin.py:188} INFO - [2024-04-04T01:02:47.312-0500] {dag.py:3047} INFO - Sync 1 DAGs
[2024-04-04T01:02:47.315-0500] {logging_mixin.py:188} INFO - [2024-04-04T01:02:47.315-0500] {dag.py:3834} INFO - Setting next_dagrun for example_complex to None, run_after=None
[2024-04-04T01:02:47.322-0500] {processor.py:183} INFO - Processing /Volumes/SLU_CS/big_data_scd_all_types_project/.venv/lib/python3.11/site-packages/airflow/example_dags/example_complex.py took 0.116 seconds
[2024-04-04T01:04:32.088-0500] {processor.py:161} INFO - Started process (PID=32263) to work on /Volumes/SLU_CS/big_data_scd_all_types_project/.venv/lib/python3.11/site-packages/airflow/example_dags/example_complex.py
[2024-04-04T01:04:32.089-0500] {processor.py:830} INFO - Processing file /Volumes/SLU_CS/big_data_scd_all_types_project/.venv/lib/python3.11/site-packages/airflow/example_dags/example_complex.py for tasks to queue
[2024-04-04T01:04:32.089-0500] {logging_mixin.py:188} INFO - [2024-04-04T01:04:32.089-0500] {dagbag.py:540} INFO - Filling up the DagBag from /Volumes/SLU_CS/big_data_scd_all_types_project/.venv/lib/python3.11/site-packages/airflow/example_dags/example_complex.py
[2024-04-04T01:04:32.094-0500] {processor.py:840} INFO - DAG(s) 'example_complex' retrieved from /Volumes/SLU_CS/big_data_scd_all_types_project/.venv/lib/python3.11/site-packages/airflow/example_dags/example_complex.py
[2024-04-04T01:04:32.130-0500] {logging_mixin.py:188} INFO - [2024-04-04T01:04:32.130-0500] {dag.py:3047} INFO - Sync 1 DAGs
[2024-04-04T01:04:32.133-0500] {logging_mixin.py:188} INFO - [2024-04-04T01:04:32.133-0500] {dag.py:3834} INFO - Setting next_dagrun for example_complex to None, run_after=None
[2024-04-04T01:04:32.140-0500] {processor.py:183} INFO - Processing /Volumes/SLU_CS/big_data_scd_all_types_project/.venv/lib/python3.11/site-packages/airflow/example_dags/example_complex.py took 0.053 seconds
[2024-04-04T01:06:15.059-0500] {processor.py:161} INFO - Started process (PID=32451) to work on /Volumes/SLU_CS/big_data_scd_all_types_project/.venv/lib/python3.11/site-packages/airflow/example_dags/example_complex.py
[2024-04-04T01:06:15.060-0500] {processor.py:830} INFO - Processing file /Volumes/SLU_CS/big_data_scd_all_types_project/.venv/lib/python3.11/site-packages/airflow/example_dags/example_complex.py for tasks to queue
[2024-04-04T01:06:15.060-0500] {logging_mixin.py:188} INFO - [2024-04-04T01:06:15.060-0500] {dagbag.py:540} INFO - Filling up the DagBag from /Volumes/SLU_CS/big_data_scd_all_types_project/.venv/lib/python3.11/site-packages/airflow/example_dags/example_complex.py
[2024-04-04T01:06:15.065-0500] {processor.py:840} INFO - DAG(s) 'example_complex' retrieved from /Volumes/SLU_CS/big_data_scd_all_types_project/.venv/lib/python3.11/site-packages/airflow/example_dags/example_complex.py
[2024-04-04T01:06:15.101-0500] {logging_mixin.py:188} INFO - [2024-04-04T01:06:15.101-0500] {dag.py:3047} INFO - Sync 1 DAGs
[2024-04-04T01:06:15.104-0500] {logging_mixin.py:188} INFO - [2024-04-04T01:06:15.104-0500] {dag.py:3834} INFO - Setting next_dagrun for example_complex to None, run_after=None
[2024-04-04T01:06:15.111-0500] {processor.py:183} INFO - Processing /Volumes/SLU_CS/big_data_scd_all_types_project/.venv/lib/python3.11/site-packages/airflow/example_dags/example_complex.py took 0.052 seconds
[2024-04-04T01:07:56.820-0500] {processor.py:161} INFO - Started process (PID=32657) to work on /Volumes/SLU_CS/big_data_scd_all_types_project/.venv/lib/python3.11/site-packages/airflow/example_dags/example_complex.py
[2024-04-04T01:07:56.820-0500] {processor.py:830} INFO - Processing file /Volumes/SLU_CS/big_data_scd_all_types_project/.venv/lib/python3.11/site-packages/airflow/example_dags/example_complex.py for tasks to queue
[2024-04-04T01:07:56.821-0500] {logging_mixin.py:188} INFO - [2024-04-04T01:07:56.820-0500] {dagbag.py:540} INFO - Filling up the DagBag from /Volumes/SLU_CS/big_data_scd_all_types_project/.venv/lib/python3.11/site-packages/airflow/example_dags/example_complex.py
[2024-04-04T01:07:56.825-0500] {processor.py:840} INFO - DAG(s) 'example_complex' retrieved from /Volumes/SLU_CS/big_data_scd_all_types_project/.venv/lib/python3.11/site-packages/airflow/example_dags/example_complex.py
[2024-04-04T01:07:56.858-0500] {logging_mixin.py:188} INFO - [2024-04-04T01:07:56.857-0500] {dag.py:3047} INFO - Sync 1 DAGs
[2024-04-04T01:07:56.860-0500] {logging_mixin.py:188} INFO - [2024-04-04T01:07:56.860-0500] {dag.py:3834} INFO - Setting next_dagrun for example_complex to None, run_after=None
[2024-04-04T01:07:56.867-0500] {processor.py:183} INFO - Processing /Volumes/SLU_CS/big_data_scd_all_types_project/.venv/lib/python3.11/site-packages/airflow/example_dags/example_complex.py took 0.048 seconds
[2024-04-04T01:09:44.191-0500] {processor.py:161} INFO - Started process (PID=32847) to work on /Volumes/SLU_CS/big_data_scd_all_types_project/.venv/lib/python3.11/site-packages/airflow/example_dags/example_complex.py
[2024-04-04T01:09:44.192-0500] {processor.py:830} INFO - Processing file /Volumes/SLU_CS/big_data_scd_all_types_project/.venv/lib/python3.11/site-packages/airflow/example_dags/example_complex.py for tasks to queue
[2024-04-04T01:09:44.192-0500] {logging_mixin.py:188} INFO - [2024-04-04T01:09:44.192-0500] {dagbag.py:540} INFO - Filling up the DagBag from /Volumes/SLU_CS/big_data_scd_all_types_project/.venv/lib/python3.11/site-packages/airflow/example_dags/example_complex.py
[2024-04-04T01:09:44.196-0500] {processor.py:840} INFO - DAG(s) 'example_complex' retrieved from /Volumes/SLU_CS/big_data_scd_all_types_project/.venv/lib/python3.11/site-packages/airflow/example_dags/example_complex.py
[2024-04-04T01:09:44.230-0500] {logging_mixin.py:188} INFO - [2024-04-04T01:09:44.230-0500] {dag.py:3047} INFO - Sync 1 DAGs
[2024-04-04T01:09:44.233-0500] {logging_mixin.py:188} INFO - [2024-04-04T01:09:44.233-0500] {dag.py:3834} INFO - Setting next_dagrun for example_complex to None, run_after=None
[2024-04-04T01:09:44.240-0500] {processor.py:183} INFO - Processing /Volumes/SLU_CS/big_data_scd_all_types_project/.venv/lib/python3.11/site-packages/airflow/example_dags/example_complex.py took 0.051 seconds
[2024-04-04T01:11:24.092-0500] {processor.py:161} INFO - Started process (PID=33106) to work on /Volumes/SLU_CS/big_data_scd_all_types_project/.venv/lib/python3.11/site-packages/airflow/example_dags/example_complex.py
[2024-04-04T01:11:24.092-0500] {processor.py:830} INFO - Processing file /Volumes/SLU_CS/big_data_scd_all_types_project/.venv/lib/python3.11/site-packages/airflow/example_dags/example_complex.py for tasks to queue
[2024-04-04T01:11:24.093-0500] {logging_mixin.py:188} INFO - [2024-04-04T01:11:24.093-0500] {dagbag.py:540} INFO - Filling up the DagBag from /Volumes/SLU_CS/big_data_scd_all_types_project/.venv/lib/python3.11/site-packages/airflow/example_dags/example_complex.py
[2024-04-04T01:11:24.097-0500] {processor.py:840} INFO - DAG(s) 'example_complex' retrieved from /Volumes/SLU_CS/big_data_scd_all_types_project/.venv/lib/python3.11/site-packages/airflow/example_dags/example_complex.py
[2024-04-04T01:11:24.135-0500] {logging_mixin.py:188} INFO - [2024-04-04T01:11:24.135-0500] {dag.py:3047} INFO - Sync 1 DAGs
[2024-04-04T01:11:24.139-0500] {logging_mixin.py:188} INFO - [2024-04-04T01:11:24.139-0500] {dag.py:3834} INFO - Setting next_dagrun for example_complex to None, run_after=None
[2024-04-04T01:11:24.148-0500] {processor.py:183} INFO - Processing /Volumes/SLU_CS/big_data_scd_all_types_project/.venv/lib/python3.11/site-packages/airflow/example_dags/example_complex.py took 0.057 seconds
[2024-04-04T01:13:09.474-0500] {processor.py:161} INFO - Started process (PID=33423) to work on /Volumes/SLU_CS/big_data_scd_all_types_project/.venv/lib/python3.11/site-packages/airflow/example_dags/example_complex.py
[2024-04-04T01:13:09.475-0500] {processor.py:830} INFO - Processing file /Volumes/SLU_CS/big_data_scd_all_types_project/.venv/lib/python3.11/site-packages/airflow/example_dags/example_complex.py for tasks to queue
[2024-04-04T01:13:09.475-0500] {logging_mixin.py:188} INFO - [2024-04-04T01:13:09.475-0500] {dagbag.py:540} INFO - Filling up the DagBag from /Volumes/SLU_CS/big_data_scd_all_types_project/.venv/lib/python3.11/site-packages/airflow/example_dags/example_complex.py
[2024-04-04T01:13:09.480-0500] {processor.py:840} INFO - DAG(s) 'example_complex' retrieved from /Volumes/SLU_CS/big_data_scd_all_types_project/.venv/lib/python3.11/site-packages/airflow/example_dags/example_complex.py
[2024-04-04T01:13:09.514-0500] {logging_mixin.py:188} INFO - [2024-04-04T01:13:09.514-0500] {dag.py:3047} INFO - Sync 1 DAGs
[2024-04-04T01:13:09.517-0500] {logging_mixin.py:188} INFO - [2024-04-04T01:13:09.517-0500] {dag.py:3834} INFO - Setting next_dagrun for example_complex to None, run_after=None
[2024-04-04T01:13:09.524-0500] {processor.py:183} INFO - Processing /Volumes/SLU_CS/big_data_scd_all_types_project/.venv/lib/python3.11/site-packages/airflow/example_dags/example_complex.py took 0.051 seconds
[2024-04-04T01:14:47.403-0500] {processor.py:161} INFO - Started process (PID=33605) to work on /Volumes/SLU_CS/big_data_scd_all_types_project/.venv/lib/python3.11/site-packages/airflow/example_dags/example_complex.py
[2024-04-04T01:14:47.404-0500] {processor.py:830} INFO - Processing file /Volumes/SLU_CS/big_data_scd_all_types_project/.venv/lib/python3.11/site-packages/airflow/example_dags/example_complex.py for tasks to queue
[2024-04-04T01:14:47.404-0500] {logging_mixin.py:188} INFO - [2024-04-04T01:14:47.404-0500] {dagbag.py:540} INFO - Filling up the DagBag from /Volumes/SLU_CS/big_data_scd_all_types_project/.venv/lib/python3.11/site-packages/airflow/example_dags/example_complex.py
[2024-04-04T01:14:47.408-0500] {processor.py:840} INFO - DAG(s) 'example_complex' retrieved from /Volumes/SLU_CS/big_data_scd_all_types_project/.venv/lib/python3.11/site-packages/airflow/example_dags/example_complex.py
[2024-04-04T01:14:47.444-0500] {logging_mixin.py:188} INFO - [2024-04-04T01:14:47.444-0500] {dag.py:3047} INFO - Sync 1 DAGs
[2024-04-04T01:14:47.447-0500] {logging_mixin.py:188} INFO - [2024-04-04T01:14:47.447-0500] {dag.py:3834} INFO - Setting next_dagrun for example_complex to None, run_after=None
[2024-04-04T01:14:47.455-0500] {processor.py:183} INFO - Processing /Volumes/SLU_CS/big_data_scd_all_types_project/.venv/lib/python3.11/site-packages/airflow/example_dags/example_complex.py took 0.053 seconds
[2024-04-04T01:16:21.587-0500] {processor.py:161} INFO - Started process (PID=33750) to work on /Volumes/SLU_CS/big_data_scd_all_types_project/.venv/lib/python3.11/site-packages/airflow/example_dags/example_complex.py
[2024-04-04T01:16:21.588-0500] {processor.py:830} INFO - Processing file /Volumes/SLU_CS/big_data_scd_all_types_project/.venv/lib/python3.11/site-packages/airflow/example_dags/example_complex.py for tasks to queue
[2024-04-04T01:16:21.589-0500] {logging_mixin.py:188} INFO - [2024-04-04T01:16:21.588-0500] {dagbag.py:540} INFO - Filling up the DagBag from /Volumes/SLU_CS/big_data_scd_all_types_project/.venv/lib/python3.11/site-packages/airflow/example_dags/example_complex.py
[2024-04-04T01:16:21.593-0500] {processor.py:840} INFO - DAG(s) 'example_complex' retrieved from /Volumes/SLU_CS/big_data_scd_all_types_project/.venv/lib/python3.11/site-packages/airflow/example_dags/example_complex.py
[2024-04-04T01:16:21.626-0500] {logging_mixin.py:188} INFO - [2024-04-04T01:16:21.626-0500] {dag.py:3047} INFO - Sync 1 DAGs
[2024-04-04T01:16:21.629-0500] {logging_mixin.py:188} INFO - [2024-04-04T01:16:21.629-0500] {dag.py:3834} INFO - Setting next_dagrun for example_complex to None, run_after=None
[2024-04-04T01:16:21.636-0500] {processor.py:183} INFO - Processing /Volumes/SLU_CS/big_data_scd_all_types_project/.venv/lib/python3.11/site-packages/airflow/example_dags/example_complex.py took 0.049 seconds
[2024-04-04T01:18:08.815-0500] {processor.py:161} INFO - Started process (PID=33932) to work on /Volumes/SLU_CS/big_data_scd_all_types_project/.venv/lib/python3.11/site-packages/airflow/example_dags/example_complex.py
[2024-04-04T01:18:08.817-0500] {processor.py:830} INFO - Processing file /Volumes/SLU_CS/big_data_scd_all_types_project/.venv/lib/python3.11/site-packages/airflow/example_dags/example_complex.py for tasks to queue
[2024-04-04T01:18:08.817-0500] {logging_mixin.py:188} INFO - [2024-04-04T01:18:08.817-0500] {dagbag.py:540} INFO - Filling up the DagBag from /Volumes/SLU_CS/big_data_scd_all_types_project/.venv/lib/python3.11/site-packages/airflow/example_dags/example_complex.py
[2024-04-04T01:18:08.821-0500] {processor.py:840} INFO - DAG(s) 'example_complex' retrieved from /Volumes/SLU_CS/big_data_scd_all_types_project/.venv/lib/python3.11/site-packages/airflow/example_dags/example_complex.py
[2024-04-04T01:18:08.854-0500] {logging_mixin.py:188} INFO - [2024-04-04T01:18:08.854-0500] {dag.py:3047} INFO - Sync 1 DAGs
[2024-04-04T01:18:08.857-0500] {logging_mixin.py:188} INFO - [2024-04-04T01:18:08.857-0500] {dag.py:3834} INFO - Setting next_dagrun for example_complex to None, run_after=None
[2024-04-04T01:18:08.864-0500] {processor.py:183} INFO - Processing /Volumes/SLU_CS/big_data_scd_all_types_project/.venv/lib/python3.11/site-packages/airflow/example_dags/example_complex.py took 0.050 seconds
[2024-04-04T01:20:00.235-0500] {processor.py:161} INFO - Started process (PID=34228) to work on /Volumes/SLU_CS/big_data_scd_all_types_project/.venv/lib/python3.11/site-packages/airflow/example_dags/example_complex.py
[2024-04-04T01:20:00.236-0500] {processor.py:830} INFO - Processing file /Volumes/SLU_CS/big_data_scd_all_types_project/.venv/lib/python3.11/site-packages/airflow/example_dags/example_complex.py for tasks to queue
[2024-04-04T01:20:00.236-0500] {logging_mixin.py:188} INFO - [2024-04-04T01:20:00.236-0500] {dagbag.py:540} INFO - Filling up the DagBag from /Volumes/SLU_CS/big_data_scd_all_types_project/.venv/lib/python3.11/site-packages/airflow/example_dags/example_complex.py
[2024-04-04T01:20:00.242-0500] {processor.py:840} INFO - DAG(s) 'example_complex' retrieved from /Volumes/SLU_CS/big_data_scd_all_types_project/.venv/lib/python3.11/site-packages/airflow/example_dags/example_complex.py
[2024-04-04T01:20:00.279-0500] {logging_mixin.py:188} INFO - [2024-04-04T01:20:00.279-0500] {dag.py:3047} INFO - Sync 1 DAGs
[2024-04-04T01:20:00.282-0500] {logging_mixin.py:188} INFO - [2024-04-04T01:20:00.282-0500] {dag.py:3834} INFO - Setting next_dagrun for example_complex to None, run_after=None
[2024-04-04T01:20:00.290-0500] {processor.py:183} INFO - Processing /Volumes/SLU_CS/big_data_scd_all_types_project/.venv/lib/python3.11/site-packages/airflow/example_dags/example_complex.py took 0.056 seconds
