[2024-04-04T01:02:17.661-0500] {processor.py:161} INFO - Started process (PID=31930) to work on /Volumes/SLU_CS/big_data_scd_all_types_project/.venv/lib/python3.11/site-packages/airflow/example_dags/example_sensors.py
[2024-04-04T01:02:17.662-0500] {processor.py:830} INFO - Processing file /Volumes/SLU_CS/big_data_scd_all_types_project/.venv/lib/python3.11/site-packages/airflow/example_dags/example_sensors.py for tasks to queue
[2024-04-04T01:02:17.662-0500] {logging_mixin.py:188} INFO - [2024-04-04T01:02:17.662-0500] {dagbag.py:540} INFO - Filling up the DagBag from /Volumes/SLU_CS/big_data_scd_all_types_project/.venv/lib/python3.11/site-packages/airflow/example_dags/example_sensors.py
[2024-04-04T01:02:17.669-0500] {processor.py:840} INFO - DAG(s) 'example_sensors' retrieved from /Volumes/SLU_CS/big_data_scd_all_types_project/.venv/lib/python3.11/site-packages/airflow/example_dags/example_sensors.py
[2024-04-04T01:02:17.769-0500] {logging_mixin.py:188} INFO - [2024-04-04T01:02:17.769-0500] {dag.py:3047} INFO - Sync 1 DAGs
[2024-04-04T01:02:17.772-0500] {logging_mixin.py:188} INFO - [2024-04-04T01:02:17.772-0500] {dag.py:3834} INFO - Setting next_dagrun for example_sensors to None, run_after=None
[2024-04-04T01:02:17.779-0500] {processor.py:183} INFO - Processing /Volumes/SLU_CS/big_data_scd_all_types_project/.venv/lib/python3.11/site-packages/airflow/example_dags/example_sensors.py took 0.118 seconds
[2024-04-04T01:03:40.583-0500] {processor.py:161} INFO - Started process (PID=32118) to work on /Volumes/SLU_CS/big_data_scd_all_types_project/.venv/lib/python3.11/site-packages/airflow/example_dags/example_sensors.py
[2024-04-04T01:03:40.584-0500] {processor.py:830} INFO - Processing file /Volumes/SLU_CS/big_data_scd_all_types_project/.venv/lib/python3.11/site-packages/airflow/example_dags/example_sensors.py for tasks to queue
[2024-04-04T01:03:40.584-0500] {logging_mixin.py:188} INFO - [2024-04-04T01:03:40.584-0500] {dagbag.py:540} INFO - Filling up the DagBag from /Volumes/SLU_CS/big_data_scd_all_types_project/.venv/lib/python3.11/site-packages/airflow/example_dags/example_sensors.py
[2024-04-04T01:03:40.590-0500] {processor.py:840} INFO - DAG(s) 'example_sensors' retrieved from /Volumes/SLU_CS/big_data_scd_all_types_project/.venv/lib/python3.11/site-packages/airflow/example_dags/example_sensors.py
[2024-04-04T01:03:40.625-0500] {logging_mixin.py:188} INFO - [2024-04-04T01:03:40.625-0500] {dag.py:3047} INFO - Sync 1 DAGs
[2024-04-04T01:03:40.628-0500] {logging_mixin.py:188} INFO - [2024-04-04T01:03:40.628-0500] {dag.py:3834} INFO - Setting next_dagrun for example_sensors to None, run_after=None
[2024-04-04T01:03:40.635-0500] {processor.py:183} INFO - Processing /Volumes/SLU_CS/big_data_scd_all_types_project/.venv/lib/python3.11/site-packages/airflow/example_dags/example_sensors.py took 0.052 seconds
[2024-04-04T01:05:23.201-0500] {processor.py:161} INFO - Started process (PID=32331) to work on /Volumes/SLU_CS/big_data_scd_all_types_project/.venv/lib/python3.11/site-packages/airflow/example_dags/example_sensors.py
[2024-04-04T01:05:23.202-0500] {processor.py:830} INFO - Processing file /Volumes/SLU_CS/big_data_scd_all_types_project/.venv/lib/python3.11/site-packages/airflow/example_dags/example_sensors.py for tasks to queue
[2024-04-04T01:05:23.202-0500] {logging_mixin.py:188} INFO - [2024-04-04T01:05:23.202-0500] {dagbag.py:540} INFO - Filling up the DagBag from /Volumes/SLU_CS/big_data_scd_all_types_project/.venv/lib/python3.11/site-packages/airflow/example_dags/example_sensors.py
[2024-04-04T01:05:23.208-0500] {processor.py:840} INFO - DAG(s) 'example_sensors' retrieved from /Volumes/SLU_CS/big_data_scd_all_types_project/.venv/lib/python3.11/site-packages/airflow/example_dags/example_sensors.py
[2024-04-04T01:05:23.247-0500] {logging_mixin.py:188} INFO - [2024-04-04T01:05:23.247-0500] {dag.py:3047} INFO - Sync 1 DAGs
[2024-04-04T01:05:23.251-0500] {logging_mixin.py:188} INFO - [2024-04-04T01:05:23.251-0500] {dag.py:3834} INFO - Setting next_dagrun for example_sensors to None, run_after=None
[2024-04-04T01:05:23.259-0500] {processor.py:183} INFO - Processing /Volumes/SLU_CS/big_data_scd_all_types_project/.venv/lib/python3.11/site-packages/airflow/example_dags/example_sensors.py took 0.059 seconds
[2024-04-04T01:07:26.847-0500] {processor.py:161} INFO - Started process (PID=32612) to work on /Volumes/SLU_CS/big_data_scd_all_types_project/.venv/lib/python3.11/site-packages/airflow/example_dags/example_sensors.py
[2024-04-04T01:07:26.848-0500] {processor.py:830} INFO - Processing file /Volumes/SLU_CS/big_data_scd_all_types_project/.venv/lib/python3.11/site-packages/airflow/example_dags/example_sensors.py for tasks to queue
[2024-04-04T01:07:26.848-0500] {logging_mixin.py:188} INFO - [2024-04-04T01:07:26.848-0500] {dagbag.py:540} INFO - Filling up the DagBag from /Volumes/SLU_CS/big_data_scd_all_types_project/.venv/lib/python3.11/site-packages/airflow/example_dags/example_sensors.py
[2024-04-04T01:07:26.855-0500] {processor.py:840} INFO - DAG(s) 'example_sensors' retrieved from /Volumes/SLU_CS/big_data_scd_all_types_project/.venv/lib/python3.11/site-packages/airflow/example_dags/example_sensors.py
[2024-04-04T01:07:26.889-0500] {logging_mixin.py:188} INFO - [2024-04-04T01:07:26.889-0500] {dag.py:3047} INFO - Sync 1 DAGs
[2024-04-04T01:07:26.892-0500] {logging_mixin.py:188} INFO - [2024-04-04T01:07:26.892-0500] {dag.py:3834} INFO - Setting next_dagrun for example_sensors to None, run_after=None
[2024-04-04T01:07:26.899-0500] {processor.py:183} INFO - Processing /Volumes/SLU_CS/big_data_scd_all_types_project/.venv/lib/python3.11/site-packages/airflow/example_dags/example_sensors.py took 0.054 seconds
[2024-04-04T01:08:51.060-0500] {processor.py:161} INFO - Started process (PID=32739) to work on /Volumes/SLU_CS/big_data_scd_all_types_project/.venv/lib/python3.11/site-packages/airflow/example_dags/example_sensors.py
[2024-04-04T01:08:51.060-0500] {processor.py:830} INFO - Processing file /Volumes/SLU_CS/big_data_scd_all_types_project/.venv/lib/python3.11/site-packages/airflow/example_dags/example_sensors.py for tasks to queue
[2024-04-04T01:08:51.061-0500] {logging_mixin.py:188} INFO - [2024-04-04T01:08:51.061-0500] {dagbag.py:540} INFO - Filling up the DagBag from /Volumes/SLU_CS/big_data_scd_all_types_project/.venv/lib/python3.11/site-packages/airflow/example_dags/example_sensors.py
[2024-04-04T01:08:51.068-0500] {processor.py:840} INFO - DAG(s) 'example_sensors' retrieved from /Volumes/SLU_CS/big_data_scd_all_types_project/.venv/lib/python3.11/site-packages/airflow/example_dags/example_sensors.py
[2024-04-04T01:08:51.103-0500] {logging_mixin.py:188} INFO - [2024-04-04T01:08:51.103-0500] {dag.py:3047} INFO - Sync 1 DAGs
[2024-04-04T01:08:51.106-0500] {logging_mixin.py:188} INFO - [2024-04-04T01:08:51.106-0500] {dag.py:3834} INFO - Setting next_dagrun for example_sensors to None, run_after=None
[2024-04-04T01:08:51.113-0500] {processor.py:183} INFO - Processing /Volumes/SLU_CS/big_data_scd_all_types_project/.venv/lib/python3.11/site-packages/airflow/example_dags/example_sensors.py took 0.054 seconds
[2024-04-04T01:10:32.440-0500] {processor.py:161} INFO - Started process (PID=32972) to work on /Volumes/SLU_CS/big_data_scd_all_types_project/.venv/lib/python3.11/site-packages/airflow/example_dags/example_sensors.py
[2024-04-04T01:10:32.440-0500] {processor.py:830} INFO - Processing file /Volumes/SLU_CS/big_data_scd_all_types_project/.venv/lib/python3.11/site-packages/airflow/example_dags/example_sensors.py for tasks to queue
[2024-04-04T01:10:32.440-0500] {logging_mixin.py:188} INFO - [2024-04-04T01:10:32.440-0500] {dagbag.py:540} INFO - Filling up the DagBag from /Volumes/SLU_CS/big_data_scd_all_types_project/.venv/lib/python3.11/site-packages/airflow/example_dags/example_sensors.py
[2024-04-04T01:10:32.446-0500] {processor.py:840} INFO - DAG(s) 'example_sensors' retrieved from /Volumes/SLU_CS/big_data_scd_all_types_project/.venv/lib/python3.11/site-packages/airflow/example_dags/example_sensors.py
[2024-04-04T01:10:32.481-0500] {logging_mixin.py:188} INFO - [2024-04-04T01:10:32.481-0500] {dag.py:3047} INFO - Sync 1 DAGs
[2024-04-04T01:10:32.484-0500] {logging_mixin.py:188} INFO - [2024-04-04T01:10:32.484-0500] {dag.py:3834} INFO - Setting next_dagrun for example_sensors to None, run_after=None
[2024-04-04T01:10:32.491-0500] {processor.py:183} INFO - Processing /Volumes/SLU_CS/big_data_scd_all_types_project/.venv/lib/python3.11/site-packages/airflow/example_dags/example_sensors.py took 0.052 seconds
[2024-04-04T01:12:18.856-0500] {processor.py:161} INFO - Started process (PID=33275) to work on /Volumes/SLU_CS/big_data_scd_all_types_project/.venv/lib/python3.11/site-packages/airflow/example_dags/example_sensors.py
[2024-04-04T01:12:18.857-0500] {processor.py:830} INFO - Processing file /Volumes/SLU_CS/big_data_scd_all_types_project/.venv/lib/python3.11/site-packages/airflow/example_dags/example_sensors.py for tasks to queue
[2024-04-04T01:12:18.858-0500] {logging_mixin.py:188} INFO - [2024-04-04T01:12:18.858-0500] {dagbag.py:540} INFO - Filling up the DagBag from /Volumes/SLU_CS/big_data_scd_all_types_project/.venv/lib/python3.11/site-packages/airflow/example_dags/example_sensors.py
[2024-04-04T01:12:18.866-0500] {processor.py:840} INFO - DAG(s) 'example_sensors' retrieved from /Volumes/SLU_CS/big_data_scd_all_types_project/.venv/lib/python3.11/site-packages/airflow/example_dags/example_sensors.py
[2024-04-04T01:12:18.903-0500] {logging_mixin.py:188} INFO - [2024-04-04T01:12:18.903-0500] {dag.py:3047} INFO - Sync 1 DAGs
[2024-04-04T01:12:18.907-0500] {logging_mixin.py:188} INFO - [2024-04-04T01:12:18.907-0500] {dag.py:3834} INFO - Setting next_dagrun for example_sensors to None, run_after=None
[2024-04-04T01:12:18.914-0500] {processor.py:183} INFO - Processing /Volumes/SLU_CS/big_data_scd_all_types_project/.venv/lib/python3.11/site-packages/airflow/example_dags/example_sensors.py took 0.059 seconds
[2024-04-04T01:13:57.620-0500] {processor.py:161} INFO - Started process (PID=33520) to work on /Volumes/SLU_CS/big_data_scd_all_types_project/.venv/lib/python3.11/site-packages/airflow/example_dags/example_sensors.py
[2024-04-04T01:13:57.620-0500] {processor.py:830} INFO - Processing file /Volumes/SLU_CS/big_data_scd_all_types_project/.venv/lib/python3.11/site-packages/airflow/example_dags/example_sensors.py for tasks to queue
[2024-04-04T01:13:57.621-0500] {logging_mixin.py:188} INFO - [2024-04-04T01:13:57.621-0500] {dagbag.py:540} INFO - Filling up the DagBag from /Volumes/SLU_CS/big_data_scd_all_types_project/.venv/lib/python3.11/site-packages/airflow/example_dags/example_sensors.py
[2024-04-04T01:13:57.626-0500] {processor.py:840} INFO - DAG(s) 'example_sensors' retrieved from /Volumes/SLU_CS/big_data_scd_all_types_project/.venv/lib/python3.11/site-packages/airflow/example_dags/example_sensors.py
[2024-04-04T01:13:57.661-0500] {logging_mixin.py:188} INFO - [2024-04-04T01:13:57.661-0500] {dag.py:3047} INFO - Sync 1 DAGs
[2024-04-04T01:13:57.664-0500] {logging_mixin.py:188} INFO - [2024-04-04T01:13:57.664-0500] {dag.py:3834} INFO - Setting next_dagrun for example_sensors to None, run_after=None
[2024-04-04T01:13:57.671-0500] {processor.py:183} INFO - Processing /Volumes/SLU_CS/big_data_scd_all_types_project/.venv/lib/python3.11/site-packages/airflow/example_dags/example_sensors.py took 0.052 seconds
[2024-04-04T01:15:34.772-0500] {processor.py:161} INFO - Started process (PID=33688) to work on /Volumes/SLU_CS/big_data_scd_all_types_project/.venv/lib/python3.11/site-packages/airflow/example_dags/example_sensors.py
[2024-04-04T01:15:34.773-0500] {processor.py:830} INFO - Processing file /Volumes/SLU_CS/big_data_scd_all_types_project/.venv/lib/python3.11/site-packages/airflow/example_dags/example_sensors.py for tasks to queue
[2024-04-04T01:15:34.773-0500] {logging_mixin.py:188} INFO - [2024-04-04T01:15:34.773-0500] {dagbag.py:540} INFO - Filling up the DagBag from /Volumes/SLU_CS/big_data_scd_all_types_project/.venv/lib/python3.11/site-packages/airflow/example_dags/example_sensors.py
[2024-04-04T01:15:34.781-0500] {processor.py:840} INFO - DAG(s) 'example_sensors' retrieved from /Volumes/SLU_CS/big_data_scd_all_types_project/.venv/lib/python3.11/site-packages/airflow/example_dags/example_sensors.py
[2024-04-04T01:15:34.816-0500] {logging_mixin.py:188} INFO - [2024-04-04T01:15:34.816-0500] {dag.py:3047} INFO - Sync 1 DAGs
[2024-04-04T01:15:34.819-0500] {logging_mixin.py:188} INFO - [2024-04-04T01:15:34.819-0500] {dag.py:3834} INFO - Setting next_dagrun for example_sensors to None, run_after=None
[2024-04-04T01:15:34.826-0500] {processor.py:183} INFO - Processing /Volumes/SLU_CS/big_data_scd_all_types_project/.venv/lib/python3.11/site-packages/airflow/example_dags/example_sensors.py took 0.055 seconds
[2024-04-04T01:17:15.084-0500] {processor.py:161} INFO - Started process (PID=33857) to work on /Volumes/SLU_CS/big_data_scd_all_types_project/.venv/lib/python3.11/site-packages/airflow/example_dags/example_sensors.py
[2024-04-04T01:17:15.085-0500] {processor.py:830} INFO - Processing file /Volumes/SLU_CS/big_data_scd_all_types_project/.venv/lib/python3.11/site-packages/airflow/example_dags/example_sensors.py for tasks to queue
[2024-04-04T01:17:15.085-0500] {logging_mixin.py:188} INFO - [2024-04-04T01:17:15.085-0500] {dagbag.py:540} INFO - Filling up the DagBag from /Volumes/SLU_CS/big_data_scd_all_types_project/.venv/lib/python3.11/site-packages/airflow/example_dags/example_sensors.py
[2024-04-04T01:17:15.093-0500] {processor.py:840} INFO - DAG(s) 'example_sensors' retrieved from /Volumes/SLU_CS/big_data_scd_all_types_project/.venv/lib/python3.11/site-packages/airflow/example_dags/example_sensors.py
[2024-04-04T01:17:15.130-0500] {logging_mixin.py:188} INFO - [2024-04-04T01:17:15.130-0500] {dag.py:3047} INFO - Sync 1 DAGs
[2024-04-04T01:17:15.134-0500] {logging_mixin.py:188} INFO - [2024-04-04T01:17:15.134-0500] {dag.py:3834} INFO - Setting next_dagrun for example_sensors to None, run_after=None
[2024-04-04T01:17:15.143-0500] {processor.py:183} INFO - Processing /Volumes/SLU_CS/big_data_scd_all_types_project/.venv/lib/python3.11/site-packages/airflow/example_dags/example_sensors.py took 0.060 seconds
[2024-04-04T01:19:03.425-0500] {processor.py:161} INFO - Started process (PID=34118) to work on /Volumes/SLU_CS/big_data_scd_all_types_project/.venv/lib/python3.11/site-packages/airflow/example_dags/example_sensors.py
[2024-04-04T01:19:03.426-0500] {processor.py:830} INFO - Processing file /Volumes/SLU_CS/big_data_scd_all_types_project/.venv/lib/python3.11/site-packages/airflow/example_dags/example_sensors.py for tasks to queue
[2024-04-04T01:19:03.427-0500] {logging_mixin.py:188} INFO - [2024-04-04T01:19:03.427-0500] {dagbag.py:540} INFO - Filling up the DagBag from /Volumes/SLU_CS/big_data_scd_all_types_project/.venv/lib/python3.11/site-packages/airflow/example_dags/example_sensors.py
[2024-04-04T01:19:03.432-0500] {processor.py:840} INFO - DAG(s) 'example_sensors' retrieved from /Volumes/SLU_CS/big_data_scd_all_types_project/.venv/lib/python3.11/site-packages/airflow/example_dags/example_sensors.py
[2024-04-04T01:19:03.468-0500] {logging_mixin.py:188} INFO - [2024-04-04T01:19:03.468-0500] {dag.py:3047} INFO - Sync 1 DAGs
[2024-04-04T01:19:03.472-0500] {logging_mixin.py:188} INFO - [2024-04-04T01:19:03.471-0500] {dag.py:3834} INFO - Setting next_dagrun for example_sensors to None, run_after=None
[2024-04-04T01:19:03.478-0500] {processor.py:183} INFO - Processing /Volumes/SLU_CS/big_data_scd_all_types_project/.venv/lib/python3.11/site-packages/airflow/example_dags/example_sensors.py took 0.054 seconds
[2024-04-04T01:20:51.554-0500] {processor.py:161} INFO - Started process (PID=34330) to work on /Volumes/SLU_CS/big_data_scd_all_types_project/.venv/lib/python3.11/site-packages/airflow/example_dags/example_sensors.py
[2024-04-04T01:20:51.555-0500] {processor.py:830} INFO - Processing file /Volumes/SLU_CS/big_data_scd_all_types_project/.venv/lib/python3.11/site-packages/airflow/example_dags/example_sensors.py for tasks to queue
[2024-04-04T01:20:51.555-0500] {logging_mixin.py:188} INFO - [2024-04-04T01:20:51.555-0500] {dagbag.py:540} INFO - Filling up the DagBag from /Volumes/SLU_CS/big_data_scd_all_types_project/.venv/lib/python3.11/site-packages/airflow/example_dags/example_sensors.py
[2024-04-04T01:20:51.569-0500] {processor.py:840} INFO - DAG(s) 'example_sensors' retrieved from /Volumes/SLU_CS/big_data_scd_all_types_project/.venv/lib/python3.11/site-packages/airflow/example_dags/example_sensors.py
[2024-04-04T01:20:51.606-0500] {logging_mixin.py:188} INFO - [2024-04-04T01:20:51.606-0500] {dag.py:3047} INFO - Sync 1 DAGs
[2024-04-04T01:20:51.609-0500] {logging_mixin.py:188} INFO - [2024-04-04T01:20:51.609-0500] {dag.py:3834} INFO - Setting next_dagrun for example_sensors to None, run_after=None
[2024-04-04T01:20:51.616-0500] {processor.py:183} INFO - Processing /Volumes/SLU_CS/big_data_scd_all_types_project/.venv/lib/python3.11/site-packages/airflow/example_dags/example_sensors.py took 0.062 seconds
