[2024-04-04T01:02:01.634-0500] {processor.py:161} INFO - Started process (PID=31903) to work on /Volumes/SLU_CS/big_data_scd_all_types_project/.venv/lib/python3.11/site-packages/airflow/example_dags/example_task_group_decorator.py
[2024-04-04T01:02:01.634-0500] {processor.py:830} INFO - Processing file /Volumes/SLU_CS/big_data_scd_all_types_project/.venv/lib/python3.11/site-packages/airflow/example_dags/example_task_group_decorator.py for tasks to queue
[2024-04-04T01:02:01.635-0500] {logging_mixin.py:188} INFO - [2024-04-04T01:02:01.634-0500] {dagbag.py:540} INFO - Filling up the DagBag from /Volumes/SLU_CS/big_data_scd_all_types_project/.venv/lib/python3.11/site-packages/airflow/example_dags/example_task_group_decorator.py
[2024-04-04T01:02:01.652-0500] {processor.py:840} INFO - DAG(s) 'example_task_group_decorator' retrieved from /Volumes/SLU_CS/big_data_scd_all_types_project/.venv/lib/python3.11/site-packages/airflow/example_dags/example_task_group_decorator.py
[2024-04-04T01:02:01.743-0500] {logging_mixin.py:188} INFO - [2024-04-04T01:02:01.743-0500] {dag.py:3047} INFO - Sync 1 DAGs
[2024-04-04T01:02:01.749-0500] {logging_mixin.py:188} INFO - [2024-04-04T01:02:01.749-0500] {dag.py:3834} INFO - Setting next_dagrun for example_task_group_decorator to 2024-04-03 00:00:00+00:00, run_after=2024-04-04 00:00:00+00:00
[2024-04-04T01:02:01.756-0500] {processor.py:183} INFO - Processing /Volumes/SLU_CS/big_data_scd_all_types_project/.venv/lib/python3.11/site-packages/airflow/example_dags/example_task_group_decorator.py took 0.124 seconds
[2024-04-04T01:03:26.321-0500] {processor.py:161} INFO - Started process (PID=32075) to work on /Volumes/SLU_CS/big_data_scd_all_types_project/.venv/lib/python3.11/site-packages/airflow/example_dags/example_task_group_decorator.py
[2024-04-04T01:03:26.323-0500] {processor.py:830} INFO - Processing file /Volumes/SLU_CS/big_data_scd_all_types_project/.venv/lib/python3.11/site-packages/airflow/example_dags/example_task_group_decorator.py for tasks to queue
[2024-04-04T01:03:26.324-0500] {logging_mixin.py:188} INFO - [2024-04-04T01:03:26.324-0500] {dagbag.py:540} INFO - Filling up the DagBag from /Volumes/SLU_CS/big_data_scd_all_types_project/.venv/lib/python3.11/site-packages/airflow/example_dags/example_task_group_decorator.py
[2024-04-04T01:03:26.340-0500] {processor.py:840} INFO - DAG(s) 'example_task_group_decorator' retrieved from /Volumes/SLU_CS/big_data_scd_all_types_project/.venv/lib/python3.11/site-packages/airflow/example_dags/example_task_group_decorator.py
[2024-04-04T01:03:26.370-0500] {logging_mixin.py:188} INFO - [2024-04-04T01:03:26.370-0500] {dag.py:3047} INFO - Sync 1 DAGs
[2024-04-04T01:03:26.376-0500] {logging_mixin.py:188} INFO - [2024-04-04T01:03:26.376-0500] {dag.py:3834} INFO - Setting next_dagrun for example_task_group_decorator to 2024-04-03 00:00:00+00:00, run_after=2024-04-04 00:00:00+00:00
[2024-04-04T01:03:26.382-0500] {processor.py:183} INFO - Processing /Volumes/SLU_CS/big_data_scd_all_types_project/.venv/lib/python3.11/site-packages/airflow/example_dags/example_task_group_decorator.py took 0.062 seconds
[2024-04-04T01:05:09.216-0500] {processor.py:161} INFO - Started process (PID=32313) to work on /Volumes/SLU_CS/big_data_scd_all_types_project/.venv/lib/python3.11/site-packages/airflow/example_dags/example_task_group_decorator.py
[2024-04-04T01:05:09.216-0500] {processor.py:830} INFO - Processing file /Volumes/SLU_CS/big_data_scd_all_types_project/.venv/lib/python3.11/site-packages/airflow/example_dags/example_task_group_decorator.py for tasks to queue
[2024-04-04T01:05:09.216-0500] {logging_mixin.py:188} INFO - [2024-04-04T01:05:09.216-0500] {dagbag.py:540} INFO - Filling up the DagBag from /Volumes/SLU_CS/big_data_scd_all_types_project/.venv/lib/python3.11/site-packages/airflow/example_dags/example_task_group_decorator.py
[2024-04-04T01:05:09.231-0500] {processor.py:840} INFO - DAG(s) 'example_task_group_decorator' retrieved from /Volumes/SLU_CS/big_data_scd_all_types_project/.venv/lib/python3.11/site-packages/airflow/example_dags/example_task_group_decorator.py
[2024-04-04T01:05:09.261-0500] {logging_mixin.py:188} INFO - [2024-04-04T01:05:09.261-0500] {dag.py:3047} INFO - Sync 1 DAGs
[2024-04-04T01:05:09.267-0500] {logging_mixin.py:188} INFO - [2024-04-04T01:05:09.267-0500] {dag.py:3834} INFO - Setting next_dagrun for example_task_group_decorator to 2024-04-03 00:00:00+00:00, run_after=2024-04-04 00:00:00+00:00
[2024-04-04T01:05:09.273-0500] {processor.py:183} INFO - Processing /Volumes/SLU_CS/big_data_scd_all_types_project/.venv/lib/python3.11/site-packages/airflow/example_dags/example_task_group_decorator.py took 0.058 seconds
[2024-04-04T01:07:12.478-0500] {processor.py:161} INFO - Started process (PID=32590) to work on /Volumes/SLU_CS/big_data_scd_all_types_project/.venv/lib/python3.11/site-packages/airflow/example_dags/example_task_group_decorator.py
[2024-04-04T01:07:12.479-0500] {processor.py:830} INFO - Processing file /Volumes/SLU_CS/big_data_scd_all_types_project/.venv/lib/python3.11/site-packages/airflow/example_dags/example_task_group_decorator.py for tasks to queue
[2024-04-04T01:07:12.479-0500] {logging_mixin.py:188} INFO - [2024-04-04T01:07:12.479-0500] {dagbag.py:540} INFO - Filling up the DagBag from /Volumes/SLU_CS/big_data_scd_all_types_project/.venv/lib/python3.11/site-packages/airflow/example_dags/example_task_group_decorator.py
[2024-04-04T01:07:12.494-0500] {processor.py:840} INFO - DAG(s) 'example_task_group_decorator' retrieved from /Volumes/SLU_CS/big_data_scd_all_types_project/.venv/lib/python3.11/site-packages/airflow/example_dags/example_task_group_decorator.py
[2024-04-04T01:07:12.525-0500] {logging_mixin.py:188} INFO - [2024-04-04T01:07:12.525-0500] {dag.py:3047} INFO - Sync 1 DAGs
[2024-04-04T01:07:12.531-0500] {logging_mixin.py:188} INFO - [2024-04-04T01:07:12.531-0500] {dag.py:3834} INFO - Setting next_dagrun for example_task_group_decorator to 2024-04-03 00:00:00+00:00, run_after=2024-04-04 00:00:00+00:00
[2024-04-04T01:07:12.537-0500] {processor.py:183} INFO - Processing /Volumes/SLU_CS/big_data_scd_all_types_project/.venv/lib/python3.11/site-packages/airflow/example_dags/example_task_group_decorator.py took 0.059 seconds
[2024-04-04T01:08:36.838-0500] {processor.py:161} INFO - Started process (PID=32713) to work on /Volumes/SLU_CS/big_data_scd_all_types_project/.venv/lib/python3.11/site-packages/airflow/example_dags/example_task_group_decorator.py
[2024-04-04T01:08:36.838-0500] {processor.py:830} INFO - Processing file /Volumes/SLU_CS/big_data_scd_all_types_project/.venv/lib/python3.11/site-packages/airflow/example_dags/example_task_group_decorator.py for tasks to queue
[2024-04-04T01:08:36.838-0500] {logging_mixin.py:188} INFO - [2024-04-04T01:08:36.838-0500] {dagbag.py:540} INFO - Filling up the DagBag from /Volumes/SLU_CS/big_data_scd_all_types_project/.venv/lib/python3.11/site-packages/airflow/example_dags/example_task_group_decorator.py
[2024-04-04T01:08:36.859-0500] {processor.py:840} INFO - DAG(s) 'example_task_group_decorator' retrieved from /Volumes/SLU_CS/big_data_scd_all_types_project/.venv/lib/python3.11/site-packages/airflow/example_dags/example_task_group_decorator.py
[2024-04-04T01:08:36.890-0500] {logging_mixin.py:188} INFO - [2024-04-04T01:08:36.890-0500] {dag.py:3047} INFO - Sync 1 DAGs
[2024-04-04T01:08:36.896-0500] {logging_mixin.py:188} INFO - [2024-04-04T01:08:36.896-0500] {dag.py:3834} INFO - Setting next_dagrun for example_task_group_decorator to 2024-04-03 00:00:00+00:00, run_after=2024-04-04 00:00:00+00:00
[2024-04-04T01:08:36.903-0500] {processor.py:183} INFO - Processing /Volumes/SLU_CS/big_data_scd_all_types_project/.venv/lib/python3.11/site-packages/airflow/example_dags/example_task_group_decorator.py took 0.066 seconds
[2024-04-04T01:10:17.914-0500] {processor.py:161} INFO - Started process (PID=32943) to work on /Volumes/SLU_CS/big_data_scd_all_types_project/.venv/lib/python3.11/site-packages/airflow/example_dags/example_task_group_decorator.py
[2024-04-04T01:10:17.920-0500] {processor.py:830} INFO - Processing file /Volumes/SLU_CS/big_data_scd_all_types_project/.venv/lib/python3.11/site-packages/airflow/example_dags/example_task_group_decorator.py for tasks to queue
[2024-04-04T01:10:17.920-0500] {logging_mixin.py:188} INFO - [2024-04-04T01:10:17.920-0500] {dagbag.py:540} INFO - Filling up the DagBag from /Volumes/SLU_CS/big_data_scd_all_types_project/.venv/lib/python3.11/site-packages/airflow/example_dags/example_task_group_decorator.py
[2024-04-04T01:10:17.936-0500] {processor.py:840} INFO - DAG(s) 'example_task_group_decorator' retrieved from /Volumes/SLU_CS/big_data_scd_all_types_project/.venv/lib/python3.11/site-packages/airflow/example_dags/example_task_group_decorator.py
[2024-04-04T01:10:17.968-0500] {logging_mixin.py:188} INFO - [2024-04-04T01:10:17.968-0500] {dag.py:3047} INFO - Sync 1 DAGs
[2024-04-04T01:10:17.975-0500] {logging_mixin.py:188} INFO - [2024-04-04T01:10:17.974-0500] {dag.py:3834} INFO - Setting next_dagrun for example_task_group_decorator to 2024-04-03 00:00:00+00:00, run_after=2024-04-04 00:00:00+00:00
[2024-04-04T01:10:17.982-0500] {processor.py:183} INFO - Processing /Volumes/SLU_CS/big_data_scd_all_types_project/.venv/lib/python3.11/site-packages/airflow/example_dags/example_task_group_decorator.py took 0.070 seconds
[2024-04-04T01:12:04.631-0500] {processor.py:161} INFO - Started process (PID=33226) to work on /Volumes/SLU_CS/big_data_scd_all_types_project/.venv/lib/python3.11/site-packages/airflow/example_dags/example_task_group_decorator.py
[2024-04-04T01:12:04.635-0500] {processor.py:830} INFO - Processing file /Volumes/SLU_CS/big_data_scd_all_types_project/.venv/lib/python3.11/site-packages/airflow/example_dags/example_task_group_decorator.py for tasks to queue
[2024-04-04T01:12:04.636-0500] {logging_mixin.py:188} INFO - [2024-04-04T01:12:04.636-0500] {dagbag.py:540} INFO - Filling up the DagBag from /Volumes/SLU_CS/big_data_scd_all_types_project/.venv/lib/python3.11/site-packages/airflow/example_dags/example_task_group_decorator.py
[2024-04-04T01:12:04.657-0500] {processor.py:840} INFO - DAG(s) 'example_task_group_decorator' retrieved from /Volumes/SLU_CS/big_data_scd_all_types_project/.venv/lib/python3.11/site-packages/airflow/example_dags/example_task_group_decorator.py
[2024-04-04T01:12:04.689-0500] {logging_mixin.py:188} INFO - [2024-04-04T01:12:04.689-0500] {dag.py:3047} INFO - Sync 1 DAGs
[2024-04-04T01:12:04.695-0500] {logging_mixin.py:188} INFO - [2024-04-04T01:12:04.695-0500] {dag.py:3834} INFO - Setting next_dagrun for example_task_group_decorator to 2024-04-03 00:00:00+00:00, run_after=2024-04-04 00:00:00+00:00
[2024-04-04T01:12:04.702-0500] {processor.py:183} INFO - Processing /Volumes/SLU_CS/big_data_scd_all_types_project/.venv/lib/python3.11/site-packages/airflow/example_dags/example_task_group_decorator.py took 0.071 seconds
[2024-04-04T01:13:43.536-0500] {processor.py:161} INFO - Started process (PID=33491) to work on /Volumes/SLU_CS/big_data_scd_all_types_project/.venv/lib/python3.11/site-packages/airflow/example_dags/example_task_group_decorator.py
[2024-04-04T01:13:43.537-0500] {processor.py:830} INFO - Processing file /Volumes/SLU_CS/big_data_scd_all_types_project/.venv/lib/python3.11/site-packages/airflow/example_dags/example_task_group_decorator.py for tasks to queue
[2024-04-04T01:13:43.537-0500] {logging_mixin.py:188} INFO - [2024-04-04T01:13:43.537-0500] {dagbag.py:540} INFO - Filling up the DagBag from /Volumes/SLU_CS/big_data_scd_all_types_project/.venv/lib/python3.11/site-packages/airflow/example_dags/example_task_group_decorator.py
[2024-04-04T01:13:43.552-0500] {processor.py:840} INFO - DAG(s) 'example_task_group_decorator' retrieved from /Volumes/SLU_CS/big_data_scd_all_types_project/.venv/lib/python3.11/site-packages/airflow/example_dags/example_task_group_decorator.py
[2024-04-04T01:13:43.583-0500] {logging_mixin.py:188} INFO - [2024-04-04T01:13:43.583-0500] {dag.py:3047} INFO - Sync 1 DAGs
[2024-04-04T01:13:43.589-0500] {logging_mixin.py:188} INFO - [2024-04-04T01:13:43.588-0500] {dag.py:3834} INFO - Setting next_dagrun for example_task_group_decorator to 2024-04-03 00:00:00+00:00, run_after=2024-04-04 00:00:00+00:00
[2024-04-04T01:13:43.595-0500] {processor.py:183} INFO - Processing /Volumes/SLU_CS/big_data_scd_all_types_project/.venv/lib/python3.11/site-packages/airflow/example_dags/example_task_group_decorator.py took 0.060 seconds
[2024-04-04T01:15:20.332-0500] {processor.py:161} INFO - Started process (PID=33668) to work on /Volumes/SLU_CS/big_data_scd_all_types_project/.venv/lib/python3.11/site-packages/airflow/example_dags/example_task_group_decorator.py
[2024-04-04T01:15:20.333-0500] {processor.py:830} INFO - Processing file /Volumes/SLU_CS/big_data_scd_all_types_project/.venv/lib/python3.11/site-packages/airflow/example_dags/example_task_group_decorator.py for tasks to queue
[2024-04-04T01:15:20.333-0500] {logging_mixin.py:188} INFO - [2024-04-04T01:15:20.333-0500] {dagbag.py:540} INFO - Filling up the DagBag from /Volumes/SLU_CS/big_data_scd_all_types_project/.venv/lib/python3.11/site-packages/airflow/example_dags/example_task_group_decorator.py
[2024-04-04T01:15:20.348-0500] {processor.py:840} INFO - DAG(s) 'example_task_group_decorator' retrieved from /Volumes/SLU_CS/big_data_scd_all_types_project/.venv/lib/python3.11/site-packages/airflow/example_dags/example_task_group_decorator.py
[2024-04-04T01:15:20.379-0500] {logging_mixin.py:188} INFO - [2024-04-04T01:15:20.378-0500] {dag.py:3047} INFO - Sync 1 DAGs
[2024-04-04T01:15:20.384-0500] {logging_mixin.py:188} INFO - [2024-04-04T01:15:20.384-0500] {dag.py:3834} INFO - Setting next_dagrun for example_task_group_decorator to 2024-04-03 00:00:00+00:00, run_after=2024-04-04 00:00:00+00:00
[2024-04-04T01:15:20.391-0500] {processor.py:183} INFO - Processing /Volumes/SLU_CS/big_data_scd_all_types_project/.venv/lib/python3.11/site-packages/airflow/example_dags/example_task_group_decorator.py took 0.060 seconds
[2024-04-04T01:17:01.696-0500] {processor.py:161} INFO - Started process (PID=33834) to work on /Volumes/SLU_CS/big_data_scd_all_types_project/.venv/lib/python3.11/site-packages/airflow/example_dags/example_task_group_decorator.py
[2024-04-04T01:17:01.698-0500] {processor.py:830} INFO - Processing file /Volumes/SLU_CS/big_data_scd_all_types_project/.venv/lib/python3.11/site-packages/airflow/example_dags/example_task_group_decorator.py for tasks to queue
[2024-04-04T01:17:01.698-0500] {logging_mixin.py:188} INFO - [2024-04-04T01:17:01.698-0500] {dagbag.py:540} INFO - Filling up the DagBag from /Volumes/SLU_CS/big_data_scd_all_types_project/.venv/lib/python3.11/site-packages/airflow/example_dags/example_task_group_decorator.py
[2024-04-04T01:17:01.715-0500] {processor.py:840} INFO - DAG(s) 'example_task_group_decorator' retrieved from /Volumes/SLU_CS/big_data_scd_all_types_project/.venv/lib/python3.11/site-packages/airflow/example_dags/example_task_group_decorator.py
[2024-04-04T01:17:01.746-0500] {logging_mixin.py:188} INFO - [2024-04-04T01:17:01.745-0500] {dag.py:3047} INFO - Sync 1 DAGs
[2024-04-04T01:17:01.751-0500] {logging_mixin.py:188} INFO - [2024-04-04T01:17:01.751-0500] {dag.py:3834} INFO - Setting next_dagrun for example_task_group_decorator to 2024-04-03 00:00:00+00:00, run_after=2024-04-04 00:00:00+00:00
[2024-04-04T01:17:01.757-0500] {processor.py:183} INFO - Processing /Volumes/SLU_CS/big_data_scd_all_types_project/.venv/lib/python3.11/site-packages/airflow/example_dags/example_task_group_decorator.py took 0.061 seconds
[2024-04-04T01:18:47.739-0500] {processor.py:161} INFO - Started process (PID=34042) to work on /Volumes/SLU_CS/big_data_scd_all_types_project/.venv/lib/python3.11/site-packages/airflow/example_dags/example_task_group_decorator.py
[2024-04-04T01:18:47.740-0500] {processor.py:830} INFO - Processing file /Volumes/SLU_CS/big_data_scd_all_types_project/.venv/lib/python3.11/site-packages/airflow/example_dags/example_task_group_decorator.py for tasks to queue
[2024-04-04T01:18:47.740-0500] {logging_mixin.py:188} INFO - [2024-04-04T01:18:47.740-0500] {dagbag.py:540} INFO - Filling up the DagBag from /Volumes/SLU_CS/big_data_scd_all_types_project/.venv/lib/python3.11/site-packages/airflow/example_dags/example_task_group_decorator.py
[2024-04-04T01:18:47.757-0500] {processor.py:840} INFO - DAG(s) 'example_task_group_decorator' retrieved from /Volumes/SLU_CS/big_data_scd_all_types_project/.venv/lib/python3.11/site-packages/airflow/example_dags/example_task_group_decorator.py
[2024-04-04T01:18:47.793-0500] {logging_mixin.py:188} INFO - [2024-04-04T01:18:47.793-0500] {dag.py:3047} INFO - Sync 1 DAGs
[2024-04-04T01:18:47.799-0500] {logging_mixin.py:188} INFO - [2024-04-04T01:18:47.799-0500] {dag.py:3834} INFO - Setting next_dagrun for example_task_group_decorator to 2024-04-03 00:00:00+00:00, run_after=2024-04-04 00:00:00+00:00
[2024-04-04T01:18:47.806-0500] {processor.py:183} INFO - Processing /Volumes/SLU_CS/big_data_scd_all_types_project/.venv/lib/python3.11/site-packages/airflow/example_dags/example_task_group_decorator.py took 0.068 seconds
[2024-04-04T01:20:37.102-0500] {processor.py:161} INFO - Started process (PID=34295) to work on /Volumes/SLU_CS/big_data_scd_all_types_project/.venv/lib/python3.11/site-packages/airflow/example_dags/example_task_group_decorator.py
[2024-04-04T01:20:37.103-0500] {processor.py:830} INFO - Processing file /Volumes/SLU_CS/big_data_scd_all_types_project/.venv/lib/python3.11/site-packages/airflow/example_dags/example_task_group_decorator.py for tasks to queue
[2024-04-04T01:20:37.104-0500] {logging_mixin.py:188} INFO - [2024-04-04T01:20:37.104-0500] {dagbag.py:540} INFO - Filling up the DagBag from /Volumes/SLU_CS/big_data_scd_all_types_project/.venv/lib/python3.11/site-packages/airflow/example_dags/example_task_group_decorator.py
[2024-04-04T01:20:37.119-0500] {processor.py:840} INFO - DAG(s) 'example_task_group_decorator' retrieved from /Volumes/SLU_CS/big_data_scd_all_types_project/.venv/lib/python3.11/site-packages/airflow/example_dags/example_task_group_decorator.py
[2024-04-04T01:20:37.151-0500] {logging_mixin.py:188} INFO - [2024-04-04T01:20:37.151-0500] {dag.py:3047} INFO - Sync 1 DAGs
[2024-04-04T01:20:37.157-0500] {logging_mixin.py:188} INFO - [2024-04-04T01:20:37.157-0500] {dag.py:3834} INFO - Setting next_dagrun for example_task_group_decorator to 2024-04-03 00:00:00+00:00, run_after=2024-04-04 00:00:00+00:00
[2024-04-04T01:20:37.163-0500] {processor.py:183} INFO - Processing /Volumes/SLU_CS/big_data_scd_all_types_project/.venv/lib/python3.11/site-packages/airflow/example_dags/example_task_group_decorator.py took 0.061 seconds
