[2024-04-04T01:02:50.791-0500] {processor.py:161} INFO - Started process (PID=31989) to work on /Volumes/SLU_CS/big_data_scd_all_types_project/.venv/lib/python3.11/site-packages/airflow/example_dags/example_branch_operator_decorator.py
[2024-04-04T01:02:50.791-0500] {processor.py:830} INFO - Processing file /Volumes/SLU_CS/big_data_scd_all_types_project/.venv/lib/python3.11/site-packages/airflow/example_dags/example_branch_operator_decorator.py for tasks to queue
[2024-04-04T01:02:50.791-0500] {logging_mixin.py:188} INFO - [2024-04-04T01:02:50.791-0500] {dagbag.py:540} INFO - Filling up the DagBag from /Volumes/SLU_CS/big_data_scd_all_types_project/.venv/lib/python3.11/site-packages/airflow/example_dags/example_branch_operator_decorator.py
[2024-04-04T01:02:50.808-0500] {processor.py:840} INFO - DAG(s) 'example_branch_python_operator_decorator' retrieved from /Volumes/SLU_CS/big_data_scd_all_types_project/.venv/lib/python3.11/site-packages/airflow/example_dags/example_branch_operator_decorator.py
[2024-04-04T01:02:50.893-0500] {logging_mixin.py:188} INFO - [2024-04-04T01:02:50.892-0500] {dag.py:3047} INFO - Sync 1 DAGs
[2024-04-04T01:02:50.898-0500] {logging_mixin.py:188} INFO - [2024-04-04T01:02:50.898-0500] {dag.py:3834} INFO - Setting next_dagrun for example_branch_python_operator_decorator to 2024-04-03 00:00:00+00:00, run_after=2024-04-04 00:00:00+00:00
[2024-04-04T01:02:50.905-0500] {processor.py:183} INFO - Processing /Volumes/SLU_CS/big_data_scd_all_types_project/.venv/lib/python3.11/site-packages/airflow/example_dags/example_branch_operator_decorator.py took 0.115 seconds
[2024-04-04T01:04:35.614-0500] {processor.py:161} INFO - Started process (PID=32269) to work on /Volumes/SLU_CS/big_data_scd_all_types_project/.venv/lib/python3.11/site-packages/airflow/example_dags/example_branch_operator_decorator.py
[2024-04-04T01:04:35.615-0500] {processor.py:830} INFO - Processing file /Volumes/SLU_CS/big_data_scd_all_types_project/.venv/lib/python3.11/site-packages/airflow/example_dags/example_branch_operator_decorator.py for tasks to queue
[2024-04-04T01:04:35.616-0500] {logging_mixin.py:188} INFO - [2024-04-04T01:04:35.616-0500] {dagbag.py:540} INFO - Filling up the DagBag from /Volumes/SLU_CS/big_data_scd_all_types_project/.venv/lib/python3.11/site-packages/airflow/example_dags/example_branch_operator_decorator.py
[2024-04-04T01:04:35.641-0500] {processor.py:840} INFO - DAG(s) 'example_branch_python_operator_decorator' retrieved from /Volumes/SLU_CS/big_data_scd_all_types_project/.venv/lib/python3.11/site-packages/airflow/example_dags/example_branch_operator_decorator.py
[2024-04-04T01:04:35.742-0500] {logging_mixin.py:188} INFO - [2024-04-04T01:04:35.741-0500] {dag.py:3047} INFO - Sync 1 DAGs
[2024-04-04T01:04:35.748-0500] {logging_mixin.py:188} INFO - [2024-04-04T01:04:35.747-0500] {dag.py:3834} INFO - Setting next_dagrun for example_branch_python_operator_decorator to 2024-04-03 00:00:00+00:00, run_after=2024-04-04 00:00:00+00:00
[2024-04-04T01:04:35.754-0500] {processor.py:183} INFO - Processing /Volumes/SLU_CS/big_data_scd_all_types_project/.venv/lib/python3.11/site-packages/airflow/example_dags/example_branch_operator_decorator.py took 0.141 seconds
[2024-04-04T01:06:18.884-0500] {processor.py:161} INFO - Started process (PID=32457) to work on /Volumes/SLU_CS/big_data_scd_all_types_project/.venv/lib/python3.11/site-packages/airflow/example_dags/example_branch_operator_decorator.py
[2024-04-04T01:06:18.884-0500] {processor.py:830} INFO - Processing file /Volumes/SLU_CS/big_data_scd_all_types_project/.venv/lib/python3.11/site-packages/airflow/example_dags/example_branch_operator_decorator.py for tasks to queue
[2024-04-04T01:06:18.885-0500] {logging_mixin.py:188} INFO - [2024-04-04T01:06:18.885-0500] {dagbag.py:540} INFO - Filling up the DagBag from /Volumes/SLU_CS/big_data_scd_all_types_project/.venv/lib/python3.11/site-packages/airflow/example_dags/example_branch_operator_decorator.py
[2024-04-04T01:06:18.901-0500] {processor.py:840} INFO - DAG(s) 'example_branch_python_operator_decorator' retrieved from /Volumes/SLU_CS/big_data_scd_all_types_project/.venv/lib/python3.11/site-packages/airflow/example_dags/example_branch_operator_decorator.py
[2024-04-04T01:06:18.986-0500] {logging_mixin.py:188} INFO - [2024-04-04T01:06:18.986-0500] {dag.py:3047} INFO - Sync 1 DAGs
[2024-04-04T01:06:18.991-0500] {logging_mixin.py:188} INFO - [2024-04-04T01:06:18.991-0500] {dag.py:3834} INFO - Setting next_dagrun for example_branch_python_operator_decorator to 2024-04-03 00:00:00+00:00, run_after=2024-04-04 00:00:00+00:00
[2024-04-04T01:06:18.998-0500] {processor.py:183} INFO - Processing /Volumes/SLU_CS/big_data_scd_all_types_project/.venv/lib/python3.11/site-packages/airflow/example_dags/example_branch_operator_decorator.py took 0.115 seconds
[2024-04-04T01:08:00.312-0500] {processor.py:161} INFO - Started process (PID=32660) to work on /Volumes/SLU_CS/big_data_scd_all_types_project/.venv/lib/python3.11/site-packages/airflow/example_dags/example_branch_operator_decorator.py
[2024-04-04T01:08:00.313-0500] {processor.py:830} INFO - Processing file /Volumes/SLU_CS/big_data_scd_all_types_project/.venv/lib/python3.11/site-packages/airflow/example_dags/example_branch_operator_decorator.py for tasks to queue
[2024-04-04T01:08:00.313-0500] {logging_mixin.py:188} INFO - [2024-04-04T01:08:00.313-0500] {dagbag.py:540} INFO - Filling up the DagBag from /Volumes/SLU_CS/big_data_scd_all_types_project/.venv/lib/python3.11/site-packages/airflow/example_dags/example_branch_operator_decorator.py
[2024-04-04T01:08:00.329-0500] {processor.py:840} INFO - DAG(s) 'example_branch_python_operator_decorator' retrieved from /Volumes/SLU_CS/big_data_scd_all_types_project/.venv/lib/python3.11/site-packages/airflow/example_dags/example_branch_operator_decorator.py
[2024-04-04T01:08:00.415-0500] {logging_mixin.py:188} INFO - [2024-04-04T01:08:00.415-0500] {dag.py:3047} INFO - Sync 1 DAGs
[2024-04-04T01:08:00.421-0500] {logging_mixin.py:188} INFO - [2024-04-04T01:08:00.421-0500] {dag.py:3834} INFO - Setting next_dagrun for example_branch_python_operator_decorator to 2024-04-03 00:00:00+00:00, run_after=2024-04-04 00:00:00+00:00
[2024-04-04T01:08:00.428-0500] {processor.py:183} INFO - Processing /Volumes/SLU_CS/big_data_scd_all_types_project/.venv/lib/python3.11/site-packages/airflow/example_dags/example_branch_operator_decorator.py took 0.117 seconds
[2024-04-04T01:09:47.715-0500] {processor.py:161} INFO - Started process (PID=32859) to work on /Volumes/SLU_CS/big_data_scd_all_types_project/.venv/lib/python3.11/site-packages/airflow/example_dags/example_branch_operator_decorator.py
[2024-04-04T01:09:47.716-0500] {processor.py:830} INFO - Processing file /Volumes/SLU_CS/big_data_scd_all_types_project/.venv/lib/python3.11/site-packages/airflow/example_dags/example_branch_operator_decorator.py for tasks to queue
[2024-04-04T01:09:47.716-0500] {logging_mixin.py:188} INFO - [2024-04-04T01:09:47.716-0500] {dagbag.py:540} INFO - Filling up the DagBag from /Volumes/SLU_CS/big_data_scd_all_types_project/.venv/lib/python3.11/site-packages/airflow/example_dags/example_branch_operator_decorator.py
[2024-04-04T01:09:47.740-0500] {processor.py:840} INFO - DAG(s) 'example_branch_python_operator_decorator' retrieved from /Volumes/SLU_CS/big_data_scd_all_types_project/.venv/lib/python3.11/site-packages/airflow/example_dags/example_branch_operator_decorator.py
[2024-04-04T01:09:47.844-0500] {logging_mixin.py:188} INFO - [2024-04-04T01:09:47.844-0500] {dag.py:3047} INFO - Sync 1 DAGs
[2024-04-04T01:09:47.850-0500] {logging_mixin.py:188} INFO - [2024-04-04T01:09:47.850-0500] {dag.py:3834} INFO - Setting next_dagrun for example_branch_python_operator_decorator to 2024-04-03 00:00:00+00:00, run_after=2024-04-04 00:00:00+00:00
[2024-04-04T01:09:47.859-0500] {processor.py:183} INFO - Processing /Volumes/SLU_CS/big_data_scd_all_types_project/.venv/lib/python3.11/site-packages/airflow/example_dags/example_branch_operator_decorator.py took 0.145 seconds
[2024-04-04T01:11:27.697-0500] {processor.py:161} INFO - Started process (PID=33121) to work on /Volumes/SLU_CS/big_data_scd_all_types_project/.venv/lib/python3.11/site-packages/airflow/example_dags/example_branch_operator_decorator.py
[2024-04-04T01:11:27.697-0500] {processor.py:830} INFO - Processing file /Volumes/SLU_CS/big_data_scd_all_types_project/.venv/lib/python3.11/site-packages/airflow/example_dags/example_branch_operator_decorator.py for tasks to queue
[2024-04-04T01:11:27.698-0500] {logging_mixin.py:188} INFO - [2024-04-04T01:11:27.698-0500] {dagbag.py:540} INFO - Filling up the DagBag from /Volumes/SLU_CS/big_data_scd_all_types_project/.venv/lib/python3.11/site-packages/airflow/example_dags/example_branch_operator_decorator.py
[2024-04-04T01:11:27.715-0500] {processor.py:840} INFO - DAG(s) 'example_branch_python_operator_decorator' retrieved from /Volumes/SLU_CS/big_data_scd_all_types_project/.venv/lib/python3.11/site-packages/airflow/example_dags/example_branch_operator_decorator.py
[2024-04-04T01:11:27.812-0500] {logging_mixin.py:188} INFO - [2024-04-04T01:11:27.811-0500] {dag.py:3047} INFO - Sync 1 DAGs
[2024-04-04T01:11:27.818-0500] {logging_mixin.py:188} INFO - [2024-04-04T01:11:27.818-0500] {dag.py:3834} INFO - Setting next_dagrun for example_branch_python_operator_decorator to 2024-04-03 00:00:00+00:00, run_after=2024-04-04 00:00:00+00:00
[2024-04-04T01:11:27.826-0500] {processor.py:183} INFO - Processing /Volumes/SLU_CS/big_data_scd_all_types_project/.venv/lib/python3.11/site-packages/airflow/example_dags/example_branch_operator_decorator.py took 0.130 seconds
[2024-04-04T01:13:12.989-0500] {processor.py:161} INFO - Started process (PID=33431) to work on /Volumes/SLU_CS/big_data_scd_all_types_project/.venv/lib/python3.11/site-packages/airflow/example_dags/example_branch_operator_decorator.py
[2024-04-04T01:13:12.989-0500] {processor.py:830} INFO - Processing file /Volumes/SLU_CS/big_data_scd_all_types_project/.venv/lib/python3.11/site-packages/airflow/example_dags/example_branch_operator_decorator.py for tasks to queue
[2024-04-04T01:13:12.990-0500] {logging_mixin.py:188} INFO - [2024-04-04T01:13:12.989-0500] {dagbag.py:540} INFO - Filling up the DagBag from /Volumes/SLU_CS/big_data_scd_all_types_project/.venv/lib/python3.11/site-packages/airflow/example_dags/example_branch_operator_decorator.py
[2024-04-04T01:13:13.007-0500] {processor.py:840} INFO - DAG(s) 'example_branch_python_operator_decorator' retrieved from /Volumes/SLU_CS/big_data_scd_all_types_project/.venv/lib/python3.11/site-packages/airflow/example_dags/example_branch_operator_decorator.py
[2024-04-04T01:13:13.092-0500] {logging_mixin.py:188} INFO - [2024-04-04T01:13:13.092-0500] {dag.py:3047} INFO - Sync 1 DAGs
[2024-04-04T01:13:13.098-0500] {logging_mixin.py:188} INFO - [2024-04-04T01:13:13.098-0500] {dag.py:3834} INFO - Setting next_dagrun for example_branch_python_operator_decorator to 2024-04-03 00:00:00+00:00, run_after=2024-04-04 00:00:00+00:00
[2024-04-04T01:13:13.105-0500] {processor.py:183} INFO - Processing /Volumes/SLU_CS/big_data_scd_all_types_project/.venv/lib/python3.11/site-packages/airflow/example_dags/example_branch_operator_decorator.py took 0.117 seconds
[2024-04-04T01:14:49.307-0500] {processor.py:161} INFO - Started process (PID=33608) to work on /Volumes/SLU_CS/big_data_scd_all_types_project/.venv/lib/python3.11/site-packages/airflow/example_dags/example_branch_operator_decorator.py
[2024-04-04T01:14:49.308-0500] {processor.py:830} INFO - Processing file /Volumes/SLU_CS/big_data_scd_all_types_project/.venv/lib/python3.11/site-packages/airflow/example_dags/example_branch_operator_decorator.py for tasks to queue
[2024-04-04T01:14:49.308-0500] {logging_mixin.py:188} INFO - [2024-04-04T01:14:49.308-0500] {dagbag.py:540} INFO - Filling up the DagBag from /Volumes/SLU_CS/big_data_scd_all_types_project/.venv/lib/python3.11/site-packages/airflow/example_dags/example_branch_operator_decorator.py
[2024-04-04T01:14:49.327-0500] {processor.py:840} INFO - DAG(s) 'example_branch_python_operator_decorator' retrieved from /Volumes/SLU_CS/big_data_scd_all_types_project/.venv/lib/python3.11/site-packages/airflow/example_dags/example_branch_operator_decorator.py
[2024-04-04T01:14:49.412-0500] {logging_mixin.py:188} INFO - [2024-04-04T01:14:49.412-0500] {dag.py:3047} INFO - Sync 1 DAGs
[2024-04-04T01:14:49.418-0500] {logging_mixin.py:188} INFO - [2024-04-04T01:14:49.418-0500] {dag.py:3834} INFO - Setting next_dagrun for example_branch_python_operator_decorator to 2024-04-03 00:00:00+00:00, run_after=2024-04-04 00:00:00+00:00
[2024-04-04T01:14:49.425-0500] {processor.py:183} INFO - Processing /Volumes/SLU_CS/big_data_scd_all_types_project/.venv/lib/python3.11/site-packages/airflow/example_dags/example_branch_operator_decorator.py took 0.119 seconds
[2024-04-04T01:16:25.055-0500] {processor.py:161} INFO - Started process (PID=33756) to work on /Volumes/SLU_CS/big_data_scd_all_types_project/.venv/lib/python3.11/site-packages/airflow/example_dags/example_branch_operator_decorator.py
[2024-04-04T01:16:25.056-0500] {processor.py:830} INFO - Processing file /Volumes/SLU_CS/big_data_scd_all_types_project/.venv/lib/python3.11/site-packages/airflow/example_dags/example_branch_operator_decorator.py for tasks to queue
[2024-04-04T01:16:25.056-0500] {logging_mixin.py:188} INFO - [2024-04-04T01:16:25.056-0500] {dagbag.py:540} INFO - Filling up the DagBag from /Volumes/SLU_CS/big_data_scd_all_types_project/.venv/lib/python3.11/site-packages/airflow/example_dags/example_branch_operator_decorator.py
[2024-04-04T01:16:25.073-0500] {processor.py:840} INFO - DAG(s) 'example_branch_python_operator_decorator' retrieved from /Volumes/SLU_CS/big_data_scd_all_types_project/.venv/lib/python3.11/site-packages/airflow/example_dags/example_branch_operator_decorator.py
[2024-04-04T01:16:25.168-0500] {logging_mixin.py:188} INFO - [2024-04-04T01:16:25.168-0500] {dag.py:3047} INFO - Sync 1 DAGs
[2024-04-04T01:16:25.173-0500] {logging_mixin.py:188} INFO - [2024-04-04T01:16:25.173-0500] {dag.py:3834} INFO - Setting next_dagrun for example_branch_python_operator_decorator to 2024-04-03 00:00:00+00:00, run_after=2024-04-04 00:00:00+00:00
[2024-04-04T01:16:25.181-0500] {processor.py:183} INFO - Processing /Volumes/SLU_CS/big_data_scd_all_types_project/.venv/lib/python3.11/site-packages/airflow/example_dags/example_branch_operator_decorator.py took 0.126 seconds
[2024-04-04T01:18:12.249-0500] {processor.py:161} INFO - Started process (PID=33936) to work on /Volumes/SLU_CS/big_data_scd_all_types_project/.venv/lib/python3.11/site-packages/airflow/example_dags/example_branch_operator_decorator.py
[2024-04-04T01:18:12.250-0500] {processor.py:830} INFO - Processing file /Volumes/SLU_CS/big_data_scd_all_types_project/.venv/lib/python3.11/site-packages/airflow/example_dags/example_branch_operator_decorator.py for tasks to queue
[2024-04-04T01:18:12.250-0500] {logging_mixin.py:188} INFO - [2024-04-04T01:18:12.250-0500] {dagbag.py:540} INFO - Filling up the DagBag from /Volumes/SLU_CS/big_data_scd_all_types_project/.venv/lib/python3.11/site-packages/airflow/example_dags/example_branch_operator_decorator.py
[2024-04-04T01:18:12.266-0500] {processor.py:840} INFO - DAG(s) 'example_branch_python_operator_decorator' retrieved from /Volumes/SLU_CS/big_data_scd_all_types_project/.venv/lib/python3.11/site-packages/airflow/example_dags/example_branch_operator_decorator.py
[2024-04-04T01:18:12.359-0500] {logging_mixin.py:188} INFO - [2024-04-04T01:18:12.359-0500] {dag.py:3047} INFO - Sync 1 DAGs
[2024-04-04T01:18:12.366-0500] {logging_mixin.py:188} INFO - [2024-04-04T01:18:12.366-0500] {dag.py:3834} INFO - Setting next_dagrun for example_branch_python_operator_decorator to 2024-04-03 00:00:00+00:00, run_after=2024-04-04 00:00:00+00:00
[2024-04-04T01:18:12.374-0500] {processor.py:183} INFO - Processing /Volumes/SLU_CS/big_data_scd_all_types_project/.venv/lib/python3.11/site-packages/airflow/example_dags/example_branch_operator_decorator.py took 0.125 seconds
[2024-04-04T01:20:02.956-0500] {processor.py:161} INFO - Started process (PID=34234) to work on /Volumes/SLU_CS/big_data_scd_all_types_project/.venv/lib/python3.11/site-packages/airflow/example_dags/example_branch_operator_decorator.py
[2024-04-04T01:20:02.957-0500] {processor.py:830} INFO - Processing file /Volumes/SLU_CS/big_data_scd_all_types_project/.venv/lib/python3.11/site-packages/airflow/example_dags/example_branch_operator_decorator.py for tasks to queue
[2024-04-04T01:20:02.957-0500] {logging_mixin.py:188} INFO - [2024-04-04T01:20:02.957-0500] {dagbag.py:540} INFO - Filling up the DagBag from /Volumes/SLU_CS/big_data_scd_all_types_project/.venv/lib/python3.11/site-packages/airflow/example_dags/example_branch_operator_decorator.py
[2024-04-04T01:20:02.978-0500] {processor.py:840} INFO - DAG(s) 'example_branch_python_operator_decorator' retrieved from /Volumes/SLU_CS/big_data_scd_all_types_project/.venv/lib/python3.11/site-packages/airflow/example_dags/example_branch_operator_decorator.py
[2024-04-04T01:20:03.082-0500] {logging_mixin.py:188} INFO - [2024-04-04T01:20:03.082-0500] {dag.py:3047} INFO - Sync 1 DAGs
[2024-04-04T01:20:03.088-0500] {logging_mixin.py:188} INFO - [2024-04-04T01:20:03.088-0500] {dag.py:3834} INFO - Setting next_dagrun for example_branch_python_operator_decorator to 2024-04-03 00:00:00+00:00, run_after=2024-04-04 00:00:00+00:00
[2024-04-04T01:20:03.095-0500] {processor.py:183} INFO - Processing /Volumes/SLU_CS/big_data_scd_all_types_project/.venv/lib/python3.11/site-packages/airflow/example_dags/example_branch_operator_decorator.py took 0.141 seconds
