[2024-04-04T01:01:55.999-0500] {processor.py:161} INFO - Started process (PID=31891) to work on /Volumes/SLU_CS/big_data_scd_all_types_project/.venv/lib/python3.11/site-packages/airflow/example_dags/example_trigger_target_dag.py
[2024-04-04T01:01:55.999-0500] {processor.py:830} INFO - Processing file /Volumes/SLU_CS/big_data_scd_all_types_project/.venv/lib/python3.11/site-packages/airflow/example_dags/example_trigger_target_dag.py for tasks to queue
[2024-04-04T01:01:56.000-0500] {logging_mixin.py:188} INFO - [2024-04-04T01:01:56.000-0500] {dagbag.py:540} INFO - Filling up the DagBag from /Volumes/SLU_CS/big_data_scd_all_types_project/.venv/lib/python3.11/site-packages/airflow/example_dags/example_trigger_target_dag.py
[2024-04-04T01:01:56.013-0500] {processor.py:840} INFO - DAG(s) 'example_trigger_target_dag' retrieved from /Volumes/SLU_CS/big_data_scd_all_types_project/.venv/lib/python3.11/site-packages/airflow/example_dags/example_trigger_target_dag.py
[2024-04-04T01:01:56.107-0500] {logging_mixin.py:188} INFO - [2024-04-04T01:01:56.106-0500] {dag.py:3047} INFO - Sync 1 DAGs
[2024-04-04T01:01:56.109-0500] {logging_mixin.py:188} INFO - [2024-04-04T01:01:56.109-0500] {dag.py:3834} INFO - Setting next_dagrun for example_trigger_target_dag to None, run_after=None
[2024-04-04T01:01:56.116-0500] {processor.py:183} INFO - Processing /Volumes/SLU_CS/big_data_scd_all_types_project/.venv/lib/python3.11/site-packages/airflow/example_dags/example_trigger_target_dag.py took 0.118 seconds
[2024-04-04T01:03:21.754-0500] {processor.py:161} INFO - Started process (PID=32064) to work on /Volumes/SLU_CS/big_data_scd_all_types_project/.venv/lib/python3.11/site-packages/airflow/example_dags/example_trigger_target_dag.py
[2024-04-04T01:03:21.755-0500] {processor.py:830} INFO - Processing file /Volumes/SLU_CS/big_data_scd_all_types_project/.venv/lib/python3.11/site-packages/airflow/example_dags/example_trigger_target_dag.py for tasks to queue
[2024-04-04T01:03:21.755-0500] {logging_mixin.py:188} INFO - [2024-04-04T01:03:21.755-0500] {dagbag.py:540} INFO - Filling up the DagBag from /Volumes/SLU_CS/big_data_scd_all_types_project/.venv/lib/python3.11/site-packages/airflow/example_dags/example_trigger_target_dag.py
[2024-04-04T01:03:21.768-0500] {processor.py:840} INFO - DAG(s) 'example_trigger_target_dag' retrieved from /Volumes/SLU_CS/big_data_scd_all_types_project/.venv/lib/python3.11/site-packages/airflow/example_dags/example_trigger_target_dag.py
[2024-04-04T01:03:21.797-0500] {logging_mixin.py:188} INFO - [2024-04-04T01:03:21.797-0500] {dag.py:3047} INFO - Sync 1 DAGs
[2024-04-04T01:03:21.800-0500] {logging_mixin.py:188} INFO - [2024-04-04T01:03:21.800-0500] {dag.py:3834} INFO - Setting next_dagrun for example_trigger_target_dag to None, run_after=None
[2024-04-04T01:03:21.807-0500] {processor.py:183} INFO - Processing /Volumes/SLU_CS/big_data_scd_all_types_project/.venv/lib/python3.11/site-packages/airflow/example_dags/example_trigger_target_dag.py took 0.053 seconds
[2024-04-04T01:04:15.794-0500] {processor.py:161} INFO - Started process (PID=32221) to work on /Volumes/SLU_CS/big_data_scd_all_types_project/.venv/lib/python3.11/site-packages/airflow/example_dags/example_trigger_target_dag.py
[2024-04-04T01:04:15.795-0500] {processor.py:830} INFO - Processing file /Volumes/SLU_CS/big_data_scd_all_types_project/.venv/lib/python3.11/site-packages/airflow/example_dags/example_trigger_target_dag.py for tasks to queue
[2024-04-04T01:04:15.795-0500] {logging_mixin.py:188} INFO - [2024-04-04T01:04:15.795-0500] {dagbag.py:540} INFO - Filling up the DagBag from /Volumes/SLU_CS/big_data_scd_all_types_project/.venv/lib/python3.11/site-packages/airflow/example_dags/example_trigger_target_dag.py
[2024-04-04T01:04:15.808-0500] {processor.py:840} INFO - DAG(s) 'example_trigger_target_dag' retrieved from /Volumes/SLU_CS/big_data_scd_all_types_project/.venv/lib/python3.11/site-packages/airflow/example_dags/example_trigger_target_dag.py
[2024-04-04T01:04:15.837-0500] {logging_mixin.py:188} INFO - [2024-04-04T01:04:15.837-0500] {dag.py:3047} INFO - Sync 1 DAGs
[2024-04-04T01:04:15.840-0500] {logging_mixin.py:188} INFO - [2024-04-04T01:04:15.840-0500] {dag.py:3834} INFO - Setting next_dagrun for example_trigger_target_dag to None, run_after=None
[2024-04-04T01:04:15.847-0500] {processor.py:183} INFO - Processing /Volumes/SLU_CS/big_data_scd_all_types_project/.venv/lib/python3.11/site-packages/airflow/example_dags/example_trigger_target_dag.py took 0.055 seconds
[2024-04-04T01:05:57.567-0500] {processor.py:161} INFO - Started process (PID=32413) to work on /Volumes/SLU_CS/big_data_scd_all_types_project/.venv/lib/python3.11/site-packages/airflow/example_dags/example_trigger_target_dag.py
[2024-04-04T01:05:57.568-0500] {processor.py:830} INFO - Processing file /Volumes/SLU_CS/big_data_scd_all_types_project/.venv/lib/python3.11/site-packages/airflow/example_dags/example_trigger_target_dag.py for tasks to queue
[2024-04-04T01:05:57.568-0500] {logging_mixin.py:188} INFO - [2024-04-04T01:05:57.568-0500] {dagbag.py:540} INFO - Filling up the DagBag from /Volumes/SLU_CS/big_data_scd_all_types_project/.venv/lib/python3.11/site-packages/airflow/example_dags/example_trigger_target_dag.py
[2024-04-04T01:05:57.583-0500] {processor.py:840} INFO - DAG(s) 'example_trigger_target_dag' retrieved from /Volumes/SLU_CS/big_data_scd_all_types_project/.venv/lib/python3.11/site-packages/airflow/example_dags/example_trigger_target_dag.py
[2024-04-04T01:05:57.615-0500] {logging_mixin.py:188} INFO - [2024-04-04T01:05:57.614-0500] {dag.py:3047} INFO - Sync 1 DAGs
[2024-04-04T01:05:57.618-0500] {logging_mixin.py:188} INFO - [2024-04-04T01:05:57.618-0500] {dag.py:3834} INFO - Setting next_dagrun for example_trigger_target_dag to None, run_after=None
[2024-04-04T01:05:57.624-0500] {processor.py:183} INFO - Processing /Volumes/SLU_CS/big_data_scd_all_types_project/.venv/lib/python3.11/site-packages/airflow/example_dags/example_trigger_target_dag.py took 0.058 seconds
[2024-04-04T01:07:07.229-0500] {processor.py:161} INFO - Started process (PID=32580) to work on /Volumes/SLU_CS/big_data_scd_all_types_project/.venv/lib/python3.11/site-packages/airflow/example_dags/example_trigger_target_dag.py
[2024-04-04T01:07:07.229-0500] {processor.py:830} INFO - Processing file /Volumes/SLU_CS/big_data_scd_all_types_project/.venv/lib/python3.11/site-packages/airflow/example_dags/example_trigger_target_dag.py for tasks to queue
[2024-04-04T01:07:07.230-0500] {logging_mixin.py:188} INFO - [2024-04-04T01:07:07.230-0500] {dagbag.py:540} INFO - Filling up the DagBag from /Volumes/SLU_CS/big_data_scd_all_types_project/.venv/lib/python3.11/site-packages/airflow/example_dags/example_trigger_target_dag.py
[2024-04-04T01:07:07.243-0500] {processor.py:840} INFO - DAG(s) 'example_trigger_target_dag' retrieved from /Volumes/SLU_CS/big_data_scd_all_types_project/.venv/lib/python3.11/site-packages/airflow/example_dags/example_trigger_target_dag.py
[2024-04-04T01:07:07.273-0500] {logging_mixin.py:188} INFO - [2024-04-04T01:07:07.272-0500] {dag.py:3047} INFO - Sync 1 DAGs
[2024-04-04T01:07:07.275-0500] {logging_mixin.py:188} INFO - [2024-04-04T01:07:07.275-0500] {dag.py:3834} INFO - Setting next_dagrun for example_trigger_target_dag to None, run_after=None
[2024-04-04T01:07:07.282-0500] {processor.py:183} INFO - Processing /Volumes/SLU_CS/big_data_scd_all_types_project/.venv/lib/python3.11/site-packages/airflow/example_dags/example_trigger_target_dag.py took 0.054 seconds
[2024-04-04T01:08:31.484-0500] {processor.py:161} INFO - Started process (PID=32706) to work on /Volumes/SLU_CS/big_data_scd_all_types_project/.venv/lib/python3.11/site-packages/airflow/example_dags/example_trigger_target_dag.py
[2024-04-04T01:08:31.485-0500] {processor.py:830} INFO - Processing file /Volumes/SLU_CS/big_data_scd_all_types_project/.venv/lib/python3.11/site-packages/airflow/example_dags/example_trigger_target_dag.py for tasks to queue
[2024-04-04T01:08:31.486-0500] {logging_mixin.py:188} INFO - [2024-04-04T01:08:31.485-0500] {dagbag.py:540} INFO - Filling up the DagBag from /Volumes/SLU_CS/big_data_scd_all_types_project/.venv/lib/python3.11/site-packages/airflow/example_dags/example_trigger_target_dag.py
[2024-04-04T01:08:31.499-0500] {processor.py:840} INFO - DAG(s) 'example_trigger_target_dag' retrieved from /Volumes/SLU_CS/big_data_scd_all_types_project/.venv/lib/python3.11/site-packages/airflow/example_dags/example_trigger_target_dag.py
[2024-04-04T01:08:31.528-0500] {logging_mixin.py:188} INFO - [2024-04-04T01:08:31.528-0500] {dag.py:3047} INFO - Sync 1 DAGs
[2024-04-04T01:08:31.532-0500] {logging_mixin.py:188} INFO - [2024-04-04T01:08:31.532-0500] {dag.py:3834} INFO - Setting next_dagrun for example_trigger_target_dag to None, run_after=None
[2024-04-04T01:08:31.539-0500] {processor.py:183} INFO - Processing /Volumes/SLU_CS/big_data_scd_all_types_project/.venv/lib/python3.11/site-packages/airflow/example_dags/example_trigger_target_dag.py took 0.056 seconds
[2024-04-04T01:09:26.217-0500] {processor.py:161} INFO - Started process (PID=32815) to work on /Volumes/SLU_CS/big_data_scd_all_types_project/.venv/lib/python3.11/site-packages/airflow/example_dags/example_trigger_target_dag.py
[2024-04-04T01:09:26.217-0500] {processor.py:830} INFO - Processing file /Volumes/SLU_CS/big_data_scd_all_types_project/.venv/lib/python3.11/site-packages/airflow/example_dags/example_trigger_target_dag.py for tasks to queue
[2024-04-04T01:09:26.218-0500] {logging_mixin.py:188} INFO - [2024-04-04T01:09:26.218-0500] {dagbag.py:540} INFO - Filling up the DagBag from /Volumes/SLU_CS/big_data_scd_all_types_project/.venv/lib/python3.11/site-packages/airflow/example_dags/example_trigger_target_dag.py
[2024-04-04T01:09:26.230-0500] {processor.py:840} INFO - DAG(s) 'example_trigger_target_dag' retrieved from /Volumes/SLU_CS/big_data_scd_all_types_project/.venv/lib/python3.11/site-packages/airflow/example_dags/example_trigger_target_dag.py
[2024-04-04T01:09:26.259-0500] {logging_mixin.py:188} INFO - [2024-04-04T01:09:26.259-0500] {dag.py:3047} INFO - Sync 1 DAGs
[2024-04-04T01:09:26.262-0500] {logging_mixin.py:188} INFO - [2024-04-04T01:09:26.262-0500] {dag.py:3834} INFO - Setting next_dagrun for example_trigger_target_dag to None, run_after=None
[2024-04-04T01:09:26.268-0500] {processor.py:183} INFO - Processing /Volumes/SLU_CS/big_data_scd_all_types_project/.venv/lib/python3.11/site-packages/airflow/example_dags/example_trigger_target_dag.py took 0.053 seconds
[2024-04-04T01:11:05.923-0500] {processor.py:161} INFO - Started process (PID=33063) to work on /Volumes/SLU_CS/big_data_scd_all_types_project/.venv/lib/python3.11/site-packages/airflow/example_dags/example_trigger_target_dag.py
[2024-04-04T01:11:05.924-0500] {processor.py:830} INFO - Processing file /Volumes/SLU_CS/big_data_scd_all_types_project/.venv/lib/python3.11/site-packages/airflow/example_dags/example_trigger_target_dag.py for tasks to queue
[2024-04-04T01:11:05.924-0500] {logging_mixin.py:188} INFO - [2024-04-04T01:11:05.924-0500] {dagbag.py:540} INFO - Filling up the DagBag from /Volumes/SLU_CS/big_data_scd_all_types_project/.venv/lib/python3.11/site-packages/airflow/example_dags/example_trigger_target_dag.py
[2024-04-04T01:11:05.941-0500] {processor.py:840} INFO - DAG(s) 'example_trigger_target_dag' retrieved from /Volumes/SLU_CS/big_data_scd_all_types_project/.venv/lib/python3.11/site-packages/airflow/example_dags/example_trigger_target_dag.py
[2024-04-04T01:11:05.973-0500] {logging_mixin.py:188} INFO - [2024-04-04T01:11:05.972-0500] {dag.py:3047} INFO - Sync 1 DAGs
[2024-04-04T01:11:05.976-0500] {logging_mixin.py:188} INFO - [2024-04-04T01:11:05.975-0500] {dag.py:3834} INFO - Setting next_dagrun for example_trigger_target_dag to None, run_after=None
[2024-04-04T01:11:05.982-0500] {processor.py:183} INFO - Processing /Volumes/SLU_CS/big_data_scd_all_types_project/.venv/lib/python3.11/site-packages/airflow/example_dags/example_trigger_target_dag.py took 0.060 seconds
[2024-04-04T01:11:59.159-0500] {processor.py:161} INFO - Started process (PID=33211) to work on /Volumes/SLU_CS/big_data_scd_all_types_project/.venv/lib/python3.11/site-packages/airflow/example_dags/example_trigger_target_dag.py
[2024-04-04T01:11:59.160-0500] {processor.py:830} INFO - Processing file /Volumes/SLU_CS/big_data_scd_all_types_project/.venv/lib/python3.11/site-packages/airflow/example_dags/example_trigger_target_dag.py for tasks to queue
[2024-04-04T01:11:59.160-0500] {logging_mixin.py:188} INFO - [2024-04-04T01:11:59.160-0500] {dagbag.py:540} INFO - Filling up the DagBag from /Volumes/SLU_CS/big_data_scd_all_types_project/.venv/lib/python3.11/site-packages/airflow/example_dags/example_trigger_target_dag.py
[2024-04-04T01:11:59.173-0500] {processor.py:840} INFO - DAG(s) 'example_trigger_target_dag' retrieved from /Volumes/SLU_CS/big_data_scd_all_types_project/.venv/lib/python3.11/site-packages/airflow/example_dags/example_trigger_target_dag.py
[2024-04-04T01:11:59.201-0500] {logging_mixin.py:188} INFO - [2024-04-04T01:11:59.201-0500] {dag.py:3047} INFO - Sync 1 DAGs
[2024-04-04T01:11:59.204-0500] {logging_mixin.py:188} INFO - [2024-04-04T01:11:59.204-0500] {dag.py:3834} INFO - Setting next_dagrun for example_trigger_target_dag to None, run_after=None
[2024-04-04T01:11:59.211-0500] {processor.py:183} INFO - Processing /Volumes/SLU_CS/big_data_scd_all_types_project/.venv/lib/python3.11/site-packages/airflow/example_dags/example_trigger_target_dag.py took 0.052 seconds
[2024-04-04T01:12:51.061-0500] {processor.py:161} INFO - Started process (PID=33368) to work on /Volumes/SLU_CS/big_data_scd_all_types_project/.venv/lib/python3.11/site-packages/airflow/example_dags/example_trigger_target_dag.py
[2024-04-04T01:12:51.062-0500] {processor.py:830} INFO - Processing file /Volumes/SLU_CS/big_data_scd_all_types_project/.venv/lib/python3.11/site-packages/airflow/example_dags/example_trigger_target_dag.py for tasks to queue
[2024-04-04T01:12:51.062-0500] {logging_mixin.py:188} INFO - [2024-04-04T01:12:51.062-0500] {dagbag.py:540} INFO - Filling up the DagBag from /Volumes/SLU_CS/big_data_scd_all_types_project/.venv/lib/python3.11/site-packages/airflow/example_dags/example_trigger_target_dag.py
[2024-04-04T01:12:51.075-0500] {processor.py:840} INFO - DAG(s) 'example_trigger_target_dag' retrieved from /Volumes/SLU_CS/big_data_scd_all_types_project/.venv/lib/python3.11/site-packages/airflow/example_dags/example_trigger_target_dag.py
[2024-04-04T01:12:51.104-0500] {logging_mixin.py:188} INFO - [2024-04-04T01:12:51.103-0500] {dag.py:3047} INFO - Sync 1 DAGs
[2024-04-04T01:12:51.107-0500] {logging_mixin.py:188} INFO - [2024-04-04T01:12:51.107-0500] {dag.py:3834} INFO - Setting next_dagrun for example_trigger_target_dag to None, run_after=None
[2024-04-04T01:12:51.114-0500] {processor.py:183} INFO - Processing /Volumes/SLU_CS/big_data_scd_all_types_project/.venv/lib/python3.11/site-packages/airflow/example_dags/example_trigger_target_dag.py took 0.053 seconds
[2024-04-04T01:13:40.061-0500] {processor.py:161} INFO - Started process (PID=33485) to work on /Volumes/SLU_CS/big_data_scd_all_types_project/.venv/lib/python3.11/site-packages/airflow/example_dags/example_trigger_target_dag.py
[2024-04-04T01:13:40.062-0500] {processor.py:830} INFO - Processing file /Volumes/SLU_CS/big_data_scd_all_types_project/.venv/lib/python3.11/site-packages/airflow/example_dags/example_trigger_target_dag.py for tasks to queue
[2024-04-04T01:13:40.062-0500] {logging_mixin.py:188} INFO - [2024-04-04T01:13:40.062-0500] {dagbag.py:540} INFO - Filling up the DagBag from /Volumes/SLU_CS/big_data_scd_all_types_project/.venv/lib/python3.11/site-packages/airflow/example_dags/example_trigger_target_dag.py
[2024-04-04T01:13:40.075-0500] {processor.py:840} INFO - DAG(s) 'example_trigger_target_dag' retrieved from /Volumes/SLU_CS/big_data_scd_all_types_project/.venv/lib/python3.11/site-packages/airflow/example_dags/example_trigger_target_dag.py
[2024-04-04T01:13:40.104-0500] {logging_mixin.py:188} INFO - [2024-04-04T01:13:40.104-0500] {dag.py:3047} INFO - Sync 1 DAGs
[2024-04-04T01:13:40.107-0500] {logging_mixin.py:188} INFO - [2024-04-04T01:13:40.107-0500] {dag.py:3834} INFO - Setting next_dagrun for example_trigger_target_dag to None, run_after=None
[2024-04-04T01:13:40.114-0500] {processor.py:183} INFO - Processing /Volumes/SLU_CS/big_data_scd_all_types_project/.venv/lib/python3.11/site-packages/airflow/example_dags/example_trigger_target_dag.py took 0.053 seconds
[2024-04-04T01:14:29.098-0500] {processor.py:161} INFO - Started process (PID=33571) to work on /Volumes/SLU_CS/big_data_scd_all_types_project/.venv/lib/python3.11/site-packages/airflow/example_dags/example_trigger_target_dag.py
[2024-04-04T01:14:29.098-0500] {processor.py:830} INFO - Processing file /Volumes/SLU_CS/big_data_scd_all_types_project/.venv/lib/python3.11/site-packages/airflow/example_dags/example_trigger_target_dag.py for tasks to queue
[2024-04-04T01:14:29.099-0500] {logging_mixin.py:188} INFO - [2024-04-04T01:14:29.098-0500] {dagbag.py:540} INFO - Filling up the DagBag from /Volumes/SLU_CS/big_data_scd_all_types_project/.venv/lib/python3.11/site-packages/airflow/example_dags/example_trigger_target_dag.py
[2024-04-04T01:14:29.111-0500] {processor.py:840} INFO - DAG(s) 'example_trigger_target_dag' retrieved from /Volumes/SLU_CS/big_data_scd_all_types_project/.venv/lib/python3.11/site-packages/airflow/example_dags/example_trigger_target_dag.py
[2024-04-04T01:14:29.140-0500] {logging_mixin.py:188} INFO - [2024-04-04T01:14:29.140-0500] {dag.py:3047} INFO - Sync 1 DAGs
[2024-04-04T01:14:29.143-0500] {logging_mixin.py:188} INFO - [2024-04-04T01:14:29.143-0500] {dag.py:3834} INFO - Setting next_dagrun for example_trigger_target_dag to None, run_after=None
[2024-04-04T01:14:29.149-0500] {processor.py:183} INFO - Processing /Volumes/SLU_CS/big_data_scd_all_types_project/.venv/lib/python3.11/site-packages/airflow/example_dags/example_trigger_target_dag.py took 0.052 seconds
[2024-04-04T01:16:02.766-0500] {processor.py:161} INFO - Started process (PID=33726) to work on /Volumes/SLU_CS/big_data_scd_all_types_project/.venv/lib/python3.11/site-packages/airflow/example_dags/example_trigger_target_dag.py
[2024-04-04T01:16:02.766-0500] {processor.py:830} INFO - Processing file /Volumes/SLU_CS/big_data_scd_all_types_project/.venv/lib/python3.11/site-packages/airflow/example_dags/example_trigger_target_dag.py for tasks to queue
[2024-04-04T01:16:02.766-0500] {logging_mixin.py:188} INFO - [2024-04-04T01:16:02.766-0500] {dagbag.py:540} INFO - Filling up the DagBag from /Volumes/SLU_CS/big_data_scd_all_types_project/.venv/lib/python3.11/site-packages/airflow/example_dags/example_trigger_target_dag.py
[2024-04-04T01:16:02.779-0500] {processor.py:840} INFO - DAG(s) 'example_trigger_target_dag' retrieved from /Volumes/SLU_CS/big_data_scd_all_types_project/.venv/lib/python3.11/site-packages/airflow/example_dags/example_trigger_target_dag.py
[2024-04-04T01:16:02.808-0500] {logging_mixin.py:188} INFO - [2024-04-04T01:16:02.808-0500] {dag.py:3047} INFO - Sync 1 DAGs
[2024-04-04T01:16:02.811-0500] {logging_mixin.py:188} INFO - [2024-04-04T01:16:02.811-0500] {dag.py:3834} INFO - Setting next_dagrun for example_trigger_target_dag to None, run_after=None
[2024-04-04T01:16:02.817-0500] {processor.py:183} INFO - Processing /Volumes/SLU_CS/big_data_scd_all_types_project/.venv/lib/python3.11/site-packages/airflow/example_dags/example_trigger_target_dag.py took 0.052 seconds
[2024-04-04T01:16:56.531-0500] {processor.py:161} INFO - Started process (PID=33820) to work on /Volumes/SLU_CS/big_data_scd_all_types_project/.venv/lib/python3.11/site-packages/airflow/example_dags/example_trigger_target_dag.py
[2024-04-04T01:16:56.532-0500] {processor.py:830} INFO - Processing file /Volumes/SLU_CS/big_data_scd_all_types_project/.venv/lib/python3.11/site-packages/airflow/example_dags/example_trigger_target_dag.py for tasks to queue
[2024-04-04T01:16:56.532-0500] {logging_mixin.py:188} INFO - [2024-04-04T01:16:56.532-0500] {dagbag.py:540} INFO - Filling up the DagBag from /Volumes/SLU_CS/big_data_scd_all_types_project/.venv/lib/python3.11/site-packages/airflow/example_dags/example_trigger_target_dag.py
[2024-04-04T01:16:56.547-0500] {processor.py:840} INFO - DAG(s) 'example_trigger_target_dag' retrieved from /Volumes/SLU_CS/big_data_scd_all_types_project/.venv/lib/python3.11/site-packages/airflow/example_dags/example_trigger_target_dag.py
[2024-04-04T01:16:56.578-0500] {logging_mixin.py:188} INFO - [2024-04-04T01:16:56.578-0500] {dag.py:3047} INFO - Sync 1 DAGs
[2024-04-04T01:16:56.581-0500] {logging_mixin.py:188} INFO - [2024-04-04T01:16:56.581-0500] {dag.py:3834} INFO - Setting next_dagrun for example_trigger_target_dag to None, run_after=None
[2024-04-04T01:16:56.587-0500] {processor.py:183} INFO - Processing /Volumes/SLU_CS/big_data_scd_all_types_project/.venv/lib/python3.11/site-packages/airflow/example_dags/example_trigger_target_dag.py took 0.057 seconds
[2024-04-04T01:17:51.098-0500] {processor.py:161} INFO - Started process (PID=33906) to work on /Volumes/SLU_CS/big_data_scd_all_types_project/.venv/lib/python3.11/site-packages/airflow/example_dags/example_trigger_target_dag.py
[2024-04-04T01:17:51.098-0500] {processor.py:830} INFO - Processing file /Volumes/SLU_CS/big_data_scd_all_types_project/.venv/lib/python3.11/site-packages/airflow/example_dags/example_trigger_target_dag.py for tasks to queue
[2024-04-04T01:17:51.098-0500] {logging_mixin.py:188} INFO - [2024-04-04T01:17:51.098-0500] {dagbag.py:540} INFO - Filling up the DagBag from /Volumes/SLU_CS/big_data_scd_all_types_project/.venv/lib/python3.11/site-packages/airflow/example_dags/example_trigger_target_dag.py
[2024-04-04T01:17:51.114-0500] {processor.py:840} INFO - DAG(s) 'example_trigger_target_dag' retrieved from /Volumes/SLU_CS/big_data_scd_all_types_project/.venv/lib/python3.11/site-packages/airflow/example_dags/example_trigger_target_dag.py
[2024-04-04T01:17:51.144-0500] {logging_mixin.py:188} INFO - [2024-04-04T01:17:51.143-0500] {dag.py:3047} INFO - Sync 1 DAGs
[2024-04-04T01:17:51.146-0500] {logging_mixin.py:188} INFO - [2024-04-04T01:17:51.146-0500] {dag.py:3834} INFO - Setting next_dagrun for example_trigger_target_dag to None, run_after=None
[2024-04-04T01:17:51.153-0500] {processor.py:183} INFO - Processing /Volumes/SLU_CS/big_data_scd_all_types_project/.venv/lib/python3.11/site-packages/airflow/example_dags/example_trigger_target_dag.py took 0.057 seconds
[2024-04-04T01:18:43.973-0500] {processor.py:161} INFO - Started process (PID=33988) to work on /Volumes/SLU_CS/big_data_scd_all_types_project/.venv/lib/python3.11/site-packages/airflow/example_dags/example_trigger_target_dag.py
[2024-04-04T01:18:43.974-0500] {processor.py:830} INFO - Processing file /Volumes/SLU_CS/big_data_scd_all_types_project/.venv/lib/python3.11/site-packages/airflow/example_dags/example_trigger_target_dag.py for tasks to queue
[2024-04-04T01:18:43.974-0500] {logging_mixin.py:188} INFO - [2024-04-04T01:18:43.974-0500] {dagbag.py:540} INFO - Filling up the DagBag from /Volumes/SLU_CS/big_data_scd_all_types_project/.venv/lib/python3.11/site-packages/airflow/example_dags/example_trigger_target_dag.py
[2024-04-04T01:18:43.989-0500] {processor.py:840} INFO - DAG(s) 'example_trigger_target_dag' retrieved from /Volumes/SLU_CS/big_data_scd_all_types_project/.venv/lib/python3.11/site-packages/airflow/example_dags/example_trigger_target_dag.py
[2024-04-04T01:18:44.019-0500] {logging_mixin.py:188} INFO - [2024-04-04T01:18:44.019-0500] {dag.py:3047} INFO - Sync 1 DAGs
[2024-04-04T01:18:44.022-0500] {logging_mixin.py:188} INFO - [2024-04-04T01:18:44.022-0500] {dag.py:3834} INFO - Setting next_dagrun for example_trigger_target_dag to None, run_after=None
[2024-04-04T01:18:44.030-0500] {processor.py:183} INFO - Processing /Volumes/SLU_CS/big_data_scd_all_types_project/.venv/lib/python3.11/site-packages/airflow/example_dags/example_trigger_target_dag.py took 0.057 seconds
[2024-04-04T01:19:40.330-0500] {processor.py:161} INFO - Started process (PID=34194) to work on /Volumes/SLU_CS/big_data_scd_all_types_project/.venv/lib/python3.11/site-packages/airflow/example_dags/example_trigger_target_dag.py
[2024-04-04T01:19:40.331-0500] {processor.py:830} INFO - Processing file /Volumes/SLU_CS/big_data_scd_all_types_project/.venv/lib/python3.11/site-packages/airflow/example_dags/example_trigger_target_dag.py for tasks to queue
[2024-04-04T01:19:40.331-0500] {logging_mixin.py:188} INFO - [2024-04-04T01:19:40.331-0500] {dagbag.py:540} INFO - Filling up the DagBag from /Volumes/SLU_CS/big_data_scd_all_types_project/.venv/lib/python3.11/site-packages/airflow/example_dags/example_trigger_target_dag.py
[2024-04-04T01:19:40.344-0500] {processor.py:840} INFO - DAG(s) 'example_trigger_target_dag' retrieved from /Volumes/SLU_CS/big_data_scd_all_types_project/.venv/lib/python3.11/site-packages/airflow/example_dags/example_trigger_target_dag.py
[2024-04-04T01:19:40.374-0500] {logging_mixin.py:188} INFO - [2024-04-04T01:19:40.374-0500] {dag.py:3047} INFO - Sync 1 DAGs
[2024-04-04T01:19:40.377-0500] {logging_mixin.py:188} INFO - [2024-04-04T01:19:40.377-0500] {dag.py:3834} INFO - Setting next_dagrun for example_trigger_target_dag to None, run_after=None
[2024-04-04T01:19:40.383-0500] {processor.py:183} INFO - Processing /Volumes/SLU_CS/big_data_scd_all_types_project/.venv/lib/python3.11/site-packages/airflow/example_dags/example_trigger_target_dag.py took 0.054 seconds
[2024-04-04T01:20:34.501-0500] {processor.py:161} INFO - Started process (PID=34291) to work on /Volumes/SLU_CS/big_data_scd_all_types_project/.venv/lib/python3.11/site-packages/airflow/example_dags/example_trigger_target_dag.py
[2024-04-04T01:20:34.502-0500] {processor.py:830} INFO - Processing file /Volumes/SLU_CS/big_data_scd_all_types_project/.venv/lib/python3.11/site-packages/airflow/example_dags/example_trigger_target_dag.py for tasks to queue
[2024-04-04T01:20:34.502-0500] {logging_mixin.py:188} INFO - [2024-04-04T01:20:34.502-0500] {dagbag.py:540} INFO - Filling up the DagBag from /Volumes/SLU_CS/big_data_scd_all_types_project/.venv/lib/python3.11/site-packages/airflow/example_dags/example_trigger_target_dag.py
[2024-04-04T01:20:34.518-0500] {processor.py:840} INFO - DAG(s) 'example_trigger_target_dag' retrieved from /Volumes/SLU_CS/big_data_scd_all_types_project/.venv/lib/python3.11/site-packages/airflow/example_dags/example_trigger_target_dag.py
[2024-04-04T01:20:34.547-0500] {logging_mixin.py:188} INFO - [2024-04-04T01:20:34.547-0500] {dag.py:3047} INFO - Sync 1 DAGs
[2024-04-04T01:20:34.550-0500] {logging_mixin.py:188} INFO - [2024-04-04T01:20:34.550-0500] {dag.py:3834} INFO - Setting next_dagrun for example_trigger_target_dag to None, run_after=None
[2024-04-04T01:20:34.556-0500] {processor.py:183} INFO - Processing /Volumes/SLU_CS/big_data_scd_all_types_project/.venv/lib/python3.11/site-packages/airflow/example_dags/example_trigger_target_dag.py took 0.056 seconds
