[2024-04-04T01:02:26.729-0500] {processor.py:161} INFO - Started process (PID=31950) to work on /Volumes/SLU_CS/big_data_scd_all_types_project/.venv/lib/python3.11/site-packages/airflow/example_dags/example_params_ui_tutorial.py
[2024-04-04T01:02:26.730-0500] {processor.py:830} INFO - Processing file /Volumes/SLU_CS/big_data_scd_all_types_project/.venv/lib/python3.11/site-packages/airflow/example_dags/example_params_ui_tutorial.py for tasks to queue
[2024-04-04T01:02:26.730-0500] {logging_mixin.py:188} INFO - [2024-04-04T01:02:26.730-0500] {dagbag.py:540} INFO - Filling up the DagBag from /Volumes/SLU_CS/big_data_scd_all_types_project/.venv/lib/python3.11/site-packages/airflow/example_dags/example_params_ui_tutorial.py
[2024-04-04T01:02:26.745-0500] {processor.py:840} INFO - DAG(s) 'example_params_ui_tutorial' retrieved from /Volumes/SLU_CS/big_data_scd_all_types_project/.venv/lib/python3.11/site-packages/airflow/example_dags/example_params_ui_tutorial.py
[2024-04-04T01:02:26.834-0500] {logging_mixin.py:188} INFO - [2024-04-04T01:02:26.834-0500] {dag.py:3047} INFO - Sync 1 DAGs
[2024-04-04T01:02:26.837-0500] {logging_mixin.py:188} INFO - [2024-04-04T01:02:26.837-0500] {dag.py:3834} INFO - Setting next_dagrun for example_params_ui_tutorial to None, run_after=None
[2024-04-04T01:02:26.844-0500] {processor.py:183} INFO - Processing /Volumes/SLU_CS/big_data_scd_all_types_project/.venv/lib/python3.11/site-packages/airflow/example_dags/example_params_ui_tutorial.py took 0.116 seconds
[2024-04-04T01:03:48.218-0500] {processor.py:161} INFO - Started process (PID=32142) to work on /Volumes/SLU_CS/big_data_scd_all_types_project/.venv/lib/python3.11/site-packages/airflow/example_dags/example_params_ui_tutorial.py
[2024-04-04T01:03:48.219-0500] {processor.py:830} INFO - Processing file /Volumes/SLU_CS/big_data_scd_all_types_project/.venv/lib/python3.11/site-packages/airflow/example_dags/example_params_ui_tutorial.py for tasks to queue
[2024-04-04T01:03:48.220-0500] {logging_mixin.py:188} INFO - [2024-04-04T01:03:48.220-0500] {dagbag.py:540} INFO - Filling up the DagBag from /Volumes/SLU_CS/big_data_scd_all_types_project/.venv/lib/python3.11/site-packages/airflow/example_dags/example_params_ui_tutorial.py
[2024-04-04T01:03:48.239-0500] {processor.py:840} INFO - DAG(s) 'example_params_ui_tutorial' retrieved from /Volumes/SLU_CS/big_data_scd_all_types_project/.venv/lib/python3.11/site-packages/airflow/example_dags/example_params_ui_tutorial.py
[2024-04-04T01:03:48.282-0500] {logging_mixin.py:188} INFO - [2024-04-04T01:03:48.282-0500] {dag.py:3047} INFO - Sync 1 DAGs
[2024-04-04T01:03:48.285-0500] {logging_mixin.py:188} INFO - [2024-04-04T01:03:48.285-0500] {dag.py:3834} INFO - Setting next_dagrun for example_params_ui_tutorial to None, run_after=None
[2024-04-04T01:03:48.292-0500] {processor.py:183} INFO - Processing /Volumes/SLU_CS/big_data_scd_all_types_project/.venv/lib/python3.11/site-packages/airflow/example_dags/example_params_ui_tutorial.py took 0.075 seconds
[2024-04-04T01:05:30.571-0500] {processor.py:161} INFO - Started process (PID=32349) to work on /Volumes/SLU_CS/big_data_scd_all_types_project/.venv/lib/python3.11/site-packages/airflow/example_dags/example_params_ui_tutorial.py
[2024-04-04T01:05:30.572-0500] {processor.py:830} INFO - Processing file /Volumes/SLU_CS/big_data_scd_all_types_project/.venv/lib/python3.11/site-packages/airflow/example_dags/example_params_ui_tutorial.py for tasks to queue
[2024-04-04T01:05:30.572-0500] {logging_mixin.py:188} INFO - [2024-04-04T01:05:30.572-0500] {dagbag.py:540} INFO - Filling up the DagBag from /Volumes/SLU_CS/big_data_scd_all_types_project/.venv/lib/python3.11/site-packages/airflow/example_dags/example_params_ui_tutorial.py
[2024-04-04T01:05:30.587-0500] {processor.py:840} INFO - DAG(s) 'example_params_ui_tutorial' retrieved from /Volumes/SLU_CS/big_data_scd_all_types_project/.venv/lib/python3.11/site-packages/airflow/example_dags/example_params_ui_tutorial.py
[2024-04-04T01:05:30.624-0500] {logging_mixin.py:188} INFO - [2024-04-04T01:05:30.624-0500] {dag.py:3047} INFO - Sync 1 DAGs
[2024-04-04T01:05:30.627-0500] {logging_mixin.py:188} INFO - [2024-04-04T01:05:30.627-0500] {dag.py:3834} INFO - Setting next_dagrun for example_params_ui_tutorial to None, run_after=None
[2024-04-04T01:05:30.634-0500] {processor.py:183} INFO - Processing /Volumes/SLU_CS/big_data_scd_all_types_project/.venv/lib/python3.11/site-packages/airflow/example_dags/example_params_ui_tutorial.py took 0.064 seconds
[2024-04-04T01:07:35.876-0500] {processor.py:161} INFO - Started process (PID=32629) to work on /Volumes/SLU_CS/big_data_scd_all_types_project/.venv/lib/python3.11/site-packages/airflow/example_dags/example_params_ui_tutorial.py
[2024-04-04T01:07:35.876-0500] {processor.py:830} INFO - Processing file /Volumes/SLU_CS/big_data_scd_all_types_project/.venv/lib/python3.11/site-packages/airflow/example_dags/example_params_ui_tutorial.py for tasks to queue
[2024-04-04T01:07:35.877-0500] {logging_mixin.py:188} INFO - [2024-04-04T01:07:35.877-0500] {dagbag.py:540} INFO - Filling up the DagBag from /Volumes/SLU_CS/big_data_scd_all_types_project/.venv/lib/python3.11/site-packages/airflow/example_dags/example_params_ui_tutorial.py
[2024-04-04T01:07:35.892-0500] {processor.py:840} INFO - DAG(s) 'example_params_ui_tutorial' retrieved from /Volumes/SLU_CS/big_data_scd_all_types_project/.venv/lib/python3.11/site-packages/airflow/example_dags/example_params_ui_tutorial.py
[2024-04-04T01:07:35.929-0500] {logging_mixin.py:188} INFO - [2024-04-04T01:07:35.928-0500] {dag.py:3047} INFO - Sync 1 DAGs
[2024-04-04T01:07:35.932-0500] {logging_mixin.py:188} INFO - [2024-04-04T01:07:35.932-0500] {dag.py:3834} INFO - Setting next_dagrun for example_params_ui_tutorial to None, run_after=None
[2024-04-04T01:07:35.938-0500] {processor.py:183} INFO - Processing /Volumes/SLU_CS/big_data_scd_all_types_project/.venv/lib/python3.11/site-packages/airflow/example_dags/example_params_ui_tutorial.py took 0.063 seconds
[2024-04-04T01:09:00.027-0500] {processor.py:161} INFO - Started process (PID=32753) to work on /Volumes/SLU_CS/big_data_scd_all_types_project/.venv/lib/python3.11/site-packages/airflow/example_dags/example_params_ui_tutorial.py
[2024-04-04T01:09:00.027-0500] {processor.py:830} INFO - Processing file /Volumes/SLU_CS/big_data_scd_all_types_project/.venv/lib/python3.11/site-packages/airflow/example_dags/example_params_ui_tutorial.py for tasks to queue
[2024-04-04T01:09:00.027-0500] {logging_mixin.py:188} INFO - [2024-04-04T01:09:00.027-0500] {dagbag.py:540} INFO - Filling up the DagBag from /Volumes/SLU_CS/big_data_scd_all_types_project/.venv/lib/python3.11/site-packages/airflow/example_dags/example_params_ui_tutorial.py
[2024-04-04T01:09:00.041-0500] {processor.py:840} INFO - DAG(s) 'example_params_ui_tutorial' retrieved from /Volumes/SLU_CS/big_data_scd_all_types_project/.venv/lib/python3.11/site-packages/airflow/example_dags/example_params_ui_tutorial.py
[2024-04-04T01:09:00.078-0500] {logging_mixin.py:188} INFO - [2024-04-04T01:09:00.077-0500] {dag.py:3047} INFO - Sync 1 DAGs
[2024-04-04T01:09:00.080-0500] {logging_mixin.py:188} INFO - [2024-04-04T01:09:00.080-0500] {dag.py:3834} INFO - Setting next_dagrun for example_params_ui_tutorial to None, run_after=None
[2024-04-04T01:09:00.087-0500] {processor.py:183} INFO - Processing /Volumes/SLU_CS/big_data_scd_all_types_project/.venv/lib/python3.11/site-packages/airflow/example_dags/example_params_ui_tutorial.py took 0.061 seconds
[2024-04-04T01:10:39.860-0500] {processor.py:161} INFO - Started process (PID=32987) to work on /Volumes/SLU_CS/big_data_scd_all_types_project/.venv/lib/python3.11/site-packages/airflow/example_dags/example_params_ui_tutorial.py
[2024-04-04T01:10:39.861-0500] {processor.py:830} INFO - Processing file /Volumes/SLU_CS/big_data_scd_all_types_project/.venv/lib/python3.11/site-packages/airflow/example_dags/example_params_ui_tutorial.py for tasks to queue
[2024-04-04T01:10:39.861-0500] {logging_mixin.py:188} INFO - [2024-04-04T01:10:39.861-0500] {dagbag.py:540} INFO - Filling up the DagBag from /Volumes/SLU_CS/big_data_scd_all_types_project/.venv/lib/python3.11/site-packages/airflow/example_dags/example_params_ui_tutorial.py
[2024-04-04T01:10:39.876-0500] {processor.py:840} INFO - DAG(s) 'example_params_ui_tutorial' retrieved from /Volumes/SLU_CS/big_data_scd_all_types_project/.venv/lib/python3.11/site-packages/airflow/example_dags/example_params_ui_tutorial.py
[2024-04-04T01:10:39.913-0500] {logging_mixin.py:188} INFO - [2024-04-04T01:10:39.913-0500] {dag.py:3047} INFO - Sync 1 DAGs
[2024-04-04T01:10:39.916-0500] {logging_mixin.py:188} INFO - [2024-04-04T01:10:39.916-0500] {dag.py:3834} INFO - Setting next_dagrun for example_params_ui_tutorial to None, run_after=None
[2024-04-04T01:10:39.922-0500] {processor.py:183} INFO - Processing /Volumes/SLU_CS/big_data_scd_all_types_project/.venv/lib/python3.11/site-packages/airflow/example_dags/example_params_ui_tutorial.py took 0.063 seconds
[2024-04-04T01:12:27.198-0500] {processor.py:161} INFO - Started process (PID=33299) to work on /Volumes/SLU_CS/big_data_scd_all_types_project/.venv/lib/python3.11/site-packages/airflow/example_dags/example_params_ui_tutorial.py
[2024-04-04T01:12:27.199-0500] {processor.py:830} INFO - Processing file /Volumes/SLU_CS/big_data_scd_all_types_project/.venv/lib/python3.11/site-packages/airflow/example_dags/example_params_ui_tutorial.py for tasks to queue
[2024-04-04T01:12:27.199-0500] {logging_mixin.py:188} INFO - [2024-04-04T01:12:27.199-0500] {dagbag.py:540} INFO - Filling up the DagBag from /Volumes/SLU_CS/big_data_scd_all_types_project/.venv/lib/python3.11/site-packages/airflow/example_dags/example_params_ui_tutorial.py
[2024-04-04T01:12:27.220-0500] {processor.py:840} INFO - DAG(s) 'example_params_ui_tutorial' retrieved from /Volumes/SLU_CS/big_data_scd_all_types_project/.venv/lib/python3.11/site-packages/airflow/example_dags/example_params_ui_tutorial.py
[2024-04-04T01:12:27.261-0500] {logging_mixin.py:188} INFO - [2024-04-04T01:12:27.261-0500] {dag.py:3047} INFO - Sync 1 DAGs
[2024-04-04T01:12:27.265-0500] {logging_mixin.py:188} INFO - [2024-04-04T01:12:27.265-0500] {dag.py:3834} INFO - Setting next_dagrun for example_params_ui_tutorial to None, run_after=None
[2024-04-04T01:12:27.273-0500] {processor.py:183} INFO - Processing /Volumes/SLU_CS/big_data_scd_all_types_project/.venv/lib/python3.11/site-packages/airflow/example_dags/example_params_ui_tutorial.py took 0.076 seconds
[2024-04-04T01:14:06.426-0500] {processor.py:161} INFO - Started process (PID=33535) to work on /Volumes/SLU_CS/big_data_scd_all_types_project/.venv/lib/python3.11/site-packages/airflow/example_dags/example_params_ui_tutorial.py
[2024-04-04T01:14:06.430-0500] {processor.py:830} INFO - Processing file /Volumes/SLU_CS/big_data_scd_all_types_project/.venv/lib/python3.11/site-packages/airflow/example_dags/example_params_ui_tutorial.py for tasks to queue
[2024-04-04T01:14:06.431-0500] {logging_mixin.py:188} INFO - [2024-04-04T01:14:06.431-0500] {dagbag.py:540} INFO - Filling up the DagBag from /Volumes/SLU_CS/big_data_scd_all_types_project/.venv/lib/python3.11/site-packages/airflow/example_dags/example_params_ui_tutorial.py
[2024-04-04T01:14:06.456-0500] {processor.py:840} INFO - DAG(s) 'example_params_ui_tutorial' retrieved from /Volumes/SLU_CS/big_data_scd_all_types_project/.venv/lib/python3.11/site-packages/airflow/example_dags/example_params_ui_tutorial.py
[2024-04-04T01:14:06.497-0500] {logging_mixin.py:188} INFO - [2024-04-04T01:14:06.497-0500] {dag.py:3047} INFO - Sync 1 DAGs
[2024-04-04T01:14:06.500-0500] {logging_mixin.py:188} INFO - [2024-04-04T01:14:06.500-0500] {dag.py:3834} INFO - Setting next_dagrun for example_params_ui_tutorial to None, run_after=None
[2024-04-04T01:14:06.507-0500] {processor.py:183} INFO - Processing /Volumes/SLU_CS/big_data_scd_all_types_project/.venv/lib/python3.11/site-packages/airflow/example_dags/example_params_ui_tutorial.py took 0.085 seconds
[2024-04-04T01:15:42.254-0500] {processor.py:161} INFO - Started process (PID=33697) to work on /Volumes/SLU_CS/big_data_scd_all_types_project/.venv/lib/python3.11/site-packages/airflow/example_dags/example_params_ui_tutorial.py
[2024-04-04T01:15:42.255-0500] {processor.py:830} INFO - Processing file /Volumes/SLU_CS/big_data_scd_all_types_project/.venv/lib/python3.11/site-packages/airflow/example_dags/example_params_ui_tutorial.py for tasks to queue
[2024-04-04T01:15:42.255-0500] {logging_mixin.py:188} INFO - [2024-04-04T01:15:42.255-0500] {dagbag.py:540} INFO - Filling up the DagBag from /Volumes/SLU_CS/big_data_scd_all_types_project/.venv/lib/python3.11/site-packages/airflow/example_dags/example_params_ui_tutorial.py
[2024-04-04T01:15:42.269-0500] {processor.py:840} INFO - DAG(s) 'example_params_ui_tutorial' retrieved from /Volumes/SLU_CS/big_data_scd_all_types_project/.venv/lib/python3.11/site-packages/airflow/example_dags/example_params_ui_tutorial.py
[2024-04-04T01:15:42.306-0500] {logging_mixin.py:188} INFO - [2024-04-04T01:15:42.305-0500] {dag.py:3047} INFO - Sync 1 DAGs
[2024-04-04T01:15:42.308-0500] {logging_mixin.py:188} INFO - [2024-04-04T01:15:42.308-0500] {dag.py:3834} INFO - Setting next_dagrun for example_params_ui_tutorial to None, run_after=None
[2024-04-04T01:15:42.315-0500] {processor.py:183} INFO - Processing /Volumes/SLU_CS/big_data_scd_all_types_project/.venv/lib/python3.11/site-packages/airflow/example_dags/example_params_ui_tutorial.py took 0.061 seconds
[2024-04-04T01:17:23.920-0500] {processor.py:161} INFO - Started process (PID=33867) to work on /Volumes/SLU_CS/big_data_scd_all_types_project/.venv/lib/python3.11/site-packages/airflow/example_dags/example_params_ui_tutorial.py
[2024-04-04T01:17:23.921-0500] {processor.py:830} INFO - Processing file /Volumes/SLU_CS/big_data_scd_all_types_project/.venv/lib/python3.11/site-packages/airflow/example_dags/example_params_ui_tutorial.py for tasks to queue
[2024-04-04T01:17:23.921-0500] {logging_mixin.py:188} INFO - [2024-04-04T01:17:23.921-0500] {dagbag.py:540} INFO - Filling up the DagBag from /Volumes/SLU_CS/big_data_scd_all_types_project/.venv/lib/python3.11/site-packages/airflow/example_dags/example_params_ui_tutorial.py
[2024-04-04T01:17:23.934-0500] {processor.py:840} INFO - DAG(s) 'example_params_ui_tutorial' retrieved from /Volumes/SLU_CS/big_data_scd_all_types_project/.venv/lib/python3.11/site-packages/airflow/example_dags/example_params_ui_tutorial.py
[2024-04-04T01:17:23.971-0500] {logging_mixin.py:188} INFO - [2024-04-04T01:17:23.971-0500] {dag.py:3047} INFO - Sync 1 DAGs
[2024-04-04T01:17:23.974-0500] {logging_mixin.py:188} INFO - [2024-04-04T01:17:23.974-0500] {dag.py:3834} INFO - Setting next_dagrun for example_params_ui_tutorial to None, run_after=None
[2024-04-04T01:17:23.981-0500] {processor.py:183} INFO - Processing /Volumes/SLU_CS/big_data_scd_all_types_project/.venv/lib/python3.11/site-packages/airflow/example_dags/example_params_ui_tutorial.py took 0.062 seconds
[2024-04-04T01:19:12.333-0500] {processor.py:161} INFO - Started process (PID=34139) to work on /Volumes/SLU_CS/big_data_scd_all_types_project/.venv/lib/python3.11/site-packages/airflow/example_dags/example_params_ui_tutorial.py
[2024-04-04T01:19:12.333-0500] {processor.py:830} INFO - Processing file /Volumes/SLU_CS/big_data_scd_all_types_project/.venv/lib/python3.11/site-packages/airflow/example_dags/example_params_ui_tutorial.py for tasks to queue
[2024-04-04T01:19:12.334-0500] {logging_mixin.py:188} INFO - [2024-04-04T01:19:12.333-0500] {dagbag.py:540} INFO - Filling up the DagBag from /Volumes/SLU_CS/big_data_scd_all_types_project/.venv/lib/python3.11/site-packages/airflow/example_dags/example_params_ui_tutorial.py
[2024-04-04T01:19:12.347-0500] {processor.py:840} INFO - DAG(s) 'example_params_ui_tutorial' retrieved from /Volumes/SLU_CS/big_data_scd_all_types_project/.venv/lib/python3.11/site-packages/airflow/example_dags/example_params_ui_tutorial.py
[2024-04-04T01:19:12.386-0500] {logging_mixin.py:188} INFO - [2024-04-04T01:19:12.386-0500] {dag.py:3047} INFO - Sync 1 DAGs
[2024-04-04T01:19:12.390-0500] {logging_mixin.py:188} INFO - [2024-04-04T01:19:12.390-0500] {dag.py:3834} INFO - Setting next_dagrun for example_params_ui_tutorial to None, run_after=None
[2024-04-04T01:19:12.398-0500] {processor.py:183} INFO - Processing /Volumes/SLU_CS/big_data_scd_all_types_project/.venv/lib/python3.11/site-packages/airflow/example_dags/example_params_ui_tutorial.py took 0.066 seconds
[2024-04-04T01:20:58.373-0500] {processor.py:161} INFO - Started process (PID=34346) to work on /Volumes/SLU_CS/big_data_scd_all_types_project/.venv/lib/python3.11/site-packages/airflow/example_dags/example_params_ui_tutorial.py
[2024-04-04T01:20:58.373-0500] {processor.py:830} INFO - Processing file /Volumes/SLU_CS/big_data_scd_all_types_project/.venv/lib/python3.11/site-packages/airflow/example_dags/example_params_ui_tutorial.py for tasks to queue
[2024-04-04T01:20:58.374-0500] {logging_mixin.py:188} INFO - [2024-04-04T01:20:58.374-0500] {dagbag.py:540} INFO - Filling up the DagBag from /Volumes/SLU_CS/big_data_scd_all_types_project/.venv/lib/python3.11/site-packages/airflow/example_dags/example_params_ui_tutorial.py
[2024-04-04T01:20:58.388-0500] {processor.py:840} INFO - DAG(s) 'example_params_ui_tutorial' retrieved from /Volumes/SLU_CS/big_data_scd_all_types_project/.venv/lib/python3.11/site-packages/airflow/example_dags/example_params_ui_tutorial.py
[2024-04-04T01:20:58.427-0500] {logging_mixin.py:188} INFO - [2024-04-04T01:20:58.427-0500] {dag.py:3047} INFO - Sync 1 DAGs
[2024-04-04T01:20:58.430-0500] {logging_mixin.py:188} INFO - [2024-04-04T01:20:58.430-0500] {dag.py:3834} INFO - Setting next_dagrun for example_params_ui_tutorial to None, run_after=None
[2024-04-04T01:20:58.438-0500] {processor.py:183} INFO - Processing /Volumes/SLU_CS/big_data_scd_all_types_project/.venv/lib/python3.11/site-packages/airflow/example_dags/example_params_ui_tutorial.py took 0.066 seconds
