[2024-04-04T01:02:34.000-0500] {processor.py:161} INFO - Started process (PID=31965) to work on /Volumes/SLU_CS/big_data_scd_all_types_project/.venv/lib/python3.11/site-packages/airflow/example_dags/example_latest_only_with_trigger.py
[2024-04-04T01:02:34.001-0500] {processor.py:830} INFO - Processing file /Volumes/SLU_CS/big_data_scd_all_types_project/.venv/lib/python3.11/site-packages/airflow/example_dags/example_latest_only_with_trigger.py for tasks to queue
[2024-04-04T01:02:34.001-0500] {logging_mixin.py:188} INFO - [2024-04-04T01:02:34.001-0500] {dagbag.py:540} INFO - Filling up the DagBag from /Volumes/SLU_CS/big_data_scd_all_types_project/.venv/lib/python3.11/site-packages/airflow/example_dags/example_latest_only_with_trigger.py
[2024-04-04T01:02:34.006-0500] {processor.py:840} INFO - DAG(s) 'latest_only_with_trigger' retrieved from /Volumes/SLU_CS/big_data_scd_all_types_project/.venv/lib/python3.11/site-packages/airflow/example_dags/example_latest_only_with_trigger.py
[2024-04-04T01:02:34.095-0500] {logging_mixin.py:188} INFO - [2024-04-04T01:02:34.095-0500] {dag.py:3047} INFO - Sync 1 DAGs
[2024-04-04T01:02:34.101-0500] {logging_mixin.py:188} INFO - [2024-04-04T01:02:34.101-0500] {dag.py:3834} INFO - Setting next_dagrun for latest_only_with_trigger to 2024-04-04 00:00:00+00:00, run_after=2024-04-04 04:00:00+00:00
[2024-04-04T01:02:34.108-0500] {processor.py:183} INFO - Processing /Volumes/SLU_CS/big_data_scd_all_types_project/.venv/lib/python3.11/site-packages/airflow/example_dags/example_latest_only_with_trigger.py took 0.109 seconds
[2024-04-04T01:04:19.524-0500] {processor.py:161} INFO - Started process (PID=32228) to work on /Volumes/SLU_CS/big_data_scd_all_types_project/.venv/lib/python3.11/site-packages/airflow/example_dags/example_latest_only_with_trigger.py
[2024-04-04T01:04:19.526-0500] {processor.py:830} INFO - Processing file /Volumes/SLU_CS/big_data_scd_all_types_project/.venv/lib/python3.11/site-packages/airflow/example_dags/example_latest_only_with_trigger.py for tasks to queue
[2024-04-04T01:04:19.526-0500] {logging_mixin.py:188} INFO - [2024-04-04T01:04:19.526-0500] {dagbag.py:540} INFO - Filling up the DagBag from /Volumes/SLU_CS/big_data_scd_all_types_project/.venv/lib/python3.11/site-packages/airflow/example_dags/example_latest_only_with_trigger.py
[2024-04-04T01:04:19.533-0500] {processor.py:840} INFO - DAG(s) 'latest_only_with_trigger' retrieved from /Volumes/SLU_CS/big_data_scd_all_types_project/.venv/lib/python3.11/site-packages/airflow/example_dags/example_latest_only_with_trigger.py
[2024-04-04T01:04:19.575-0500] {logging_mixin.py:188} INFO - [2024-04-04T01:04:19.575-0500] {dag.py:3047} INFO - Sync 1 DAGs
[2024-04-04T01:04:19.583-0500] {logging_mixin.py:188} INFO - [2024-04-04T01:04:19.583-0500] {dag.py:3834} INFO - Setting next_dagrun for latest_only_with_trigger to 2024-04-04 00:00:00+00:00, run_after=2024-04-04 04:00:00+00:00
[2024-04-04T01:04:19.592-0500] {processor.py:183} INFO - Processing /Volumes/SLU_CS/big_data_scd_all_types_project/.venv/lib/python3.11/site-packages/airflow/example_dags/example_latest_only_with_trigger.py took 0.069 seconds
[2024-04-04T01:06:01.095-0500] {processor.py:161} INFO - Started process (PID=32420) to work on /Volumes/SLU_CS/big_data_scd_all_types_project/.venv/lib/python3.11/site-packages/airflow/example_dags/example_latest_only_with_trigger.py
[2024-04-04T01:06:01.096-0500] {processor.py:830} INFO - Processing file /Volumes/SLU_CS/big_data_scd_all_types_project/.venv/lib/python3.11/site-packages/airflow/example_dags/example_latest_only_with_trigger.py for tasks to queue
[2024-04-04T01:06:01.096-0500] {logging_mixin.py:188} INFO - [2024-04-04T01:06:01.096-0500] {dagbag.py:540} INFO - Filling up the DagBag from /Volumes/SLU_CS/big_data_scd_all_types_project/.venv/lib/python3.11/site-packages/airflow/example_dags/example_latest_only_with_trigger.py
[2024-04-04T01:06:01.101-0500] {processor.py:840} INFO - DAG(s) 'latest_only_with_trigger' retrieved from /Volumes/SLU_CS/big_data_scd_all_types_project/.venv/lib/python3.11/site-packages/airflow/example_dags/example_latest_only_with_trigger.py
[2024-04-04T01:06:01.131-0500] {logging_mixin.py:188} INFO - [2024-04-04T01:06:01.131-0500] {dag.py:3047} INFO - Sync 1 DAGs
[2024-04-04T01:06:01.137-0500] {logging_mixin.py:188} INFO - [2024-04-04T01:06:01.137-0500] {dag.py:3834} INFO - Setting next_dagrun for latest_only_with_trigger to 2024-04-04 00:00:00+00:00, run_after=2024-04-04 04:00:00+00:00
[2024-04-04T01:06:01.143-0500] {processor.py:183} INFO - Processing /Volumes/SLU_CS/big_data_scd_all_types_project/.venv/lib/python3.11/site-packages/airflow/example_dags/example_latest_only_with_trigger.py took 0.049 seconds
[2024-04-04T01:07:42.871-0500] {processor.py:161} INFO - Started process (PID=32637) to work on /Volumes/SLU_CS/big_data_scd_all_types_project/.venv/lib/python3.11/site-packages/airflow/example_dags/example_latest_only_with_trigger.py
[2024-04-04T01:07:42.872-0500] {processor.py:830} INFO - Processing file /Volumes/SLU_CS/big_data_scd_all_types_project/.venv/lib/python3.11/site-packages/airflow/example_dags/example_latest_only_with_trigger.py for tasks to queue
[2024-04-04T01:07:42.872-0500] {logging_mixin.py:188} INFO - [2024-04-04T01:07:42.872-0500] {dagbag.py:540} INFO - Filling up the DagBag from /Volumes/SLU_CS/big_data_scd_all_types_project/.venv/lib/python3.11/site-packages/airflow/example_dags/example_latest_only_with_trigger.py
[2024-04-04T01:07:42.876-0500] {processor.py:840} INFO - DAG(s) 'latest_only_with_trigger' retrieved from /Volumes/SLU_CS/big_data_scd_all_types_project/.venv/lib/python3.11/site-packages/airflow/example_dags/example_latest_only_with_trigger.py
[2024-04-04T01:07:42.907-0500] {logging_mixin.py:188} INFO - [2024-04-04T01:07:42.907-0500] {dag.py:3047} INFO - Sync 1 DAGs
[2024-04-04T01:07:42.913-0500] {logging_mixin.py:188} INFO - [2024-04-04T01:07:42.913-0500] {dag.py:3834} INFO - Setting next_dagrun for latest_only_with_trigger to 2024-04-04 00:00:00+00:00, run_after=2024-04-04 04:00:00+00:00
[2024-04-04T01:07:42.919-0500] {processor.py:183} INFO - Processing /Volumes/SLU_CS/big_data_scd_all_types_project/.venv/lib/python3.11/site-packages/airflow/example_dags/example_latest_only_with_trigger.py took 0.050 seconds
[2024-04-04T01:09:31.547-0500] {processor.py:161} INFO - Started process (PID=32829) to work on /Volumes/SLU_CS/big_data_scd_all_types_project/.venv/lib/python3.11/site-packages/airflow/example_dags/example_latest_only_with_trigger.py
[2024-04-04T01:09:31.548-0500] {processor.py:830} INFO - Processing file /Volumes/SLU_CS/big_data_scd_all_types_project/.venv/lib/python3.11/site-packages/airflow/example_dags/example_latest_only_with_trigger.py for tasks to queue
[2024-04-04T01:09:31.548-0500] {logging_mixin.py:188} INFO - [2024-04-04T01:09:31.548-0500] {dagbag.py:540} INFO - Filling up the DagBag from /Volumes/SLU_CS/big_data_scd_all_types_project/.venv/lib/python3.11/site-packages/airflow/example_dags/example_latest_only_with_trigger.py
[2024-04-04T01:09:31.552-0500] {processor.py:840} INFO - DAG(s) 'latest_only_with_trigger' retrieved from /Volumes/SLU_CS/big_data_scd_all_types_project/.venv/lib/python3.11/site-packages/airflow/example_dags/example_latest_only_with_trigger.py
[2024-04-04T01:09:31.586-0500] {logging_mixin.py:188} INFO - [2024-04-04T01:09:31.586-0500] {dag.py:3047} INFO - Sync 1 DAGs
[2024-04-04T01:09:31.593-0500] {logging_mixin.py:188} INFO - [2024-04-04T01:09:31.593-0500] {dag.py:3834} INFO - Setting next_dagrun for latest_only_with_trigger to 2024-04-04 00:00:00+00:00, run_after=2024-04-04 04:00:00+00:00
[2024-04-04T01:09:31.599-0500] {processor.py:183} INFO - Processing /Volumes/SLU_CS/big_data_scd_all_types_project/.venv/lib/python3.11/site-packages/airflow/example_dags/example_latest_only_with_trigger.py took 0.052 seconds
[2024-04-04T01:11:09.836-0500] {processor.py:161} INFO - Started process (PID=33071) to work on /Volumes/SLU_CS/big_data_scd_all_types_project/.venv/lib/python3.11/site-packages/airflow/example_dags/example_latest_only_with_trigger.py
[2024-04-04T01:11:09.836-0500] {processor.py:830} INFO - Processing file /Volumes/SLU_CS/big_data_scd_all_types_project/.venv/lib/python3.11/site-packages/airflow/example_dags/example_latest_only_with_trigger.py for tasks to queue
[2024-04-04T01:11:09.836-0500] {logging_mixin.py:188} INFO - [2024-04-04T01:11:09.836-0500] {dagbag.py:540} INFO - Filling up the DagBag from /Volumes/SLU_CS/big_data_scd_all_types_project/.venv/lib/python3.11/site-packages/airflow/example_dags/example_latest_only_with_trigger.py
[2024-04-04T01:11:09.840-0500] {processor.py:840} INFO - DAG(s) 'latest_only_with_trigger' retrieved from /Volumes/SLU_CS/big_data_scd_all_types_project/.venv/lib/python3.11/site-packages/airflow/example_dags/example_latest_only_with_trigger.py
[2024-04-04T01:11:09.873-0500] {logging_mixin.py:188} INFO - [2024-04-04T01:11:09.872-0500] {dag.py:3047} INFO - Sync 1 DAGs
[2024-04-04T01:11:09.879-0500] {logging_mixin.py:188} INFO - [2024-04-04T01:11:09.879-0500] {dag.py:3834} INFO - Setting next_dagrun for latest_only_with_trigger to 2024-04-04 00:00:00+00:00, run_after=2024-04-04 04:00:00+00:00
[2024-04-04T01:11:09.885-0500] {processor.py:183} INFO - Processing /Volumes/SLU_CS/big_data_scd_all_types_project/.venv/lib/python3.11/site-packages/airflow/example_dags/example_latest_only_with_trigger.py took 0.051 seconds
[2024-04-04T01:12:56.228-0500] {processor.py:161} INFO - Started process (PID=33382) to work on /Volumes/SLU_CS/big_data_scd_all_types_project/.venv/lib/python3.11/site-packages/airflow/example_dags/example_latest_only_with_trigger.py
[2024-04-04T01:12:56.229-0500] {processor.py:830} INFO - Processing file /Volumes/SLU_CS/big_data_scd_all_types_project/.venv/lib/python3.11/site-packages/airflow/example_dags/example_latest_only_with_trigger.py for tasks to queue
[2024-04-04T01:12:56.229-0500] {logging_mixin.py:188} INFO - [2024-04-04T01:12:56.229-0500] {dagbag.py:540} INFO - Filling up the DagBag from /Volumes/SLU_CS/big_data_scd_all_types_project/.venv/lib/python3.11/site-packages/airflow/example_dags/example_latest_only_with_trigger.py
[2024-04-04T01:12:56.232-0500] {processor.py:840} INFO - DAG(s) 'latest_only_with_trigger' retrieved from /Volumes/SLU_CS/big_data_scd_all_types_project/.venv/lib/python3.11/site-packages/airflow/example_dags/example_latest_only_with_trigger.py
[2024-04-04T01:12:56.262-0500] {logging_mixin.py:188} INFO - [2024-04-04T01:12:56.262-0500] {dag.py:3047} INFO - Sync 1 DAGs
[2024-04-04T01:12:56.268-0500] {logging_mixin.py:188} INFO - [2024-04-04T01:12:56.268-0500] {dag.py:3834} INFO - Setting next_dagrun for latest_only_with_trigger to 2024-04-04 00:00:00+00:00, run_after=2024-04-04 04:00:00+00:00
[2024-04-04T01:12:56.274-0500] {processor.py:183} INFO - Processing /Volumes/SLU_CS/big_data_scd_all_types_project/.venv/lib/python3.11/site-packages/airflow/example_dags/example_latest_only_with_trigger.py took 0.046 seconds
[2024-04-04T01:14:33.432-0500] {processor.py:161} INFO - Started process (PID=33576) to work on /Volumes/SLU_CS/big_data_scd_all_types_project/.venv/lib/python3.11/site-packages/airflow/example_dags/example_latest_only_with_trigger.py
[2024-04-04T01:14:33.433-0500] {processor.py:830} INFO - Processing file /Volumes/SLU_CS/big_data_scd_all_types_project/.venv/lib/python3.11/site-packages/airflow/example_dags/example_latest_only_with_trigger.py for tasks to queue
[2024-04-04T01:14:33.434-0500] {logging_mixin.py:188} INFO - [2024-04-04T01:14:33.434-0500] {dagbag.py:540} INFO - Filling up the DagBag from /Volumes/SLU_CS/big_data_scd_all_types_project/.venv/lib/python3.11/site-packages/airflow/example_dags/example_latest_only_with_trigger.py
[2024-04-04T01:14:33.437-0500] {processor.py:840} INFO - DAG(s) 'latest_only_with_trigger' retrieved from /Volumes/SLU_CS/big_data_scd_all_types_project/.venv/lib/python3.11/site-packages/airflow/example_dags/example_latest_only_with_trigger.py
[2024-04-04T01:14:33.471-0500] {logging_mixin.py:188} INFO - [2024-04-04T01:14:33.471-0500] {dag.py:3047} INFO - Sync 1 DAGs
[2024-04-04T01:14:33.477-0500] {logging_mixin.py:188} INFO - [2024-04-04T01:14:33.477-0500] {dag.py:3834} INFO - Setting next_dagrun for latest_only_with_trigger to 2024-04-04 00:00:00+00:00, run_after=2024-04-04 04:00:00+00:00
[2024-04-04T01:14:33.483-0500] {processor.py:183} INFO - Processing /Volumes/SLU_CS/big_data_scd_all_types_project/.venv/lib/python3.11/site-packages/airflow/example_dags/example_latest_only_with_trigger.py took 0.052 seconds
[2024-04-04T01:16:07.636-0500] {processor.py:161} INFO - Started process (PID=33733) to work on /Volumes/SLU_CS/big_data_scd_all_types_project/.venv/lib/python3.11/site-packages/airflow/example_dags/example_latest_only_with_trigger.py
[2024-04-04T01:16:07.636-0500] {processor.py:830} INFO - Processing file /Volumes/SLU_CS/big_data_scd_all_types_project/.venv/lib/python3.11/site-packages/airflow/example_dags/example_latest_only_with_trigger.py for tasks to queue
[2024-04-04T01:16:07.637-0500] {logging_mixin.py:188} INFO - [2024-04-04T01:16:07.637-0500] {dagbag.py:540} INFO - Filling up the DagBag from /Volumes/SLU_CS/big_data_scd_all_types_project/.venv/lib/python3.11/site-packages/airflow/example_dags/example_latest_only_with_trigger.py
[2024-04-04T01:16:07.640-0500] {processor.py:840} INFO - DAG(s) 'latest_only_with_trigger' retrieved from /Volumes/SLU_CS/big_data_scd_all_types_project/.venv/lib/python3.11/site-packages/airflow/example_dags/example_latest_only_with_trigger.py
[2024-04-04T01:16:07.669-0500] {logging_mixin.py:188} INFO - [2024-04-04T01:16:07.669-0500] {dag.py:3047} INFO - Sync 1 DAGs
[2024-04-04T01:16:07.675-0500] {logging_mixin.py:188} INFO - [2024-04-04T01:16:07.675-0500] {dag.py:3834} INFO - Setting next_dagrun for latest_only_with_trigger to 2024-04-04 00:00:00+00:00, run_after=2024-04-04 04:00:00+00:00
[2024-04-04T01:16:07.682-0500] {processor.py:183} INFO - Processing /Volumes/SLU_CS/big_data_scd_all_types_project/.venv/lib/python3.11/site-packages/airflow/example_dags/example_latest_only_with_trigger.py took 0.046 seconds
[2024-04-04T01:17:55.440-0500] {processor.py:161} INFO - Started process (PID=33913) to work on /Volumes/SLU_CS/big_data_scd_all_types_project/.venv/lib/python3.11/site-packages/airflow/example_dags/example_latest_only_with_trigger.py
[2024-04-04T01:17:55.441-0500] {processor.py:830} INFO - Processing file /Volumes/SLU_CS/big_data_scd_all_types_project/.venv/lib/python3.11/site-packages/airflow/example_dags/example_latest_only_with_trigger.py for tasks to queue
[2024-04-04T01:17:55.442-0500] {logging_mixin.py:188} INFO - [2024-04-04T01:17:55.442-0500] {dagbag.py:540} INFO - Filling up the DagBag from /Volumes/SLU_CS/big_data_scd_all_types_project/.venv/lib/python3.11/site-packages/airflow/example_dags/example_latest_only_with_trigger.py
[2024-04-04T01:17:55.445-0500] {processor.py:840} INFO - DAG(s) 'latest_only_with_trigger' retrieved from /Volumes/SLU_CS/big_data_scd_all_types_project/.venv/lib/python3.11/site-packages/airflow/example_dags/example_latest_only_with_trigger.py
[2024-04-04T01:17:55.478-0500] {logging_mixin.py:188} INFO - [2024-04-04T01:17:55.478-0500] {dag.py:3047} INFO - Sync 1 DAGs
[2024-04-04T01:17:55.484-0500] {logging_mixin.py:188} INFO - [2024-04-04T01:17:55.484-0500] {dag.py:3834} INFO - Setting next_dagrun for latest_only_with_trigger to 2024-04-04 00:00:00+00:00, run_after=2024-04-04 04:00:00+00:00
[2024-04-04T01:17:55.490-0500] {processor.py:183} INFO - Processing /Volumes/SLU_CS/big_data_scd_all_types_project/.venv/lib/python3.11/site-packages/airflow/example_dags/example_latest_only_with_trigger.py took 0.050 seconds
[2024-04-04T01:19:47.140-0500] {processor.py:161} INFO - Started process (PID=34207) to work on /Volumes/SLU_CS/big_data_scd_all_types_project/.venv/lib/python3.11/site-packages/airflow/example_dags/example_latest_only_with_trigger.py
[2024-04-04T01:19:47.141-0500] {processor.py:830} INFO - Processing file /Volumes/SLU_CS/big_data_scd_all_types_project/.venv/lib/python3.11/site-packages/airflow/example_dags/example_latest_only_with_trigger.py for tasks to queue
[2024-04-04T01:19:47.142-0500] {logging_mixin.py:188} INFO - [2024-04-04T01:19:47.141-0500] {dagbag.py:540} INFO - Filling up the DagBag from /Volumes/SLU_CS/big_data_scd_all_types_project/.venv/lib/python3.11/site-packages/airflow/example_dags/example_latest_only_with_trigger.py
[2024-04-04T01:19:47.145-0500] {processor.py:840} INFO - DAG(s) 'latest_only_with_trigger' retrieved from /Volumes/SLU_CS/big_data_scd_all_types_project/.venv/lib/python3.11/site-packages/airflow/example_dags/example_latest_only_with_trigger.py
[2024-04-04T01:19:47.179-0500] {logging_mixin.py:188} INFO - [2024-04-04T01:19:47.179-0500] {dag.py:3047} INFO - Sync 1 DAGs
[2024-04-04T01:19:47.186-0500] {logging_mixin.py:188} INFO - [2024-04-04T01:19:47.186-0500] {dag.py:3834} INFO - Setting next_dagrun for latest_only_with_trigger to 2024-04-04 00:00:00+00:00, run_after=2024-04-04 04:00:00+00:00
[2024-04-04T01:19:47.192-0500] {processor.py:183} INFO - Processing /Volumes/SLU_CS/big_data_scd_all_types_project/.venv/lib/python3.11/site-packages/airflow/example_dags/example_latest_only_with_trigger.py took 0.053 seconds
