[2024-04-04T01:02:41.573-0500] {processor.py:161} INFO - Started process (PID=31975) to work on /Volumes/SLU_CS/big_data_scd_all_types_project/.venv/lib/python3.11/site-packages/airflow/example_dags/example_dynamic_task_mapping.py
[2024-04-04T01:02:41.574-0500] {processor.py:830} INFO - Processing file /Volumes/SLU_CS/big_data_scd_all_types_project/.venv/lib/python3.11/site-packages/airflow/example_dags/example_dynamic_task_mapping.py for tasks to queue
[2024-04-04T01:02:41.574-0500] {logging_mixin.py:188} INFO - [2024-04-04T01:02:41.574-0500] {dagbag.py:540} INFO - Filling up the DagBag from /Volumes/SLU_CS/big_data_scd_all_types_project/.venv/lib/python3.11/site-packages/airflow/example_dags/example_dynamic_task_mapping.py
[2024-04-04T01:02:41.587-0500] {processor.py:840} INFO - DAG(s) 'example_dynamic_task_mapping' retrieved from /Volumes/SLU_CS/big_data_scd_all_types_project/.venv/lib/python3.11/site-packages/airflow/example_dags/example_dynamic_task_mapping.py
[2024-04-04T01:02:41.672-0500] {logging_mixin.py:188} INFO - [2024-04-04T01:02:41.672-0500] {dag.py:3047} INFO - Sync 1 DAGs
[2024-04-04T01:02:41.678-0500] {logging_mixin.py:188} INFO - [2024-04-04T01:02:41.678-0500] {dag.py:3834} INFO - Setting next_dagrun for example_dynamic_task_mapping to 2022-03-04 00:00:00+00:00, run_after=2022-03-05 00:00:00+00:00
[2024-04-04T01:02:41.685-0500] {processor.py:183} INFO - Processing /Volumes/SLU_CS/big_data_scd_all_types_project/.venv/lib/python3.11/site-packages/airflow/example_dags/example_dynamic_task_mapping.py took 0.112 seconds
[2024-04-04T01:04:26.627-0500] {processor.py:161} INFO - Started process (PID=32249) to work on /Volumes/SLU_CS/big_data_scd_all_types_project/.venv/lib/python3.11/site-packages/airflow/example_dags/example_dynamic_task_mapping.py
[2024-04-04T01:04:26.628-0500] {processor.py:830} INFO - Processing file /Volumes/SLU_CS/big_data_scd_all_types_project/.venv/lib/python3.11/site-packages/airflow/example_dags/example_dynamic_task_mapping.py for tasks to queue
[2024-04-04T01:04:26.628-0500] {logging_mixin.py:188} INFO - [2024-04-04T01:04:26.628-0500] {dagbag.py:540} INFO - Filling up the DagBag from /Volumes/SLU_CS/big_data_scd_all_types_project/.venv/lib/python3.11/site-packages/airflow/example_dags/example_dynamic_task_mapping.py
[2024-04-04T01:04:26.641-0500] {processor.py:840} INFO - DAG(s) 'example_dynamic_task_mapping' retrieved from /Volumes/SLU_CS/big_data_scd_all_types_project/.venv/lib/python3.11/site-packages/airflow/example_dags/example_dynamic_task_mapping.py
[2024-04-04T01:04:26.673-0500] {logging_mixin.py:188} INFO - [2024-04-04T01:04:26.673-0500] {dag.py:3047} INFO - Sync 1 DAGs
[2024-04-04T01:04:26.679-0500] {logging_mixin.py:188} INFO - [2024-04-04T01:04:26.679-0500] {dag.py:3834} INFO - Setting next_dagrun for example_dynamic_task_mapping to 2022-03-04 00:00:00+00:00, run_after=2022-03-05 00:00:00+00:00
[2024-04-04T01:04:26.685-0500] {processor.py:183} INFO - Processing /Volumes/SLU_CS/big_data_scd_all_types_project/.venv/lib/python3.11/site-packages/airflow/example_dags/example_dynamic_task_mapping.py took 0.059 seconds
[2024-04-04T01:06:09.847-0500] {processor.py:161} INFO - Started process (PID=32440) to work on /Volumes/SLU_CS/big_data_scd_all_types_project/.venv/lib/python3.11/site-packages/airflow/example_dags/example_dynamic_task_mapping.py
[2024-04-04T01:06:09.848-0500] {processor.py:830} INFO - Processing file /Volumes/SLU_CS/big_data_scd_all_types_project/.venv/lib/python3.11/site-packages/airflow/example_dags/example_dynamic_task_mapping.py for tasks to queue
[2024-04-04T01:06:09.848-0500] {logging_mixin.py:188} INFO - [2024-04-04T01:06:09.848-0500] {dagbag.py:540} INFO - Filling up the DagBag from /Volumes/SLU_CS/big_data_scd_all_types_project/.venv/lib/python3.11/site-packages/airflow/example_dags/example_dynamic_task_mapping.py
[2024-04-04T01:06:09.860-0500] {processor.py:840} INFO - DAG(s) 'example_dynamic_task_mapping' retrieved from /Volumes/SLU_CS/big_data_scd_all_types_project/.venv/lib/python3.11/site-packages/airflow/example_dags/example_dynamic_task_mapping.py
[2024-04-04T01:06:09.889-0500] {logging_mixin.py:188} INFO - [2024-04-04T01:06:09.889-0500] {dag.py:3047} INFO - Sync 1 DAGs
[2024-04-04T01:06:09.894-0500] {logging_mixin.py:188} INFO - [2024-04-04T01:06:09.894-0500] {dag.py:3834} INFO - Setting next_dagrun for example_dynamic_task_mapping to 2022-03-04 00:00:00+00:00, run_after=2022-03-05 00:00:00+00:00
[2024-04-04T01:06:09.900-0500] {processor.py:183} INFO - Processing /Volumes/SLU_CS/big_data_scd_all_types_project/.venv/lib/python3.11/site-packages/airflow/example_dags/example_dynamic_task_mapping.py took 0.054 seconds
[2024-04-04T01:07:51.407-0500] {processor.py:161} INFO - Started process (PID=32649) to work on /Volumes/SLU_CS/big_data_scd_all_types_project/.venv/lib/python3.11/site-packages/airflow/example_dags/example_dynamic_task_mapping.py
[2024-04-04T01:07:51.408-0500] {processor.py:830} INFO - Processing file /Volumes/SLU_CS/big_data_scd_all_types_project/.venv/lib/python3.11/site-packages/airflow/example_dags/example_dynamic_task_mapping.py for tasks to queue
[2024-04-04T01:07:51.409-0500] {logging_mixin.py:188} INFO - [2024-04-04T01:07:51.409-0500] {dagbag.py:540} INFO - Filling up the DagBag from /Volumes/SLU_CS/big_data_scd_all_types_project/.venv/lib/python3.11/site-packages/airflow/example_dags/example_dynamic_task_mapping.py
[2024-04-04T01:07:51.423-0500] {processor.py:840} INFO - DAG(s) 'example_dynamic_task_mapping' retrieved from /Volumes/SLU_CS/big_data_scd_all_types_project/.venv/lib/python3.11/site-packages/airflow/example_dags/example_dynamic_task_mapping.py
[2024-04-04T01:07:51.452-0500] {logging_mixin.py:188} INFO - [2024-04-04T01:07:51.452-0500] {dag.py:3047} INFO - Sync 1 DAGs
[2024-04-04T01:07:51.457-0500] {logging_mixin.py:188} INFO - [2024-04-04T01:07:51.457-0500] {dag.py:3834} INFO - Setting next_dagrun for example_dynamic_task_mapping to 2022-03-04 00:00:00+00:00, run_after=2022-03-05 00:00:00+00:00
[2024-04-04T01:07:51.463-0500] {processor.py:183} INFO - Processing /Volumes/SLU_CS/big_data_scd_all_types_project/.venv/lib/python3.11/site-packages/airflow/example_dags/example_dynamic_task_mapping.py took 0.058 seconds
[2024-04-04T01:09:39.042-0500] {processor.py:161} INFO - Started process (PID=32840) to work on /Volumes/SLU_CS/big_data_scd_all_types_project/.venv/lib/python3.11/site-packages/airflow/example_dags/example_dynamic_task_mapping.py
[2024-04-04T01:09:39.043-0500] {processor.py:830} INFO - Processing file /Volumes/SLU_CS/big_data_scd_all_types_project/.venv/lib/python3.11/site-packages/airflow/example_dags/example_dynamic_task_mapping.py for tasks to queue
[2024-04-04T01:09:39.043-0500] {logging_mixin.py:188} INFO - [2024-04-04T01:09:39.043-0500] {dagbag.py:540} INFO - Filling up the DagBag from /Volumes/SLU_CS/big_data_scd_all_types_project/.venv/lib/python3.11/site-packages/airflow/example_dags/example_dynamic_task_mapping.py
[2024-04-04T01:09:39.056-0500] {processor.py:840} INFO - DAG(s) 'example_dynamic_task_mapping' retrieved from /Volumes/SLU_CS/big_data_scd_all_types_project/.venv/lib/python3.11/site-packages/airflow/example_dags/example_dynamic_task_mapping.py
[2024-04-04T01:09:39.084-0500] {logging_mixin.py:188} INFO - [2024-04-04T01:09:39.084-0500] {dag.py:3047} INFO - Sync 1 DAGs
[2024-04-04T01:09:39.090-0500] {logging_mixin.py:188} INFO - [2024-04-04T01:09:39.089-0500] {dag.py:3834} INFO - Setting next_dagrun for example_dynamic_task_mapping to 2022-03-04 00:00:00+00:00, run_after=2022-03-05 00:00:00+00:00
[2024-04-04T01:09:39.096-0500] {processor.py:183} INFO - Processing /Volumes/SLU_CS/big_data_scd_all_types_project/.venv/lib/python3.11/site-packages/airflow/example_dags/example_dynamic_task_mapping.py took 0.054 seconds
[2024-04-04T01:11:18.621-0500] {processor.py:161} INFO - Started process (PID=33088) to work on /Volumes/SLU_CS/big_data_scd_all_types_project/.venv/lib/python3.11/site-packages/airflow/example_dags/example_dynamic_task_mapping.py
[2024-04-04T01:11:18.622-0500] {processor.py:830} INFO - Processing file /Volumes/SLU_CS/big_data_scd_all_types_project/.venv/lib/python3.11/site-packages/airflow/example_dags/example_dynamic_task_mapping.py for tasks to queue
[2024-04-04T01:11:18.622-0500] {logging_mixin.py:188} INFO - [2024-04-04T01:11:18.622-0500] {dagbag.py:540} INFO - Filling up the DagBag from /Volumes/SLU_CS/big_data_scd_all_types_project/.venv/lib/python3.11/site-packages/airflow/example_dags/example_dynamic_task_mapping.py
[2024-04-04T01:11:18.634-0500] {processor.py:840} INFO - DAG(s) 'example_dynamic_task_mapping' retrieved from /Volumes/SLU_CS/big_data_scd_all_types_project/.venv/lib/python3.11/site-packages/airflow/example_dags/example_dynamic_task_mapping.py
[2024-04-04T01:11:18.663-0500] {logging_mixin.py:188} INFO - [2024-04-04T01:11:18.663-0500] {dag.py:3047} INFO - Sync 1 DAGs
[2024-04-04T01:11:18.668-0500] {logging_mixin.py:188} INFO - [2024-04-04T01:11:18.668-0500] {dag.py:3834} INFO - Setting next_dagrun for example_dynamic_task_mapping to 2022-03-04 00:00:00+00:00, run_after=2022-03-05 00:00:00+00:00
[2024-04-04T01:11:18.675-0500] {processor.py:183} INFO - Processing /Volumes/SLU_CS/big_data_scd_all_types_project/.venv/lib/python3.11/site-packages/airflow/example_dags/example_dynamic_task_mapping.py took 0.055 seconds
[2024-04-04T01:13:03.968-0500] {processor.py:161} INFO - Started process (PID=33412) to work on /Volumes/SLU_CS/big_data_scd_all_types_project/.venv/lib/python3.11/site-packages/airflow/example_dags/example_dynamic_task_mapping.py
[2024-04-04T01:13:03.968-0500] {processor.py:830} INFO - Processing file /Volumes/SLU_CS/big_data_scd_all_types_project/.venv/lib/python3.11/site-packages/airflow/example_dags/example_dynamic_task_mapping.py for tasks to queue
[2024-04-04T01:13:03.969-0500] {logging_mixin.py:188} INFO - [2024-04-04T01:13:03.969-0500] {dagbag.py:540} INFO - Filling up the DagBag from /Volumes/SLU_CS/big_data_scd_all_types_project/.venv/lib/python3.11/site-packages/airflow/example_dags/example_dynamic_task_mapping.py
[2024-04-04T01:13:03.982-0500] {processor.py:840} INFO - DAG(s) 'example_dynamic_task_mapping' retrieved from /Volumes/SLU_CS/big_data_scd_all_types_project/.venv/lib/python3.11/site-packages/airflow/example_dags/example_dynamic_task_mapping.py
[2024-04-04T01:13:04.012-0500] {logging_mixin.py:188} INFO - [2024-04-04T01:13:04.012-0500] {dag.py:3047} INFO - Sync 1 DAGs
[2024-04-04T01:13:04.017-0500] {logging_mixin.py:188} INFO - [2024-04-04T01:13:04.017-0500] {dag.py:3834} INFO - Setting next_dagrun for example_dynamic_task_mapping to 2022-03-04 00:00:00+00:00, run_after=2022-03-05 00:00:00+00:00
[2024-04-04T01:13:04.024-0500] {processor.py:183} INFO - Processing /Volumes/SLU_CS/big_data_scd_all_types_project/.venv/lib/python3.11/site-packages/airflow/example_dags/example_dynamic_task_mapping.py took 0.057 seconds
[2024-04-04T01:14:41.828-0500] {processor.py:161} INFO - Started process (PID=33596) to work on /Volumes/SLU_CS/big_data_scd_all_types_project/.venv/lib/python3.11/site-packages/airflow/example_dags/example_dynamic_task_mapping.py
[2024-04-04T01:14:41.828-0500] {processor.py:830} INFO - Processing file /Volumes/SLU_CS/big_data_scd_all_types_project/.venv/lib/python3.11/site-packages/airflow/example_dags/example_dynamic_task_mapping.py for tasks to queue
[2024-04-04T01:14:41.829-0500] {logging_mixin.py:188} INFO - [2024-04-04T01:14:41.829-0500] {dagbag.py:540} INFO - Filling up the DagBag from /Volumes/SLU_CS/big_data_scd_all_types_project/.venv/lib/python3.11/site-packages/airflow/example_dags/example_dynamic_task_mapping.py
[2024-04-04T01:14:41.847-0500] {processor.py:840} INFO - DAG(s) 'example_dynamic_task_mapping' retrieved from /Volumes/SLU_CS/big_data_scd_all_types_project/.venv/lib/python3.11/site-packages/airflow/example_dags/example_dynamic_task_mapping.py
[2024-04-04T01:14:41.881-0500] {logging_mixin.py:188} INFO - [2024-04-04T01:14:41.880-0500] {dag.py:3047} INFO - Sync 1 DAGs
[2024-04-04T01:14:41.887-0500] {logging_mixin.py:188} INFO - [2024-04-04T01:14:41.887-0500] {dag.py:3834} INFO - Setting next_dagrun for example_dynamic_task_mapping to 2022-03-04 00:00:00+00:00, run_after=2022-03-05 00:00:00+00:00
[2024-04-04T01:14:41.894-0500] {processor.py:183} INFO - Processing /Volumes/SLU_CS/big_data_scd_all_types_project/.venv/lib/python3.11/site-packages/airflow/example_dags/example_dynamic_task_mapping.py took 0.067 seconds
[2024-04-04T01:16:16.227-0500] {processor.py:161} INFO - Started process (PID=33744) to work on /Volumes/SLU_CS/big_data_scd_all_types_project/.venv/lib/python3.11/site-packages/airflow/example_dags/example_dynamic_task_mapping.py
[2024-04-04T01:16:16.228-0500] {processor.py:830} INFO - Processing file /Volumes/SLU_CS/big_data_scd_all_types_project/.venv/lib/python3.11/site-packages/airflow/example_dags/example_dynamic_task_mapping.py for tasks to queue
[2024-04-04T01:16:16.228-0500] {logging_mixin.py:188} INFO - [2024-04-04T01:16:16.228-0500] {dagbag.py:540} INFO - Filling up the DagBag from /Volumes/SLU_CS/big_data_scd_all_types_project/.venv/lib/python3.11/site-packages/airflow/example_dags/example_dynamic_task_mapping.py
[2024-04-04T01:16:16.240-0500] {processor.py:840} INFO - DAG(s) 'example_dynamic_task_mapping' retrieved from /Volumes/SLU_CS/big_data_scd_all_types_project/.venv/lib/python3.11/site-packages/airflow/example_dags/example_dynamic_task_mapping.py
[2024-04-04T01:16:16.269-0500] {logging_mixin.py:188} INFO - [2024-04-04T01:16:16.269-0500] {dag.py:3047} INFO - Sync 1 DAGs
[2024-04-04T01:16:16.274-0500] {logging_mixin.py:188} INFO - [2024-04-04T01:16:16.274-0500] {dag.py:3834} INFO - Setting next_dagrun for example_dynamic_task_mapping to 2022-03-04 00:00:00+00:00, run_after=2022-03-05 00:00:00+00:00
[2024-04-04T01:16:16.281-0500] {processor.py:183} INFO - Processing /Volumes/SLU_CS/big_data_scd_all_types_project/.venv/lib/python3.11/site-packages/airflow/example_dags/example_dynamic_task_mapping.py took 0.054 seconds
[2024-04-04T01:18:03.425-0500] {processor.py:161} INFO - Started process (PID=33924) to work on /Volumes/SLU_CS/big_data_scd_all_types_project/.venv/lib/python3.11/site-packages/airflow/example_dags/example_dynamic_task_mapping.py
[2024-04-04T01:18:03.426-0500] {processor.py:830} INFO - Processing file /Volumes/SLU_CS/big_data_scd_all_types_project/.venv/lib/python3.11/site-packages/airflow/example_dags/example_dynamic_task_mapping.py for tasks to queue
[2024-04-04T01:18:03.426-0500] {logging_mixin.py:188} INFO - [2024-04-04T01:18:03.426-0500] {dagbag.py:540} INFO - Filling up the DagBag from /Volumes/SLU_CS/big_data_scd_all_types_project/.venv/lib/python3.11/site-packages/airflow/example_dags/example_dynamic_task_mapping.py
[2024-04-04T01:18:03.439-0500] {processor.py:840} INFO - DAG(s) 'example_dynamic_task_mapping' retrieved from /Volumes/SLU_CS/big_data_scd_all_types_project/.venv/lib/python3.11/site-packages/airflow/example_dags/example_dynamic_task_mapping.py
[2024-04-04T01:18:03.468-0500] {logging_mixin.py:188} INFO - [2024-04-04T01:18:03.468-0500] {dag.py:3047} INFO - Sync 1 DAGs
[2024-04-04T01:18:03.473-0500] {logging_mixin.py:188} INFO - [2024-04-04T01:18:03.473-0500] {dag.py:3834} INFO - Setting next_dagrun for example_dynamic_task_mapping to 2022-03-04 00:00:00+00:00, run_after=2022-03-05 00:00:00+00:00
[2024-04-04T01:18:03.479-0500] {processor.py:183} INFO - Processing /Volumes/SLU_CS/big_data_scd_all_types_project/.venv/lib/python3.11/site-packages/airflow/example_dags/example_dynamic_task_mapping.py took 0.055 seconds
[2024-04-04T01:19:55.425-0500] {processor.py:161} INFO - Started process (PID=34222) to work on /Volumes/SLU_CS/big_data_scd_all_types_project/.venv/lib/python3.11/site-packages/airflow/example_dags/example_dynamic_task_mapping.py
[2024-04-04T01:19:55.427-0500] {processor.py:830} INFO - Processing file /Volumes/SLU_CS/big_data_scd_all_types_project/.venv/lib/python3.11/site-packages/airflow/example_dags/example_dynamic_task_mapping.py for tasks to queue
[2024-04-04T01:19:55.427-0500] {logging_mixin.py:188} INFO - [2024-04-04T01:19:55.427-0500] {dagbag.py:540} INFO - Filling up the DagBag from /Volumes/SLU_CS/big_data_scd_all_types_project/.venv/lib/python3.11/site-packages/airflow/example_dags/example_dynamic_task_mapping.py
[2024-04-04T01:19:55.444-0500] {processor.py:840} INFO - DAG(s) 'example_dynamic_task_mapping' retrieved from /Volumes/SLU_CS/big_data_scd_all_types_project/.venv/lib/python3.11/site-packages/airflow/example_dags/example_dynamic_task_mapping.py
[2024-04-04T01:19:55.474-0500] {logging_mixin.py:188} INFO - [2024-04-04T01:19:55.474-0500] {dag.py:3047} INFO - Sync 1 DAGs
[2024-04-04T01:19:55.480-0500] {logging_mixin.py:188} INFO - [2024-04-04T01:19:55.479-0500] {dag.py:3834} INFO - Setting next_dagrun for example_dynamic_task_mapping to 2022-03-04 00:00:00+00:00, run_after=2022-03-05 00:00:00+00:00
[2024-04-04T01:19:55.486-0500] {processor.py:183} INFO - Processing /Volumes/SLU_CS/big_data_scd_all_types_project/.venv/lib/python3.11/site-packages/airflow/example_dags/example_dynamic_task_mapping.py took 0.062 seconds
