[2024-04-04T01:02:12.488-0500] {processor.py:161} INFO - Started process (PID=31919) to work on /Volumes/SLU_CS/big_data_scd_all_types_project/.venv/lib/python3.11/site-packages/airflow/example_dags/example_short_circuit_decorator.py
[2024-04-04T01:02:12.489-0500] {processor.py:830} INFO - Processing file /Volumes/SLU_CS/big_data_scd_all_types_project/.venv/lib/python3.11/site-packages/airflow/example_dags/example_short_circuit_decorator.py for tasks to queue
[2024-04-04T01:02:12.489-0500] {logging_mixin.py:188} INFO - [2024-04-04T01:02:12.489-0500] {dagbag.py:540} INFO - Filling up the DagBag from /Volumes/SLU_CS/big_data_scd_all_types_project/.venv/lib/python3.11/site-packages/airflow/example_dags/example_short_circuit_decorator.py
[2024-04-04T01:02:12.503-0500] {processor.py:840} INFO - DAG(s) 'example_short_circuit_decorator' retrieved from /Volumes/SLU_CS/big_data_scd_all_types_project/.venv/lib/python3.11/site-packages/airflow/example_dags/example_short_circuit_decorator.py
[2024-04-04T01:02:12.586-0500] {logging_mixin.py:188} INFO - [2024-04-04T01:02:12.586-0500] {dag.py:3047} INFO - Sync 1 DAGs
[2024-04-04T01:02:12.592-0500] {logging_mixin.py:188} INFO - [2024-04-04T01:02:12.592-0500] {dag.py:3834} INFO - Setting next_dagrun for example_short_circuit_decorator to 2024-04-03 00:00:00+00:00, run_after=2024-04-04 00:00:00+00:00
[2024-04-04T01:02:12.598-0500] {processor.py:183} INFO - Processing /Volumes/SLU_CS/big_data_scd_all_types_project/.venv/lib/python3.11/site-packages/airflow/example_dags/example_short_circuit_decorator.py took 0.111 seconds
[2024-04-04T01:03:35.277-0500] {processor.py:161} INFO - Started process (PID=32099) to work on /Volumes/SLU_CS/big_data_scd_all_types_project/.venv/lib/python3.11/site-packages/airflow/example_dags/example_short_circuit_decorator.py
[2024-04-04T01:03:35.279-0500] {processor.py:830} INFO - Processing file /Volumes/SLU_CS/big_data_scd_all_types_project/.venv/lib/python3.11/site-packages/airflow/example_dags/example_short_circuit_decorator.py for tasks to queue
[2024-04-04T01:03:35.280-0500] {logging_mixin.py:188} INFO - [2024-04-04T01:03:35.280-0500] {dagbag.py:540} INFO - Filling up the DagBag from /Volumes/SLU_CS/big_data_scd_all_types_project/.venv/lib/python3.11/site-packages/airflow/example_dags/example_short_circuit_decorator.py
[2024-04-04T01:03:35.301-0500] {processor.py:840} INFO - DAG(s) 'example_short_circuit_decorator' retrieved from /Volumes/SLU_CS/big_data_scd_all_types_project/.venv/lib/python3.11/site-packages/airflow/example_dags/example_short_circuit_decorator.py
[2024-04-04T01:03:35.334-0500] {logging_mixin.py:188} INFO - [2024-04-04T01:03:35.334-0500] {dag.py:3047} INFO - Sync 1 DAGs
[2024-04-04T01:03:35.339-0500] {logging_mixin.py:188} INFO - [2024-04-04T01:03:35.339-0500] {dag.py:3834} INFO - Setting next_dagrun for example_short_circuit_decorator to 2024-04-03 00:00:00+00:00, run_after=2024-04-04 00:00:00+00:00
[2024-04-04T01:03:35.347-0500] {processor.py:183} INFO - Processing /Volumes/SLU_CS/big_data_scd_all_types_project/.venv/lib/python3.11/site-packages/airflow/example_dags/example_short_circuit_decorator.py took 0.071 seconds
[2024-04-04T01:05:18.154-0500] {processor.py:161} INFO - Started process (PID=32326) to work on /Volumes/SLU_CS/big_data_scd_all_types_project/.venv/lib/python3.11/site-packages/airflow/example_dags/example_short_circuit_decorator.py
[2024-04-04T01:05:18.155-0500] {processor.py:830} INFO - Processing file /Volumes/SLU_CS/big_data_scd_all_types_project/.venv/lib/python3.11/site-packages/airflow/example_dags/example_short_circuit_decorator.py for tasks to queue
[2024-04-04T01:05:18.155-0500] {logging_mixin.py:188} INFO - [2024-04-04T01:05:18.155-0500] {dagbag.py:540} INFO - Filling up the DagBag from /Volumes/SLU_CS/big_data_scd_all_types_project/.venv/lib/python3.11/site-packages/airflow/example_dags/example_short_circuit_decorator.py
[2024-04-04T01:05:18.170-0500] {processor.py:840} INFO - DAG(s) 'example_short_circuit_decorator' retrieved from /Volumes/SLU_CS/big_data_scd_all_types_project/.venv/lib/python3.11/site-packages/airflow/example_dags/example_short_circuit_decorator.py
[2024-04-04T01:05:18.200-0500] {logging_mixin.py:188} INFO - [2024-04-04T01:05:18.200-0500] {dag.py:3047} INFO - Sync 1 DAGs
[2024-04-04T01:05:18.206-0500] {logging_mixin.py:188} INFO - [2024-04-04T01:05:18.206-0500] {dag.py:3834} INFO - Setting next_dagrun for example_short_circuit_decorator to 2024-04-03 00:00:00+00:00, run_after=2024-04-04 00:00:00+00:00
[2024-04-04T01:05:18.212-0500] {processor.py:183} INFO - Processing /Volumes/SLU_CS/big_data_scd_all_types_project/.venv/lib/python3.11/site-packages/airflow/example_dags/example_short_circuit_decorator.py took 0.058 seconds
[2024-04-04T01:07:21.379-0500] {processor.py:161} INFO - Started process (PID=32604) to work on /Volumes/SLU_CS/big_data_scd_all_types_project/.venv/lib/python3.11/site-packages/airflow/example_dags/example_short_circuit_decorator.py
[2024-04-04T01:07:21.380-0500] {processor.py:830} INFO - Processing file /Volumes/SLU_CS/big_data_scd_all_types_project/.venv/lib/python3.11/site-packages/airflow/example_dags/example_short_circuit_decorator.py for tasks to queue
[2024-04-04T01:07:21.380-0500] {logging_mixin.py:188} INFO - [2024-04-04T01:07:21.380-0500] {dagbag.py:540} INFO - Filling up the DagBag from /Volumes/SLU_CS/big_data_scd_all_types_project/.venv/lib/python3.11/site-packages/airflow/example_dags/example_short_circuit_decorator.py
[2024-04-04T01:07:21.393-0500] {processor.py:840} INFO - DAG(s) 'example_short_circuit_decorator' retrieved from /Volumes/SLU_CS/big_data_scd_all_types_project/.venv/lib/python3.11/site-packages/airflow/example_dags/example_short_circuit_decorator.py
[2024-04-04T01:07:21.425-0500] {logging_mixin.py:188} INFO - [2024-04-04T01:07:21.425-0500] {dag.py:3047} INFO - Sync 1 DAGs
[2024-04-04T01:07:21.431-0500] {logging_mixin.py:188} INFO - [2024-04-04T01:07:21.431-0500] {dag.py:3834} INFO - Setting next_dagrun for example_short_circuit_decorator to 2024-04-03 00:00:00+00:00, run_after=2024-04-04 00:00:00+00:00
[2024-04-04T01:07:21.440-0500] {processor.py:183} INFO - Processing /Volumes/SLU_CS/big_data_scd_all_types_project/.venv/lib/python3.11/site-packages/airflow/example_dags/example_short_circuit_decorator.py took 0.062 seconds
[2024-04-04T01:08:46.786-0500] {processor.py:161} INFO - Started process (PID=32732) to work on /Volumes/SLU_CS/big_data_scd_all_types_project/.venv/lib/python3.11/site-packages/airflow/example_dags/example_short_circuit_decorator.py
[2024-04-04T01:08:46.787-0500] {processor.py:830} INFO - Processing file /Volumes/SLU_CS/big_data_scd_all_types_project/.venv/lib/python3.11/site-packages/airflow/example_dags/example_short_circuit_decorator.py for tasks to queue
[2024-04-04T01:08:46.787-0500] {logging_mixin.py:188} INFO - [2024-04-04T01:08:46.787-0500] {dagbag.py:540} INFO - Filling up the DagBag from /Volumes/SLU_CS/big_data_scd_all_types_project/.venv/lib/python3.11/site-packages/airflow/example_dags/example_short_circuit_decorator.py
[2024-04-04T01:08:46.800-0500] {processor.py:840} INFO - DAG(s) 'example_short_circuit_decorator' retrieved from /Volumes/SLU_CS/big_data_scd_all_types_project/.venv/lib/python3.11/site-packages/airflow/example_dags/example_short_circuit_decorator.py
[2024-04-04T01:08:46.831-0500] {logging_mixin.py:188} INFO - [2024-04-04T01:08:46.831-0500] {dag.py:3047} INFO - Sync 1 DAGs
[2024-04-04T01:08:46.836-0500] {logging_mixin.py:188} INFO - [2024-04-04T01:08:46.836-0500] {dag.py:3834} INFO - Setting next_dagrun for example_short_circuit_decorator to 2024-04-03 00:00:00+00:00, run_after=2024-04-04 00:00:00+00:00
[2024-04-04T01:08:46.842-0500] {processor.py:183} INFO - Processing /Volumes/SLU_CS/big_data_scd_all_types_project/.venv/lib/python3.11/site-packages/airflow/example_dags/example_short_circuit_decorator.py took 0.057 seconds
[2024-04-04T01:10:27.407-0500] {processor.py:161} INFO - Started process (PID=32964) to work on /Volumes/SLU_CS/big_data_scd_all_types_project/.venv/lib/python3.11/site-packages/airflow/example_dags/example_short_circuit_decorator.py
[2024-04-04T01:10:27.408-0500] {processor.py:830} INFO - Processing file /Volumes/SLU_CS/big_data_scd_all_types_project/.venv/lib/python3.11/site-packages/airflow/example_dags/example_short_circuit_decorator.py for tasks to queue
[2024-04-04T01:10:27.408-0500] {logging_mixin.py:188} INFO - [2024-04-04T01:10:27.408-0500] {dagbag.py:540} INFO - Filling up the DagBag from /Volumes/SLU_CS/big_data_scd_all_types_project/.venv/lib/python3.11/site-packages/airflow/example_dags/example_short_circuit_decorator.py
[2024-04-04T01:10:27.422-0500] {processor.py:840} INFO - DAG(s) 'example_short_circuit_decorator' retrieved from /Volumes/SLU_CS/big_data_scd_all_types_project/.venv/lib/python3.11/site-packages/airflow/example_dags/example_short_circuit_decorator.py
[2024-04-04T01:10:27.452-0500] {logging_mixin.py:188} INFO - [2024-04-04T01:10:27.452-0500] {dag.py:3047} INFO - Sync 1 DAGs
[2024-04-04T01:10:27.458-0500] {logging_mixin.py:188} INFO - [2024-04-04T01:10:27.457-0500] {dag.py:3834} INFO - Setting next_dagrun for example_short_circuit_decorator to 2024-04-03 00:00:00+00:00, run_after=2024-04-04 00:00:00+00:00
[2024-04-04T01:10:27.464-0500] {processor.py:183} INFO - Processing /Volumes/SLU_CS/big_data_scd_all_types_project/.venv/lib/python3.11/site-packages/airflow/example_dags/example_short_circuit_decorator.py took 0.057 seconds
[2024-04-04T01:12:14.030-0500] {processor.py:161} INFO - Started process (PID=33257) to work on /Volumes/SLU_CS/big_data_scd_all_types_project/.venv/lib/python3.11/site-packages/airflow/example_dags/example_short_circuit_decorator.py
[2024-04-04T01:12:14.031-0500] {processor.py:830} INFO - Processing file /Volumes/SLU_CS/big_data_scd_all_types_project/.venv/lib/python3.11/site-packages/airflow/example_dags/example_short_circuit_decorator.py for tasks to queue
[2024-04-04T01:12:14.032-0500] {logging_mixin.py:188} INFO - [2024-04-04T01:12:14.031-0500] {dagbag.py:540} INFO - Filling up the DagBag from /Volumes/SLU_CS/big_data_scd_all_types_project/.venv/lib/python3.11/site-packages/airflow/example_dags/example_short_circuit_decorator.py
[2024-04-04T01:12:14.046-0500] {processor.py:840} INFO - DAG(s) 'example_short_circuit_decorator' retrieved from /Volumes/SLU_CS/big_data_scd_all_types_project/.venv/lib/python3.11/site-packages/airflow/example_dags/example_short_circuit_decorator.py
[2024-04-04T01:12:14.078-0500] {logging_mixin.py:188} INFO - [2024-04-04T01:12:14.077-0500] {dag.py:3047} INFO - Sync 1 DAGs
[2024-04-04T01:12:14.083-0500] {logging_mixin.py:188} INFO - [2024-04-04T01:12:14.083-0500] {dag.py:3834} INFO - Setting next_dagrun for example_short_circuit_decorator to 2024-04-03 00:00:00+00:00, run_after=2024-04-04 00:00:00+00:00
[2024-04-04T01:12:14.090-0500] {processor.py:183} INFO - Processing /Volumes/SLU_CS/big_data_scd_all_types_project/.venv/lib/python3.11/site-packages/airflow/example_dags/example_short_circuit_decorator.py took 0.061 seconds
[2024-04-04T01:13:52.455-0500] {processor.py:161} INFO - Started process (PID=33510) to work on /Volumes/SLU_CS/big_data_scd_all_types_project/.venv/lib/python3.11/site-packages/airflow/example_dags/example_short_circuit_decorator.py
[2024-04-04T01:13:52.455-0500] {processor.py:830} INFO - Processing file /Volumes/SLU_CS/big_data_scd_all_types_project/.venv/lib/python3.11/site-packages/airflow/example_dags/example_short_circuit_decorator.py for tasks to queue
[2024-04-04T01:13:52.456-0500] {logging_mixin.py:188} INFO - [2024-04-04T01:13:52.455-0500] {dagbag.py:540} INFO - Filling up the DagBag from /Volumes/SLU_CS/big_data_scd_all_types_project/.venv/lib/python3.11/site-packages/airflow/example_dags/example_short_circuit_decorator.py
[2024-04-04T01:13:52.470-0500] {processor.py:840} INFO - DAG(s) 'example_short_circuit_decorator' retrieved from /Volumes/SLU_CS/big_data_scd_all_types_project/.venv/lib/python3.11/site-packages/airflow/example_dags/example_short_circuit_decorator.py
[2024-04-04T01:13:52.500-0500] {logging_mixin.py:188} INFO - [2024-04-04T01:13:52.500-0500] {dag.py:3047} INFO - Sync 1 DAGs
[2024-04-04T01:13:52.506-0500] {logging_mixin.py:188} INFO - [2024-04-04T01:13:52.506-0500] {dag.py:3834} INFO - Setting next_dagrun for example_short_circuit_decorator to 2024-04-03 00:00:00+00:00, run_after=2024-04-04 00:00:00+00:00
[2024-04-04T01:13:52.512-0500] {processor.py:183} INFO - Processing /Volumes/SLU_CS/big_data_scd_all_types_project/.venv/lib/python3.11/site-packages/airflow/example_dags/example_short_circuit_decorator.py took 0.059 seconds
[2024-04-04T01:15:30.248-0500] {processor.py:161} INFO - Started process (PID=33681) to work on /Volumes/SLU_CS/big_data_scd_all_types_project/.venv/lib/python3.11/site-packages/airflow/example_dags/example_short_circuit_decorator.py
[2024-04-04T01:15:30.248-0500] {processor.py:830} INFO - Processing file /Volumes/SLU_CS/big_data_scd_all_types_project/.venv/lib/python3.11/site-packages/airflow/example_dags/example_short_circuit_decorator.py for tasks to queue
[2024-04-04T01:15:30.249-0500] {logging_mixin.py:188} INFO - [2024-04-04T01:15:30.249-0500] {dagbag.py:540} INFO - Filling up the DagBag from /Volumes/SLU_CS/big_data_scd_all_types_project/.venv/lib/python3.11/site-packages/airflow/example_dags/example_short_circuit_decorator.py
[2024-04-04T01:15:30.262-0500] {processor.py:840} INFO - DAG(s) 'example_short_circuit_decorator' retrieved from /Volumes/SLU_CS/big_data_scd_all_types_project/.venv/lib/python3.11/site-packages/airflow/example_dags/example_short_circuit_decorator.py
[2024-04-04T01:15:30.291-0500] {logging_mixin.py:188} INFO - [2024-04-04T01:15:30.291-0500] {dag.py:3047} INFO - Sync 1 DAGs
[2024-04-04T01:15:30.296-0500] {logging_mixin.py:188} INFO - [2024-04-04T01:15:30.296-0500] {dag.py:3834} INFO - Setting next_dagrun for example_short_circuit_decorator to 2024-04-03 00:00:00+00:00, run_after=2024-04-04 00:00:00+00:00
[2024-04-04T01:15:30.303-0500] {processor.py:183} INFO - Processing /Volumes/SLU_CS/big_data_scd_all_types_project/.venv/lib/python3.11/site-packages/airflow/example_dags/example_short_circuit_decorator.py took 0.056 seconds
[2024-04-04T01:17:09.861-0500] {processor.py:161} INFO - Started process (PID=33850) to work on /Volumes/SLU_CS/big_data_scd_all_types_project/.venv/lib/python3.11/site-packages/airflow/example_dags/example_short_circuit_decorator.py
[2024-04-04T01:17:09.861-0500] {processor.py:830} INFO - Processing file /Volumes/SLU_CS/big_data_scd_all_types_project/.venv/lib/python3.11/site-packages/airflow/example_dags/example_short_circuit_decorator.py for tasks to queue
[2024-04-04T01:17:09.862-0500] {logging_mixin.py:188} INFO - [2024-04-04T01:17:09.862-0500] {dagbag.py:540} INFO - Filling up the DagBag from /Volumes/SLU_CS/big_data_scd_all_types_project/.venv/lib/python3.11/site-packages/airflow/example_dags/example_short_circuit_decorator.py
[2024-04-04T01:17:09.876-0500] {processor.py:840} INFO - DAG(s) 'example_short_circuit_decorator' retrieved from /Volumes/SLU_CS/big_data_scd_all_types_project/.venv/lib/python3.11/site-packages/airflow/example_dags/example_short_circuit_decorator.py
[2024-04-04T01:17:09.906-0500] {logging_mixin.py:188} INFO - [2024-04-04T01:17:09.906-0500] {dag.py:3047} INFO - Sync 1 DAGs
[2024-04-04T01:17:09.911-0500] {logging_mixin.py:188} INFO - [2024-04-04T01:17:09.911-0500] {dag.py:3834} INFO - Setting next_dagrun for example_short_circuit_decorator to 2024-04-03 00:00:00+00:00, run_after=2024-04-04 00:00:00+00:00
[2024-04-04T01:17:09.918-0500] {processor.py:183} INFO - Processing /Volumes/SLU_CS/big_data_scd_all_types_project/.venv/lib/python3.11/site-packages/airflow/example_dags/example_short_circuit_decorator.py took 0.058 seconds
[2024-04-04T01:18:57.901-0500] {processor.py:161} INFO - Started process (PID=34108) to work on /Volumes/SLU_CS/big_data_scd_all_types_project/.venv/lib/python3.11/site-packages/airflow/example_dags/example_short_circuit_decorator.py
[2024-04-04T01:18:57.902-0500] {processor.py:830} INFO - Processing file /Volumes/SLU_CS/big_data_scd_all_types_project/.venv/lib/python3.11/site-packages/airflow/example_dags/example_short_circuit_decorator.py for tasks to queue
[2024-04-04T01:18:57.902-0500] {logging_mixin.py:188} INFO - [2024-04-04T01:18:57.902-0500] {dagbag.py:540} INFO - Filling up the DagBag from /Volumes/SLU_CS/big_data_scd_all_types_project/.venv/lib/python3.11/site-packages/airflow/example_dags/example_short_circuit_decorator.py
[2024-04-04T01:18:57.917-0500] {processor.py:840} INFO - DAG(s) 'example_short_circuit_decorator' retrieved from /Volumes/SLU_CS/big_data_scd_all_types_project/.venv/lib/python3.11/site-packages/airflow/example_dags/example_short_circuit_decorator.py
[2024-04-04T01:18:57.952-0500] {logging_mixin.py:188} INFO - [2024-04-04T01:18:57.952-0500] {dag.py:3047} INFO - Sync 1 DAGs
[2024-04-04T01:18:57.957-0500] {logging_mixin.py:188} INFO - [2024-04-04T01:18:57.957-0500] {dag.py:3834} INFO - Setting next_dagrun for example_short_circuit_decorator to 2024-04-03 00:00:00+00:00, run_after=2024-04-04 00:00:00+00:00
[2024-04-04T01:18:57.964-0500] {processor.py:183} INFO - Processing /Volumes/SLU_CS/big_data_scd_all_types_project/.venv/lib/python3.11/site-packages/airflow/example_dags/example_short_circuit_decorator.py took 0.064 seconds
[2024-04-04T01:20:47.545-0500] {processor.py:161} INFO - Started process (PID=34325) to work on /Volumes/SLU_CS/big_data_scd_all_types_project/.venv/lib/python3.11/site-packages/airflow/example_dags/example_short_circuit_decorator.py
[2024-04-04T01:20:47.546-0500] {processor.py:830} INFO - Processing file /Volumes/SLU_CS/big_data_scd_all_types_project/.venv/lib/python3.11/site-packages/airflow/example_dags/example_short_circuit_decorator.py for tasks to queue
[2024-04-04T01:20:47.546-0500] {logging_mixin.py:188} INFO - [2024-04-04T01:20:47.546-0500] {dagbag.py:540} INFO - Filling up the DagBag from /Volumes/SLU_CS/big_data_scd_all_types_project/.venv/lib/python3.11/site-packages/airflow/example_dags/example_short_circuit_decorator.py
[2024-04-04T01:20:47.560-0500] {processor.py:840} INFO - DAG(s) 'example_short_circuit_decorator' retrieved from /Volumes/SLU_CS/big_data_scd_all_types_project/.venv/lib/python3.11/site-packages/airflow/example_dags/example_short_circuit_decorator.py
[2024-04-04T01:20:47.591-0500] {logging_mixin.py:188} INFO - [2024-04-04T01:20:47.591-0500] {dag.py:3047} INFO - Sync 1 DAGs
[2024-04-04T01:20:47.597-0500] {logging_mixin.py:188} INFO - [2024-04-04T01:20:47.597-0500] {dag.py:3834} INFO - Setting next_dagrun for example_short_circuit_decorator to 2024-04-03 00:00:00+00:00, run_after=2024-04-04 00:00:00+00:00
[2024-04-04T01:20:47.603-0500] {processor.py:183} INFO - Processing /Volumes/SLU_CS/big_data_scd_all_types_project/.venv/lib/python3.11/site-packages/airflow/example_dags/example_short_circuit_decorator.py took 0.058 seconds
