[2024-04-04T01:02:21.146-0500] {processor.py:161} INFO - Started process (PID=31939) to work on /Volumes/SLU_CS/big_data_scd_all_types_project/.venv/lib/python3.11/site-packages/airflow/example_dags/example_python_operator.py
[2024-04-04T01:02:21.146-0500] {processor.py:830} INFO - Processing file /Volumes/SLU_CS/big_data_scd_all_types_project/.venv/lib/python3.11/site-packages/airflow/example_dags/example_python_operator.py for tasks to queue
[2024-04-04T01:02:21.147-0500] {logging_mixin.py:188} INFO - [2024-04-04T01:02:21.146-0500] {dagbag.py:540} INFO - Filling up the DagBag from /Volumes/SLU_CS/big_data_scd_all_types_project/.venv/lib/python3.11/site-packages/airflow/example_dags/example_python_operator.py
[2024-04-04T01:02:21.159-0500] {processor.py:840} INFO - DAG(s) 'example_python_operator' retrieved from /Volumes/SLU_CS/big_data_scd_all_types_project/.venv/lib/python3.11/site-packages/airflow/example_dags/example_python_operator.py
[2024-04-04T01:02:21.256-0500] {logging_mixin.py:188} INFO - [2024-04-04T01:02:21.255-0500] {dag.py:3047} INFO - Sync 1 DAGs
[2024-04-04T01:02:21.259-0500] {logging_mixin.py:188} INFO - [2024-04-04T01:02:21.259-0500] {dag.py:3834} INFO - Setting next_dagrun for example_python_operator to None, run_after=None
[2024-04-04T01:02:21.269-0500] {processor.py:183} INFO - Processing /Volumes/SLU_CS/big_data_scd_all_types_project/.venv/lib/python3.11/site-packages/airflow/example_dags/example_python_operator.py took 0.124 seconds
[2024-04-04T01:03:43.172-0500] {processor.py:161} INFO - Started process (PID=32123) to work on /Volumes/SLU_CS/big_data_scd_all_types_project/.venv/lib/python3.11/site-packages/airflow/example_dags/example_python_operator.py
[2024-04-04T01:03:43.173-0500] {processor.py:830} INFO - Processing file /Volumes/SLU_CS/big_data_scd_all_types_project/.venv/lib/python3.11/site-packages/airflow/example_dags/example_python_operator.py for tasks to queue
[2024-04-04T01:03:43.173-0500] {logging_mixin.py:188} INFO - [2024-04-04T01:03:43.173-0500] {dagbag.py:540} INFO - Filling up the DagBag from /Volumes/SLU_CS/big_data_scd_all_types_project/.venv/lib/python3.11/site-packages/airflow/example_dags/example_python_operator.py
[2024-04-04T01:03:43.185-0500] {processor.py:840} INFO - DAG(s) 'example_python_operator' retrieved from /Volumes/SLU_CS/big_data_scd_all_types_project/.venv/lib/python3.11/site-packages/airflow/example_dags/example_python_operator.py
[2024-04-04T01:03:43.303-0500] {logging_mixin.py:188} INFO - [2024-04-04T01:03:43.303-0500] {dag.py:3047} INFO - Sync 1 DAGs
[2024-04-04T01:03:43.306-0500] {logging_mixin.py:188} INFO - [2024-04-04T01:03:43.306-0500] {dag.py:3834} INFO - Setting next_dagrun for example_python_operator to None, run_after=None
[2024-04-04T01:03:43.314-0500] {processor.py:183} INFO - Processing /Volumes/SLU_CS/big_data_scd_all_types_project/.venv/lib/python3.11/site-packages/airflow/example_dags/example_python_operator.py took 0.142 seconds
[2024-04-04T01:05:26.680-0500] {processor.py:161} INFO - Started process (PID=32343) to work on /Volumes/SLU_CS/big_data_scd_all_types_project/.venv/lib/python3.11/site-packages/airflow/example_dags/example_python_operator.py
[2024-04-04T01:05:26.681-0500] {processor.py:830} INFO - Processing file /Volumes/SLU_CS/big_data_scd_all_types_project/.venv/lib/python3.11/site-packages/airflow/example_dags/example_python_operator.py for tasks to queue
[2024-04-04T01:05:26.681-0500] {logging_mixin.py:188} INFO - [2024-04-04T01:05:26.681-0500] {dagbag.py:540} INFO - Filling up the DagBag from /Volumes/SLU_CS/big_data_scd_all_types_project/.venv/lib/python3.11/site-packages/airflow/example_dags/example_python_operator.py
[2024-04-04T01:05:26.692-0500] {processor.py:840} INFO - DAG(s) 'example_python_operator' retrieved from /Volumes/SLU_CS/big_data_scd_all_types_project/.venv/lib/python3.11/site-packages/airflow/example_dags/example_python_operator.py
[2024-04-04T01:05:26.795-0500] {logging_mixin.py:188} INFO - [2024-04-04T01:05:26.795-0500] {dag.py:3047} INFO - Sync 1 DAGs
[2024-04-04T01:05:26.798-0500] {logging_mixin.py:188} INFO - [2024-04-04T01:05:26.798-0500] {dag.py:3834} INFO - Setting next_dagrun for example_python_operator to None, run_after=None
[2024-04-04T01:05:26.805-0500] {processor.py:183} INFO - Processing /Volumes/SLU_CS/big_data_scd_all_types_project/.venv/lib/python3.11/site-packages/airflow/example_dags/example_python_operator.py took 0.127 seconds
[2024-04-04T01:07:30.379-0500] {processor.py:161} INFO - Started process (PID=32619) to work on /Volumes/SLU_CS/big_data_scd_all_types_project/.venv/lib/python3.11/site-packages/airflow/example_dags/example_python_operator.py
[2024-04-04T01:07:30.380-0500] {processor.py:830} INFO - Processing file /Volumes/SLU_CS/big_data_scd_all_types_project/.venv/lib/python3.11/site-packages/airflow/example_dags/example_python_operator.py for tasks to queue
[2024-04-04T01:07:30.380-0500] {logging_mixin.py:188} INFO - [2024-04-04T01:07:30.380-0500] {dagbag.py:540} INFO - Filling up the DagBag from /Volumes/SLU_CS/big_data_scd_all_types_project/.venv/lib/python3.11/site-packages/airflow/example_dags/example_python_operator.py
[2024-04-04T01:07:30.391-0500] {processor.py:840} INFO - DAG(s) 'example_python_operator' retrieved from /Volumes/SLU_CS/big_data_scd_all_types_project/.venv/lib/python3.11/site-packages/airflow/example_dags/example_python_operator.py
[2024-04-04T01:07:30.501-0500] {logging_mixin.py:188} INFO - [2024-04-04T01:07:30.501-0500] {dag.py:3047} INFO - Sync 1 DAGs
[2024-04-04T01:07:30.508-0500] {logging_mixin.py:188} INFO - [2024-04-04T01:07:30.508-0500] {dag.py:3834} INFO - Setting next_dagrun for example_python_operator to None, run_after=None
[2024-04-04T01:07:30.519-0500] {processor.py:183} INFO - Processing /Volumes/SLU_CS/big_data_scd_all_types_project/.venv/lib/python3.11/site-packages/airflow/example_dags/example_python_operator.py took 0.141 seconds
[2024-04-04T01:08:54.531-0500] {processor.py:161} INFO - Started process (PID=32745) to work on /Volumes/SLU_CS/big_data_scd_all_types_project/.venv/lib/python3.11/site-packages/airflow/example_dags/example_python_operator.py
[2024-04-04T01:08:54.532-0500] {processor.py:830} INFO - Processing file /Volumes/SLU_CS/big_data_scd_all_types_project/.venv/lib/python3.11/site-packages/airflow/example_dags/example_python_operator.py for tasks to queue
[2024-04-04T01:08:54.532-0500] {logging_mixin.py:188} INFO - [2024-04-04T01:08:54.532-0500] {dagbag.py:540} INFO - Filling up the DagBag from /Volumes/SLU_CS/big_data_scd_all_types_project/.venv/lib/python3.11/site-packages/airflow/example_dags/example_python_operator.py
[2024-04-04T01:08:54.543-0500] {processor.py:840} INFO - DAG(s) 'example_python_operator' retrieved from /Volumes/SLU_CS/big_data_scd_all_types_project/.venv/lib/python3.11/site-packages/airflow/example_dags/example_python_operator.py
[2024-04-04T01:08:54.645-0500] {logging_mixin.py:188} INFO - [2024-04-04T01:08:54.645-0500] {dag.py:3047} INFO - Sync 1 DAGs
[2024-04-04T01:08:54.648-0500] {logging_mixin.py:188} INFO - [2024-04-04T01:08:54.648-0500] {dag.py:3834} INFO - Setting next_dagrun for example_python_operator to None, run_after=None
[2024-04-04T01:08:54.656-0500] {processor.py:183} INFO - Processing /Volumes/SLU_CS/big_data_scd_all_types_project/.venv/lib/python3.11/site-packages/airflow/example_dags/example_python_operator.py took 0.126 seconds
[2024-04-04T01:10:36.220-0500] {processor.py:161} INFO - Started process (PID=32980) to work on /Volumes/SLU_CS/big_data_scd_all_types_project/.venv/lib/python3.11/site-packages/airflow/example_dags/example_python_operator.py
[2024-04-04T01:10:36.221-0500] {processor.py:830} INFO - Processing file /Volumes/SLU_CS/big_data_scd_all_types_project/.venv/lib/python3.11/site-packages/airflow/example_dags/example_python_operator.py for tasks to queue
[2024-04-04T01:10:36.221-0500] {logging_mixin.py:188} INFO - [2024-04-04T01:10:36.221-0500] {dagbag.py:540} INFO - Filling up the DagBag from /Volumes/SLU_CS/big_data_scd_all_types_project/.venv/lib/python3.11/site-packages/airflow/example_dags/example_python_operator.py
[2024-04-04T01:10:36.233-0500] {processor.py:840} INFO - DAG(s) 'example_python_operator' retrieved from /Volumes/SLU_CS/big_data_scd_all_types_project/.venv/lib/python3.11/site-packages/airflow/example_dags/example_python_operator.py
[2024-04-04T01:10:36.341-0500] {logging_mixin.py:188} INFO - [2024-04-04T01:10:36.341-0500] {dag.py:3047} INFO - Sync 1 DAGs
[2024-04-04T01:10:36.344-0500] {logging_mixin.py:188} INFO - [2024-04-04T01:10:36.344-0500] {dag.py:3834} INFO - Setting next_dagrun for example_python_operator to None, run_after=None
[2024-04-04T01:10:36.352-0500] {processor.py:183} INFO - Processing /Volumes/SLU_CS/big_data_scd_all_types_project/.venv/lib/python3.11/site-packages/airflow/example_dags/example_python_operator.py took 0.133 seconds
[2024-04-04T01:12:21.526-0500] {processor.py:161} INFO - Started process (PID=33288) to work on /Volumes/SLU_CS/big_data_scd_all_types_project/.venv/lib/python3.11/site-packages/airflow/example_dags/example_python_operator.py
[2024-04-04T01:12:21.527-0500] {processor.py:830} INFO - Processing file /Volumes/SLU_CS/big_data_scd_all_types_project/.venv/lib/python3.11/site-packages/airflow/example_dags/example_python_operator.py for tasks to queue
[2024-04-04T01:12:21.527-0500] {logging_mixin.py:188} INFO - [2024-04-04T01:12:21.527-0500] {dagbag.py:540} INFO - Filling up the DagBag from /Volumes/SLU_CS/big_data_scd_all_types_project/.venv/lib/python3.11/site-packages/airflow/example_dags/example_python_operator.py
[2024-04-04T01:12:21.538-0500] {processor.py:840} INFO - DAG(s) 'example_python_operator' retrieved from /Volumes/SLU_CS/big_data_scd_all_types_project/.venv/lib/python3.11/site-packages/airflow/example_dags/example_python_operator.py
[2024-04-04T01:12:21.638-0500] {logging_mixin.py:188} INFO - [2024-04-04T01:12:21.638-0500] {dag.py:3047} INFO - Sync 1 DAGs
[2024-04-04T01:12:21.641-0500] {logging_mixin.py:188} INFO - [2024-04-04T01:12:21.641-0500] {dag.py:3834} INFO - Setting next_dagrun for example_python_operator to None, run_after=None
[2024-04-04T01:12:21.648-0500] {processor.py:183} INFO - Processing /Volumes/SLU_CS/big_data_scd_all_types_project/.venv/lib/python3.11/site-packages/airflow/example_dags/example_python_operator.py took 0.123 seconds
[2024-04-04T01:14:00.989-0500] {processor.py:161} INFO - Started process (PID=33524) to work on /Volumes/SLU_CS/big_data_scd_all_types_project/.venv/lib/python3.11/site-packages/airflow/example_dags/example_python_operator.py
[2024-04-04T01:14:00.990-0500] {processor.py:830} INFO - Processing file /Volumes/SLU_CS/big_data_scd_all_types_project/.venv/lib/python3.11/site-packages/airflow/example_dags/example_python_operator.py for tasks to queue
[2024-04-04T01:14:00.990-0500] {logging_mixin.py:188} INFO - [2024-04-04T01:14:00.990-0500] {dagbag.py:540} INFO - Filling up the DagBag from /Volumes/SLU_CS/big_data_scd_all_types_project/.venv/lib/python3.11/site-packages/airflow/example_dags/example_python_operator.py
[2024-04-04T01:14:01.005-0500] {processor.py:840} INFO - DAG(s) 'example_python_operator' retrieved from /Volumes/SLU_CS/big_data_scd_all_types_project/.venv/lib/python3.11/site-packages/airflow/example_dags/example_python_operator.py
[2024-04-04T01:14:01.110-0500] {logging_mixin.py:188} INFO - [2024-04-04T01:14:01.109-0500] {dag.py:3047} INFO - Sync 1 DAGs
[2024-04-04T01:14:01.112-0500] {logging_mixin.py:188} INFO - [2024-04-04T01:14:01.112-0500] {dag.py:3834} INFO - Setting next_dagrun for example_python_operator to None, run_after=None
[2024-04-04T01:14:01.120-0500] {processor.py:183} INFO - Processing /Volumes/SLU_CS/big_data_scd_all_types_project/.venv/lib/python3.11/site-packages/airflow/example_dags/example_python_operator.py took 0.132 seconds
[2024-04-04T01:15:37.469-0500] {processor.py:161} INFO - Started process (PID=33691) to work on /Volumes/SLU_CS/big_data_scd_all_types_project/.venv/lib/python3.11/site-packages/airflow/example_dags/example_python_operator.py
[2024-04-04T01:15:37.470-0500] {processor.py:830} INFO - Processing file /Volumes/SLU_CS/big_data_scd_all_types_project/.venv/lib/python3.11/site-packages/airflow/example_dags/example_python_operator.py for tasks to queue
[2024-04-04T01:15:37.470-0500] {logging_mixin.py:188} INFO - [2024-04-04T01:15:37.470-0500] {dagbag.py:540} INFO - Filling up the DagBag from /Volumes/SLU_CS/big_data_scd_all_types_project/.venv/lib/python3.11/site-packages/airflow/example_dags/example_python_operator.py
[2024-04-04T01:15:37.481-0500] {processor.py:840} INFO - DAG(s) 'example_python_operator' retrieved from /Volumes/SLU_CS/big_data_scd_all_types_project/.venv/lib/python3.11/site-packages/airflow/example_dags/example_python_operator.py
[2024-04-04T01:15:37.579-0500] {logging_mixin.py:188} INFO - [2024-04-04T01:15:37.579-0500] {dag.py:3047} INFO - Sync 1 DAGs
[2024-04-04T01:15:37.582-0500] {logging_mixin.py:188} INFO - [2024-04-04T01:15:37.582-0500] {dag.py:3834} INFO - Setting next_dagrun for example_python_operator to None, run_after=None
[2024-04-04T01:15:37.589-0500] {processor.py:183} INFO - Processing /Volumes/SLU_CS/big_data_scd_all_types_project/.venv/lib/python3.11/site-packages/airflow/example_dags/example_python_operator.py took 0.121 seconds
[2024-04-04T01:17:18.591-0500] {processor.py:161} INFO - Started process (PID=33861) to work on /Volumes/SLU_CS/big_data_scd_all_types_project/.venv/lib/python3.11/site-packages/airflow/example_dags/example_python_operator.py
[2024-04-04T01:17:18.592-0500] {processor.py:830} INFO - Processing file /Volumes/SLU_CS/big_data_scd_all_types_project/.venv/lib/python3.11/site-packages/airflow/example_dags/example_python_operator.py for tasks to queue
[2024-04-04T01:17:18.592-0500] {logging_mixin.py:188} INFO - [2024-04-04T01:17:18.592-0500] {dagbag.py:540} INFO - Filling up the DagBag from /Volumes/SLU_CS/big_data_scd_all_types_project/.venv/lib/python3.11/site-packages/airflow/example_dags/example_python_operator.py
[2024-04-04T01:17:18.602-0500] {processor.py:840} INFO - DAG(s) 'example_python_operator' retrieved from /Volumes/SLU_CS/big_data_scd_all_types_project/.venv/lib/python3.11/site-packages/airflow/example_dags/example_python_operator.py
[2024-04-04T01:17:18.704-0500] {logging_mixin.py:188} INFO - [2024-04-04T01:17:18.704-0500] {dag.py:3047} INFO - Sync 1 DAGs
[2024-04-04T01:17:18.706-0500] {logging_mixin.py:188} INFO - [2024-04-04T01:17:18.706-0500] {dag.py:3834} INFO - Setting next_dagrun for example_python_operator to None, run_after=None
[2024-04-04T01:17:18.714-0500] {processor.py:183} INFO - Processing /Volumes/SLU_CS/big_data_scd_all_types_project/.venv/lib/python3.11/site-packages/airflow/example_dags/example_python_operator.py took 0.123 seconds
[2024-04-04T01:19:07.188-0500] {processor.py:161} INFO - Started process (PID=34126) to work on /Volumes/SLU_CS/big_data_scd_all_types_project/.venv/lib/python3.11/site-packages/airflow/example_dags/example_python_operator.py
[2024-04-04T01:19:07.189-0500] {processor.py:830} INFO - Processing file /Volumes/SLU_CS/big_data_scd_all_types_project/.venv/lib/python3.11/site-packages/airflow/example_dags/example_python_operator.py for tasks to queue
[2024-04-04T01:19:07.189-0500] {logging_mixin.py:188} INFO - [2024-04-04T01:19:07.189-0500] {dagbag.py:540} INFO - Filling up the DagBag from /Volumes/SLU_CS/big_data_scd_all_types_project/.venv/lib/python3.11/site-packages/airflow/example_dags/example_python_operator.py
[2024-04-04T01:19:07.200-0500] {processor.py:840} INFO - DAG(s) 'example_python_operator' retrieved from /Volumes/SLU_CS/big_data_scd_all_types_project/.venv/lib/python3.11/site-packages/airflow/example_dags/example_python_operator.py
[2024-04-04T01:19:07.310-0500] {logging_mixin.py:188} INFO - [2024-04-04T01:19:07.310-0500] {dag.py:3047} INFO - Sync 1 DAGs
[2024-04-04T01:19:07.313-0500] {logging_mixin.py:188} INFO - [2024-04-04T01:19:07.313-0500] {dag.py:3834} INFO - Setting next_dagrun for example_python_operator to None, run_after=None
[2024-04-04T01:19:07.321-0500] {processor.py:183} INFO - Processing /Volumes/SLU_CS/big_data_scd_all_types_project/.venv/lib/python3.11/site-packages/airflow/example_dags/example_python_operator.py took 0.134 seconds
[2024-04-04T01:20:54.378-0500] {processor.py:161} INFO - Started process (PID=34338) to work on /Volumes/SLU_CS/big_data_scd_all_types_project/.venv/lib/python3.11/site-packages/airflow/example_dags/example_python_operator.py
[2024-04-04T01:20:54.379-0500] {processor.py:830} INFO - Processing file /Volumes/SLU_CS/big_data_scd_all_types_project/.venv/lib/python3.11/site-packages/airflow/example_dags/example_python_operator.py for tasks to queue
[2024-04-04T01:20:54.379-0500] {logging_mixin.py:188} INFO - [2024-04-04T01:20:54.379-0500] {dagbag.py:540} INFO - Filling up the DagBag from /Volumes/SLU_CS/big_data_scd_all_types_project/.venv/lib/python3.11/site-packages/airflow/example_dags/example_python_operator.py
[2024-04-04T01:20:54.399-0500] {processor.py:840} INFO - DAG(s) 'example_python_operator' retrieved from /Volumes/SLU_CS/big_data_scd_all_types_project/.venv/lib/python3.11/site-packages/airflow/example_dags/example_python_operator.py
[2024-04-04T01:20:54.502-0500] {logging_mixin.py:188} INFO - [2024-04-04T01:20:54.502-0500] {dag.py:3047} INFO - Sync 1 DAGs
[2024-04-04T01:20:54.505-0500] {logging_mixin.py:188} INFO - [2024-04-04T01:20:54.505-0500] {dag.py:3834} INFO - Setting next_dagrun for example_python_operator to None, run_after=None
[2024-04-04T01:20:54.512-0500] {processor.py:183} INFO - Processing /Volumes/SLU_CS/big_data_scd_all_types_project/.venv/lib/python3.11/site-packages/airflow/example_dags/example_python_operator.py took 0.135 seconds
