[2024-04-04T01:02:45.259-0500] {processor.py:161} INFO - Started process (PID=31980) to work on /Volumes/SLU_CS/big_data_scd_all_types_project/.venv/lib/python3.11/site-packages/airflow/example_dags/example_dag_decorator.py
[2024-04-04T01:02:45.260-0500] {processor.py:830} INFO - Processing file /Volumes/SLU_CS/big_data_scd_all_types_project/.venv/lib/python3.11/site-packages/airflow/example_dags/example_dag_decorator.py for tasks to queue
[2024-04-04T01:02:45.260-0500] {logging_mixin.py:188} INFO - [2024-04-04T01:02:45.260-0500] {dagbag.py:540} INFO - Filling up the DagBag from /Volumes/SLU_CS/big_data_scd_all_types_project/.venv/lib/python3.11/site-packages/airflow/example_dags/example_dag_decorator.py
[2024-04-04T01:02:45.333-0500] {processor.py:840} INFO - DAG(s) 'example_dag_decorator' retrieved from /Volumes/SLU_CS/big_data_scd_all_types_project/.venv/lib/python3.11/site-packages/airflow/example_dags/example_dag_decorator.py
[2024-04-04T01:02:45.413-0500] {logging_mixin.py:188} INFO - [2024-04-04T01:02:45.413-0500] {dag.py:3047} INFO - Sync 1 DAGs
[2024-04-04T01:02:45.417-0500] {logging_mixin.py:188} INFO - [2024-04-04T01:02:45.417-0500] {dag.py:3834} INFO - Setting next_dagrun for example_dag_decorator to None, run_after=None
[2024-04-04T01:02:45.424-0500] {processor.py:183} INFO - Processing /Volumes/SLU_CS/big_data_scd_all_types_project/.venv/lib/python3.11/site-packages/airflow/example_dags/example_dag_decorator.py took 0.166 seconds
[2024-04-04T01:04:30.146-0500] {processor.py:161} INFO - Started process (PID=32261) to work on /Volumes/SLU_CS/big_data_scd_all_types_project/.venv/lib/python3.11/site-packages/airflow/example_dags/example_dag_decorator.py
[2024-04-04T01:04:30.147-0500] {processor.py:830} INFO - Processing file /Volumes/SLU_CS/big_data_scd_all_types_project/.venv/lib/python3.11/site-packages/airflow/example_dags/example_dag_decorator.py for tasks to queue
[2024-04-04T01:04:30.147-0500] {logging_mixin.py:188} INFO - [2024-04-04T01:04:30.147-0500] {dagbag.py:540} INFO - Filling up the DagBag from /Volumes/SLU_CS/big_data_scd_all_types_project/.venv/lib/python3.11/site-packages/airflow/example_dags/example_dag_decorator.py
[2024-04-04T01:04:30.216-0500] {processor.py:840} INFO - DAG(s) 'example_dag_decorator' retrieved from /Volumes/SLU_CS/big_data_scd_all_types_project/.venv/lib/python3.11/site-packages/airflow/example_dags/example_dag_decorator.py
[2024-04-04T01:04:30.309-0500] {logging_mixin.py:188} INFO - [2024-04-04T01:04:30.309-0500] {dag.py:3047} INFO - Sync 1 DAGs
[2024-04-04T01:04:30.313-0500] {logging_mixin.py:188} INFO - [2024-04-04T01:04:30.312-0500] {dag.py:3834} INFO - Setting next_dagrun for example_dag_decorator to None, run_after=None
[2024-04-04T01:04:30.319-0500] {processor.py:183} INFO - Processing /Volumes/SLU_CS/big_data_scd_all_types_project/.venv/lib/python3.11/site-packages/airflow/example_dags/example_dag_decorator.py took 0.174 seconds
[2024-04-04T01:06:13.696-0500] {processor.py:161} INFO - Started process (PID=32447) to work on /Volumes/SLU_CS/big_data_scd_all_types_project/.venv/lib/python3.11/site-packages/airflow/example_dags/example_dag_decorator.py
[2024-04-04T01:06:13.697-0500] {processor.py:830} INFO - Processing file /Volumes/SLU_CS/big_data_scd_all_types_project/.venv/lib/python3.11/site-packages/airflow/example_dags/example_dag_decorator.py for tasks to queue
[2024-04-04T01:06:13.697-0500] {logging_mixin.py:188} INFO - [2024-04-04T01:06:13.697-0500] {dagbag.py:540} INFO - Filling up the DagBag from /Volumes/SLU_CS/big_data_scd_all_types_project/.venv/lib/python3.11/site-packages/airflow/example_dags/example_dag_decorator.py
[2024-04-04T01:06:13.774-0500] {processor.py:840} INFO - DAG(s) 'example_dag_decorator' retrieved from /Volumes/SLU_CS/big_data_scd_all_types_project/.venv/lib/python3.11/site-packages/airflow/example_dags/example_dag_decorator.py
[2024-04-04T01:06:13.868-0500] {logging_mixin.py:188} INFO - [2024-04-04T01:06:13.868-0500] {dag.py:3047} INFO - Sync 1 DAGs
[2024-04-04T01:06:13.871-0500] {logging_mixin.py:188} INFO - [2024-04-04T01:06:13.871-0500] {dag.py:3834} INFO - Setting next_dagrun for example_dag_decorator to None, run_after=None
[2024-04-04T01:06:13.877-0500] {processor.py:183} INFO - Processing /Volumes/SLU_CS/big_data_scd_all_types_project/.venv/lib/python3.11/site-packages/airflow/example_dags/example_dag_decorator.py took 0.182 seconds
[2024-04-04T01:07:54.905-0500] {processor.py:161} INFO - Started process (PID=32655) to work on /Volumes/SLU_CS/big_data_scd_all_types_project/.venv/lib/python3.11/site-packages/airflow/example_dags/example_dag_decorator.py
[2024-04-04T01:07:54.906-0500] {processor.py:830} INFO - Processing file /Volumes/SLU_CS/big_data_scd_all_types_project/.venv/lib/python3.11/site-packages/airflow/example_dags/example_dag_decorator.py for tasks to queue
[2024-04-04T01:07:54.906-0500] {logging_mixin.py:188} INFO - [2024-04-04T01:07:54.906-0500] {dagbag.py:540} INFO - Filling up the DagBag from /Volumes/SLU_CS/big_data_scd_all_types_project/.venv/lib/python3.11/site-packages/airflow/example_dags/example_dag_decorator.py
[2024-04-04T01:07:54.996-0500] {processor.py:840} INFO - DAG(s) 'example_dag_decorator' retrieved from /Volumes/SLU_CS/big_data_scd_all_types_project/.venv/lib/python3.11/site-packages/airflow/example_dags/example_dag_decorator.py
[2024-04-04T01:07:55.086-0500] {logging_mixin.py:188} INFO - [2024-04-04T01:07:55.085-0500] {dag.py:3047} INFO - Sync 1 DAGs
[2024-04-04T01:07:55.089-0500] {logging_mixin.py:188} INFO - [2024-04-04T01:07:55.089-0500] {dag.py:3834} INFO - Setting next_dagrun for example_dag_decorator to None, run_after=None
[2024-04-04T01:07:55.095-0500] {processor.py:183} INFO - Processing /Volumes/SLU_CS/big_data_scd_all_types_project/.venv/lib/python3.11/site-packages/airflow/example_dags/example_dag_decorator.py took 0.191 seconds
[2024-04-04T01:09:42.530-0500] {processor.py:161} INFO - Started process (PID=32844) to work on /Volumes/SLU_CS/big_data_scd_all_types_project/.venv/lib/python3.11/site-packages/airflow/example_dags/example_dag_decorator.py
[2024-04-04T01:09:42.531-0500] {processor.py:830} INFO - Processing file /Volumes/SLU_CS/big_data_scd_all_types_project/.venv/lib/python3.11/site-packages/airflow/example_dags/example_dag_decorator.py for tasks to queue
[2024-04-04T01:09:42.532-0500] {logging_mixin.py:188} INFO - [2024-04-04T01:09:42.532-0500] {dagbag.py:540} INFO - Filling up the DagBag from /Volumes/SLU_CS/big_data_scd_all_types_project/.venv/lib/python3.11/site-packages/airflow/example_dags/example_dag_decorator.py
[2024-04-04T01:09:42.610-0500] {processor.py:840} INFO - DAG(s) 'example_dag_decorator' retrieved from /Volumes/SLU_CS/big_data_scd_all_types_project/.venv/lib/python3.11/site-packages/airflow/example_dags/example_dag_decorator.py
[2024-04-04T01:09:42.705-0500] {logging_mixin.py:188} INFO - [2024-04-04T01:09:42.704-0500] {dag.py:3047} INFO - Sync 1 DAGs
[2024-04-04T01:09:42.708-0500] {logging_mixin.py:188} INFO - [2024-04-04T01:09:42.708-0500] {dag.py:3834} INFO - Setting next_dagrun for example_dag_decorator to None, run_after=None
[2024-04-04T01:09:42.715-0500] {processor.py:183} INFO - Processing /Volumes/SLU_CS/big_data_scd_all_types_project/.venv/lib/python3.11/site-packages/airflow/example_dags/example_dag_decorator.py took 0.185 seconds
[2024-04-04T01:11:22.115-0500] {processor.py:161} INFO - Started process (PID=33097) to work on /Volumes/SLU_CS/big_data_scd_all_types_project/.venv/lib/python3.11/site-packages/airflow/example_dags/example_dag_decorator.py
[2024-04-04T01:11:22.116-0500] {processor.py:830} INFO - Processing file /Volumes/SLU_CS/big_data_scd_all_types_project/.venv/lib/python3.11/site-packages/airflow/example_dags/example_dag_decorator.py for tasks to queue
[2024-04-04T01:11:22.116-0500] {logging_mixin.py:188} INFO - [2024-04-04T01:11:22.116-0500] {dagbag.py:540} INFO - Filling up the DagBag from /Volumes/SLU_CS/big_data_scd_all_types_project/.venv/lib/python3.11/site-packages/airflow/example_dags/example_dag_decorator.py
[2024-04-04T01:11:22.197-0500] {processor.py:840} INFO - DAG(s) 'example_dag_decorator' retrieved from /Volumes/SLU_CS/big_data_scd_all_types_project/.venv/lib/python3.11/site-packages/airflow/example_dags/example_dag_decorator.py
[2024-04-04T01:11:22.289-0500] {logging_mixin.py:188} INFO - [2024-04-04T01:11:22.289-0500] {dag.py:3047} INFO - Sync 1 DAGs
[2024-04-04T01:11:22.292-0500] {logging_mixin.py:188} INFO - [2024-04-04T01:11:22.292-0500] {dag.py:3834} INFO - Setting next_dagrun for example_dag_decorator to None, run_after=None
[2024-04-04T01:11:22.299-0500] {processor.py:183} INFO - Processing /Volumes/SLU_CS/big_data_scd_all_types_project/.venv/lib/python3.11/site-packages/airflow/example_dags/example_dag_decorator.py took 0.186 seconds
[2024-04-04T01:13:07.539-0500] {processor.py:161} INFO - Started process (PID=33420) to work on /Volumes/SLU_CS/big_data_scd_all_types_project/.venv/lib/python3.11/site-packages/airflow/example_dags/example_dag_decorator.py
[2024-04-04T01:13:07.550-0500] {processor.py:830} INFO - Processing file /Volumes/SLU_CS/big_data_scd_all_types_project/.venv/lib/python3.11/site-packages/airflow/example_dags/example_dag_decorator.py for tasks to queue
[2024-04-04T01:13:07.550-0500] {logging_mixin.py:188} INFO - [2024-04-04T01:13:07.550-0500] {dagbag.py:540} INFO - Filling up the DagBag from /Volumes/SLU_CS/big_data_scd_all_types_project/.venv/lib/python3.11/site-packages/airflow/example_dags/example_dag_decorator.py
[2024-04-04T01:13:07.633-0500] {processor.py:840} INFO - DAG(s) 'example_dag_decorator' retrieved from /Volumes/SLU_CS/big_data_scd_all_types_project/.venv/lib/python3.11/site-packages/airflow/example_dags/example_dag_decorator.py
[2024-04-04T01:13:07.731-0500] {logging_mixin.py:188} INFO - [2024-04-04T01:13:07.730-0500] {dag.py:3047} INFO - Sync 1 DAGs
[2024-04-04T01:13:07.734-0500] {logging_mixin.py:188} INFO - [2024-04-04T01:13:07.734-0500] {dag.py:3834} INFO - Setting next_dagrun for example_dag_decorator to None, run_after=None
[2024-04-04T01:13:07.741-0500] {processor.py:183} INFO - Processing /Volumes/SLU_CS/big_data_scd_all_types_project/.venv/lib/python3.11/site-packages/airflow/example_dags/example_dag_decorator.py took 0.203 seconds
[2024-04-04T01:14:45.470-0500] {processor.py:161} INFO - Started process (PID=33603) to work on /Volumes/SLU_CS/big_data_scd_all_types_project/.venv/lib/python3.11/site-packages/airflow/example_dags/example_dag_decorator.py
[2024-04-04T01:14:45.471-0500] {processor.py:830} INFO - Processing file /Volumes/SLU_CS/big_data_scd_all_types_project/.venv/lib/python3.11/site-packages/airflow/example_dags/example_dag_decorator.py for tasks to queue
[2024-04-04T01:14:45.471-0500] {logging_mixin.py:188} INFO - [2024-04-04T01:14:45.471-0500] {dagbag.py:540} INFO - Filling up the DagBag from /Volumes/SLU_CS/big_data_scd_all_types_project/.venv/lib/python3.11/site-packages/airflow/example_dags/example_dag_decorator.py
[2024-04-04T01:14:45.547-0500] {processor.py:840} INFO - DAG(s) 'example_dag_decorator' retrieved from /Volumes/SLU_CS/big_data_scd_all_types_project/.venv/lib/python3.11/site-packages/airflow/example_dags/example_dag_decorator.py
[2024-04-04T01:14:45.644-0500] {logging_mixin.py:188} INFO - [2024-04-04T01:14:45.644-0500] {dag.py:3047} INFO - Sync 1 DAGs
[2024-04-04T01:14:45.647-0500] {logging_mixin.py:188} INFO - [2024-04-04T01:14:45.647-0500] {dag.py:3834} INFO - Setting next_dagrun for example_dag_decorator to None, run_after=None
[2024-04-04T01:14:45.654-0500] {processor.py:183} INFO - Processing /Volumes/SLU_CS/big_data_scd_all_types_project/.venv/lib/python3.11/site-packages/airflow/example_dags/example_dag_decorator.py took 0.184 seconds
[2024-04-04T01:16:19.698-0500] {processor.py:161} INFO - Started process (PID=33748) to work on /Volumes/SLU_CS/big_data_scd_all_types_project/.venv/lib/python3.11/site-packages/airflow/example_dags/example_dag_decorator.py
[2024-04-04T01:16:19.699-0500] {processor.py:830} INFO - Processing file /Volumes/SLU_CS/big_data_scd_all_types_project/.venv/lib/python3.11/site-packages/airflow/example_dags/example_dag_decorator.py for tasks to queue
[2024-04-04T01:16:19.699-0500] {logging_mixin.py:188} INFO - [2024-04-04T01:16:19.699-0500] {dagbag.py:540} INFO - Filling up the DagBag from /Volumes/SLU_CS/big_data_scd_all_types_project/.venv/lib/python3.11/site-packages/airflow/example_dags/example_dag_decorator.py
[2024-04-04T01:16:19.777-0500] {processor.py:840} INFO - DAG(s) 'example_dag_decorator' retrieved from /Volumes/SLU_CS/big_data_scd_all_types_project/.venv/lib/python3.11/site-packages/airflow/example_dags/example_dag_decorator.py
[2024-04-04T01:16:19.872-0500] {logging_mixin.py:188} INFO - [2024-04-04T01:16:19.872-0500] {dag.py:3047} INFO - Sync 1 DAGs
[2024-04-04T01:16:19.875-0500] {logging_mixin.py:188} INFO - [2024-04-04T01:16:19.875-0500] {dag.py:3834} INFO - Setting next_dagrun for example_dag_decorator to None, run_after=None
[2024-04-04T01:16:19.882-0500] {processor.py:183} INFO - Processing /Volumes/SLU_CS/big_data_scd_all_types_project/.venv/lib/python3.11/site-packages/airflow/example_dags/example_dag_decorator.py took 0.185 seconds
[2024-04-04T01:18:06.907-0500] {processor.py:161} INFO - Started process (PID=33930) to work on /Volumes/SLU_CS/big_data_scd_all_types_project/.venv/lib/python3.11/site-packages/airflow/example_dags/example_dag_decorator.py
[2024-04-04T01:18:06.908-0500] {processor.py:830} INFO - Processing file /Volumes/SLU_CS/big_data_scd_all_types_project/.venv/lib/python3.11/site-packages/airflow/example_dags/example_dag_decorator.py for tasks to queue
[2024-04-04T01:18:06.908-0500] {logging_mixin.py:188} INFO - [2024-04-04T01:18:06.908-0500] {dagbag.py:540} INFO - Filling up the DagBag from /Volumes/SLU_CS/big_data_scd_all_types_project/.venv/lib/python3.11/site-packages/airflow/example_dags/example_dag_decorator.py
[2024-04-04T01:18:06.989-0500] {processor.py:840} INFO - DAG(s) 'example_dag_decorator' retrieved from /Volumes/SLU_CS/big_data_scd_all_types_project/.venv/lib/python3.11/site-packages/airflow/example_dags/example_dag_decorator.py
[2024-04-04T01:18:07.083-0500] {logging_mixin.py:188} INFO - [2024-04-04T01:18:07.082-0500] {dag.py:3047} INFO - Sync 1 DAGs
[2024-04-04T01:18:07.086-0500] {logging_mixin.py:188} INFO - [2024-04-04T01:18:07.086-0500] {dag.py:3834} INFO - Setting next_dagrun for example_dag_decorator to None, run_after=None
[2024-04-04T01:18:07.092-0500] {processor.py:183} INFO - Processing /Volumes/SLU_CS/big_data_scd_all_types_project/.venv/lib/python3.11/site-packages/airflow/example_dags/example_dag_decorator.py took 0.185 seconds
[2024-04-04T01:19:58.249-0500] {processor.py:161} INFO - Started process (PID=34226) to work on /Volumes/SLU_CS/big_data_scd_all_types_project/.venv/lib/python3.11/site-packages/airflow/example_dags/example_dag_decorator.py
[2024-04-04T01:19:58.251-0500] {processor.py:830} INFO - Processing file /Volumes/SLU_CS/big_data_scd_all_types_project/.venv/lib/python3.11/site-packages/airflow/example_dags/example_dag_decorator.py for tasks to queue
[2024-04-04T01:19:58.251-0500] {logging_mixin.py:188} INFO - [2024-04-04T01:19:58.251-0500] {dagbag.py:540} INFO - Filling up the DagBag from /Volumes/SLU_CS/big_data_scd_all_types_project/.venv/lib/python3.11/site-packages/airflow/example_dags/example_dag_decorator.py
[2024-04-04T01:19:58.331-0500] {processor.py:840} INFO - DAG(s) 'example_dag_decorator' retrieved from /Volumes/SLU_CS/big_data_scd_all_types_project/.venv/lib/python3.11/site-packages/airflow/example_dags/example_dag_decorator.py
[2024-04-04T01:19:58.426-0500] {logging_mixin.py:188} INFO - [2024-04-04T01:19:58.426-0500] {dag.py:3047} INFO - Sync 1 DAGs
[2024-04-04T01:19:58.430-0500] {logging_mixin.py:188} INFO - [2024-04-04T01:19:58.430-0500] {dag.py:3834} INFO - Setting next_dagrun for example_dag_decorator to None, run_after=None
[2024-04-04T01:19:58.437-0500] {processor.py:183} INFO - Processing /Volumes/SLU_CS/big_data_scd_all_types_project/.venv/lib/python3.11/site-packages/airflow/example_dags/example_dag_decorator.py took 0.188 seconds
