[2024-04-04T01:02:54.467-0500] {processor.py:161} INFO - Started process (PID=31997) to work on /Volumes/SLU_CS/big_data_scd_all_types_project/.venv/lib/python3.11/site-packages/airflow/example_dags/example_branch_labels.py
[2024-04-04T01:02:54.467-0500] {processor.py:830} INFO - Processing file /Volumes/SLU_CS/big_data_scd_all_types_project/.venv/lib/python3.11/site-packages/airflow/example_dags/example_branch_labels.py for tasks to queue
[2024-04-04T01:02:54.468-0500] {logging_mixin.py:188} INFO - [2024-04-04T01:02:54.468-0500] {dagbag.py:540} INFO - Filling up the DagBag from /Volumes/SLU_CS/big_data_scd_all_types_project/.venv/lib/python3.11/site-packages/airflow/example_dags/example_branch_labels.py
[2024-04-04T01:02:54.471-0500] {processor.py:840} INFO - DAG(s) 'example_branch_labels' retrieved from /Volumes/SLU_CS/big_data_scd_all_types_project/.venv/lib/python3.11/site-packages/airflow/example_dags/example_branch_labels.py
[2024-04-04T01:02:54.556-0500] {logging_mixin.py:188} INFO - [2024-04-04T01:02:54.556-0500] {dag.py:3047} INFO - Sync 1 DAGs
[2024-04-04T01:02:54.562-0500] {logging_mixin.py:188} INFO - [2024-04-04T01:02:54.562-0500] {dag.py:3834} INFO - Setting next_dagrun for example_branch_labels to 2024-04-03 00:00:00+00:00, run_after=2024-04-04 00:00:00+00:00
[2024-04-04T01:02:54.569-0500] {processor.py:183} INFO - Processing /Volumes/SLU_CS/big_data_scd_all_types_project/.venv/lib/python3.11/site-packages/airflow/example_dags/example_branch_labels.py took 0.103 seconds
[2024-04-04T01:04:39.259-0500] {processor.py:161} INFO - Started process (PID=32274) to work on /Volumes/SLU_CS/big_data_scd_all_types_project/.venv/lib/python3.11/site-packages/airflow/example_dags/example_branch_labels.py
[2024-04-04T01:04:39.259-0500] {processor.py:830} INFO - Processing file /Volumes/SLU_CS/big_data_scd_all_types_project/.venv/lib/python3.11/site-packages/airflow/example_dags/example_branch_labels.py for tasks to queue
[2024-04-04T01:04:39.260-0500] {logging_mixin.py:188} INFO - [2024-04-04T01:04:39.260-0500] {dagbag.py:540} INFO - Filling up the DagBag from /Volumes/SLU_CS/big_data_scd_all_types_project/.venv/lib/python3.11/site-packages/airflow/example_dags/example_branch_labels.py
[2024-04-04T01:04:39.263-0500] {processor.py:840} INFO - DAG(s) 'example_branch_labels' retrieved from /Volumes/SLU_CS/big_data_scd_all_types_project/.venv/lib/python3.11/site-packages/airflow/example_dags/example_branch_labels.py
[2024-04-04T01:04:39.294-0500] {logging_mixin.py:188} INFO - [2024-04-04T01:04:39.294-0500] {dag.py:3047} INFO - Sync 1 DAGs
[2024-04-04T01:04:39.300-0500] {logging_mixin.py:188} INFO - [2024-04-04T01:04:39.300-0500] {dag.py:3834} INFO - Setting next_dagrun for example_branch_labels to 2024-04-03 00:00:00+00:00, run_after=2024-04-04 00:00:00+00:00
[2024-04-04T01:04:39.307-0500] {processor.py:183} INFO - Processing /Volumes/SLU_CS/big_data_scd_all_types_project/.venv/lib/python3.11/site-packages/airflow/example_dags/example_branch_labels.py took 0.048 seconds
[2024-04-04T01:06:22.515-0500] {processor.py:161} INFO - Started process (PID=32461) to work on /Volumes/SLU_CS/big_data_scd_all_types_project/.venv/lib/python3.11/site-packages/airflow/example_dags/example_branch_labels.py
[2024-04-04T01:06:22.515-0500] {processor.py:830} INFO - Processing file /Volumes/SLU_CS/big_data_scd_all_types_project/.venv/lib/python3.11/site-packages/airflow/example_dags/example_branch_labels.py for tasks to queue
[2024-04-04T01:06:22.516-0500] {logging_mixin.py:188} INFO - [2024-04-04T01:06:22.516-0500] {dagbag.py:540} INFO - Filling up the DagBag from /Volumes/SLU_CS/big_data_scd_all_types_project/.venv/lib/python3.11/site-packages/airflow/example_dags/example_branch_labels.py
[2024-04-04T01:06:22.519-0500] {processor.py:840} INFO - DAG(s) 'example_branch_labels' retrieved from /Volumes/SLU_CS/big_data_scd_all_types_project/.venv/lib/python3.11/site-packages/airflow/example_dags/example_branch_labels.py
[2024-04-04T01:06:22.551-0500] {logging_mixin.py:188} INFO - [2024-04-04T01:06:22.550-0500] {dag.py:3047} INFO - Sync 1 DAGs
[2024-04-04T01:06:22.556-0500] {logging_mixin.py:188} INFO - [2024-04-04T01:06:22.556-0500] {dag.py:3834} INFO - Setting next_dagrun for example_branch_labels to 2024-04-03 00:00:00+00:00, run_after=2024-04-04 00:00:00+00:00
[2024-04-04T01:06:22.563-0500] {processor.py:183} INFO - Processing /Volumes/SLU_CS/big_data_scd_all_types_project/.venv/lib/python3.11/site-packages/airflow/example_dags/example_branch_labels.py took 0.049 seconds
[2024-04-04T01:08:03.768-0500] {processor.py:161} INFO - Started process (PID=32664) to work on /Volumes/SLU_CS/big_data_scd_all_types_project/.venv/lib/python3.11/site-packages/airflow/example_dags/example_branch_labels.py
[2024-04-04T01:08:03.769-0500] {processor.py:830} INFO - Processing file /Volumes/SLU_CS/big_data_scd_all_types_project/.venv/lib/python3.11/site-packages/airflow/example_dags/example_branch_labels.py for tasks to queue
[2024-04-04T01:08:03.769-0500] {logging_mixin.py:188} INFO - [2024-04-04T01:08:03.769-0500] {dagbag.py:540} INFO - Filling up the DagBag from /Volumes/SLU_CS/big_data_scd_all_types_project/.venv/lib/python3.11/site-packages/airflow/example_dags/example_branch_labels.py
[2024-04-04T01:08:03.772-0500] {processor.py:840} INFO - DAG(s) 'example_branch_labels' retrieved from /Volumes/SLU_CS/big_data_scd_all_types_project/.venv/lib/python3.11/site-packages/airflow/example_dags/example_branch_labels.py
[2024-04-04T01:08:03.803-0500] {logging_mixin.py:188} INFO - [2024-04-04T01:08:03.803-0500] {dag.py:3047} INFO - Sync 1 DAGs
[2024-04-04T01:08:03.809-0500] {logging_mixin.py:188} INFO - [2024-04-04T01:08:03.809-0500] {dag.py:3834} INFO - Setting next_dagrun for example_branch_labels to 2024-04-03 00:00:00+00:00, run_after=2024-04-04 00:00:00+00:00
[2024-04-04T01:08:03.816-0500] {processor.py:183} INFO - Processing /Volumes/SLU_CS/big_data_scd_all_types_project/.venv/lib/python3.11/site-packages/airflow/example_dags/example_branch_labels.py took 0.048 seconds
[2024-04-04T01:09:50.567-0500] {processor.py:161} INFO - Started process (PID=32873) to work on /Volumes/SLU_CS/big_data_scd_all_types_project/.venv/lib/python3.11/site-packages/airflow/example_dags/example_branch_labels.py
[2024-04-04T01:09:50.567-0500] {processor.py:830} INFO - Processing file /Volumes/SLU_CS/big_data_scd_all_types_project/.venv/lib/python3.11/site-packages/airflow/example_dags/example_branch_labels.py for tasks to queue
[2024-04-04T01:09:50.567-0500] {logging_mixin.py:188} INFO - [2024-04-04T01:09:50.567-0500] {dagbag.py:540} INFO - Filling up the DagBag from /Volumes/SLU_CS/big_data_scd_all_types_project/.venv/lib/python3.11/site-packages/airflow/example_dags/example_branch_labels.py
[2024-04-04T01:09:50.571-0500] {processor.py:840} INFO - DAG(s) 'example_branch_labels' retrieved from /Volumes/SLU_CS/big_data_scd_all_types_project/.venv/lib/python3.11/site-packages/airflow/example_dags/example_branch_labels.py
[2024-04-04T01:09:50.603-0500] {logging_mixin.py:188} INFO - [2024-04-04T01:09:50.602-0500] {dag.py:3047} INFO - Sync 1 DAGs
[2024-04-04T01:09:50.609-0500] {logging_mixin.py:188} INFO - [2024-04-04T01:09:50.608-0500] {dag.py:3834} INFO - Setting next_dagrun for example_branch_labels to 2024-04-03 00:00:00+00:00, run_after=2024-04-04 00:00:00+00:00
[2024-04-04T01:09:50.615-0500] {processor.py:183} INFO - Processing /Volumes/SLU_CS/big_data_scd_all_types_project/.venv/lib/python3.11/site-packages/airflow/example_dags/example_branch_labels.py took 0.050 seconds
[2024-04-04T01:11:31.421-0500] {processor.py:161} INFO - Started process (PID=33129) to work on /Volumes/SLU_CS/big_data_scd_all_types_project/.venv/lib/python3.11/site-packages/airflow/example_dags/example_branch_labels.py
[2024-04-04T01:11:31.424-0500] {processor.py:830} INFO - Processing file /Volumes/SLU_CS/big_data_scd_all_types_project/.venv/lib/python3.11/site-packages/airflow/example_dags/example_branch_labels.py for tasks to queue
[2024-04-04T01:11:31.425-0500] {logging_mixin.py:188} INFO - [2024-04-04T01:11:31.425-0500] {dagbag.py:540} INFO - Filling up the DagBag from /Volumes/SLU_CS/big_data_scd_all_types_project/.venv/lib/python3.11/site-packages/airflow/example_dags/example_branch_labels.py
[2024-04-04T01:11:31.429-0500] {processor.py:840} INFO - DAG(s) 'example_branch_labels' retrieved from /Volumes/SLU_CS/big_data_scd_all_types_project/.venv/lib/python3.11/site-packages/airflow/example_dags/example_branch_labels.py
[2024-04-04T01:11:31.462-0500] {logging_mixin.py:188} INFO - [2024-04-04T01:11:31.462-0500] {dag.py:3047} INFO - Sync 1 DAGs
[2024-04-04T01:11:31.469-0500] {logging_mixin.py:188} INFO - [2024-04-04T01:11:31.469-0500] {dag.py:3834} INFO - Setting next_dagrun for example_branch_labels to 2024-04-03 00:00:00+00:00, run_after=2024-04-04 00:00:00+00:00
[2024-04-04T01:11:31.477-0500] {processor.py:183} INFO - Processing /Volumes/SLU_CS/big_data_scd_all_types_project/.venv/lib/python3.11/site-packages/airflow/example_dags/example_branch_labels.py took 0.056 seconds
[2024-04-04T01:13:15.166-0500] {processor.py:161} INFO - Started process (PID=33436) to work on /Volumes/SLU_CS/big_data_scd_all_types_project/.venv/lib/python3.11/site-packages/airflow/example_dags/example_branch_labels.py
[2024-04-04T01:13:15.167-0500] {processor.py:830} INFO - Processing file /Volumes/SLU_CS/big_data_scd_all_types_project/.venv/lib/python3.11/site-packages/airflow/example_dags/example_branch_labels.py for tasks to queue
[2024-04-04T01:13:15.167-0500] {logging_mixin.py:188} INFO - [2024-04-04T01:13:15.167-0500] {dagbag.py:540} INFO - Filling up the DagBag from /Volumes/SLU_CS/big_data_scd_all_types_project/.venv/lib/python3.11/site-packages/airflow/example_dags/example_branch_labels.py
[2024-04-04T01:13:15.171-0500] {processor.py:840} INFO - DAG(s) 'example_branch_labels' retrieved from /Volumes/SLU_CS/big_data_scd_all_types_project/.venv/lib/python3.11/site-packages/airflow/example_dags/example_branch_labels.py
[2024-04-04T01:13:15.202-0500] {logging_mixin.py:188} INFO - [2024-04-04T01:13:15.202-0500] {dag.py:3047} INFO - Sync 1 DAGs
[2024-04-04T01:13:15.207-0500] {logging_mixin.py:188} INFO - [2024-04-04T01:13:15.207-0500] {dag.py:3834} INFO - Setting next_dagrun for example_branch_labels to 2024-04-03 00:00:00+00:00, run_after=2024-04-04 00:00:00+00:00
[2024-04-04T01:13:15.214-0500] {processor.py:183} INFO - Processing /Volumes/SLU_CS/big_data_scd_all_types_project/.venv/lib/python3.11/site-packages/airflow/example_dags/example_branch_labels.py took 0.049 seconds
[2024-04-04T01:14:52.629-0500] {processor.py:161} INFO - Started process (PID=33611) to work on /Volumes/SLU_CS/big_data_scd_all_types_project/.venv/lib/python3.11/site-packages/airflow/example_dags/example_branch_labels.py
[2024-04-04T01:14:52.630-0500] {processor.py:830} INFO - Processing file /Volumes/SLU_CS/big_data_scd_all_types_project/.venv/lib/python3.11/site-packages/airflow/example_dags/example_branch_labels.py for tasks to queue
[2024-04-04T01:14:52.630-0500] {logging_mixin.py:188} INFO - [2024-04-04T01:14:52.630-0500] {dagbag.py:540} INFO - Filling up the DagBag from /Volumes/SLU_CS/big_data_scd_all_types_project/.venv/lib/python3.11/site-packages/airflow/example_dags/example_branch_labels.py
[2024-04-04T01:14:52.633-0500] {processor.py:840} INFO - DAG(s) 'example_branch_labels' retrieved from /Volumes/SLU_CS/big_data_scd_all_types_project/.venv/lib/python3.11/site-packages/airflow/example_dags/example_branch_labels.py
[2024-04-04T01:14:52.663-0500] {logging_mixin.py:188} INFO - [2024-04-04T01:14:52.663-0500] {dag.py:3047} INFO - Sync 1 DAGs
[2024-04-04T01:14:52.669-0500] {logging_mixin.py:188} INFO - [2024-04-04T01:14:52.669-0500] {dag.py:3834} INFO - Setting next_dagrun for example_branch_labels to 2024-04-03 00:00:00+00:00, run_after=2024-04-04 00:00:00+00:00
[2024-04-04T01:14:52.675-0500] {processor.py:183} INFO - Processing /Volumes/SLU_CS/big_data_scd_all_types_project/.venv/lib/python3.11/site-packages/airflow/example_dags/example_branch_labels.py took 0.047 seconds
[2024-04-04T01:16:28.799-0500] {processor.py:161} INFO - Started process (PID=33776) to work on /Volumes/SLU_CS/big_data_scd_all_types_project/.venv/lib/python3.11/site-packages/airflow/example_dags/example_branch_labels.py
[2024-04-04T01:16:28.800-0500] {processor.py:830} INFO - Processing file /Volumes/SLU_CS/big_data_scd_all_types_project/.venv/lib/python3.11/site-packages/airflow/example_dags/example_branch_labels.py for tasks to queue
[2024-04-04T01:16:28.800-0500] {logging_mixin.py:188} INFO - [2024-04-04T01:16:28.800-0500] {dagbag.py:540} INFO - Filling up the DagBag from /Volumes/SLU_CS/big_data_scd_all_types_project/.venv/lib/python3.11/site-packages/airflow/example_dags/example_branch_labels.py
[2024-04-04T01:16:28.804-0500] {processor.py:840} INFO - DAG(s) 'example_branch_labels' retrieved from /Volumes/SLU_CS/big_data_scd_all_types_project/.venv/lib/python3.11/site-packages/airflow/example_dags/example_branch_labels.py
[2024-04-04T01:16:28.841-0500] {logging_mixin.py:188} INFO - [2024-04-04T01:16:28.841-0500] {dag.py:3047} INFO - Sync 1 DAGs
[2024-04-04T01:16:28.847-0500] {logging_mixin.py:188} INFO - [2024-04-04T01:16:28.847-0500] {dag.py:3834} INFO - Setting next_dagrun for example_branch_labels to 2024-04-03 00:00:00+00:00, run_after=2024-04-04 00:00:00+00:00
[2024-04-04T01:16:28.854-0500] {processor.py:183} INFO - Processing /Volumes/SLU_CS/big_data_scd_all_types_project/.venv/lib/python3.11/site-packages/airflow/example_dags/example_branch_labels.py took 0.057 seconds
[2024-04-04T01:18:15.835-0500] {processor.py:161} INFO - Started process (PID=33941) to work on /Volumes/SLU_CS/big_data_scd_all_types_project/.venv/lib/python3.11/site-packages/airflow/example_dags/example_branch_labels.py
[2024-04-04T01:18:15.836-0500] {processor.py:830} INFO - Processing file /Volumes/SLU_CS/big_data_scd_all_types_project/.venv/lib/python3.11/site-packages/airflow/example_dags/example_branch_labels.py for tasks to queue
[2024-04-04T01:18:15.836-0500] {logging_mixin.py:188} INFO - [2024-04-04T01:18:15.836-0500] {dagbag.py:540} INFO - Filling up the DagBag from /Volumes/SLU_CS/big_data_scd_all_types_project/.venv/lib/python3.11/site-packages/airflow/example_dags/example_branch_labels.py
[2024-04-04T01:18:15.839-0500] {processor.py:840} INFO - DAG(s) 'example_branch_labels' retrieved from /Volumes/SLU_CS/big_data_scd_all_types_project/.venv/lib/python3.11/site-packages/airflow/example_dags/example_branch_labels.py
[2024-04-04T01:18:15.870-0500] {logging_mixin.py:188} INFO - [2024-04-04T01:18:15.870-0500] {dag.py:3047} INFO - Sync 1 DAGs
[2024-04-04T01:18:15.876-0500] {logging_mixin.py:188} INFO - [2024-04-04T01:18:15.876-0500] {dag.py:3834} INFO - Setting next_dagrun for example_branch_labels to 2024-04-03 00:00:00+00:00, run_after=2024-04-04 00:00:00+00:00
[2024-04-04T01:18:15.883-0500] {processor.py:183} INFO - Processing /Volumes/SLU_CS/big_data_scd_all_types_project/.venv/lib/python3.11/site-packages/airflow/example_dags/example_branch_labels.py took 0.050 seconds
[2024-04-04T01:20:06.076-0500] {processor.py:161} INFO - Started process (PID=34239) to work on /Volumes/SLU_CS/big_data_scd_all_types_project/.venv/lib/python3.11/site-packages/airflow/example_dags/example_branch_labels.py
[2024-04-04T01:20:06.078-0500] {processor.py:830} INFO - Processing file /Volumes/SLU_CS/big_data_scd_all_types_project/.venv/lib/python3.11/site-packages/airflow/example_dags/example_branch_labels.py for tasks to queue
[2024-04-04T01:20:06.078-0500] {logging_mixin.py:188} INFO - [2024-04-04T01:20:06.078-0500] {dagbag.py:540} INFO - Filling up the DagBag from /Volumes/SLU_CS/big_data_scd_all_types_project/.venv/lib/python3.11/site-packages/airflow/example_dags/example_branch_labels.py
[2024-04-04T01:20:06.082-0500] {processor.py:840} INFO - DAG(s) 'example_branch_labels' retrieved from /Volumes/SLU_CS/big_data_scd_all_types_project/.venv/lib/python3.11/site-packages/airflow/example_dags/example_branch_labels.py
[2024-04-04T01:20:06.118-0500] {logging_mixin.py:188} INFO - [2024-04-04T01:20:06.118-0500] {dag.py:3047} INFO - Sync 1 DAGs
[2024-04-04T01:20:06.126-0500] {logging_mixin.py:188} INFO - [2024-04-04T01:20:06.126-0500] {dag.py:3834} INFO - Setting next_dagrun for example_branch_labels to 2024-04-03 00:00:00+00:00, run_after=2024-04-04 00:00:00+00:00
[2024-04-04T01:20:06.133-0500] {processor.py:183} INFO - Processing /Volumes/SLU_CS/big_data_scd_all_types_project/.venv/lib/python3.11/site-packages/airflow/example_dags/example_branch_labels.py took 0.057 seconds
