[2024-04-04T01:02:10.652-0500] {processor.py:161} INFO - Started process (PID=31917) to work on /Volumes/SLU_CS/big_data_scd_all_types_project/.venv/lib/python3.11/site-packages/airflow/example_dags/example_short_circuit_operator.py
[2024-04-04T01:02:10.653-0500] {processor.py:830} INFO - Processing file /Volumes/SLU_CS/big_data_scd_all_types_project/.venv/lib/python3.11/site-packages/airflow/example_dags/example_short_circuit_operator.py for tasks to queue
[2024-04-04T01:02:10.653-0500] {logging_mixin.py:188} INFO - [2024-04-04T01:02:10.653-0500] {dagbag.py:540} INFO - Filling up the DagBag from /Volumes/SLU_CS/big_data_scd_all_types_project/.venv/lib/python3.11/site-packages/airflow/example_dags/example_short_circuit_operator.py
[2024-04-04T01:02:10.663-0500] {processor.py:840} INFO - DAG(s) 'example_short_circuit_operator' retrieved from /Volumes/SLU_CS/big_data_scd_all_types_project/.venv/lib/python3.11/site-packages/airflow/example_dags/example_short_circuit_operator.py
[2024-04-04T01:02:10.746-0500] {logging_mixin.py:188} INFO - [2024-04-04T01:02:10.746-0500] {dag.py:3047} INFO - Sync 1 DAGs
[2024-04-04T01:02:10.751-0500] {logging_mixin.py:188} INFO - [2024-04-04T01:02:10.751-0500] {dag.py:3834} INFO - Setting next_dagrun for example_short_circuit_operator to 2024-04-03 00:00:00+00:00, run_after=2024-04-04 00:00:00+00:00
[2024-04-04T01:02:10.758-0500] {processor.py:183} INFO - Processing /Volumes/SLU_CS/big_data_scd_all_types_project/.venv/lib/python3.11/site-packages/airflow/example_dags/example_short_circuit_operator.py took 0.107 seconds
[2024-04-04T01:03:34.200-0500] {processor.py:161} INFO - Started process (PID=32094) to work on /Volumes/SLU_CS/big_data_scd_all_types_project/.venv/lib/python3.11/site-packages/airflow/example_dags/example_short_circuit_operator.py
[2024-04-04T01:03:34.200-0500] {processor.py:830} INFO - Processing file /Volumes/SLU_CS/big_data_scd_all_types_project/.venv/lib/python3.11/site-packages/airflow/example_dags/example_short_circuit_operator.py for tasks to queue
[2024-04-04T01:03:34.201-0500] {logging_mixin.py:188} INFO - [2024-04-04T01:03:34.201-0500] {dagbag.py:540} INFO - Filling up the DagBag from /Volumes/SLU_CS/big_data_scd_all_types_project/.venv/lib/python3.11/site-packages/airflow/example_dags/example_short_circuit_operator.py
[2024-04-04T01:03:34.210-0500] {processor.py:840} INFO - DAG(s) 'example_short_circuit_operator' retrieved from /Volumes/SLU_CS/big_data_scd_all_types_project/.venv/lib/python3.11/site-packages/airflow/example_dags/example_short_circuit_operator.py
[2024-04-04T01:03:34.240-0500] {logging_mixin.py:188} INFO - [2024-04-04T01:03:34.240-0500] {dag.py:3047} INFO - Sync 1 DAGs
[2024-04-04T01:03:34.245-0500] {logging_mixin.py:188} INFO - [2024-04-04T01:03:34.245-0500] {dag.py:3834} INFO - Setting next_dagrun for example_short_circuit_operator to 2024-04-03 00:00:00+00:00, run_after=2024-04-04 00:00:00+00:00
[2024-04-04T01:03:34.252-0500] {processor.py:183} INFO - Processing /Volumes/SLU_CS/big_data_scd_all_types_project/.venv/lib/python3.11/site-packages/airflow/example_dags/example_short_circuit_operator.py took 0.053 seconds
[2024-04-04T01:05:17.470-0500] {processor.py:161} INFO - Started process (PID=32324) to work on /Volumes/SLU_CS/big_data_scd_all_types_project/.venv/lib/python3.11/site-packages/airflow/example_dags/example_short_circuit_operator.py
[2024-04-04T01:05:17.471-0500] {processor.py:830} INFO - Processing file /Volumes/SLU_CS/big_data_scd_all_types_project/.venv/lib/python3.11/site-packages/airflow/example_dags/example_short_circuit_operator.py for tasks to queue
[2024-04-04T01:05:17.471-0500] {logging_mixin.py:188} INFO - [2024-04-04T01:05:17.471-0500] {dagbag.py:540} INFO - Filling up the DagBag from /Volumes/SLU_CS/big_data_scd_all_types_project/.venv/lib/python3.11/site-packages/airflow/example_dags/example_short_circuit_operator.py
[2024-04-04T01:05:17.481-0500] {processor.py:840} INFO - DAG(s) 'example_short_circuit_operator' retrieved from /Volumes/SLU_CS/big_data_scd_all_types_project/.venv/lib/python3.11/site-packages/airflow/example_dags/example_short_circuit_operator.py
[2024-04-04T01:05:17.511-0500] {logging_mixin.py:188} INFO - [2024-04-04T01:05:17.511-0500] {dag.py:3047} INFO - Sync 1 DAGs
[2024-04-04T01:05:17.516-0500] {logging_mixin.py:188} INFO - [2024-04-04T01:05:17.516-0500] {dag.py:3834} INFO - Setting next_dagrun for example_short_circuit_operator to 2024-04-03 00:00:00+00:00, run_after=2024-04-04 00:00:00+00:00
[2024-04-04T01:05:17.523-0500] {processor.py:183} INFO - Processing /Volumes/SLU_CS/big_data_scd_all_types_project/.venv/lib/python3.11/site-packages/airflow/example_dags/example_short_circuit_operator.py took 0.053 seconds
[2024-04-04T01:07:19.626-0500] {processor.py:161} INFO - Started process (PID=32602) to work on /Volumes/SLU_CS/big_data_scd_all_types_project/.venv/lib/python3.11/site-packages/airflow/example_dags/example_short_circuit_operator.py
[2024-04-04T01:07:19.626-0500] {processor.py:830} INFO - Processing file /Volumes/SLU_CS/big_data_scd_all_types_project/.venv/lib/python3.11/site-packages/airflow/example_dags/example_short_circuit_operator.py for tasks to queue
[2024-04-04T01:07:19.627-0500] {logging_mixin.py:188} INFO - [2024-04-04T01:07:19.627-0500] {dagbag.py:540} INFO - Filling up the DagBag from /Volumes/SLU_CS/big_data_scd_all_types_project/.venv/lib/python3.11/site-packages/airflow/example_dags/example_short_circuit_operator.py
[2024-04-04T01:07:19.637-0500] {processor.py:840} INFO - DAG(s) 'example_short_circuit_operator' retrieved from /Volumes/SLU_CS/big_data_scd_all_types_project/.venv/lib/python3.11/site-packages/airflow/example_dags/example_short_circuit_operator.py
[2024-04-04T01:07:19.667-0500] {logging_mixin.py:188} INFO - [2024-04-04T01:07:19.667-0500] {dag.py:3047} INFO - Sync 1 DAGs
[2024-04-04T01:07:19.672-0500] {logging_mixin.py:188} INFO - [2024-04-04T01:07:19.672-0500] {dag.py:3834} INFO - Setting next_dagrun for example_short_circuit_operator to 2024-04-03 00:00:00+00:00, run_after=2024-04-04 00:00:00+00:00
[2024-04-04T01:07:19.678-0500] {processor.py:183} INFO - Processing /Volumes/SLU_CS/big_data_scd_all_types_project/.venv/lib/python3.11/site-packages/airflow/example_dags/example_short_circuit_operator.py took 0.053 seconds
[2024-04-04T01:08:45.025-0500] {processor.py:161} INFO - Started process (PID=32730) to work on /Volumes/SLU_CS/big_data_scd_all_types_project/.venv/lib/python3.11/site-packages/airflow/example_dags/example_short_circuit_operator.py
[2024-04-04T01:08:45.026-0500] {processor.py:830} INFO - Processing file /Volumes/SLU_CS/big_data_scd_all_types_project/.venv/lib/python3.11/site-packages/airflow/example_dags/example_short_circuit_operator.py for tasks to queue
[2024-04-04T01:08:45.026-0500] {logging_mixin.py:188} INFO - [2024-04-04T01:08:45.026-0500] {dagbag.py:540} INFO - Filling up the DagBag from /Volumes/SLU_CS/big_data_scd_all_types_project/.venv/lib/python3.11/site-packages/airflow/example_dags/example_short_circuit_operator.py
[2024-04-04T01:08:45.043-0500] {processor.py:840} INFO - DAG(s) 'example_short_circuit_operator' retrieved from /Volumes/SLU_CS/big_data_scd_all_types_project/.venv/lib/python3.11/site-packages/airflow/example_dags/example_short_circuit_operator.py
[2024-04-04T01:08:45.074-0500] {logging_mixin.py:188} INFO - [2024-04-04T01:08:45.074-0500] {dag.py:3047} INFO - Sync 1 DAGs
[2024-04-04T01:08:45.079-0500] {logging_mixin.py:188} INFO - [2024-04-04T01:08:45.079-0500] {dag.py:3834} INFO - Setting next_dagrun for example_short_circuit_operator to 2024-04-03 00:00:00+00:00, run_after=2024-04-04 00:00:00+00:00
[2024-04-04T01:08:45.086-0500] {processor.py:183} INFO - Processing /Volumes/SLU_CS/big_data_scd_all_types_project/.venv/lib/python3.11/site-packages/airflow/example_dags/example_short_circuit_operator.py took 0.067 seconds
[2024-04-04T01:10:26.617-0500] {processor.py:161} INFO - Started process (PID=32962) to work on /Volumes/SLU_CS/big_data_scd_all_types_project/.venv/lib/python3.11/site-packages/airflow/example_dags/example_short_circuit_operator.py
[2024-04-04T01:10:26.618-0500] {processor.py:830} INFO - Processing file /Volumes/SLU_CS/big_data_scd_all_types_project/.venv/lib/python3.11/site-packages/airflow/example_dags/example_short_circuit_operator.py for tasks to queue
[2024-04-04T01:10:26.618-0500] {logging_mixin.py:188} INFO - [2024-04-04T01:10:26.618-0500] {dagbag.py:540} INFO - Filling up the DagBag from /Volumes/SLU_CS/big_data_scd_all_types_project/.venv/lib/python3.11/site-packages/airflow/example_dags/example_short_circuit_operator.py
[2024-04-04T01:10:26.629-0500] {processor.py:840} INFO - DAG(s) 'example_short_circuit_operator' retrieved from /Volumes/SLU_CS/big_data_scd_all_types_project/.venv/lib/python3.11/site-packages/airflow/example_dags/example_short_circuit_operator.py
[2024-04-04T01:10:26.660-0500] {logging_mixin.py:188} INFO - [2024-04-04T01:10:26.660-0500] {dag.py:3047} INFO - Sync 1 DAGs
[2024-04-04T01:10:26.666-0500] {logging_mixin.py:188} INFO - [2024-04-04T01:10:26.665-0500] {dag.py:3834} INFO - Setting next_dagrun for example_short_circuit_operator to 2024-04-03 00:00:00+00:00, run_after=2024-04-04 00:00:00+00:00
[2024-04-04T01:10:26.672-0500] {processor.py:183} INFO - Processing /Volumes/SLU_CS/big_data_scd_all_types_project/.venv/lib/python3.11/site-packages/airflow/example_dags/example_short_circuit_operator.py took 0.056 seconds
[2024-04-04T01:12:13.175-0500] {processor.py:161} INFO - Started process (PID=33254) to work on /Volumes/SLU_CS/big_data_scd_all_types_project/.venv/lib/python3.11/site-packages/airflow/example_dags/example_short_circuit_operator.py
[2024-04-04T01:12:13.175-0500] {processor.py:830} INFO - Processing file /Volumes/SLU_CS/big_data_scd_all_types_project/.venv/lib/python3.11/site-packages/airflow/example_dags/example_short_circuit_operator.py for tasks to queue
[2024-04-04T01:12:13.175-0500] {logging_mixin.py:188} INFO - [2024-04-04T01:12:13.175-0500] {dagbag.py:540} INFO - Filling up the DagBag from /Volumes/SLU_CS/big_data_scd_all_types_project/.venv/lib/python3.11/site-packages/airflow/example_dags/example_short_circuit_operator.py
[2024-04-04T01:12:13.187-0500] {processor.py:840} INFO - DAG(s) 'example_short_circuit_operator' retrieved from /Volumes/SLU_CS/big_data_scd_all_types_project/.venv/lib/python3.11/site-packages/airflow/example_dags/example_short_circuit_operator.py
[2024-04-04T01:12:13.217-0500] {logging_mixin.py:188} INFO - [2024-04-04T01:12:13.217-0500] {dag.py:3047} INFO - Sync 1 DAGs
[2024-04-04T01:12:13.222-0500] {logging_mixin.py:188} INFO - [2024-04-04T01:12:13.222-0500] {dag.py:3834} INFO - Setting next_dagrun for example_short_circuit_operator to 2024-04-03 00:00:00+00:00, run_after=2024-04-04 00:00:00+00:00
[2024-04-04T01:12:13.229-0500] {processor.py:183} INFO - Processing /Volumes/SLU_CS/big_data_scd_all_types_project/.venv/lib/python3.11/site-packages/airflow/example_dags/example_short_circuit_operator.py took 0.055 seconds
[2024-04-04T01:13:50.722-0500] {processor.py:161} INFO - Started process (PID=33505) to work on /Volumes/SLU_CS/big_data_scd_all_types_project/.venv/lib/python3.11/site-packages/airflow/example_dags/example_short_circuit_operator.py
[2024-04-04T01:13:50.722-0500] {processor.py:830} INFO - Processing file /Volumes/SLU_CS/big_data_scd_all_types_project/.venv/lib/python3.11/site-packages/airflow/example_dags/example_short_circuit_operator.py for tasks to queue
[2024-04-04T01:13:50.722-0500] {logging_mixin.py:188} INFO - [2024-04-04T01:13:50.722-0500] {dagbag.py:540} INFO - Filling up the DagBag from /Volumes/SLU_CS/big_data_scd_all_types_project/.venv/lib/python3.11/site-packages/airflow/example_dags/example_short_circuit_operator.py
[2024-04-04T01:13:50.732-0500] {processor.py:840} INFO - DAG(s) 'example_short_circuit_operator' retrieved from /Volumes/SLU_CS/big_data_scd_all_types_project/.venv/lib/python3.11/site-packages/airflow/example_dags/example_short_circuit_operator.py
[2024-04-04T01:13:50.762-0500] {logging_mixin.py:188} INFO - [2024-04-04T01:13:50.762-0500] {dag.py:3047} INFO - Sync 1 DAGs
[2024-04-04T01:13:50.767-0500] {logging_mixin.py:188} INFO - [2024-04-04T01:13:50.767-0500] {dag.py:3834} INFO - Setting next_dagrun for example_short_circuit_operator to 2024-04-03 00:00:00+00:00, run_after=2024-04-04 00:00:00+00:00
[2024-04-04T01:13:50.773-0500] {processor.py:183} INFO - Processing /Volumes/SLU_CS/big_data_scd_all_types_project/.venv/lib/python3.11/site-packages/airflow/example_dags/example_short_circuit_operator.py took 0.052 seconds
[2024-04-04T01:15:28.482-0500] {processor.py:161} INFO - Started process (PID=33679) to work on /Volumes/SLU_CS/big_data_scd_all_types_project/.venv/lib/python3.11/site-packages/airflow/example_dags/example_short_circuit_operator.py
[2024-04-04T01:15:28.483-0500] {processor.py:830} INFO - Processing file /Volumes/SLU_CS/big_data_scd_all_types_project/.venv/lib/python3.11/site-packages/airflow/example_dags/example_short_circuit_operator.py for tasks to queue
[2024-04-04T01:15:28.483-0500] {logging_mixin.py:188} INFO - [2024-04-04T01:15:28.483-0500] {dagbag.py:540} INFO - Filling up the DagBag from /Volumes/SLU_CS/big_data_scd_all_types_project/.venv/lib/python3.11/site-packages/airflow/example_dags/example_short_circuit_operator.py
[2024-04-04T01:15:28.494-0500] {processor.py:840} INFO - DAG(s) 'example_short_circuit_operator' retrieved from /Volumes/SLU_CS/big_data_scd_all_types_project/.venv/lib/python3.11/site-packages/airflow/example_dags/example_short_circuit_operator.py
[2024-04-04T01:15:28.525-0500] {logging_mixin.py:188} INFO - [2024-04-04T01:15:28.524-0500] {dag.py:3047} INFO - Sync 1 DAGs
[2024-04-04T01:15:28.530-0500] {logging_mixin.py:188} INFO - [2024-04-04T01:15:28.530-0500] {dag.py:3834} INFO - Setting next_dagrun for example_short_circuit_operator to 2024-04-03 00:00:00+00:00, run_after=2024-04-04 00:00:00+00:00
[2024-04-04T01:15:28.537-0500] {processor.py:183} INFO - Processing /Volumes/SLU_CS/big_data_scd_all_types_project/.venv/lib/python3.11/site-packages/airflow/example_dags/example_short_circuit_operator.py took 0.055 seconds
[2024-04-04T01:17:08.747-0500] {processor.py:161} INFO - Started process (PID=33848) to work on /Volumes/SLU_CS/big_data_scd_all_types_project/.venv/lib/python3.11/site-packages/airflow/example_dags/example_short_circuit_operator.py
[2024-04-04T01:17:08.749-0500] {processor.py:830} INFO - Processing file /Volumes/SLU_CS/big_data_scd_all_types_project/.venv/lib/python3.11/site-packages/airflow/example_dags/example_short_circuit_operator.py for tasks to queue
[2024-04-04T01:17:08.749-0500] {logging_mixin.py:188} INFO - [2024-04-04T01:17:08.749-0500] {dagbag.py:540} INFO - Filling up the DagBag from /Volumes/SLU_CS/big_data_scd_all_types_project/.venv/lib/python3.11/site-packages/airflow/example_dags/example_short_circuit_operator.py
[2024-04-04T01:17:08.758-0500] {processor.py:840} INFO - DAG(s) 'example_short_circuit_operator' retrieved from /Volumes/SLU_CS/big_data_scd_all_types_project/.venv/lib/python3.11/site-packages/airflow/example_dags/example_short_circuit_operator.py
[2024-04-04T01:17:08.788-0500] {logging_mixin.py:188} INFO - [2024-04-04T01:17:08.788-0500] {dag.py:3047} INFO - Sync 1 DAGs
[2024-04-04T01:17:08.794-0500] {logging_mixin.py:188} INFO - [2024-04-04T01:17:08.794-0500] {dag.py:3834} INFO - Setting next_dagrun for example_short_circuit_operator to 2024-04-03 00:00:00+00:00, run_after=2024-04-04 00:00:00+00:00
[2024-04-04T01:17:08.801-0500] {processor.py:183} INFO - Processing /Volumes/SLU_CS/big_data_scd_all_types_project/.venv/lib/python3.11/site-packages/airflow/example_dags/example_short_circuit_operator.py took 0.054 seconds
[2024-04-04T01:18:56.524-0500] {processor.py:161} INFO - Started process (PID=34104) to work on /Volumes/SLU_CS/big_data_scd_all_types_project/.venv/lib/python3.11/site-packages/airflow/example_dags/example_short_circuit_operator.py
[2024-04-04T01:18:56.525-0500] {processor.py:830} INFO - Processing file /Volumes/SLU_CS/big_data_scd_all_types_project/.venv/lib/python3.11/site-packages/airflow/example_dags/example_short_circuit_operator.py for tasks to queue
[2024-04-04T01:18:56.525-0500] {logging_mixin.py:188} INFO - [2024-04-04T01:18:56.525-0500] {dagbag.py:540} INFO - Filling up the DagBag from /Volumes/SLU_CS/big_data_scd_all_types_project/.venv/lib/python3.11/site-packages/airflow/example_dags/example_short_circuit_operator.py
[2024-04-04T01:18:56.535-0500] {processor.py:840} INFO - DAG(s) 'example_short_circuit_operator' retrieved from /Volumes/SLU_CS/big_data_scd_all_types_project/.venv/lib/python3.11/site-packages/airflow/example_dags/example_short_circuit_operator.py
[2024-04-04T01:18:56.570-0500] {logging_mixin.py:188} INFO - [2024-04-04T01:18:56.569-0500] {dag.py:3047} INFO - Sync 1 DAGs
[2024-04-04T01:18:56.575-0500] {logging_mixin.py:188} INFO - [2024-04-04T01:18:56.575-0500] {dag.py:3834} INFO - Setting next_dagrun for example_short_circuit_operator to 2024-04-03 00:00:00+00:00, run_after=2024-04-04 00:00:00+00:00
[2024-04-04T01:18:56.584-0500] {processor.py:183} INFO - Processing /Volumes/SLU_CS/big_data_scd_all_types_project/.venv/lib/python3.11/site-packages/airflow/example_dags/example_short_circuit_operator.py took 0.061 seconds
[2024-04-04T01:20:45.757-0500] {processor.py:161} INFO - Started process (PID=34320) to work on /Volumes/SLU_CS/big_data_scd_all_types_project/.venv/lib/python3.11/site-packages/airflow/example_dags/example_short_circuit_operator.py
[2024-04-04T01:20:45.758-0500] {processor.py:830} INFO - Processing file /Volumes/SLU_CS/big_data_scd_all_types_project/.venv/lib/python3.11/site-packages/airflow/example_dags/example_short_circuit_operator.py for tasks to queue
[2024-04-04T01:20:45.758-0500] {logging_mixin.py:188} INFO - [2024-04-04T01:20:45.758-0500] {dagbag.py:540} INFO - Filling up the DagBag from /Volumes/SLU_CS/big_data_scd_all_types_project/.venv/lib/python3.11/site-packages/airflow/example_dags/example_short_circuit_operator.py
[2024-04-04T01:20:45.770-0500] {processor.py:840} INFO - DAG(s) 'example_short_circuit_operator' retrieved from /Volumes/SLU_CS/big_data_scd_all_types_project/.venv/lib/python3.11/site-packages/airflow/example_dags/example_short_circuit_operator.py
[2024-04-04T01:20:45.803-0500] {logging_mixin.py:188} INFO - [2024-04-04T01:20:45.803-0500] {dag.py:3047} INFO - Sync 1 DAGs
[2024-04-04T01:20:45.809-0500] {logging_mixin.py:188} INFO - [2024-04-04T01:20:45.809-0500] {dag.py:3834} INFO - Setting next_dagrun for example_short_circuit_operator to 2024-04-03 00:00:00+00:00, run_after=2024-04-04 00:00:00+00:00
[2024-04-04T01:20:45.815-0500] {processor.py:183} INFO - Processing /Volumes/SLU_CS/big_data_scd_all_types_project/.venv/lib/python3.11/site-packages/airflow/example_dags/example_short_circuit_operator.py took 0.059 seconds
