[2024-04-04T01:01:52.730-0500] {processor.py:161} INFO - Started process (PID=31883) to work on /Volumes/SLU_CS/big_data_scd_all_types_project/.venv/lib/python3.11/site-packages/airflow/example_dags/example_xcomargs.py
[2024-04-04T01:01:52.731-0500] {processor.py:830} INFO - Processing file /Volumes/SLU_CS/big_data_scd_all_types_project/.venv/lib/python3.11/site-packages/airflow/example_dags/example_xcomargs.py for tasks to queue
[2024-04-04T01:01:52.731-0500] {logging_mixin.py:188} INFO - [2024-04-04T01:01:52.731-0500] {dagbag.py:540} INFO - Filling up the DagBag from /Volumes/SLU_CS/big_data_scd_all_types_project/.venv/lib/python3.11/site-packages/airflow/example_dags/example_xcomargs.py
[2024-04-04T01:01:52.745-0500] {processor.py:840} INFO - DAG(s) 'example_xcom_args_with_operators', 'example_xcom_args' retrieved from /Volumes/SLU_CS/big_data_scd_all_types_project/.venv/lib/python3.11/site-packages/airflow/example_dags/example_xcomargs.py
[2024-04-04T01:01:52.830-0500] {logging_mixin.py:188} INFO - [2024-04-04T01:01:52.830-0500] {dag.py:3047} INFO - Sync 2 DAGs
[2024-04-04T01:01:52.834-0500] {logging_mixin.py:188} INFO - [2024-04-04T01:01:52.834-0500] {dag.py:3834} INFO - Setting next_dagrun for example_xcom_args to None, run_after=None
[2024-04-04T01:01:52.835-0500] {logging_mixin.py:188} INFO - [2024-04-04T01:01:52.835-0500] {dag.py:3834} INFO - Setting next_dagrun for example_xcom_args_with_operators to None, run_after=None
[2024-04-04T01:01:52.841-0500] {processor.py:183} INFO - Processing /Volumes/SLU_CS/big_data_scd_all_types_project/.venv/lib/python3.11/site-packages/airflow/example_dags/example_xcomargs.py took 0.111 seconds
[2024-04-04T01:03:18.858-0500] {processor.py:161} INFO - Started process (PID=32055) to work on /Volumes/SLU_CS/big_data_scd_all_types_project/.venv/lib/python3.11/site-packages/airflow/example_dags/example_xcomargs.py
[2024-04-04T01:03:18.859-0500] {processor.py:830} INFO - Processing file /Volumes/SLU_CS/big_data_scd_all_types_project/.venv/lib/python3.11/site-packages/airflow/example_dags/example_xcomargs.py for tasks to queue
[2024-04-04T01:03:18.859-0500] {logging_mixin.py:188} INFO - [2024-04-04T01:03:18.859-0500] {dagbag.py:540} INFO - Filling up the DagBag from /Volumes/SLU_CS/big_data_scd_all_types_project/.venv/lib/python3.11/site-packages/airflow/example_dags/example_xcomargs.py
[2024-04-04T01:03:18.873-0500] {processor.py:840} INFO - DAG(s) 'example_xcom_args', 'example_xcom_args_with_operators' retrieved from /Volumes/SLU_CS/big_data_scd_all_types_project/.venv/lib/python3.11/site-packages/airflow/example_dags/example_xcomargs.py
[2024-04-04T01:03:18.903-0500] {logging_mixin.py:188} INFO - [2024-04-04T01:03:18.903-0500] {dag.py:3047} INFO - Sync 2 DAGs
[2024-04-04T01:03:18.906-0500] {logging_mixin.py:188} INFO - [2024-04-04T01:03:18.906-0500] {dag.py:3834} INFO - Setting next_dagrun for example_xcom_args to None, run_after=None
[2024-04-04T01:03:18.907-0500] {logging_mixin.py:188} INFO - [2024-04-04T01:03:18.907-0500] {dag.py:3834} INFO - Setting next_dagrun for example_xcom_args_with_operators to None, run_after=None
[2024-04-04T01:03:18.913-0500] {processor.py:183} INFO - Processing /Volumes/SLU_CS/big_data_scd_all_types_project/.venv/lib/python3.11/site-packages/airflow/example_dags/example_xcomargs.py took 0.055 seconds
[2024-04-04T01:04:11.526-0500] {processor.py:161} INFO - Started process (PID=32209) to work on /Volumes/SLU_CS/big_data_scd_all_types_project/.venv/lib/python3.11/site-packages/airflow/example_dags/example_xcomargs.py
[2024-04-04T01:04:11.526-0500] {processor.py:830} INFO - Processing file /Volumes/SLU_CS/big_data_scd_all_types_project/.venv/lib/python3.11/site-packages/airflow/example_dags/example_xcomargs.py for tasks to queue
[2024-04-04T01:04:11.527-0500] {logging_mixin.py:188} INFO - [2024-04-04T01:04:11.527-0500] {dagbag.py:540} INFO - Filling up the DagBag from /Volumes/SLU_CS/big_data_scd_all_types_project/.venv/lib/python3.11/site-packages/airflow/example_dags/example_xcomargs.py
[2024-04-04T01:04:11.540-0500] {processor.py:840} INFO - DAG(s) 'example_xcom_args', 'example_xcom_args_with_operators' retrieved from /Volumes/SLU_CS/big_data_scd_all_types_project/.venv/lib/python3.11/site-packages/airflow/example_dags/example_xcomargs.py
[2024-04-04T01:04:11.570-0500] {logging_mixin.py:188} INFO - [2024-04-04T01:04:11.570-0500] {dag.py:3047} INFO - Sync 2 DAGs
[2024-04-04T01:04:11.574-0500] {logging_mixin.py:188} INFO - [2024-04-04T01:04:11.574-0500] {dag.py:3834} INFO - Setting next_dagrun for example_xcom_args to None, run_after=None
[2024-04-04T01:04:11.575-0500] {logging_mixin.py:188} INFO - [2024-04-04T01:04:11.575-0500] {dag.py:3834} INFO - Setting next_dagrun for example_xcom_args_with_operators to None, run_after=None
[2024-04-04T01:04:11.582-0500] {processor.py:183} INFO - Processing /Volumes/SLU_CS/big_data_scd_all_types_project/.venv/lib/python3.11/site-packages/airflow/example_dags/example_xcomargs.py took 0.056 seconds
[2024-04-04T01:05:02.980-0500] {processor.py:161} INFO - Started process (PID=32304) to work on /Volumes/SLU_CS/big_data_scd_all_types_project/.venv/lib/python3.11/site-packages/airflow/example_dags/example_xcomargs.py
[2024-04-04T01:05:02.982-0500] {processor.py:830} INFO - Processing file /Volumes/SLU_CS/big_data_scd_all_types_project/.venv/lib/python3.11/site-packages/airflow/example_dags/example_xcomargs.py for tasks to queue
[2024-04-04T01:05:02.982-0500] {logging_mixin.py:188} INFO - [2024-04-04T01:05:02.982-0500] {dagbag.py:540} INFO - Filling up the DagBag from /Volumes/SLU_CS/big_data_scd_all_types_project/.venv/lib/python3.11/site-packages/airflow/example_dags/example_xcomargs.py
[2024-04-04T01:05:02.995-0500] {processor.py:840} INFO - DAG(s) 'example_xcom_args', 'example_xcom_args_with_operators' retrieved from /Volumes/SLU_CS/big_data_scd_all_types_project/.venv/lib/python3.11/site-packages/airflow/example_dags/example_xcomargs.py
[2024-04-04T01:05:03.025-0500] {logging_mixin.py:188} INFO - [2024-04-04T01:05:03.025-0500] {dag.py:3047} INFO - Sync 2 DAGs
[2024-04-04T01:05:03.028-0500] {logging_mixin.py:188} INFO - [2024-04-04T01:05:03.028-0500] {dag.py:3834} INFO - Setting next_dagrun for example_xcom_args to None, run_after=None
[2024-04-04T01:05:03.029-0500] {logging_mixin.py:188} INFO - [2024-04-04T01:05:03.029-0500] {dag.py:3834} INFO - Setting next_dagrun for example_xcom_args_with_operators to None, run_after=None
[2024-04-04T01:05:03.035-0500] {processor.py:183} INFO - Processing /Volumes/SLU_CS/big_data_scd_all_types_project/.venv/lib/python3.11/site-packages/airflow/example_dags/example_xcomargs.py took 0.055 seconds
[2024-04-04T01:05:54.075-0500] {processor.py:161} INFO - Started process (PID=32400) to work on /Volumes/SLU_CS/big_data_scd_all_types_project/.venv/lib/python3.11/site-packages/airflow/example_dags/example_xcomargs.py
[2024-04-04T01:05:54.076-0500] {processor.py:830} INFO - Processing file /Volumes/SLU_CS/big_data_scd_all_types_project/.venv/lib/python3.11/site-packages/airflow/example_dags/example_xcomargs.py for tasks to queue
[2024-04-04T01:05:54.076-0500] {logging_mixin.py:188} INFO - [2024-04-04T01:05:54.076-0500] {dagbag.py:540} INFO - Filling up the DagBag from /Volumes/SLU_CS/big_data_scd_all_types_project/.venv/lib/python3.11/site-packages/airflow/example_dags/example_xcomargs.py
[2024-04-04T01:05:54.091-0500] {processor.py:840} INFO - DAG(s) 'example_xcom_args_with_operators', 'example_xcom_args' retrieved from /Volumes/SLU_CS/big_data_scd_all_types_project/.venv/lib/python3.11/site-packages/airflow/example_dags/example_xcomargs.py
[2024-04-04T01:05:54.122-0500] {logging_mixin.py:188} INFO - [2024-04-04T01:05:54.122-0500] {dag.py:3047} INFO - Sync 2 DAGs
[2024-04-04T01:05:54.125-0500] {logging_mixin.py:188} INFO - [2024-04-04T01:05:54.125-0500] {dag.py:3834} INFO - Setting next_dagrun for example_xcom_args to None, run_after=None
[2024-04-04T01:05:54.126-0500] {logging_mixin.py:188} INFO - [2024-04-04T01:05:54.126-0500] {dag.py:3834} INFO - Setting next_dagrun for example_xcom_args_with_operators to None, run_after=None
[2024-04-04T01:05:54.132-0500] {processor.py:183} INFO - Processing /Volumes/SLU_CS/big_data_scd_all_types_project/.venv/lib/python3.11/site-packages/airflow/example_dags/example_xcomargs.py took 0.058 seconds
[2024-04-04T01:07:03.254-0500] {processor.py:161} INFO - Started process (PID=32568) to work on /Volumes/SLU_CS/big_data_scd_all_types_project/.venv/lib/python3.11/site-packages/airflow/example_dags/example_xcomargs.py
[2024-04-04T01:07:03.255-0500] {processor.py:830} INFO - Processing file /Volumes/SLU_CS/big_data_scd_all_types_project/.venv/lib/python3.11/site-packages/airflow/example_dags/example_xcomargs.py for tasks to queue
[2024-04-04T01:07:03.256-0500] {logging_mixin.py:188} INFO - [2024-04-04T01:07:03.256-0500] {dagbag.py:540} INFO - Filling up the DagBag from /Volumes/SLU_CS/big_data_scd_all_types_project/.venv/lib/python3.11/site-packages/airflow/example_dags/example_xcomargs.py
[2024-04-04T01:07:03.271-0500] {processor.py:840} INFO - DAG(s) 'example_xcom_args_with_operators', 'example_xcom_args' retrieved from /Volumes/SLU_CS/big_data_scd_all_types_project/.venv/lib/python3.11/site-packages/airflow/example_dags/example_xcomargs.py
[2024-04-04T01:07:03.308-0500] {logging_mixin.py:188} INFO - [2024-04-04T01:07:03.308-0500] {dag.py:3047} INFO - Sync 2 DAGs
[2024-04-04T01:07:03.312-0500] {logging_mixin.py:188} INFO - [2024-04-04T01:07:03.312-0500] {dag.py:3834} INFO - Setting next_dagrun for example_xcom_args to None, run_after=None
[2024-04-04T01:07:03.314-0500] {logging_mixin.py:188} INFO - [2024-04-04T01:07:03.314-0500] {dag.py:3834} INFO - Setting next_dagrun for example_xcom_args_with_operators to None, run_after=None
[2024-04-04T01:07:03.320-0500] {processor.py:183} INFO - Processing /Volumes/SLU_CS/big_data_scd_all_types_project/.venv/lib/python3.11/site-packages/airflow/example_dags/example_xcomargs.py took 0.067 seconds
[2024-04-04T01:08:27.822-0500] {processor.py:161} INFO - Started process (PID=32702) to work on /Volumes/SLU_CS/big_data_scd_all_types_project/.venv/lib/python3.11/site-packages/airflow/example_dags/example_xcomargs.py
[2024-04-04T01:08:27.826-0500] {processor.py:830} INFO - Processing file /Volumes/SLU_CS/big_data_scd_all_types_project/.venv/lib/python3.11/site-packages/airflow/example_dags/example_xcomargs.py for tasks to queue
[2024-04-04T01:08:27.827-0500] {logging_mixin.py:188} INFO - [2024-04-04T01:08:27.826-0500] {dagbag.py:540} INFO - Filling up the DagBag from /Volumes/SLU_CS/big_data_scd_all_types_project/.venv/lib/python3.11/site-packages/airflow/example_dags/example_xcomargs.py
[2024-04-04T01:08:27.843-0500] {processor.py:840} INFO - DAG(s) 'example_xcom_args_with_operators', 'example_xcom_args' retrieved from /Volumes/SLU_CS/big_data_scd_all_types_project/.venv/lib/python3.11/site-packages/airflow/example_dags/example_xcomargs.py
[2024-04-04T01:08:27.877-0500] {logging_mixin.py:188} INFO - [2024-04-04T01:08:27.877-0500] {dag.py:3047} INFO - Sync 2 DAGs
[2024-04-04T01:08:27.880-0500] {logging_mixin.py:188} INFO - [2024-04-04T01:08:27.880-0500] {dag.py:3834} INFO - Setting next_dagrun for example_xcom_args to None, run_after=None
[2024-04-04T01:08:27.881-0500] {logging_mixin.py:188} INFO - [2024-04-04T01:08:27.881-0500] {dag.py:3834} INFO - Setting next_dagrun for example_xcom_args_with_operators to None, run_after=None
[2024-04-04T01:08:27.887-0500] {processor.py:183} INFO - Processing /Volumes/SLU_CS/big_data_scd_all_types_project/.venv/lib/python3.11/site-packages/airflow/example_dags/example_xcomargs.py took 0.065 seconds
[2024-04-04T01:09:22.570-0500] {processor.py:161} INFO - Started process (PID=32807) to work on /Volumes/SLU_CS/big_data_scd_all_types_project/.venv/lib/python3.11/site-packages/airflow/example_dags/example_xcomargs.py
[2024-04-04T01:09:22.571-0500] {processor.py:830} INFO - Processing file /Volumes/SLU_CS/big_data_scd_all_types_project/.venv/lib/python3.11/site-packages/airflow/example_dags/example_xcomargs.py for tasks to queue
[2024-04-04T01:09:22.571-0500] {logging_mixin.py:188} INFO - [2024-04-04T01:09:22.571-0500] {dagbag.py:540} INFO - Filling up the DagBag from /Volumes/SLU_CS/big_data_scd_all_types_project/.venv/lib/python3.11/site-packages/airflow/example_dags/example_xcomargs.py
[2024-04-04T01:09:22.588-0500] {processor.py:840} INFO - DAG(s) 'example_xcom_args_with_operators', 'example_xcom_args' retrieved from /Volumes/SLU_CS/big_data_scd_all_types_project/.venv/lib/python3.11/site-packages/airflow/example_dags/example_xcomargs.py
[2024-04-04T01:09:22.620-0500] {logging_mixin.py:188} INFO - [2024-04-04T01:09:22.620-0500] {dag.py:3047} INFO - Sync 2 DAGs
[2024-04-04T01:09:22.623-0500] {logging_mixin.py:188} INFO - [2024-04-04T01:09:22.623-0500] {dag.py:3834} INFO - Setting next_dagrun for example_xcom_args to None, run_after=None
[2024-04-04T01:09:22.624-0500] {logging_mixin.py:188} INFO - [2024-04-04T01:09:22.624-0500] {dag.py:3834} INFO - Setting next_dagrun for example_xcom_args_with_operators to None, run_after=None
[2024-04-04T01:09:22.630-0500] {processor.py:183} INFO - Processing /Volumes/SLU_CS/big_data_scd_all_types_project/.venv/lib/python3.11/site-packages/airflow/example_dags/example_xcomargs.py took 0.061 seconds
[2024-04-04T01:10:13.927-0500] {processor.py:161} INFO - Started process (PID=32930) to work on /Volumes/SLU_CS/big_data_scd_all_types_project/.venv/lib/python3.11/site-packages/airflow/example_dags/example_xcomargs.py
[2024-04-04T01:10:13.929-0500] {processor.py:830} INFO - Processing file /Volumes/SLU_CS/big_data_scd_all_types_project/.venv/lib/python3.11/site-packages/airflow/example_dags/example_xcomargs.py for tasks to queue
[2024-04-04T01:10:13.929-0500] {logging_mixin.py:188} INFO - [2024-04-04T01:10:13.929-0500] {dagbag.py:540} INFO - Filling up the DagBag from /Volumes/SLU_CS/big_data_scd_all_types_project/.venv/lib/python3.11/site-packages/airflow/example_dags/example_xcomargs.py
[2024-04-04T01:10:13.947-0500] {processor.py:840} INFO - DAG(s) 'example_xcom_args_with_operators', 'example_xcom_args' retrieved from /Volumes/SLU_CS/big_data_scd_all_types_project/.venv/lib/python3.11/site-packages/airflow/example_dags/example_xcomargs.py
[2024-04-04T01:10:13.979-0500] {logging_mixin.py:188} INFO - [2024-04-04T01:10:13.978-0500] {dag.py:3047} INFO - Sync 2 DAGs
[2024-04-04T01:10:13.982-0500] {logging_mixin.py:188} INFO - [2024-04-04T01:10:13.981-0500] {dag.py:3834} INFO - Setting next_dagrun for example_xcom_args to None, run_after=None
[2024-04-04T01:10:13.983-0500] {logging_mixin.py:188} INFO - [2024-04-04T01:10:13.983-0500] {dag.py:3834} INFO - Setting next_dagrun for example_xcom_args_with_operators to None, run_after=None
[2024-04-04T01:10:13.989-0500] {processor.py:183} INFO - Processing /Volumes/SLU_CS/big_data_scd_all_types_project/.venv/lib/python3.11/site-packages/airflow/example_dags/example_xcomargs.py took 0.062 seconds
[2024-04-04T01:11:04.112-0500] {processor.py:161} INFO - Started process (PID=33061) to work on /Volumes/SLU_CS/big_data_scd_all_types_project/.venv/lib/python3.11/site-packages/airflow/example_dags/example_xcomargs.py
[2024-04-04T01:11:04.113-0500] {processor.py:830} INFO - Processing file /Volumes/SLU_CS/big_data_scd_all_types_project/.venv/lib/python3.11/site-packages/airflow/example_dags/example_xcomargs.py for tasks to queue
[2024-04-04T01:11:04.113-0500] {logging_mixin.py:188} INFO - [2024-04-04T01:11:04.113-0500] {dagbag.py:540} INFO - Filling up the DagBag from /Volumes/SLU_CS/big_data_scd_all_types_project/.venv/lib/python3.11/site-packages/airflow/example_dags/example_xcomargs.py
[2024-04-04T01:11:04.127-0500] {processor.py:840} INFO - DAG(s) 'example_xcom_args', 'example_xcom_args_with_operators' retrieved from /Volumes/SLU_CS/big_data_scd_all_types_project/.venv/lib/python3.11/site-packages/airflow/example_dags/example_xcomargs.py
[2024-04-04T01:11:04.157-0500] {logging_mixin.py:188} INFO - [2024-04-04T01:11:04.157-0500] {dag.py:3047} INFO - Sync 2 DAGs
[2024-04-04T01:11:04.161-0500] {logging_mixin.py:188} INFO - [2024-04-04T01:11:04.160-0500] {dag.py:3834} INFO - Setting next_dagrun for example_xcom_args to None, run_after=None
[2024-04-04T01:11:04.162-0500] {logging_mixin.py:188} INFO - [2024-04-04T01:11:04.162-0500] {dag.py:3834} INFO - Setting next_dagrun for example_xcom_args_with_operators to None, run_after=None
[2024-04-04T01:11:04.167-0500] {processor.py:183} INFO - Processing /Volumes/SLU_CS/big_data_scd_all_types_project/.venv/lib/python3.11/site-packages/airflow/example_dags/example_xcomargs.py took 0.057 seconds
[2024-04-04T01:11:55.677-0500] {processor.py:161} INFO - Started process (PID=33203) to work on /Volumes/SLU_CS/big_data_scd_all_types_project/.venv/lib/python3.11/site-packages/airflow/example_dags/example_xcomargs.py
[2024-04-04T01:11:55.677-0500] {processor.py:830} INFO - Processing file /Volumes/SLU_CS/big_data_scd_all_types_project/.venv/lib/python3.11/site-packages/airflow/example_dags/example_xcomargs.py for tasks to queue
[2024-04-04T01:11:55.678-0500] {logging_mixin.py:188} INFO - [2024-04-04T01:11:55.678-0500] {dagbag.py:540} INFO - Filling up the DagBag from /Volumes/SLU_CS/big_data_scd_all_types_project/.venv/lib/python3.11/site-packages/airflow/example_dags/example_xcomargs.py
[2024-04-04T01:11:55.694-0500] {processor.py:840} INFO - DAG(s) 'example_xcom_args_with_operators', 'example_xcom_args' retrieved from /Volumes/SLU_CS/big_data_scd_all_types_project/.venv/lib/python3.11/site-packages/airflow/example_dags/example_xcomargs.py
[2024-04-04T01:11:55.725-0500] {logging_mixin.py:188} INFO - [2024-04-04T01:11:55.725-0500] {dag.py:3047} INFO - Sync 2 DAGs
[2024-04-04T01:11:55.728-0500] {logging_mixin.py:188} INFO - [2024-04-04T01:11:55.728-0500] {dag.py:3834} INFO - Setting next_dagrun for example_xcom_args to None, run_after=None
[2024-04-04T01:11:55.729-0500] {logging_mixin.py:188} INFO - [2024-04-04T01:11:55.729-0500] {dag.py:3834} INFO - Setting next_dagrun for example_xcom_args_with_operators to None, run_after=None
[2024-04-04T01:11:55.736-0500] {processor.py:183} INFO - Processing /Volumes/SLU_CS/big_data_scd_all_types_project/.venv/lib/python3.11/site-packages/airflow/example_dags/example_xcomargs.py took 0.060 seconds
[2024-04-04T01:12:48.588-0500] {processor.py:161} INFO - Started process (PID=33359) to work on /Volumes/SLU_CS/big_data_scd_all_types_project/.venv/lib/python3.11/site-packages/airflow/example_dags/example_xcomargs.py
[2024-04-04T01:12:48.589-0500] {processor.py:830} INFO - Processing file /Volumes/SLU_CS/big_data_scd_all_types_project/.venv/lib/python3.11/site-packages/airflow/example_dags/example_xcomargs.py for tasks to queue
[2024-04-04T01:12:48.589-0500] {logging_mixin.py:188} INFO - [2024-04-04T01:12:48.589-0500] {dagbag.py:540} INFO - Filling up the DagBag from /Volumes/SLU_CS/big_data_scd_all_types_project/.venv/lib/python3.11/site-packages/airflow/example_dags/example_xcomargs.py
[2024-04-04T01:12:48.603-0500] {processor.py:840} INFO - DAG(s) 'example_xcom_args_with_operators', 'example_xcom_args' retrieved from /Volumes/SLU_CS/big_data_scd_all_types_project/.venv/lib/python3.11/site-packages/airflow/example_dags/example_xcomargs.py
[2024-04-04T01:12:48.634-0500] {logging_mixin.py:188} INFO - [2024-04-04T01:12:48.634-0500] {dag.py:3047} INFO - Sync 2 DAGs
[2024-04-04T01:12:48.637-0500] {logging_mixin.py:188} INFO - [2024-04-04T01:12:48.637-0500] {dag.py:3834} INFO - Setting next_dagrun for example_xcom_args to None, run_after=None
[2024-04-04T01:12:48.638-0500] {logging_mixin.py:188} INFO - [2024-04-04T01:12:48.638-0500] {dag.py:3834} INFO - Setting next_dagrun for example_xcom_args_with_operators to None, run_after=None
[2024-04-04T01:12:48.644-0500] {processor.py:183} INFO - Processing /Volumes/SLU_CS/big_data_scd_all_types_project/.venv/lib/python3.11/site-packages/airflow/example_dags/example_xcomargs.py took 0.057 seconds
[2024-04-04T01:13:36.692-0500] {processor.py:161} INFO - Started process (PID=33481) to work on /Volumes/SLU_CS/big_data_scd_all_types_project/.venv/lib/python3.11/site-packages/airflow/example_dags/example_xcomargs.py
[2024-04-04T01:13:36.693-0500] {processor.py:830} INFO - Processing file /Volumes/SLU_CS/big_data_scd_all_types_project/.venv/lib/python3.11/site-packages/airflow/example_dags/example_xcomargs.py for tasks to queue
[2024-04-04T01:13:36.693-0500] {logging_mixin.py:188} INFO - [2024-04-04T01:13:36.693-0500] {dagbag.py:540} INFO - Filling up the DagBag from /Volumes/SLU_CS/big_data_scd_all_types_project/.venv/lib/python3.11/site-packages/airflow/example_dags/example_xcomargs.py
[2024-04-04T01:13:36.707-0500] {processor.py:840} INFO - DAG(s) 'example_xcom_args_with_operators', 'example_xcom_args' retrieved from /Volumes/SLU_CS/big_data_scd_all_types_project/.venv/lib/python3.11/site-packages/airflow/example_dags/example_xcomargs.py
[2024-04-04T01:13:36.737-0500] {logging_mixin.py:188} INFO - [2024-04-04T01:13:36.737-0500] {dag.py:3047} INFO - Sync 2 DAGs
[2024-04-04T01:13:36.740-0500] {logging_mixin.py:188} INFO - [2024-04-04T01:13:36.740-0500] {dag.py:3834} INFO - Setting next_dagrun for example_xcom_args to None, run_after=None
[2024-04-04T01:13:36.741-0500] {logging_mixin.py:188} INFO - [2024-04-04T01:13:36.741-0500] {dag.py:3834} INFO - Setting next_dagrun for example_xcom_args_with_operators to None, run_after=None
[2024-04-04T01:13:36.747-0500] {processor.py:183} INFO - Processing /Volumes/SLU_CS/big_data_scd_all_types_project/.venv/lib/python3.11/site-packages/airflow/example_dags/example_xcomargs.py took 0.056 seconds
[2024-04-04T01:14:25.660-0500] {processor.py:161} INFO - Started process (PID=33567) to work on /Volumes/SLU_CS/big_data_scd_all_types_project/.venv/lib/python3.11/site-packages/airflow/example_dags/example_xcomargs.py
[2024-04-04T01:14:25.661-0500] {processor.py:830} INFO - Processing file /Volumes/SLU_CS/big_data_scd_all_types_project/.venv/lib/python3.11/site-packages/airflow/example_dags/example_xcomargs.py for tasks to queue
[2024-04-04T01:14:25.662-0500] {logging_mixin.py:188} INFO - [2024-04-04T01:14:25.662-0500] {dagbag.py:540} INFO - Filling up the DagBag from /Volumes/SLU_CS/big_data_scd_all_types_project/.venv/lib/python3.11/site-packages/airflow/example_dags/example_xcomargs.py
[2024-04-04T01:14:25.675-0500] {processor.py:840} INFO - DAG(s) 'example_xcom_args_with_operators', 'example_xcom_args' retrieved from /Volumes/SLU_CS/big_data_scd_all_types_project/.venv/lib/python3.11/site-packages/airflow/example_dags/example_xcomargs.py
[2024-04-04T01:14:25.705-0500] {logging_mixin.py:188} INFO - [2024-04-04T01:14:25.705-0500] {dag.py:3047} INFO - Sync 2 DAGs
[2024-04-04T01:14:25.708-0500] {logging_mixin.py:188} INFO - [2024-04-04T01:14:25.708-0500] {dag.py:3834} INFO - Setting next_dagrun for example_xcom_args to None, run_after=None
[2024-04-04T01:14:25.709-0500] {logging_mixin.py:188} INFO - [2024-04-04T01:14:25.709-0500] {dag.py:3834} INFO - Setting next_dagrun for example_xcom_args_with_operators to None, run_after=None
[2024-04-04T01:14:25.715-0500] {processor.py:183} INFO - Processing /Volumes/SLU_CS/big_data_scd_all_types_project/.venv/lib/python3.11/site-packages/airflow/example_dags/example_xcomargs.py took 0.056 seconds
[2024-04-04T01:15:16.027-0500] {processor.py:161} INFO - Started process (PID=33663) to work on /Volumes/SLU_CS/big_data_scd_all_types_project/.venv/lib/python3.11/site-packages/airflow/example_dags/example_xcomargs.py
[2024-04-04T01:15:16.028-0500] {processor.py:830} INFO - Processing file /Volumes/SLU_CS/big_data_scd_all_types_project/.venv/lib/python3.11/site-packages/airflow/example_dags/example_xcomargs.py for tasks to queue
[2024-04-04T01:15:16.028-0500] {logging_mixin.py:188} INFO - [2024-04-04T01:15:16.028-0500] {dagbag.py:540} INFO - Filling up the DagBag from /Volumes/SLU_CS/big_data_scd_all_types_project/.venv/lib/python3.11/site-packages/airflow/example_dags/example_xcomargs.py
[2024-04-04T01:15:16.041-0500] {processor.py:840} INFO - DAG(s) 'example_xcom_args', 'example_xcom_args_with_operators' retrieved from /Volumes/SLU_CS/big_data_scd_all_types_project/.venv/lib/python3.11/site-packages/airflow/example_dags/example_xcomargs.py
[2024-04-04T01:15:16.072-0500] {logging_mixin.py:188} INFO - [2024-04-04T01:15:16.072-0500] {dag.py:3047} INFO - Sync 2 DAGs
[2024-04-04T01:15:16.075-0500] {logging_mixin.py:188} INFO - [2024-04-04T01:15:16.075-0500] {dag.py:3834} INFO - Setting next_dagrun for example_xcom_args to None, run_after=None
[2024-04-04T01:15:16.076-0500] {logging_mixin.py:188} INFO - [2024-04-04T01:15:16.076-0500] {dag.py:3834} INFO - Setting next_dagrun for example_xcom_args_with_operators to None, run_after=None
[2024-04-04T01:15:16.082-0500] {processor.py:183} INFO - Processing /Volumes/SLU_CS/big_data_scd_all_types_project/.venv/lib/python3.11/site-packages/airflow/example_dags/example_xcomargs.py took 0.056 seconds
[2024-04-04T01:16:01.044-0500] {processor.py:161} INFO - Started process (PID=33724) to work on /Volumes/SLU_CS/big_data_scd_all_types_project/.venv/lib/python3.11/site-packages/airflow/example_dags/example_xcomargs.py
[2024-04-04T01:16:01.045-0500] {processor.py:830} INFO - Processing file /Volumes/SLU_CS/big_data_scd_all_types_project/.venv/lib/python3.11/site-packages/airflow/example_dags/example_xcomargs.py for tasks to queue
[2024-04-04T01:16:01.045-0500] {logging_mixin.py:188} INFO - [2024-04-04T01:16:01.045-0500] {dagbag.py:540} INFO - Filling up the DagBag from /Volumes/SLU_CS/big_data_scd_all_types_project/.venv/lib/python3.11/site-packages/airflow/example_dags/example_xcomargs.py
[2024-04-04T01:16:01.058-0500] {processor.py:840} INFO - DAG(s) 'example_xcom_args_with_operators', 'example_xcom_args' retrieved from /Volumes/SLU_CS/big_data_scd_all_types_project/.venv/lib/python3.11/site-packages/airflow/example_dags/example_xcomargs.py
[2024-04-04T01:16:01.088-0500] {logging_mixin.py:188} INFO - [2024-04-04T01:16:01.088-0500] {dag.py:3047} INFO - Sync 2 DAGs
[2024-04-04T01:16:01.091-0500] {logging_mixin.py:188} INFO - [2024-04-04T01:16:01.091-0500] {dag.py:3834} INFO - Setting next_dagrun for example_xcom_args to None, run_after=None
[2024-04-04T01:16:01.092-0500] {logging_mixin.py:188} INFO - [2024-04-04T01:16:01.092-0500] {dag.py:3834} INFO - Setting next_dagrun for example_xcom_args_with_operators to None, run_after=None
[2024-04-04T01:16:01.098-0500] {processor.py:183} INFO - Processing /Volumes/SLU_CS/big_data_scd_all_types_project/.venv/lib/python3.11/site-packages/airflow/example_dags/example_xcomargs.py took 0.055 seconds
[2024-04-04T01:16:53.030-0500] {processor.py:161} INFO - Started process (PID=33813) to work on /Volumes/SLU_CS/big_data_scd_all_types_project/.venv/lib/python3.11/site-packages/airflow/example_dags/example_xcomargs.py
[2024-04-04T01:16:53.031-0500] {processor.py:830} INFO - Processing file /Volumes/SLU_CS/big_data_scd_all_types_project/.venv/lib/python3.11/site-packages/airflow/example_dags/example_xcomargs.py for tasks to queue
[2024-04-04T01:16:53.031-0500] {logging_mixin.py:188} INFO - [2024-04-04T01:16:53.031-0500] {dagbag.py:540} INFO - Filling up the DagBag from /Volumes/SLU_CS/big_data_scd_all_types_project/.venv/lib/python3.11/site-packages/airflow/example_dags/example_xcomargs.py
[2024-04-04T01:16:53.044-0500] {processor.py:840} INFO - DAG(s) 'example_xcom_args_with_operators', 'example_xcom_args' retrieved from /Volumes/SLU_CS/big_data_scd_all_types_project/.venv/lib/python3.11/site-packages/airflow/example_dags/example_xcomargs.py
[2024-04-04T01:16:53.074-0500] {logging_mixin.py:188} INFO - [2024-04-04T01:16:53.074-0500] {dag.py:3047} INFO - Sync 2 DAGs
[2024-04-04T01:16:53.077-0500] {logging_mixin.py:188} INFO - [2024-04-04T01:16:53.077-0500] {dag.py:3834} INFO - Setting next_dagrun for example_xcom_args to None, run_after=None
[2024-04-04T01:16:53.078-0500] {logging_mixin.py:188} INFO - [2024-04-04T01:16:53.078-0500] {dag.py:3834} INFO - Setting next_dagrun for example_xcom_args_with_operators to None, run_after=None
[2024-04-04T01:16:53.084-0500] {processor.py:183} INFO - Processing /Volumes/SLU_CS/big_data_scd_all_types_project/.venv/lib/python3.11/site-packages/airflow/example_dags/example_xcomargs.py took 0.055 seconds
[2024-04-04T01:17:47.400-0500] {processor.py:161} INFO - Started process (PID=33901) to work on /Volumes/SLU_CS/big_data_scd_all_types_project/.venv/lib/python3.11/site-packages/airflow/example_dags/example_xcomargs.py
[2024-04-04T01:17:47.401-0500] {processor.py:830} INFO - Processing file /Volumes/SLU_CS/big_data_scd_all_types_project/.venv/lib/python3.11/site-packages/airflow/example_dags/example_xcomargs.py for tasks to queue
[2024-04-04T01:17:47.401-0500] {logging_mixin.py:188} INFO - [2024-04-04T01:17:47.401-0500] {dagbag.py:540} INFO - Filling up the DagBag from /Volumes/SLU_CS/big_data_scd_all_types_project/.venv/lib/python3.11/site-packages/airflow/example_dags/example_xcomargs.py
[2024-04-04T01:17:47.416-0500] {processor.py:840} INFO - DAG(s) 'example_xcom_args_with_operators', 'example_xcom_args' retrieved from /Volumes/SLU_CS/big_data_scd_all_types_project/.venv/lib/python3.11/site-packages/airflow/example_dags/example_xcomargs.py
[2024-04-04T01:17:47.448-0500] {logging_mixin.py:188} INFO - [2024-04-04T01:17:47.447-0500] {dag.py:3047} INFO - Sync 2 DAGs
[2024-04-04T01:17:47.451-0500] {logging_mixin.py:188} INFO - [2024-04-04T01:17:47.450-0500] {dag.py:3834} INFO - Setting next_dagrun for example_xcom_args to None, run_after=None
[2024-04-04T01:17:47.452-0500] {logging_mixin.py:188} INFO - [2024-04-04T01:17:47.451-0500] {dag.py:3834} INFO - Setting next_dagrun for example_xcom_args_with_operators to None, run_after=None
[2024-04-04T01:17:47.457-0500] {processor.py:183} INFO - Processing /Volumes/SLU_CS/big_data_scd_all_types_project/.venv/lib/python3.11/site-packages/airflow/example_dags/example_xcomargs.py took 0.058 seconds
[2024-04-04T01:18:40.870-0500] {processor.py:161} INFO - Started process (PID=33975) to work on /Volumes/SLU_CS/big_data_scd_all_types_project/.venv/lib/python3.11/site-packages/airflow/example_dags/example_xcomargs.py
[2024-04-04T01:18:40.871-0500] {processor.py:830} INFO - Processing file /Volumes/SLU_CS/big_data_scd_all_types_project/.venv/lib/python3.11/site-packages/airflow/example_dags/example_xcomargs.py for tasks to queue
[2024-04-04T01:18:40.871-0500] {logging_mixin.py:188} INFO - [2024-04-04T01:18:40.871-0500] {dagbag.py:540} INFO - Filling up the DagBag from /Volumes/SLU_CS/big_data_scd_all_types_project/.venv/lib/python3.11/site-packages/airflow/example_dags/example_xcomargs.py
[2024-04-04T01:18:40.887-0500] {processor.py:840} INFO - DAG(s) 'example_xcom_args_with_operators', 'example_xcom_args' retrieved from /Volumes/SLU_CS/big_data_scd_all_types_project/.venv/lib/python3.11/site-packages/airflow/example_dags/example_xcomargs.py
[2024-04-04T01:18:40.919-0500] {logging_mixin.py:188} INFO - [2024-04-04T01:18:40.918-0500] {dag.py:3047} INFO - Sync 2 DAGs
[2024-04-04T01:18:40.922-0500] {logging_mixin.py:188} INFO - [2024-04-04T01:18:40.922-0500] {dag.py:3834} INFO - Setting next_dagrun for example_xcom_args to None, run_after=None
[2024-04-04T01:18:40.924-0500] {logging_mixin.py:188} INFO - [2024-04-04T01:18:40.923-0500] {dag.py:3834} INFO - Setting next_dagrun for example_xcom_args_with_operators to None, run_after=None
[2024-04-04T01:18:40.932-0500] {processor.py:183} INFO - Processing /Volumes/SLU_CS/big_data_scd_all_types_project/.venv/lib/python3.11/site-packages/airflow/example_dags/example_xcomargs.py took 0.063 seconds
[2024-04-04T01:19:36.768-0500] {processor.py:161} INFO - Started process (PID=34190) to work on /Volumes/SLU_CS/big_data_scd_all_types_project/.venv/lib/python3.11/site-packages/airflow/example_dags/example_xcomargs.py
[2024-04-04T01:19:36.769-0500] {processor.py:830} INFO - Processing file /Volumes/SLU_CS/big_data_scd_all_types_project/.venv/lib/python3.11/site-packages/airflow/example_dags/example_xcomargs.py for tasks to queue
[2024-04-04T01:19:36.769-0500] {logging_mixin.py:188} INFO - [2024-04-04T01:19:36.769-0500] {dagbag.py:540} INFO - Filling up the DagBag from /Volumes/SLU_CS/big_data_scd_all_types_project/.venv/lib/python3.11/site-packages/airflow/example_dags/example_xcomargs.py
[2024-04-04T01:19:36.786-0500] {processor.py:840} INFO - DAG(s) 'example_xcom_args', 'example_xcom_args_with_operators' retrieved from /Volumes/SLU_CS/big_data_scd_all_types_project/.venv/lib/python3.11/site-packages/airflow/example_dags/example_xcomargs.py
[2024-04-04T01:19:36.817-0500] {logging_mixin.py:188} INFO - [2024-04-04T01:19:36.817-0500] {dag.py:3047} INFO - Sync 2 DAGs
[2024-04-04T01:19:36.820-0500] {logging_mixin.py:188} INFO - [2024-04-04T01:19:36.820-0500] {dag.py:3834} INFO - Setting next_dagrun for example_xcom_args to None, run_after=None
[2024-04-04T01:19:36.822-0500] {logging_mixin.py:188} INFO - [2024-04-04T01:19:36.821-0500] {dag.py:3834} INFO - Setting next_dagrun for example_xcom_args_with_operators to None, run_after=None
[2024-04-04T01:19:36.828-0500] {processor.py:183} INFO - Processing /Volumes/SLU_CS/big_data_scd_all_types_project/.venv/lib/python3.11/site-packages/airflow/example_dags/example_xcomargs.py took 0.061 seconds
[2024-04-04T01:20:30.928-0500] {processor.py:161} INFO - Started process (PID=34283) to work on /Volumes/SLU_CS/big_data_scd_all_types_project/.venv/lib/python3.11/site-packages/airflow/example_dags/example_xcomargs.py
[2024-04-04T01:20:30.930-0500] {processor.py:830} INFO - Processing file /Volumes/SLU_CS/big_data_scd_all_types_project/.venv/lib/python3.11/site-packages/airflow/example_dags/example_xcomargs.py for tasks to queue
[2024-04-04T01:20:30.930-0500] {logging_mixin.py:188} INFO - [2024-04-04T01:20:30.930-0500] {dagbag.py:540} INFO - Filling up the DagBag from /Volumes/SLU_CS/big_data_scd_all_types_project/.venv/lib/python3.11/site-packages/airflow/example_dags/example_xcomargs.py
[2024-04-04T01:20:30.948-0500] {processor.py:840} INFO - DAG(s) 'example_xcom_args', 'example_xcom_args_with_operators' retrieved from /Volumes/SLU_CS/big_data_scd_all_types_project/.venv/lib/python3.11/site-packages/airflow/example_dags/example_xcomargs.py
[2024-04-04T01:20:30.998-0500] {logging_mixin.py:188} INFO - [2024-04-04T01:20:30.998-0500] {dag.py:3047} INFO - Sync 2 DAGs
[2024-04-04T01:20:31.001-0500] {logging_mixin.py:188} INFO - [2024-04-04T01:20:31.001-0500] {dag.py:3834} INFO - Setting next_dagrun for example_xcom_args to None, run_after=None
[2024-04-04T01:20:31.002-0500] {logging_mixin.py:188} INFO - [2024-04-04T01:20:31.002-0500] {dag.py:3834} INFO - Setting next_dagrun for example_xcom_args_with_operators to None, run_after=None
[2024-04-04T01:20:31.014-0500] {processor.py:183} INFO - Processing /Volumes/SLU_CS/big_data_scd_all_types_project/.venv/lib/python3.11/site-packages/airflow/example_dags/example_xcomargs.py took 0.087 seconds
