[2024-04-04T01:02:30.382-0500] {processor.py:161} INFO - Started process (PID=31958) to work on /Volumes/SLU_CS/big_data_scd_all_types_project/.venv/lib/python3.11/site-packages/airflow/example_dags/example_nested_branch_dag.py
[2024-04-04T01:02:30.383-0500] {processor.py:830} INFO - Processing file /Volumes/SLU_CS/big_data_scd_all_types_project/.venv/lib/python3.11/site-packages/airflow/example_dags/example_nested_branch_dag.py for tasks to queue
[2024-04-04T01:02:30.383-0500] {logging_mixin.py:188} INFO - [2024-04-04T01:02:30.383-0500] {dagbag.py:540} INFO - Filling up the DagBag from /Volumes/SLU_CS/big_data_scd_all_types_project/.venv/lib/python3.11/site-packages/airflow/example_dags/example_nested_branch_dag.py
[2024-04-04T01:02:30.398-0500] {processor.py:840} INFO - DAG(s) 'example_nested_branch_dag' retrieved from /Volumes/SLU_CS/big_data_scd_all_types_project/.venv/lib/python3.11/site-packages/airflow/example_dags/example_nested_branch_dag.py
[2024-04-04T01:02:30.482-0500] {logging_mixin.py:188} INFO - [2024-04-04T01:02:30.482-0500] {dag.py:3047} INFO - Sync 1 DAGs
[2024-04-04T01:02:30.488-0500] {logging_mixin.py:188} INFO - [2024-04-04T01:02:30.488-0500] {dag.py:3834} INFO - Setting next_dagrun for example_nested_branch_dag to 2024-04-03 00:00:00+00:00, run_after=2024-04-04 00:00:00+00:00
[2024-04-04T01:02:30.495-0500] {processor.py:183} INFO - Processing /Volumes/SLU_CS/big_data_scd_all_types_project/.venv/lib/python3.11/site-packages/airflow/example_dags/example_nested_branch_dag.py took 0.114 seconds
[2024-04-04T01:03:51.721-0500] {processor.py:161} INFO - Started process (PID=32156) to work on /Volumes/SLU_CS/big_data_scd_all_types_project/.venv/lib/python3.11/site-packages/airflow/example_dags/example_nested_branch_dag.py
[2024-04-04T01:03:51.722-0500] {processor.py:830} INFO - Processing file /Volumes/SLU_CS/big_data_scd_all_types_project/.venv/lib/python3.11/site-packages/airflow/example_dags/example_nested_branch_dag.py for tasks to queue
[2024-04-04T01:03:51.723-0500] {logging_mixin.py:188} INFO - [2024-04-04T01:03:51.722-0500] {dagbag.py:540} INFO - Filling up the DagBag from /Volumes/SLU_CS/big_data_scd_all_types_project/.venv/lib/python3.11/site-packages/airflow/example_dags/example_nested_branch_dag.py
[2024-04-04T01:03:51.739-0500] {processor.py:840} INFO - DAG(s) 'example_nested_branch_dag' retrieved from /Volumes/SLU_CS/big_data_scd_all_types_project/.venv/lib/python3.11/site-packages/airflow/example_dags/example_nested_branch_dag.py
[2024-04-04T01:03:51.771-0500] {logging_mixin.py:188} INFO - [2024-04-04T01:03:51.771-0500] {dag.py:3047} INFO - Sync 1 DAGs
[2024-04-04T01:03:51.777-0500] {logging_mixin.py:188} INFO - [2024-04-04T01:03:51.777-0500] {dag.py:3834} INFO - Setting next_dagrun for example_nested_branch_dag to 2024-04-03 00:00:00+00:00, run_after=2024-04-04 00:00:00+00:00
[2024-04-04T01:03:51.784-0500] {processor.py:183} INFO - Processing /Volumes/SLU_CS/big_data_scd_all_types_project/.venv/lib/python3.11/site-packages/airflow/example_dags/example_nested_branch_dag.py took 0.063 seconds
[2024-04-04T01:05:34.075-0500] {processor.py:161} INFO - Started process (PID=32354) to work on /Volumes/SLU_CS/big_data_scd_all_types_project/.venv/lib/python3.11/site-packages/airflow/example_dags/example_nested_branch_dag.py
[2024-04-04T01:05:34.077-0500] {processor.py:830} INFO - Processing file /Volumes/SLU_CS/big_data_scd_all_types_project/.venv/lib/python3.11/site-packages/airflow/example_dags/example_nested_branch_dag.py for tasks to queue
[2024-04-04T01:05:34.077-0500] {logging_mixin.py:188} INFO - [2024-04-04T01:05:34.077-0500] {dagbag.py:540} INFO - Filling up the DagBag from /Volumes/SLU_CS/big_data_scd_all_types_project/.venv/lib/python3.11/site-packages/airflow/example_dags/example_nested_branch_dag.py
[2024-04-04T01:05:34.090-0500] {processor.py:840} INFO - DAG(s) 'example_nested_branch_dag' retrieved from /Volumes/SLU_CS/big_data_scd_all_types_project/.venv/lib/python3.11/site-packages/airflow/example_dags/example_nested_branch_dag.py
[2024-04-04T01:05:34.119-0500] {logging_mixin.py:188} INFO - [2024-04-04T01:05:34.119-0500] {dag.py:3047} INFO - Sync 1 DAGs
[2024-04-04T01:05:34.125-0500] {logging_mixin.py:188} INFO - [2024-04-04T01:05:34.125-0500] {dag.py:3834} INFO - Setting next_dagrun for example_nested_branch_dag to 2024-04-03 00:00:00+00:00, run_after=2024-04-04 00:00:00+00:00
[2024-04-04T01:05:34.131-0500] {processor.py:183} INFO - Processing /Volumes/SLU_CS/big_data_scd_all_types_project/.venv/lib/python3.11/site-packages/airflow/example_dags/example_nested_branch_dag.py took 0.057 seconds
[2024-04-04T01:07:39.423-0500] {processor.py:161} INFO - Started process (PID=32633) to work on /Volumes/SLU_CS/big_data_scd_all_types_project/.venv/lib/python3.11/site-packages/airflow/example_dags/example_nested_branch_dag.py
[2024-04-04T01:07:39.424-0500] {processor.py:830} INFO - Processing file /Volumes/SLU_CS/big_data_scd_all_types_project/.venv/lib/python3.11/site-packages/airflow/example_dags/example_nested_branch_dag.py for tasks to queue
[2024-04-04T01:07:39.425-0500] {logging_mixin.py:188} INFO - [2024-04-04T01:07:39.425-0500] {dagbag.py:540} INFO - Filling up the DagBag from /Volumes/SLU_CS/big_data_scd_all_types_project/.venv/lib/python3.11/site-packages/airflow/example_dags/example_nested_branch_dag.py
[2024-04-04T01:07:39.439-0500] {processor.py:840} INFO - DAG(s) 'example_nested_branch_dag' retrieved from /Volumes/SLU_CS/big_data_scd_all_types_project/.venv/lib/python3.11/site-packages/airflow/example_dags/example_nested_branch_dag.py
[2024-04-04T01:07:39.469-0500] {logging_mixin.py:188} INFO - [2024-04-04T01:07:39.469-0500] {dag.py:3047} INFO - Sync 1 DAGs
[2024-04-04T01:07:39.475-0500] {logging_mixin.py:188} INFO - [2024-04-04T01:07:39.475-0500] {dag.py:3834} INFO - Setting next_dagrun for example_nested_branch_dag to 2024-04-03 00:00:00+00:00, run_after=2024-04-04 00:00:00+00:00
[2024-04-04T01:07:39.481-0500] {processor.py:183} INFO - Processing /Volumes/SLU_CS/big_data_scd_all_types_project/.venv/lib/python3.11/site-packages/airflow/example_dags/example_nested_branch_dag.py took 0.059 seconds
[2024-04-04T01:09:03.877-0500] {processor.py:161} INFO - Started process (PID=32757) to work on /Volumes/SLU_CS/big_data_scd_all_types_project/.venv/lib/python3.11/site-packages/airflow/example_dags/example_nested_branch_dag.py
[2024-04-04T01:09:03.879-0500] {processor.py:830} INFO - Processing file /Volumes/SLU_CS/big_data_scd_all_types_project/.venv/lib/python3.11/site-packages/airflow/example_dags/example_nested_branch_dag.py for tasks to queue
[2024-04-04T01:09:03.879-0500] {logging_mixin.py:188} INFO - [2024-04-04T01:09:03.879-0500] {dagbag.py:540} INFO - Filling up the DagBag from /Volumes/SLU_CS/big_data_scd_all_types_project/.venv/lib/python3.11/site-packages/airflow/example_dags/example_nested_branch_dag.py
[2024-04-04T01:09:03.898-0500] {processor.py:840} INFO - DAG(s) 'example_nested_branch_dag' retrieved from /Volumes/SLU_CS/big_data_scd_all_types_project/.venv/lib/python3.11/site-packages/airflow/example_dags/example_nested_branch_dag.py
[2024-04-04T01:09:03.929-0500] {logging_mixin.py:188} INFO - [2024-04-04T01:09:03.929-0500] {dag.py:3047} INFO - Sync 1 DAGs
[2024-04-04T01:09:03.936-0500] {logging_mixin.py:188} INFO - [2024-04-04T01:09:03.936-0500] {dag.py:3834} INFO - Setting next_dagrun for example_nested_branch_dag to 2024-04-03 00:00:00+00:00, run_after=2024-04-04 00:00:00+00:00
[2024-04-04T01:09:03.943-0500] {processor.py:183} INFO - Processing /Volumes/SLU_CS/big_data_scd_all_types_project/.venv/lib/python3.11/site-packages/airflow/example_dags/example_nested_branch_dag.py took 0.066 seconds
[2024-04-04T01:10:43.438-0500] {processor.py:161} INFO - Started process (PID=32999) to work on /Volumes/SLU_CS/big_data_scd_all_types_project/.venv/lib/python3.11/site-packages/airflow/example_dags/example_nested_branch_dag.py
[2024-04-04T01:10:43.438-0500] {processor.py:830} INFO - Processing file /Volumes/SLU_CS/big_data_scd_all_types_project/.venv/lib/python3.11/site-packages/airflow/example_dags/example_nested_branch_dag.py for tasks to queue
[2024-04-04T01:10:43.439-0500] {logging_mixin.py:188} INFO - [2024-04-04T01:10:43.439-0500] {dagbag.py:540} INFO - Filling up the DagBag from /Volumes/SLU_CS/big_data_scd_all_types_project/.venv/lib/python3.11/site-packages/airflow/example_dags/example_nested_branch_dag.py
[2024-04-04T01:10:43.452-0500] {processor.py:840} INFO - DAG(s) 'example_nested_branch_dag' retrieved from /Volumes/SLU_CS/big_data_scd_all_types_project/.venv/lib/python3.11/site-packages/airflow/example_dags/example_nested_branch_dag.py
[2024-04-04T01:10:43.482-0500] {logging_mixin.py:188} INFO - [2024-04-04T01:10:43.482-0500] {dag.py:3047} INFO - Sync 1 DAGs
[2024-04-04T01:10:43.488-0500] {logging_mixin.py:188} INFO - [2024-04-04T01:10:43.488-0500] {dag.py:3834} INFO - Setting next_dagrun for example_nested_branch_dag to 2024-04-03 00:00:00+00:00, run_after=2024-04-04 00:00:00+00:00
[2024-04-04T01:10:43.494-0500] {processor.py:183} INFO - Processing /Volumes/SLU_CS/big_data_scd_all_types_project/.venv/lib/python3.11/site-packages/airflow/example_dags/example_nested_branch_dag.py took 0.057 seconds
[2024-04-04T01:12:30.863-0500] {processor.py:161} INFO - Started process (PID=33312) to work on /Volumes/SLU_CS/big_data_scd_all_types_project/.venv/lib/python3.11/site-packages/airflow/example_dags/example_nested_branch_dag.py
[2024-04-04T01:12:30.863-0500] {processor.py:830} INFO - Processing file /Volumes/SLU_CS/big_data_scd_all_types_project/.venv/lib/python3.11/site-packages/airflow/example_dags/example_nested_branch_dag.py for tasks to queue
[2024-04-04T01:12:30.864-0500] {logging_mixin.py:188} INFO - [2024-04-04T01:12:30.864-0500] {dagbag.py:540} INFO - Filling up the DagBag from /Volumes/SLU_CS/big_data_scd_all_types_project/.venv/lib/python3.11/site-packages/airflow/example_dags/example_nested_branch_dag.py
[2024-04-04T01:12:30.878-0500] {processor.py:840} INFO - DAG(s) 'example_nested_branch_dag' retrieved from /Volumes/SLU_CS/big_data_scd_all_types_project/.venv/lib/python3.11/site-packages/airflow/example_dags/example_nested_branch_dag.py
[2024-04-04T01:12:30.908-0500] {logging_mixin.py:188} INFO - [2024-04-04T01:12:30.908-0500] {dag.py:3047} INFO - Sync 1 DAGs
[2024-04-04T01:12:30.913-0500] {logging_mixin.py:188} INFO - [2024-04-04T01:12:30.913-0500] {dag.py:3834} INFO - Setting next_dagrun for example_nested_branch_dag to 2024-04-03 00:00:00+00:00, run_after=2024-04-04 00:00:00+00:00
[2024-04-04T01:12:30.920-0500] {processor.py:183} INFO - Processing /Volumes/SLU_CS/big_data_scd_all_types_project/.venv/lib/python3.11/site-packages/airflow/example_dags/example_nested_branch_dag.py took 0.058 seconds
[2024-04-04T01:14:09.979-0500] {processor.py:161} INFO - Started process (PID=33541) to work on /Volumes/SLU_CS/big_data_scd_all_types_project/.venv/lib/python3.11/site-packages/airflow/example_dags/example_nested_branch_dag.py
[2024-04-04T01:14:09.979-0500] {processor.py:830} INFO - Processing file /Volumes/SLU_CS/big_data_scd_all_types_project/.venv/lib/python3.11/site-packages/airflow/example_dags/example_nested_branch_dag.py for tasks to queue
[2024-04-04T01:14:09.980-0500] {logging_mixin.py:188} INFO - [2024-04-04T01:14:09.979-0500] {dagbag.py:540} INFO - Filling up the DagBag from /Volumes/SLU_CS/big_data_scd_all_types_project/.venv/lib/python3.11/site-packages/airflow/example_dags/example_nested_branch_dag.py
[2024-04-04T01:14:09.995-0500] {processor.py:840} INFO - DAG(s) 'example_nested_branch_dag' retrieved from /Volumes/SLU_CS/big_data_scd_all_types_project/.venv/lib/python3.11/site-packages/airflow/example_dags/example_nested_branch_dag.py
[2024-04-04T01:14:10.027-0500] {logging_mixin.py:188} INFO - [2024-04-04T01:14:10.026-0500] {dag.py:3047} INFO - Sync 1 DAGs
[2024-04-04T01:14:10.032-0500] {logging_mixin.py:188} INFO - [2024-04-04T01:14:10.032-0500] {dag.py:3834} INFO - Setting next_dagrun for example_nested_branch_dag to 2024-04-03 00:00:00+00:00, run_after=2024-04-04 00:00:00+00:00
[2024-04-04T01:14:10.039-0500] {processor.py:183} INFO - Processing /Volumes/SLU_CS/big_data_scd_all_types_project/.venv/lib/python3.11/site-packages/airflow/example_dags/example_nested_branch_dag.py took 0.061 seconds
[2024-04-04T01:15:45.702-0500] {processor.py:161} INFO - Started process (PID=33702) to work on /Volumes/SLU_CS/big_data_scd_all_types_project/.venv/lib/python3.11/site-packages/airflow/example_dags/example_nested_branch_dag.py
[2024-04-04T01:15:45.702-0500] {processor.py:830} INFO - Processing file /Volumes/SLU_CS/big_data_scd_all_types_project/.venv/lib/python3.11/site-packages/airflow/example_dags/example_nested_branch_dag.py for tasks to queue
[2024-04-04T01:15:45.702-0500] {logging_mixin.py:188} INFO - [2024-04-04T01:15:45.702-0500] {dagbag.py:540} INFO - Filling up the DagBag from /Volumes/SLU_CS/big_data_scd_all_types_project/.venv/lib/python3.11/site-packages/airflow/example_dags/example_nested_branch_dag.py
[2024-04-04T01:15:45.716-0500] {processor.py:840} INFO - DAG(s) 'example_nested_branch_dag' retrieved from /Volumes/SLU_CS/big_data_scd_all_types_project/.venv/lib/python3.11/site-packages/airflow/example_dags/example_nested_branch_dag.py
[2024-04-04T01:15:45.745-0500] {logging_mixin.py:188} INFO - [2024-04-04T01:15:45.745-0500] {dag.py:3047} INFO - Sync 1 DAGs
[2024-04-04T01:15:45.751-0500] {logging_mixin.py:188} INFO - [2024-04-04T01:15:45.751-0500] {dag.py:3834} INFO - Setting next_dagrun for example_nested_branch_dag to 2024-04-03 00:00:00+00:00, run_after=2024-04-04 00:00:00+00:00
[2024-04-04T01:15:45.757-0500] {processor.py:183} INFO - Processing /Volumes/SLU_CS/big_data_scd_all_types_project/.venv/lib/python3.11/site-packages/airflow/example_dags/example_nested_branch_dag.py took 0.057 seconds
[2024-04-04T01:17:27.394-0500] {processor.py:161} INFO - Started process (PID=33872) to work on /Volumes/SLU_CS/big_data_scd_all_types_project/.venv/lib/python3.11/site-packages/airflow/example_dags/example_nested_branch_dag.py
[2024-04-04T01:17:27.394-0500] {processor.py:830} INFO - Processing file /Volumes/SLU_CS/big_data_scd_all_types_project/.venv/lib/python3.11/site-packages/airflow/example_dags/example_nested_branch_dag.py for tasks to queue
[2024-04-04T01:17:27.395-0500] {logging_mixin.py:188} INFO - [2024-04-04T01:17:27.395-0500] {dagbag.py:540} INFO - Filling up the DagBag from /Volumes/SLU_CS/big_data_scd_all_types_project/.venv/lib/python3.11/site-packages/airflow/example_dags/example_nested_branch_dag.py
[2024-04-04T01:17:27.408-0500] {processor.py:840} INFO - DAG(s) 'example_nested_branch_dag' retrieved from /Volumes/SLU_CS/big_data_scd_all_types_project/.venv/lib/python3.11/site-packages/airflow/example_dags/example_nested_branch_dag.py
[2024-04-04T01:17:27.439-0500] {logging_mixin.py:188} INFO - [2024-04-04T01:17:27.439-0500] {dag.py:3047} INFO - Sync 1 DAGs
[2024-04-04T01:17:27.445-0500] {logging_mixin.py:188} INFO - [2024-04-04T01:17:27.445-0500] {dag.py:3834} INFO - Setting next_dagrun for example_nested_branch_dag to 2024-04-03 00:00:00+00:00, run_after=2024-04-04 00:00:00+00:00
[2024-04-04T01:17:27.452-0500] {processor.py:183} INFO - Processing /Volumes/SLU_CS/big_data_scd_all_types_project/.venv/lib/python3.11/site-packages/airflow/example_dags/example_nested_branch_dag.py took 0.059 seconds
[2024-04-04T01:19:14.997-0500] {processor.py:161} INFO - Started process (PID=34153) to work on /Volumes/SLU_CS/big_data_scd_all_types_project/.venv/lib/python3.11/site-packages/airflow/example_dags/example_nested_branch_dag.py
[2024-04-04T01:19:14.998-0500] {processor.py:830} INFO - Processing file /Volumes/SLU_CS/big_data_scd_all_types_project/.venv/lib/python3.11/site-packages/airflow/example_dags/example_nested_branch_dag.py for tasks to queue
[2024-04-04T01:19:14.998-0500] {logging_mixin.py:188} INFO - [2024-04-04T01:19:14.998-0500] {dagbag.py:540} INFO - Filling up the DagBag from /Volumes/SLU_CS/big_data_scd_all_types_project/.venv/lib/python3.11/site-packages/airflow/example_dags/example_nested_branch_dag.py
[2024-04-04T01:19:15.015-0500] {processor.py:840} INFO - DAG(s) 'example_nested_branch_dag' retrieved from /Volumes/SLU_CS/big_data_scd_all_types_project/.venv/lib/python3.11/site-packages/airflow/example_dags/example_nested_branch_dag.py
[2024-04-04T01:19:15.051-0500] {logging_mixin.py:188} INFO - [2024-04-04T01:19:15.051-0500] {dag.py:3047} INFO - Sync 1 DAGs
[2024-04-04T01:19:15.060-0500] {logging_mixin.py:188} INFO - [2024-04-04T01:19:15.059-0500] {dag.py:3834} INFO - Setting next_dagrun for example_nested_branch_dag to 2024-04-03 00:00:00+00:00, run_after=2024-04-04 00:00:00+00:00
[2024-04-04T01:19:15.068-0500] {processor.py:183} INFO - Processing /Volumes/SLU_CS/big_data_scd_all_types_project/.venv/lib/python3.11/site-packages/airflow/example_dags/example_nested_branch_dag.py took 0.072 seconds
