[2024-04-04T01:02:16.104-0500] {processor.py:161} INFO - Started process (PID=31928) to work on /Volumes/SLU_CS/big_data_scd_all_types_project/.venv/lib/python3.11/site-packages/airflow/example_dags/example_setup_teardown.py
[2024-04-04T01:02:16.104-0500] {processor.py:830} INFO - Processing file /Volumes/SLU_CS/big_data_scd_all_types_project/.venv/lib/python3.11/site-packages/airflow/example_dags/example_setup_teardown.py for tasks to queue
[2024-04-04T01:02:16.105-0500] {logging_mixin.py:188} INFO - [2024-04-04T01:02:16.104-0500] {dagbag.py:540} INFO - Filling up the DagBag from /Volumes/SLU_CS/big_data_scd_all_types_project/.venv/lib/python3.11/site-packages/airflow/example_dags/example_setup_teardown.py
[2024-04-04T01:02:16.109-0500] {processor.py:840} INFO - DAG(s) 'example_setup_teardown' retrieved from /Volumes/SLU_CS/big_data_scd_all_types_project/.venv/lib/python3.11/site-packages/airflow/example_dags/example_setup_teardown.py
[2024-04-04T01:02:16.197-0500] {logging_mixin.py:188} INFO - [2024-04-04T01:02:16.196-0500] {dag.py:3047} INFO - Sync 1 DAGs
[2024-04-04T01:02:16.202-0500] {logging_mixin.py:188} INFO - [2024-04-04T01:02:16.202-0500] {dag.py:3834} INFO - Setting next_dagrun for example_setup_teardown to 2024-04-03 00:00:00+00:00, run_after=2024-04-04 00:00:00+00:00
[2024-04-04T01:02:16.209-0500] {processor.py:183} INFO - Processing /Volumes/SLU_CS/big_data_scd_all_types_project/.venv/lib/python3.11/site-packages/airflow/example_dags/example_setup_teardown.py took 0.106 seconds
[2024-04-04T01:03:38.840-0500] {processor.py:161} INFO - Started process (PID=32110) to work on /Volumes/SLU_CS/big_data_scd_all_types_project/.venv/lib/python3.11/site-packages/airflow/example_dags/example_setup_teardown.py
[2024-04-04T01:03:38.841-0500] {processor.py:830} INFO - Processing file /Volumes/SLU_CS/big_data_scd_all_types_project/.venv/lib/python3.11/site-packages/airflow/example_dags/example_setup_teardown.py for tasks to queue
[2024-04-04T01:03:38.841-0500] {logging_mixin.py:188} INFO - [2024-04-04T01:03:38.841-0500] {dagbag.py:540} INFO - Filling up the DagBag from /Volumes/SLU_CS/big_data_scd_all_types_project/.venv/lib/python3.11/site-packages/airflow/example_dags/example_setup_teardown.py
[2024-04-04T01:03:38.846-0500] {processor.py:840} INFO - DAG(s) 'example_setup_teardown' retrieved from /Volumes/SLU_CS/big_data_scd_all_types_project/.venv/lib/python3.11/site-packages/airflow/example_dags/example_setup_teardown.py
[2024-04-04T01:03:38.882-0500] {logging_mixin.py:188} INFO - [2024-04-04T01:03:38.881-0500] {dag.py:3047} INFO - Sync 1 DAGs
[2024-04-04T01:03:38.887-0500] {logging_mixin.py:188} INFO - [2024-04-04T01:03:38.887-0500] {dag.py:3834} INFO - Setting next_dagrun for example_setup_teardown to 2024-04-03 00:00:00+00:00, run_after=2024-04-04 00:00:00+00:00
[2024-04-04T01:03:38.895-0500] {processor.py:183} INFO - Processing /Volumes/SLU_CS/big_data_scd_all_types_project/.venv/lib/python3.11/site-packages/airflow/example_dags/example_setup_teardown.py took 0.056 seconds
[2024-04-04T01:05:21.444-0500] {processor.py:161} INFO - Started process (PID=32329) to work on /Volumes/SLU_CS/big_data_scd_all_types_project/.venv/lib/python3.11/site-packages/airflow/example_dags/example_setup_teardown.py
[2024-04-04T01:05:21.445-0500] {processor.py:830} INFO - Processing file /Volumes/SLU_CS/big_data_scd_all_types_project/.venv/lib/python3.11/site-packages/airflow/example_dags/example_setup_teardown.py for tasks to queue
[2024-04-04T01:05:21.445-0500] {logging_mixin.py:188} INFO - [2024-04-04T01:05:21.445-0500] {dagbag.py:540} INFO - Filling up the DagBag from /Volumes/SLU_CS/big_data_scd_all_types_project/.venv/lib/python3.11/site-packages/airflow/example_dags/example_setup_teardown.py
[2024-04-04T01:05:21.448-0500] {processor.py:840} INFO - DAG(s) 'example_setup_teardown' retrieved from /Volumes/SLU_CS/big_data_scd_all_types_project/.venv/lib/python3.11/site-packages/airflow/example_dags/example_setup_teardown.py
[2024-04-04T01:05:21.479-0500] {logging_mixin.py:188} INFO - [2024-04-04T01:05:21.479-0500] {dag.py:3047} INFO - Sync 1 DAGs
[2024-04-04T01:05:21.484-0500] {logging_mixin.py:188} INFO - [2024-04-04T01:05:21.484-0500] {dag.py:3834} INFO - Setting next_dagrun for example_setup_teardown to 2024-04-03 00:00:00+00:00, run_after=2024-04-04 00:00:00+00:00
[2024-04-04T01:05:21.491-0500] {processor.py:183} INFO - Processing /Volumes/SLU_CS/big_data_scd_all_types_project/.venv/lib/python3.11/site-packages/airflow/example_dags/example_setup_teardown.py took 0.048 seconds
[2024-04-04T01:07:24.976-0500] {processor.py:161} INFO - Started process (PID=32610) to work on /Volumes/SLU_CS/big_data_scd_all_types_project/.venv/lib/python3.11/site-packages/airflow/example_dags/example_setup_teardown.py
[2024-04-04T01:07:24.977-0500] {processor.py:830} INFO - Processing file /Volumes/SLU_CS/big_data_scd_all_types_project/.venv/lib/python3.11/site-packages/airflow/example_dags/example_setup_teardown.py for tasks to queue
[2024-04-04T01:07:24.977-0500] {logging_mixin.py:188} INFO - [2024-04-04T01:07:24.977-0500] {dagbag.py:540} INFO - Filling up the DagBag from /Volumes/SLU_CS/big_data_scd_all_types_project/.venv/lib/python3.11/site-packages/airflow/example_dags/example_setup_teardown.py
[2024-04-04T01:07:24.981-0500] {processor.py:840} INFO - DAG(s) 'example_setup_teardown' retrieved from /Volumes/SLU_CS/big_data_scd_all_types_project/.venv/lib/python3.11/site-packages/airflow/example_dags/example_setup_teardown.py
[2024-04-04T01:07:25.011-0500] {logging_mixin.py:188} INFO - [2024-04-04T01:07:25.011-0500] {dag.py:3047} INFO - Sync 1 DAGs
[2024-04-04T01:07:25.017-0500] {logging_mixin.py:188} INFO - [2024-04-04T01:07:25.016-0500] {dag.py:3834} INFO - Setting next_dagrun for example_setup_teardown to 2024-04-03 00:00:00+00:00, run_after=2024-04-04 00:00:00+00:00
[2024-04-04T01:07:25.024-0500] {processor.py:183} INFO - Processing /Volumes/SLU_CS/big_data_scd_all_types_project/.venv/lib/python3.11/site-packages/airflow/example_dags/example_setup_teardown.py took 0.049 seconds
[2024-04-04T01:08:49.565-0500] {processor.py:161} INFO - Started process (PID=32736) to work on /Volumes/SLU_CS/big_data_scd_all_types_project/.venv/lib/python3.11/site-packages/airflow/example_dags/example_setup_teardown.py
[2024-04-04T01:08:49.566-0500] {processor.py:830} INFO - Processing file /Volumes/SLU_CS/big_data_scd_all_types_project/.venv/lib/python3.11/site-packages/airflow/example_dags/example_setup_teardown.py for tasks to queue
[2024-04-04T01:08:49.566-0500] {logging_mixin.py:188} INFO - [2024-04-04T01:08:49.566-0500] {dagbag.py:540} INFO - Filling up the DagBag from /Volumes/SLU_CS/big_data_scd_all_types_project/.venv/lib/python3.11/site-packages/airflow/example_dags/example_setup_teardown.py
[2024-04-04T01:08:49.569-0500] {processor.py:840} INFO - DAG(s) 'example_setup_teardown' retrieved from /Volumes/SLU_CS/big_data_scd_all_types_project/.venv/lib/python3.11/site-packages/airflow/example_dags/example_setup_teardown.py
[2024-04-04T01:08:49.604-0500] {logging_mixin.py:188} INFO - [2024-04-04T01:08:49.604-0500] {dag.py:3047} INFO - Sync 1 DAGs
[2024-04-04T01:08:49.609-0500] {logging_mixin.py:188} INFO - [2024-04-04T01:08:49.609-0500] {dag.py:3834} INFO - Setting next_dagrun for example_setup_teardown to 2024-04-03 00:00:00+00:00, run_after=2024-04-04 00:00:00+00:00
[2024-04-04T01:08:49.617-0500] {processor.py:183} INFO - Processing /Volumes/SLU_CS/big_data_scd_all_types_project/.venv/lib/python3.11/site-packages/airflow/example_dags/example_setup_teardown.py took 0.053 seconds
[2024-04-04T01:10:30.672-0500] {processor.py:161} INFO - Started process (PID=32968) to work on /Volumes/SLU_CS/big_data_scd_all_types_project/.venv/lib/python3.11/site-packages/airflow/example_dags/example_setup_teardown.py
[2024-04-04T01:10:30.679-0500] {processor.py:830} INFO - Processing file /Volumes/SLU_CS/big_data_scd_all_types_project/.venv/lib/python3.11/site-packages/airflow/example_dags/example_setup_teardown.py for tasks to queue
[2024-04-04T01:10:30.680-0500] {logging_mixin.py:188} INFO - [2024-04-04T01:10:30.680-0500] {dagbag.py:540} INFO - Filling up the DagBag from /Volumes/SLU_CS/big_data_scd_all_types_project/.venv/lib/python3.11/site-packages/airflow/example_dags/example_setup_teardown.py
[2024-04-04T01:10:30.685-0500] {processor.py:840} INFO - DAG(s) 'example_setup_teardown' retrieved from /Volumes/SLU_CS/big_data_scd_all_types_project/.venv/lib/python3.11/site-packages/airflow/example_dags/example_setup_teardown.py
[2024-04-04T01:10:30.716-0500] {logging_mixin.py:188} INFO - [2024-04-04T01:10:30.716-0500] {dag.py:3047} INFO - Sync 1 DAGs
[2024-04-04T01:10:30.722-0500] {logging_mixin.py:188} INFO - [2024-04-04T01:10:30.721-0500] {dag.py:3834} INFO - Setting next_dagrun for example_setup_teardown to 2024-04-03 00:00:00+00:00, run_after=2024-04-04 00:00:00+00:00
[2024-04-04T01:10:30.729-0500] {processor.py:183} INFO - Processing /Volumes/SLU_CS/big_data_scd_all_types_project/.venv/lib/python3.11/site-packages/airflow/example_dags/example_setup_teardown.py took 0.057 seconds
[2024-04-04T01:12:17.137-0500] {processor.py:161} INFO - Started process (PID=33272) to work on /Volumes/SLU_CS/big_data_scd_all_types_project/.venv/lib/python3.11/site-packages/airflow/example_dags/example_setup_teardown.py
[2024-04-04T01:12:17.138-0500] {processor.py:830} INFO - Processing file /Volumes/SLU_CS/big_data_scd_all_types_project/.venv/lib/python3.11/site-packages/airflow/example_dags/example_setup_teardown.py for tasks to queue
[2024-04-04T01:12:17.139-0500] {logging_mixin.py:188} INFO - [2024-04-04T01:12:17.138-0500] {dagbag.py:540} INFO - Filling up the DagBag from /Volumes/SLU_CS/big_data_scd_all_types_project/.venv/lib/python3.11/site-packages/airflow/example_dags/example_setup_teardown.py
[2024-04-04T01:12:17.142-0500] {processor.py:840} INFO - DAG(s) 'example_setup_teardown' retrieved from /Volumes/SLU_CS/big_data_scd_all_types_project/.venv/lib/python3.11/site-packages/airflow/example_dags/example_setup_teardown.py
[2024-04-04T01:12:17.173-0500] {logging_mixin.py:188} INFO - [2024-04-04T01:12:17.173-0500] {dag.py:3047} INFO - Sync 1 DAGs
[2024-04-04T01:12:17.179-0500] {logging_mixin.py:188} INFO - [2024-04-04T01:12:17.179-0500] {dag.py:3834} INFO - Setting next_dagrun for example_setup_teardown to 2024-04-03 00:00:00+00:00, run_after=2024-04-04 00:00:00+00:00
[2024-04-04T01:12:17.186-0500] {processor.py:183} INFO - Processing /Volumes/SLU_CS/big_data_scd_all_types_project/.venv/lib/python3.11/site-packages/airflow/example_dags/example_setup_teardown.py took 0.050 seconds
[2024-04-04T01:13:55.906-0500] {processor.py:161} INFO - Started process (PID=33515) to work on /Volumes/SLU_CS/big_data_scd_all_types_project/.venv/lib/python3.11/site-packages/airflow/example_dags/example_setup_teardown.py
[2024-04-04T01:13:55.907-0500] {processor.py:830} INFO - Processing file /Volumes/SLU_CS/big_data_scd_all_types_project/.venv/lib/python3.11/site-packages/airflow/example_dags/example_setup_teardown.py for tasks to queue
[2024-04-04T01:13:55.907-0500] {logging_mixin.py:188} INFO - [2024-04-04T01:13:55.907-0500] {dagbag.py:540} INFO - Filling up the DagBag from /Volumes/SLU_CS/big_data_scd_all_types_project/.venv/lib/python3.11/site-packages/airflow/example_dags/example_setup_teardown.py
[2024-04-04T01:13:55.911-0500] {processor.py:840} INFO - DAG(s) 'example_setup_teardown' retrieved from /Volumes/SLU_CS/big_data_scd_all_types_project/.venv/lib/python3.11/site-packages/airflow/example_dags/example_setup_teardown.py
[2024-04-04T01:13:55.941-0500] {logging_mixin.py:188} INFO - [2024-04-04T01:13:55.941-0500] {dag.py:3047} INFO - Sync 1 DAGs
[2024-04-04T01:13:55.946-0500] {logging_mixin.py:188} INFO - [2024-04-04T01:13:55.946-0500] {dag.py:3834} INFO - Setting next_dagrun for example_setup_teardown to 2024-04-03 00:00:00+00:00, run_after=2024-04-04 00:00:00+00:00
[2024-04-04T01:13:55.953-0500] {processor.py:183} INFO - Processing /Volumes/SLU_CS/big_data_scd_all_types_project/.venv/lib/python3.11/site-packages/airflow/example_dags/example_setup_teardown.py took 0.047 seconds
[2024-04-04T01:15:33.045-0500] {processor.py:161} INFO - Started process (PID=33684) to work on /Volumes/SLU_CS/big_data_scd_all_types_project/.venv/lib/python3.11/site-packages/airflow/example_dags/example_setup_teardown.py
[2024-04-04T01:15:33.046-0500] {processor.py:830} INFO - Processing file /Volumes/SLU_CS/big_data_scd_all_types_project/.venv/lib/python3.11/site-packages/airflow/example_dags/example_setup_teardown.py for tasks to queue
[2024-04-04T01:15:33.046-0500] {logging_mixin.py:188} INFO - [2024-04-04T01:15:33.046-0500] {dagbag.py:540} INFO - Filling up the DagBag from /Volumes/SLU_CS/big_data_scd_all_types_project/.venv/lib/python3.11/site-packages/airflow/example_dags/example_setup_teardown.py
[2024-04-04T01:15:33.049-0500] {processor.py:840} INFO - DAG(s) 'example_setup_teardown' retrieved from /Volumes/SLU_CS/big_data_scd_all_types_project/.venv/lib/python3.11/site-packages/airflow/example_dags/example_setup_teardown.py
[2024-04-04T01:15:33.079-0500] {logging_mixin.py:188} INFO - [2024-04-04T01:15:33.079-0500] {dag.py:3047} INFO - Sync 1 DAGs
[2024-04-04T01:15:33.085-0500] {logging_mixin.py:188} INFO - [2024-04-04T01:15:33.085-0500] {dag.py:3834} INFO - Setting next_dagrun for example_setup_teardown to 2024-04-03 00:00:00+00:00, run_after=2024-04-04 00:00:00+00:00
[2024-04-04T01:15:33.092-0500] {processor.py:183} INFO - Processing /Volumes/SLU_CS/big_data_scd_all_types_project/.venv/lib/python3.11/site-packages/airflow/example_dags/example_setup_teardown.py took 0.047 seconds
[2024-04-04T01:17:13.332-0500] {processor.py:161} INFO - Started process (PID=33853) to work on /Volumes/SLU_CS/big_data_scd_all_types_project/.venv/lib/python3.11/site-packages/airflow/example_dags/example_setup_teardown.py
[2024-04-04T01:17:13.334-0500] {processor.py:830} INFO - Processing file /Volumes/SLU_CS/big_data_scd_all_types_project/.venv/lib/python3.11/site-packages/airflow/example_dags/example_setup_teardown.py for tasks to queue
[2024-04-04T01:17:13.334-0500] {logging_mixin.py:188} INFO - [2024-04-04T01:17:13.334-0500] {dagbag.py:540} INFO - Filling up the DagBag from /Volumes/SLU_CS/big_data_scd_all_types_project/.venv/lib/python3.11/site-packages/airflow/example_dags/example_setup_teardown.py
[2024-04-04T01:17:13.337-0500] {processor.py:840} INFO - DAG(s) 'example_setup_teardown' retrieved from /Volumes/SLU_CS/big_data_scd_all_types_project/.venv/lib/python3.11/site-packages/airflow/example_dags/example_setup_teardown.py
[2024-04-04T01:17:13.368-0500] {logging_mixin.py:188} INFO - [2024-04-04T01:17:13.368-0500] {dag.py:3047} INFO - Sync 1 DAGs
[2024-04-04T01:17:13.374-0500] {logging_mixin.py:188} INFO - [2024-04-04T01:17:13.373-0500] {dag.py:3834} INFO - Setting next_dagrun for example_setup_teardown to 2024-04-03 00:00:00+00:00, run_after=2024-04-04 00:00:00+00:00
[2024-04-04T01:17:13.381-0500] {processor.py:183} INFO - Processing /Volumes/SLU_CS/big_data_scd_all_types_project/.venv/lib/python3.11/site-packages/airflow/example_dags/example_setup_teardown.py took 0.051 seconds
[2024-04-04T01:19:01.548-0500] {processor.py:161} INFO - Started process (PID=34116) to work on /Volumes/SLU_CS/big_data_scd_all_types_project/.venv/lib/python3.11/site-packages/airflow/example_dags/example_setup_teardown.py
[2024-04-04T01:19:01.550-0500] {processor.py:830} INFO - Processing file /Volumes/SLU_CS/big_data_scd_all_types_project/.venv/lib/python3.11/site-packages/airflow/example_dags/example_setup_teardown.py for tasks to queue
[2024-04-04T01:19:01.550-0500] {logging_mixin.py:188} INFO - [2024-04-04T01:19:01.550-0500] {dagbag.py:540} INFO - Filling up the DagBag from /Volumes/SLU_CS/big_data_scd_all_types_project/.venv/lib/python3.11/site-packages/airflow/example_dags/example_setup_teardown.py
[2024-04-04T01:19:01.554-0500] {processor.py:840} INFO - DAG(s) 'example_setup_teardown' retrieved from /Volumes/SLU_CS/big_data_scd_all_types_project/.venv/lib/python3.11/site-packages/airflow/example_dags/example_setup_teardown.py
[2024-04-04T01:19:01.586-0500] {logging_mixin.py:188} INFO - [2024-04-04T01:19:01.586-0500] {dag.py:3047} INFO - Sync 1 DAGs
[2024-04-04T01:19:01.591-0500] {logging_mixin.py:188} INFO - [2024-04-04T01:19:01.591-0500] {dag.py:3834} INFO - Setting next_dagrun for example_setup_teardown to 2024-04-03 00:00:00+00:00, run_after=2024-04-04 00:00:00+00:00
[2024-04-04T01:19:01.598-0500] {processor.py:183} INFO - Processing /Volumes/SLU_CS/big_data_scd_all_types_project/.venv/lib/python3.11/site-packages/airflow/example_dags/example_setup_teardown.py took 0.051 seconds
[2024-04-04T01:20:49.712-0500] {processor.py:161} INFO - Started process (PID=34328) to work on /Volumes/SLU_CS/big_data_scd_all_types_project/.venv/lib/python3.11/site-packages/airflow/example_dags/example_setup_teardown.py
[2024-04-04T01:20:49.713-0500] {processor.py:830} INFO - Processing file /Volumes/SLU_CS/big_data_scd_all_types_project/.venv/lib/python3.11/site-packages/airflow/example_dags/example_setup_teardown.py for tasks to queue
[2024-04-04T01:20:49.713-0500] {logging_mixin.py:188} INFO - [2024-04-04T01:20:49.713-0500] {dagbag.py:540} INFO - Filling up the DagBag from /Volumes/SLU_CS/big_data_scd_all_types_project/.venv/lib/python3.11/site-packages/airflow/example_dags/example_setup_teardown.py
[2024-04-04T01:20:49.717-0500] {processor.py:840} INFO - DAG(s) 'example_setup_teardown' retrieved from /Volumes/SLU_CS/big_data_scd_all_types_project/.venv/lib/python3.11/site-packages/airflow/example_dags/example_setup_teardown.py
[2024-04-04T01:20:49.759-0500] {logging_mixin.py:188} INFO - [2024-04-04T01:20:49.759-0500] {dag.py:3047} INFO - Sync 1 DAGs
[2024-04-04T01:20:49.764-0500] {logging_mixin.py:188} INFO - [2024-04-04T01:20:49.764-0500] {dag.py:3834} INFO - Setting next_dagrun for example_setup_teardown to 2024-04-03 00:00:00+00:00, run_after=2024-04-04 00:00:00+00:00
[2024-04-04T01:20:49.772-0500] {processor.py:183} INFO - Processing /Volumes/SLU_CS/big_data_scd_all_types_project/.venv/lib/python3.11/site-packages/airflow/example_dags/example_setup_teardown.py took 0.060 seconds
