[2024-04-04T01:02:58.199-0500] {processor.py:161} INFO - Started process (PID=32002) to work on /Volumes/SLU_CS/big_data_scd_all_types_project/.venv/lib/python3.11/site-packages/airflow/example_dags/example_branch_datetime_operator.py
[2024-04-04T01:02:58.199-0500] {processor.py:830} INFO - Processing file /Volumes/SLU_CS/big_data_scd_all_types_project/.venv/lib/python3.11/site-packages/airflow/example_dags/example_branch_datetime_operator.py for tasks to queue
[2024-04-04T01:02:58.200-0500] {logging_mixin.py:188} INFO - [2024-04-04T01:02:58.200-0500] {dagbag.py:540} INFO - Filling up the DagBag from /Volumes/SLU_CS/big_data_scd_all_types_project/.venv/lib/python3.11/site-packages/airflow/example_dags/example_branch_datetime_operator.py
[2024-04-04T01:02:58.209-0500] {processor.py:840} INFO - DAG(s) 'example_branch_datetime_operator_3', 'example_branch_datetime_operator', 'example_branch_datetime_operator_2' retrieved from /Volumes/SLU_CS/big_data_scd_all_types_project/.venv/lib/python3.11/site-packages/airflow/example_dags/example_branch_datetime_operator.py
[2024-04-04T01:02:58.351-0500] {logging_mixin.py:188} INFO - [2024-04-04T01:02:58.351-0500] {dag.py:3047} INFO - Sync 3 DAGs
[2024-04-04T01:02:58.357-0500] {logging_mixin.py:188} INFO - [2024-04-04T01:02:58.357-0500] {dag.py:3834} INFO - Setting next_dagrun for example_branch_datetime_operator to 2024-04-03 00:00:00+00:00, run_after=2024-04-04 00:00:00+00:00
[2024-04-04T01:02:58.359-0500] {logging_mixin.py:188} INFO - [2024-04-04T01:02:58.358-0500] {dag.py:3834} INFO - Setting next_dagrun for example_branch_datetime_operator_2 to 2024-04-03 00:00:00+00:00, run_after=2024-04-04 00:00:00+00:00
[2024-04-04T01:02:58.359-0500] {logging_mixin.py:188} INFO - [2024-04-04T01:02:58.359-0500] {dag.py:3834} INFO - Setting next_dagrun for example_branch_datetime_operator_3 to 2024-04-03 00:00:00+00:00, run_after=2024-04-04 00:00:00+00:00
[2024-04-04T01:02:58.373-0500] {processor.py:183} INFO - Processing /Volumes/SLU_CS/big_data_scd_all_types_project/.venv/lib/python3.11/site-packages/airflow/example_dags/example_branch_datetime_operator.py took 0.175 seconds
[2024-04-04T01:04:42.753-0500] {processor.py:161} INFO - Started process (PID=32278) to work on /Volumes/SLU_CS/big_data_scd_all_types_project/.venv/lib/python3.11/site-packages/airflow/example_dags/example_branch_datetime_operator.py
[2024-04-04T01:04:42.753-0500] {processor.py:830} INFO - Processing file /Volumes/SLU_CS/big_data_scd_all_types_project/.venv/lib/python3.11/site-packages/airflow/example_dags/example_branch_datetime_operator.py for tasks to queue
[2024-04-04T01:04:42.753-0500] {logging_mixin.py:188} INFO - [2024-04-04T01:04:42.753-0500] {dagbag.py:540} INFO - Filling up the DagBag from /Volumes/SLU_CS/big_data_scd_all_types_project/.venv/lib/python3.11/site-packages/airflow/example_dags/example_branch_datetime_operator.py
[2024-04-04T01:04:42.758-0500] {processor.py:840} INFO - DAG(s) 'example_branch_datetime_operator_3', 'example_branch_datetime_operator_2', 'example_branch_datetime_operator' retrieved from /Volumes/SLU_CS/big_data_scd_all_types_project/.venv/lib/python3.11/site-packages/airflow/example_dags/example_branch_datetime_operator.py
[2024-04-04T01:04:42.790-0500] {logging_mixin.py:188} INFO - [2024-04-04T01:04:42.790-0500] {dag.py:3047} INFO - Sync 3 DAGs
[2024-04-04T01:04:42.796-0500] {logging_mixin.py:188} INFO - [2024-04-04T01:04:42.796-0500] {dag.py:3834} INFO - Setting next_dagrun for example_branch_datetime_operator to 2024-04-03 00:00:00+00:00, run_after=2024-04-04 00:00:00+00:00
[2024-04-04T01:04:42.797-0500] {logging_mixin.py:188} INFO - [2024-04-04T01:04:42.797-0500] {dag.py:3834} INFO - Setting next_dagrun for example_branch_datetime_operator_2 to 2024-04-03 00:00:00+00:00, run_after=2024-04-04 00:00:00+00:00
[2024-04-04T01:04:42.798-0500] {logging_mixin.py:188} INFO - [2024-04-04T01:04:42.798-0500] {dag.py:3834} INFO - Setting next_dagrun for example_branch_datetime_operator_3 to 2024-04-03 00:00:00+00:00, run_after=2024-04-04 00:00:00+00:00
[2024-04-04T01:04:42.804-0500] {processor.py:183} INFO - Processing /Volumes/SLU_CS/big_data_scd_all_types_project/.venv/lib/python3.11/site-packages/airflow/example_dags/example_branch_datetime_operator.py took 0.052 seconds
[2024-04-04T01:06:26.024-0500] {processor.py:161} INFO - Started process (PID=32469) to work on /Volumes/SLU_CS/big_data_scd_all_types_project/.venv/lib/python3.11/site-packages/airflow/example_dags/example_branch_datetime_operator.py
[2024-04-04T01:06:26.024-0500] {processor.py:830} INFO - Processing file /Volumes/SLU_CS/big_data_scd_all_types_project/.venv/lib/python3.11/site-packages/airflow/example_dags/example_branch_datetime_operator.py for tasks to queue
[2024-04-04T01:06:26.024-0500] {logging_mixin.py:188} INFO - [2024-04-04T01:06:26.024-0500] {dagbag.py:540} INFO - Filling up the DagBag from /Volumes/SLU_CS/big_data_scd_all_types_project/.venv/lib/python3.11/site-packages/airflow/example_dags/example_branch_datetime_operator.py
[2024-04-04T01:06:26.029-0500] {processor.py:840} INFO - DAG(s) 'example_branch_datetime_operator_2', 'example_branch_datetime_operator_3', 'example_branch_datetime_operator' retrieved from /Volumes/SLU_CS/big_data_scd_all_types_project/.venv/lib/python3.11/site-packages/airflow/example_dags/example_branch_datetime_operator.py
[2024-04-04T01:06:26.061-0500] {logging_mixin.py:188} INFO - [2024-04-04T01:06:26.061-0500] {dag.py:3047} INFO - Sync 3 DAGs
[2024-04-04T01:06:26.067-0500] {logging_mixin.py:188} INFO - [2024-04-04T01:06:26.067-0500] {dag.py:3834} INFO - Setting next_dagrun for example_branch_datetime_operator to 2024-04-03 00:00:00+00:00, run_after=2024-04-04 00:00:00+00:00
[2024-04-04T01:06:26.068-0500] {logging_mixin.py:188} INFO - [2024-04-04T01:06:26.068-0500] {dag.py:3834} INFO - Setting next_dagrun for example_branch_datetime_operator_2 to 2024-04-03 00:00:00+00:00, run_after=2024-04-04 00:00:00+00:00
[2024-04-04T01:06:26.069-0500] {logging_mixin.py:188} INFO - [2024-04-04T01:06:26.069-0500] {dag.py:3834} INFO - Setting next_dagrun for example_branch_datetime_operator_3 to 2024-04-03 00:00:00+00:00, run_after=2024-04-04 00:00:00+00:00
[2024-04-04T01:06:26.075-0500] {processor.py:183} INFO - Processing /Volumes/SLU_CS/big_data_scd_all_types_project/.venv/lib/python3.11/site-packages/airflow/example_dags/example_branch_datetime_operator.py took 0.052 seconds
[2024-04-04T01:08:07.269-0500] {processor.py:161} INFO - Started process (PID=32676) to work on /Volumes/SLU_CS/big_data_scd_all_types_project/.venv/lib/python3.11/site-packages/airflow/example_dags/example_branch_datetime_operator.py
[2024-04-04T01:08:07.270-0500] {processor.py:830} INFO - Processing file /Volumes/SLU_CS/big_data_scd_all_types_project/.venv/lib/python3.11/site-packages/airflow/example_dags/example_branch_datetime_operator.py for tasks to queue
[2024-04-04T01:08:07.270-0500] {logging_mixin.py:188} INFO - [2024-04-04T01:08:07.270-0500] {dagbag.py:540} INFO - Filling up the DagBag from /Volumes/SLU_CS/big_data_scd_all_types_project/.venv/lib/python3.11/site-packages/airflow/example_dags/example_branch_datetime_operator.py
[2024-04-04T01:08:07.274-0500] {processor.py:840} INFO - DAG(s) 'example_branch_datetime_operator_2', 'example_branch_datetime_operator_3', 'example_branch_datetime_operator' retrieved from /Volumes/SLU_CS/big_data_scd_all_types_project/.venv/lib/python3.11/site-packages/airflow/example_dags/example_branch_datetime_operator.py
[2024-04-04T01:08:07.305-0500] {logging_mixin.py:188} INFO - [2024-04-04T01:08:07.305-0500] {dag.py:3047} INFO - Sync 3 DAGs
[2024-04-04T01:08:07.311-0500] {logging_mixin.py:188} INFO - [2024-04-04T01:08:07.311-0500] {dag.py:3834} INFO - Setting next_dagrun for example_branch_datetime_operator to 2024-04-03 00:00:00+00:00, run_after=2024-04-04 00:00:00+00:00
[2024-04-04T01:08:07.313-0500] {logging_mixin.py:188} INFO - [2024-04-04T01:08:07.313-0500] {dag.py:3834} INFO - Setting next_dagrun for example_branch_datetime_operator_2 to 2024-04-03 00:00:00+00:00, run_after=2024-04-04 00:00:00+00:00
[2024-04-04T01:08:07.313-0500] {logging_mixin.py:188} INFO - [2024-04-04T01:08:07.313-0500] {dag.py:3834} INFO - Setting next_dagrun for example_branch_datetime_operator_3 to 2024-04-03 00:00:00+00:00, run_after=2024-04-04 00:00:00+00:00
[2024-04-04T01:08:07.319-0500] {processor.py:183} INFO - Processing /Volumes/SLU_CS/big_data_scd_all_types_project/.venv/lib/python3.11/site-packages/airflow/example_dags/example_branch_datetime_operator.py took 0.051 seconds
[2024-04-04T01:09:54.063-0500] {processor.py:161} INFO - Started process (PID=32879) to work on /Volumes/SLU_CS/big_data_scd_all_types_project/.venv/lib/python3.11/site-packages/airflow/example_dags/example_branch_datetime_operator.py
[2024-04-04T01:09:54.063-0500] {processor.py:830} INFO - Processing file /Volumes/SLU_CS/big_data_scd_all_types_project/.venv/lib/python3.11/site-packages/airflow/example_dags/example_branch_datetime_operator.py for tasks to queue
[2024-04-04T01:09:54.064-0500] {logging_mixin.py:188} INFO - [2024-04-04T01:09:54.064-0500] {dagbag.py:540} INFO - Filling up the DagBag from /Volumes/SLU_CS/big_data_scd_all_types_project/.venv/lib/python3.11/site-packages/airflow/example_dags/example_branch_datetime_operator.py
[2024-04-04T01:09:54.069-0500] {processor.py:840} INFO - DAG(s) 'example_branch_datetime_operator', 'example_branch_datetime_operator_3', 'example_branch_datetime_operator_2' retrieved from /Volumes/SLU_CS/big_data_scd_all_types_project/.venv/lib/python3.11/site-packages/airflow/example_dags/example_branch_datetime_operator.py
[2024-04-04T01:09:54.100-0500] {logging_mixin.py:188} INFO - [2024-04-04T01:09:54.100-0500] {dag.py:3047} INFO - Sync 3 DAGs
[2024-04-04T01:09:54.106-0500] {logging_mixin.py:188} INFO - [2024-04-04T01:09:54.106-0500] {dag.py:3834} INFO - Setting next_dagrun for example_branch_datetime_operator to 2024-04-03 00:00:00+00:00, run_after=2024-04-04 00:00:00+00:00
[2024-04-04T01:09:54.108-0500] {logging_mixin.py:188} INFO - [2024-04-04T01:09:54.108-0500] {dag.py:3834} INFO - Setting next_dagrun for example_branch_datetime_operator_2 to 2024-04-03 00:00:00+00:00, run_after=2024-04-04 00:00:00+00:00
[2024-04-04T01:09:54.108-0500] {logging_mixin.py:188} INFO - [2024-04-04T01:09:54.108-0500] {dag.py:3834} INFO - Setting next_dagrun for example_branch_datetime_operator_3 to 2024-04-03 00:00:00+00:00, run_after=2024-04-04 00:00:00+00:00
[2024-04-04T01:09:54.115-0500] {processor.py:183} INFO - Processing /Volumes/SLU_CS/big_data_scd_all_types_project/.venv/lib/python3.11/site-packages/airflow/example_dags/example_branch_datetime_operator.py took 0.054 seconds
[2024-04-04T01:11:34.828-0500] {processor.py:161} INFO - Started process (PID=33140) to work on /Volumes/SLU_CS/big_data_scd_all_types_project/.venv/lib/python3.11/site-packages/airflow/example_dags/example_branch_datetime_operator.py
[2024-04-04T01:11:34.832-0500] {processor.py:830} INFO - Processing file /Volumes/SLU_CS/big_data_scd_all_types_project/.venv/lib/python3.11/site-packages/airflow/example_dags/example_branch_datetime_operator.py for tasks to queue
[2024-04-04T01:11:34.833-0500] {logging_mixin.py:188} INFO - [2024-04-04T01:11:34.833-0500] {dagbag.py:540} INFO - Filling up the DagBag from /Volumes/SLU_CS/big_data_scd_all_types_project/.venv/lib/python3.11/site-packages/airflow/example_dags/example_branch_datetime_operator.py
[2024-04-04T01:11:34.840-0500] {processor.py:840} INFO - DAG(s) 'example_branch_datetime_operator_3', 'example_branch_datetime_operator_2', 'example_branch_datetime_operator' retrieved from /Volumes/SLU_CS/big_data_scd_all_types_project/.venv/lib/python3.11/site-packages/airflow/example_dags/example_branch_datetime_operator.py
[2024-04-04T01:11:34.877-0500] {logging_mixin.py:188} INFO - [2024-04-04T01:11:34.877-0500] {dag.py:3047} INFO - Sync 3 DAGs
[2024-04-04T01:11:34.884-0500] {logging_mixin.py:188} INFO - [2024-04-04T01:11:34.883-0500] {dag.py:3834} INFO - Setting next_dagrun for example_branch_datetime_operator to 2024-04-03 00:00:00+00:00, run_after=2024-04-04 00:00:00+00:00
[2024-04-04T01:11:34.885-0500] {logging_mixin.py:188} INFO - [2024-04-04T01:11:34.885-0500] {dag.py:3834} INFO - Setting next_dagrun for example_branch_datetime_operator_2 to 2024-04-03 00:00:00+00:00, run_after=2024-04-04 00:00:00+00:00
[2024-04-04T01:11:34.886-0500] {logging_mixin.py:188} INFO - [2024-04-04T01:11:34.886-0500] {dag.py:3834} INFO - Setting next_dagrun for example_branch_datetime_operator_3 to 2024-04-03 00:00:00+00:00, run_after=2024-04-04 00:00:00+00:00
[2024-04-04T01:11:34.892-0500] {processor.py:183} INFO - Processing /Volumes/SLU_CS/big_data_scd_all_types_project/.venv/lib/python3.11/site-packages/airflow/example_dags/example_branch_datetime_operator.py took 0.065 seconds
[2024-04-04T01:13:18.474-0500] {processor.py:161} INFO - Started process (PID=33443) to work on /Volumes/SLU_CS/big_data_scd_all_types_project/.venv/lib/python3.11/site-packages/airflow/example_dags/example_branch_datetime_operator.py
[2024-04-04T01:13:18.475-0500] {processor.py:830} INFO - Processing file /Volumes/SLU_CS/big_data_scd_all_types_project/.venv/lib/python3.11/site-packages/airflow/example_dags/example_branch_datetime_operator.py for tasks to queue
[2024-04-04T01:13:18.476-0500] {logging_mixin.py:188} INFO - [2024-04-04T01:13:18.476-0500] {dagbag.py:540} INFO - Filling up the DagBag from /Volumes/SLU_CS/big_data_scd_all_types_project/.venv/lib/python3.11/site-packages/airflow/example_dags/example_branch_datetime_operator.py
[2024-04-04T01:13:18.481-0500] {processor.py:840} INFO - DAG(s) 'example_branch_datetime_operator', 'example_branch_datetime_operator_2', 'example_branch_datetime_operator_3' retrieved from /Volumes/SLU_CS/big_data_scd_all_types_project/.venv/lib/python3.11/site-packages/airflow/example_dags/example_branch_datetime_operator.py
[2024-04-04T01:13:18.514-0500] {logging_mixin.py:188} INFO - [2024-04-04T01:13:18.514-0500] {dag.py:3047} INFO - Sync 3 DAGs
[2024-04-04T01:13:18.520-0500] {logging_mixin.py:188} INFO - [2024-04-04T01:13:18.520-0500] {dag.py:3834} INFO - Setting next_dagrun for example_branch_datetime_operator to 2024-04-03 00:00:00+00:00, run_after=2024-04-04 00:00:00+00:00
[2024-04-04T01:13:18.522-0500] {logging_mixin.py:188} INFO - [2024-04-04T01:13:18.522-0500] {dag.py:3834} INFO - Setting next_dagrun for example_branch_datetime_operator_2 to 2024-04-03 00:00:00+00:00, run_after=2024-04-04 00:00:00+00:00
[2024-04-04T01:13:18.522-0500] {logging_mixin.py:188} INFO - [2024-04-04T01:13:18.522-0500] {dag.py:3834} INFO - Setting next_dagrun for example_branch_datetime_operator_3 to 2024-04-03 00:00:00+00:00, run_after=2024-04-04 00:00:00+00:00
[2024-04-04T01:13:18.528-0500] {processor.py:183} INFO - Processing /Volumes/SLU_CS/big_data_scd_all_types_project/.venv/lib/python3.11/site-packages/airflow/example_dags/example_branch_datetime_operator.py took 0.054 seconds
[2024-04-04T01:14:56.285-0500] {processor.py:161} INFO - Started process (PID=33617) to work on /Volumes/SLU_CS/big_data_scd_all_types_project/.venv/lib/python3.11/site-packages/airflow/example_dags/example_branch_datetime_operator.py
[2024-04-04T01:14:56.286-0500] {processor.py:830} INFO - Processing file /Volumes/SLU_CS/big_data_scd_all_types_project/.venv/lib/python3.11/site-packages/airflow/example_dags/example_branch_datetime_operator.py for tasks to queue
[2024-04-04T01:14:56.286-0500] {logging_mixin.py:188} INFO - [2024-04-04T01:14:56.286-0500] {dagbag.py:540} INFO - Filling up the DagBag from /Volumes/SLU_CS/big_data_scd_all_types_project/.venv/lib/python3.11/site-packages/airflow/example_dags/example_branch_datetime_operator.py
[2024-04-04T01:14:56.291-0500] {processor.py:840} INFO - DAG(s) 'example_branch_datetime_operator', 'example_branch_datetime_operator_3', 'example_branch_datetime_operator_2' retrieved from /Volumes/SLU_CS/big_data_scd_all_types_project/.venv/lib/python3.11/site-packages/airflow/example_dags/example_branch_datetime_operator.py
[2024-04-04T01:14:56.328-0500] {logging_mixin.py:188} INFO - [2024-04-04T01:14:56.328-0500] {dag.py:3047} INFO - Sync 3 DAGs
[2024-04-04T01:14:56.334-0500] {logging_mixin.py:188} INFO - [2024-04-04T01:14:56.334-0500] {dag.py:3834} INFO - Setting next_dagrun for example_branch_datetime_operator to 2024-04-03 00:00:00+00:00, run_after=2024-04-04 00:00:00+00:00
[2024-04-04T01:14:56.336-0500] {logging_mixin.py:188} INFO - [2024-04-04T01:14:56.336-0500] {dag.py:3834} INFO - Setting next_dagrun for example_branch_datetime_operator_2 to 2024-04-03 00:00:00+00:00, run_after=2024-04-04 00:00:00+00:00
[2024-04-04T01:14:56.336-0500] {logging_mixin.py:188} INFO - [2024-04-04T01:14:56.336-0500] {dag.py:3834} INFO - Setting next_dagrun for example_branch_datetime_operator_3 to 2024-04-03 00:00:00+00:00, run_after=2024-04-04 00:00:00+00:00
[2024-04-04T01:14:56.342-0500] {processor.py:183} INFO - Processing /Volumes/SLU_CS/big_data_scd_all_types_project/.venv/lib/python3.11/site-packages/airflow/example_dags/example_branch_datetime_operator.py took 0.058 seconds
[2024-04-04T01:16:32.322-0500] {processor.py:161} INFO - Started process (PID=33783) to work on /Volumes/SLU_CS/big_data_scd_all_types_project/.venv/lib/python3.11/site-packages/airflow/example_dags/example_branch_datetime_operator.py
[2024-04-04T01:16:32.324-0500] {processor.py:830} INFO - Processing file /Volumes/SLU_CS/big_data_scd_all_types_project/.venv/lib/python3.11/site-packages/airflow/example_dags/example_branch_datetime_operator.py for tasks to queue
[2024-04-04T01:16:32.324-0500] {logging_mixin.py:188} INFO - [2024-04-04T01:16:32.324-0500] {dagbag.py:540} INFO - Filling up the DagBag from /Volumes/SLU_CS/big_data_scd_all_types_project/.venv/lib/python3.11/site-packages/airflow/example_dags/example_branch_datetime_operator.py
[2024-04-04T01:16:32.331-0500] {processor.py:840} INFO - DAG(s) 'example_branch_datetime_operator_2', 'example_branch_datetime_operator_3', 'example_branch_datetime_operator' retrieved from /Volumes/SLU_CS/big_data_scd_all_types_project/.venv/lib/python3.11/site-packages/airflow/example_dags/example_branch_datetime_operator.py
[2024-04-04T01:16:32.366-0500] {logging_mixin.py:188} INFO - [2024-04-04T01:16:32.366-0500] {dag.py:3047} INFO - Sync 3 DAGs
[2024-04-04T01:16:32.373-0500] {logging_mixin.py:188} INFO - [2024-04-04T01:16:32.372-0500] {dag.py:3834} INFO - Setting next_dagrun for example_branch_datetime_operator to 2024-04-03 00:00:00+00:00, run_after=2024-04-04 00:00:00+00:00
[2024-04-04T01:16:32.374-0500] {logging_mixin.py:188} INFO - [2024-04-04T01:16:32.374-0500] {dag.py:3834} INFO - Setting next_dagrun for example_branch_datetime_operator_2 to 2024-04-03 00:00:00+00:00, run_after=2024-04-04 00:00:00+00:00
[2024-04-04T01:16:32.375-0500] {logging_mixin.py:188} INFO - [2024-04-04T01:16:32.374-0500] {dag.py:3834} INFO - Setting next_dagrun for example_branch_datetime_operator_3 to 2024-04-03 00:00:00+00:00, run_after=2024-04-04 00:00:00+00:00
[2024-04-04T01:16:32.380-0500] {processor.py:183} INFO - Processing /Volumes/SLU_CS/big_data_scd_all_types_project/.venv/lib/python3.11/site-packages/airflow/example_dags/example_branch_datetime_operator.py took 0.059 seconds
[2024-04-04T01:18:19.298-0500] {processor.py:161} INFO - Started process (PID=33945) to work on /Volumes/SLU_CS/big_data_scd_all_types_project/.venv/lib/python3.11/site-packages/airflow/example_dags/example_branch_datetime_operator.py
[2024-04-04T01:18:19.299-0500] {processor.py:830} INFO - Processing file /Volumes/SLU_CS/big_data_scd_all_types_project/.venv/lib/python3.11/site-packages/airflow/example_dags/example_branch_datetime_operator.py for tasks to queue
[2024-04-04T01:18:19.299-0500] {logging_mixin.py:188} INFO - [2024-04-04T01:18:19.299-0500] {dagbag.py:540} INFO - Filling up the DagBag from /Volumes/SLU_CS/big_data_scd_all_types_project/.venv/lib/python3.11/site-packages/airflow/example_dags/example_branch_datetime_operator.py
[2024-04-04T01:18:19.305-0500] {processor.py:840} INFO - DAG(s) 'example_branch_datetime_operator', 'example_branch_datetime_operator_3', 'example_branch_datetime_operator_2' retrieved from /Volumes/SLU_CS/big_data_scd_all_types_project/.venv/lib/python3.11/site-packages/airflow/example_dags/example_branch_datetime_operator.py
[2024-04-04T01:18:19.337-0500] {logging_mixin.py:188} INFO - [2024-04-04T01:18:19.337-0500] {dag.py:3047} INFO - Sync 3 DAGs
[2024-04-04T01:18:19.343-0500] {logging_mixin.py:188} INFO - [2024-04-04T01:18:19.343-0500] {dag.py:3834} INFO - Setting next_dagrun for example_branch_datetime_operator to 2024-04-03 00:00:00+00:00, run_after=2024-04-04 00:00:00+00:00
[2024-04-04T01:18:19.345-0500] {logging_mixin.py:188} INFO - [2024-04-04T01:18:19.344-0500] {dag.py:3834} INFO - Setting next_dagrun for example_branch_datetime_operator_2 to 2024-04-03 00:00:00+00:00, run_after=2024-04-04 00:00:00+00:00
[2024-04-04T01:18:19.345-0500] {logging_mixin.py:188} INFO - [2024-04-04T01:18:19.345-0500] {dag.py:3834} INFO - Setting next_dagrun for example_branch_datetime_operator_3 to 2024-04-03 00:00:00+00:00, run_after=2024-04-04 00:00:00+00:00
[2024-04-04T01:18:19.351-0500] {processor.py:183} INFO - Processing /Volumes/SLU_CS/big_data_scd_all_types_project/.venv/lib/python3.11/site-packages/airflow/example_dags/example_branch_datetime_operator.py took 0.054 seconds
[2024-04-04T01:20:09.692-0500] {processor.py:161} INFO - Started process (PID=34244) to work on /Volumes/SLU_CS/big_data_scd_all_types_project/.venv/lib/python3.11/site-packages/airflow/example_dags/example_branch_datetime_operator.py
[2024-04-04T01:20:09.693-0500] {processor.py:830} INFO - Processing file /Volumes/SLU_CS/big_data_scd_all_types_project/.venv/lib/python3.11/site-packages/airflow/example_dags/example_branch_datetime_operator.py for tasks to queue
[2024-04-04T01:20:09.694-0500] {logging_mixin.py:188} INFO - [2024-04-04T01:20:09.694-0500] {dagbag.py:540} INFO - Filling up the DagBag from /Volumes/SLU_CS/big_data_scd_all_types_project/.venv/lib/python3.11/site-packages/airflow/example_dags/example_branch_datetime_operator.py
[2024-04-04T01:20:09.698-0500] {processor.py:840} INFO - DAG(s) 'example_branch_datetime_operator_3', 'example_branch_datetime_operator', 'example_branch_datetime_operator_2' retrieved from /Volumes/SLU_CS/big_data_scd_all_types_project/.venv/lib/python3.11/site-packages/airflow/example_dags/example_branch_datetime_operator.py
[2024-04-04T01:20:09.733-0500] {logging_mixin.py:188} INFO - [2024-04-04T01:20:09.733-0500] {dag.py:3047} INFO - Sync 3 DAGs
[2024-04-04T01:20:09.740-0500] {logging_mixin.py:188} INFO - [2024-04-04T01:20:09.740-0500] {dag.py:3834} INFO - Setting next_dagrun for example_branch_datetime_operator to 2024-04-03 00:00:00+00:00, run_after=2024-04-04 00:00:00+00:00
[2024-04-04T01:20:09.741-0500] {logging_mixin.py:188} INFO - [2024-04-04T01:20:09.741-0500] {dag.py:3834} INFO - Setting next_dagrun for example_branch_datetime_operator_2 to 2024-04-03 00:00:00+00:00, run_after=2024-04-04 00:00:00+00:00
[2024-04-04T01:20:09.742-0500] {logging_mixin.py:188} INFO - [2024-04-04T01:20:09.742-0500] {dag.py:3834} INFO - Setting next_dagrun for example_branch_datetime_operator_3 to 2024-04-03 00:00:00+00:00, run_after=2024-04-04 00:00:00+00:00
[2024-04-04T01:20:09.748-0500] {processor.py:183} INFO - Processing /Volumes/SLU_CS/big_data_scd_all_types_project/.venv/lib/python3.11/site-packages/airflow/example_dags/example_branch_datetime_operator.py took 0.057 seconds
