[2024-04-04T01:02:48.995-0500] {processor.py:161} INFO - Started process (PID=31987) to work on /Volumes/SLU_CS/big_data_scd_all_types_project/.venv/lib/python3.11/site-packages/airflow/example_dags/example_branch_python_dop_operator_3.py
[2024-04-04T01:02:48.995-0500] {processor.py:830} INFO - Processing file /Volumes/SLU_CS/big_data_scd_all_types_project/.venv/lib/python3.11/site-packages/airflow/example_dags/example_branch_python_dop_operator_3.py for tasks to queue
[2024-04-04T01:02:48.995-0500] {logging_mixin.py:188} INFO - [2024-04-04T01:02:48.995-0500] {dagbag.py:540} INFO - Filling up the DagBag from /Volumes/SLU_CS/big_data_scd_all_types_project/.venv/lib/python3.11/site-packages/airflow/example_dags/example_branch_python_dop_operator_3.py
[2024-04-04T01:02:49.015-0500] {processor.py:840} INFO - DAG(s) 'example_branch_dop_operator_v3' retrieved from /Volumes/SLU_CS/big_data_scd_all_types_project/.venv/lib/python3.11/site-packages/airflow/example_dags/example_branch_python_dop_operator_3.py
[2024-04-04T01:02:49.102-0500] {logging_mixin.py:188} INFO - [2024-04-04T01:02:49.101-0500] {dag.py:3047} INFO - Sync 1 DAGs
[2024-04-04T01:02:49.109-0500] {logging_mixin.py:188} INFO - [2024-04-04T01:02:49.108-0500] {dag.py:3834} INFO - Setting next_dagrun for example_branch_dop_operator_v3 to 2024-04-04 06:01:00+00:00, run_after=2024-04-04 06:02:00+00:00
[2024-04-04T01:02:49.115-0500] {processor.py:183} INFO - Processing /Volumes/SLU_CS/big_data_scd_all_types_project/.venv/lib/python3.11/site-packages/airflow/example_dags/example_branch_python_dop_operator_3.py took 0.121 seconds
[2024-04-04T01:04:33.844-0500] {processor.py:161} INFO - Started process (PID=32267) to work on /Volumes/SLU_CS/big_data_scd_all_types_project/.venv/lib/python3.11/site-packages/airflow/example_dags/example_branch_python_dop_operator_3.py
[2024-04-04T01:04:33.846-0500] {processor.py:830} INFO - Processing file /Volumes/SLU_CS/big_data_scd_all_types_project/.venv/lib/python3.11/site-packages/airflow/example_dags/example_branch_python_dop_operator_3.py for tasks to queue
[2024-04-04T01:04:33.846-0500] {logging_mixin.py:188} INFO - [2024-04-04T01:04:33.846-0500] {dagbag.py:540} INFO - Filling up the DagBag from /Volumes/SLU_CS/big_data_scd_all_types_project/.venv/lib/python3.11/site-packages/airflow/example_dags/example_branch_python_dop_operator_3.py
[2024-04-04T01:04:33.859-0500] {processor.py:840} INFO - DAG(s) 'example_branch_dop_operator_v3' retrieved from /Volumes/SLU_CS/big_data_scd_all_types_project/.venv/lib/python3.11/site-packages/airflow/example_dags/example_branch_python_dop_operator_3.py
[2024-04-04T01:04:33.888-0500] {logging_mixin.py:188} INFO - [2024-04-04T01:04:33.888-0500] {dag.py:3047} INFO - Sync 1 DAGs
[2024-04-04T01:04:33.895-0500] {logging_mixin.py:188} INFO - [2024-04-04T01:04:33.895-0500] {dag.py:3834} INFO - Setting next_dagrun for example_branch_dop_operator_v3 to 2024-04-04 06:03:00+00:00, run_after=2024-04-04 06:04:00+00:00
[2024-04-04T01:04:33.901-0500] {processor.py:183} INFO - Processing /Volumes/SLU_CS/big_data_scd_all_types_project/.venv/lib/python3.11/site-packages/airflow/example_dags/example_branch_python_dop_operator_3.py took 0.057 seconds
[2024-04-04T01:06:17.067-0500] {processor.py:161} INFO - Started process (PID=32452) to work on /Volumes/SLU_CS/big_data_scd_all_types_project/.venv/lib/python3.11/site-packages/airflow/example_dags/example_branch_python_dop_operator_3.py
[2024-04-04T01:06:17.067-0500] {processor.py:830} INFO - Processing file /Volumes/SLU_CS/big_data_scd_all_types_project/.venv/lib/python3.11/site-packages/airflow/example_dags/example_branch_python_dop_operator_3.py for tasks to queue
[2024-04-04T01:06:17.067-0500] {logging_mixin.py:188} INFO - [2024-04-04T01:06:17.067-0500] {dagbag.py:540} INFO - Filling up the DagBag from /Volumes/SLU_CS/big_data_scd_all_types_project/.venv/lib/python3.11/site-packages/airflow/example_dags/example_branch_python_dop_operator_3.py
[2024-04-04T01:06:17.087-0500] {processor.py:840} INFO - DAG(s) 'example_branch_dop_operator_v3' retrieved from /Volumes/SLU_CS/big_data_scd_all_types_project/.venv/lib/python3.11/site-packages/airflow/example_dags/example_branch_python_dop_operator_3.py
[2024-04-04T01:06:17.120-0500] {logging_mixin.py:188} INFO - [2024-04-04T01:06:17.119-0500] {dag.py:3047} INFO - Sync 1 DAGs
[2024-04-04T01:06:17.129-0500] {logging_mixin.py:188} INFO - [2024-04-04T01:06:17.128-0500] {dag.py:3834} INFO - Setting next_dagrun for example_branch_dop_operator_v3 to 2024-04-04 06:05:00+00:00, run_after=2024-04-04 06:06:00+00:00
[2024-04-04T01:06:17.137-0500] {processor.py:183} INFO - Processing /Volumes/SLU_CS/big_data_scd_all_types_project/.venv/lib/python3.11/site-packages/airflow/example_dags/example_branch_python_dop_operator_3.py took 0.071 seconds
[2024-04-04T01:07:58.552-0500] {processor.py:161} INFO - Started process (PID=32659) to work on /Volumes/SLU_CS/big_data_scd_all_types_project/.venv/lib/python3.11/site-packages/airflow/example_dags/example_branch_python_dop_operator_3.py
[2024-04-04T01:07:58.552-0500] {processor.py:830} INFO - Processing file /Volumes/SLU_CS/big_data_scd_all_types_project/.venv/lib/python3.11/site-packages/airflow/example_dags/example_branch_python_dop_operator_3.py for tasks to queue
[2024-04-04T01:07:58.553-0500] {logging_mixin.py:188} INFO - [2024-04-04T01:07:58.553-0500] {dagbag.py:540} INFO - Filling up the DagBag from /Volumes/SLU_CS/big_data_scd_all_types_project/.venv/lib/python3.11/site-packages/airflow/example_dags/example_branch_python_dop_operator_3.py
[2024-04-04T01:07:58.567-0500] {processor.py:840} INFO - DAG(s) 'example_branch_dop_operator_v3' retrieved from /Volumes/SLU_CS/big_data_scd_all_types_project/.venv/lib/python3.11/site-packages/airflow/example_dags/example_branch_python_dop_operator_3.py
[2024-04-04T01:07:58.595-0500] {logging_mixin.py:188} INFO - [2024-04-04T01:07:58.595-0500] {dag.py:3047} INFO - Sync 1 DAGs
[2024-04-04T01:07:58.602-0500] {logging_mixin.py:188} INFO - [2024-04-04T01:07:58.602-0500] {dag.py:3834} INFO - Setting next_dagrun for example_branch_dop_operator_v3 to 2024-04-04 06:06:00+00:00, run_after=2024-04-04 06:07:00+00:00
[2024-04-04T01:07:58.608-0500] {processor.py:183} INFO - Processing /Volumes/SLU_CS/big_data_scd_all_types_project/.venv/lib/python3.11/site-packages/airflow/example_dags/example_branch_python_dop_operator_3.py took 0.058 seconds
[2024-04-04T01:09:45.873-0500] {processor.py:161} INFO - Started process (PID=32852) to work on /Volumes/SLU_CS/big_data_scd_all_types_project/.venv/lib/python3.11/site-packages/airflow/example_dags/example_branch_python_dop_operator_3.py
[2024-04-04T01:09:45.874-0500] {processor.py:830} INFO - Processing file /Volumes/SLU_CS/big_data_scd_all_types_project/.venv/lib/python3.11/site-packages/airflow/example_dags/example_branch_python_dop_operator_3.py for tasks to queue
[2024-04-04T01:09:45.876-0500] {logging_mixin.py:188} INFO - [2024-04-04T01:09:45.875-0500] {dagbag.py:540} INFO - Filling up the DagBag from /Volumes/SLU_CS/big_data_scd_all_types_project/.venv/lib/python3.11/site-packages/airflow/example_dags/example_branch_python_dop_operator_3.py
[2024-04-04T01:09:45.903-0500] {processor.py:840} INFO - DAG(s) 'example_branch_dop_operator_v3' retrieved from /Volumes/SLU_CS/big_data_scd_all_types_project/.venv/lib/python3.11/site-packages/airflow/example_dags/example_branch_python_dop_operator_3.py
[2024-04-04T01:09:45.943-0500] {logging_mixin.py:188} INFO - [2024-04-04T01:09:45.943-0500] {dag.py:3047} INFO - Sync 1 DAGs
[2024-04-04T01:09:45.951-0500] {logging_mixin.py:188} INFO - [2024-04-04T01:09:45.950-0500] {dag.py:3834} INFO - Setting next_dagrun for example_branch_dop_operator_v3 to 2024-04-04 06:08:00+00:00, run_after=2024-04-04 06:09:00+00:00
[2024-04-04T01:09:45.960-0500] {processor.py:183} INFO - Processing /Volumes/SLU_CS/big_data_scd_all_types_project/.venv/lib/python3.11/site-packages/airflow/example_dags/example_branch_python_dop_operator_3.py took 0.089 seconds
[2024-04-04T01:11:25.901-0500] {processor.py:161} INFO - Started process (PID=33115) to work on /Volumes/SLU_CS/big_data_scd_all_types_project/.venv/lib/python3.11/site-packages/airflow/example_dags/example_branch_python_dop_operator_3.py
[2024-04-04T01:11:25.901-0500] {processor.py:830} INFO - Processing file /Volumes/SLU_CS/big_data_scd_all_types_project/.venv/lib/python3.11/site-packages/airflow/example_dags/example_branch_python_dop_operator_3.py for tasks to queue
[2024-04-04T01:11:25.902-0500] {logging_mixin.py:188} INFO - [2024-04-04T01:11:25.902-0500] {dagbag.py:540} INFO - Filling up the DagBag from /Volumes/SLU_CS/big_data_scd_all_types_project/.venv/lib/python3.11/site-packages/airflow/example_dags/example_branch_python_dop_operator_3.py
[2024-04-04T01:11:25.917-0500] {processor.py:840} INFO - DAG(s) 'example_branch_dop_operator_v3' retrieved from /Volumes/SLU_CS/big_data_scd_all_types_project/.venv/lib/python3.11/site-packages/airflow/example_dags/example_branch_python_dop_operator_3.py
[2024-04-04T01:11:25.948-0500] {logging_mixin.py:188} INFO - [2024-04-04T01:11:25.948-0500] {dag.py:3047} INFO - Sync 1 DAGs
[2024-04-04T01:11:25.955-0500] {logging_mixin.py:188} INFO - [2024-04-04T01:11:25.955-0500] {dag.py:3834} INFO - Setting next_dagrun for example_branch_dop_operator_v3 to 2024-04-04 06:10:00+00:00, run_after=2024-04-04 06:11:00+00:00
[2024-04-04T01:11:25.962-0500] {processor.py:183} INFO - Processing /Volumes/SLU_CS/big_data_scd_all_types_project/.venv/lib/python3.11/site-packages/airflow/example_dags/example_branch_python_dop_operator_3.py took 0.062 seconds
[2024-04-04T01:13:11.236-0500] {processor.py:161} INFO - Started process (PID=33426) to work on /Volumes/SLU_CS/big_data_scd_all_types_project/.venv/lib/python3.11/site-packages/airflow/example_dags/example_branch_python_dop_operator_3.py
[2024-04-04T01:13:11.237-0500] {processor.py:830} INFO - Processing file /Volumes/SLU_CS/big_data_scd_all_types_project/.venv/lib/python3.11/site-packages/airflow/example_dags/example_branch_python_dop_operator_3.py for tasks to queue
[2024-04-04T01:13:11.237-0500] {logging_mixin.py:188} INFO - [2024-04-04T01:13:11.237-0500] {dagbag.py:540} INFO - Filling up the DagBag from /Volumes/SLU_CS/big_data_scd_all_types_project/.venv/lib/python3.11/site-packages/airflow/example_dags/example_branch_python_dop_operator_3.py
[2024-04-04T01:13:11.251-0500] {processor.py:840} INFO - DAG(s) 'example_branch_dop_operator_v3' retrieved from /Volumes/SLU_CS/big_data_scd_all_types_project/.venv/lib/python3.11/site-packages/airflow/example_dags/example_branch_python_dop_operator_3.py
[2024-04-04T01:13:11.280-0500] {logging_mixin.py:188} INFO - [2024-04-04T01:13:11.280-0500] {dag.py:3047} INFO - Sync 1 DAGs
[2024-04-04T01:13:11.287-0500] {logging_mixin.py:188} INFO - [2024-04-04T01:13:11.287-0500] {dag.py:3834} INFO - Setting next_dagrun for example_branch_dop_operator_v3 to 2024-04-04 06:12:00+00:00, run_after=2024-04-04 06:13:00+00:00
[2024-04-04T01:13:11.294-0500] {processor.py:183} INFO - Processing /Volumes/SLU_CS/big_data_scd_all_types_project/.venv/lib/python3.11/site-packages/airflow/example_dags/example_branch_python_dop_operator_3.py took 0.059 seconds
[2024-04-04T01:14:48.227-0500] {processor.py:161} INFO - Started process (PID=33606) to work on /Volumes/SLU_CS/big_data_scd_all_types_project/.venv/lib/python3.11/site-packages/airflow/example_dags/example_branch_python_dop_operator_3.py
[2024-04-04T01:14:48.228-0500] {processor.py:830} INFO - Processing file /Volumes/SLU_CS/big_data_scd_all_types_project/.venv/lib/python3.11/site-packages/airflow/example_dags/example_branch_python_dop_operator_3.py for tasks to queue
[2024-04-04T01:14:48.229-0500] {logging_mixin.py:188} INFO - [2024-04-04T01:14:48.228-0500] {dagbag.py:540} INFO - Filling up the DagBag from /Volumes/SLU_CS/big_data_scd_all_types_project/.venv/lib/python3.11/site-packages/airflow/example_dags/example_branch_python_dop_operator_3.py
[2024-04-04T01:14:48.246-0500] {processor.py:840} INFO - DAG(s) 'example_branch_dop_operator_v3' retrieved from /Volumes/SLU_CS/big_data_scd_all_types_project/.venv/lib/python3.11/site-packages/airflow/example_dags/example_branch_python_dop_operator_3.py
[2024-04-04T01:14:48.277-0500] {logging_mixin.py:188} INFO - [2024-04-04T01:14:48.277-0500] {dag.py:3047} INFO - Sync 1 DAGs
[2024-04-04T01:14:48.284-0500] {logging_mixin.py:188} INFO - [2024-04-04T01:14:48.284-0500] {dag.py:3834} INFO - Setting next_dagrun for example_branch_dop_operator_v3 to 2024-04-04 06:13:00+00:00, run_after=2024-04-04 06:14:00+00:00
[2024-04-04T01:14:48.291-0500] {processor.py:183} INFO - Processing /Volumes/SLU_CS/big_data_scd_all_types_project/.venv/lib/python3.11/site-packages/airflow/example_dags/example_branch_python_dop_operator_3.py took 0.064 seconds
[2024-04-04T01:16:23.322-0500] {processor.py:161} INFO - Started process (PID=33752) to work on /Volumes/SLU_CS/big_data_scd_all_types_project/.venv/lib/python3.11/site-packages/airflow/example_dags/example_branch_python_dop_operator_3.py
[2024-04-04T01:16:23.323-0500] {processor.py:830} INFO - Processing file /Volumes/SLU_CS/big_data_scd_all_types_project/.venv/lib/python3.11/site-packages/airflow/example_dags/example_branch_python_dop_operator_3.py for tasks to queue
[2024-04-04T01:16:23.323-0500] {logging_mixin.py:188} INFO - [2024-04-04T01:16:23.323-0500] {dagbag.py:540} INFO - Filling up the DagBag from /Volumes/SLU_CS/big_data_scd_all_types_project/.venv/lib/python3.11/site-packages/airflow/example_dags/example_branch_python_dop_operator_3.py
[2024-04-04T01:16:23.338-0500] {processor.py:840} INFO - DAG(s) 'example_branch_dop_operator_v3' retrieved from /Volumes/SLU_CS/big_data_scd_all_types_project/.venv/lib/python3.11/site-packages/airflow/example_dags/example_branch_python_dop_operator_3.py
[2024-04-04T01:16:23.367-0500] {logging_mixin.py:188} INFO - [2024-04-04T01:16:23.367-0500] {dag.py:3047} INFO - Sync 1 DAGs
[2024-04-04T01:16:23.374-0500] {logging_mixin.py:188} INFO - [2024-04-04T01:16:23.374-0500] {dag.py:3834} INFO - Setting next_dagrun for example_branch_dop_operator_v3 to 2024-04-04 06:15:00+00:00, run_after=2024-04-04 06:16:00+00:00
[2024-04-04T01:16:23.380-0500] {processor.py:183} INFO - Processing /Volumes/SLU_CS/big_data_scd_all_types_project/.venv/lib/python3.11/site-packages/airflow/example_dags/example_branch_python_dop_operator_3.py took 0.061 seconds
[2024-04-04T01:18:10.547-0500] {processor.py:161} INFO - Started process (PID=33934) to work on /Volumes/SLU_CS/big_data_scd_all_types_project/.venv/lib/python3.11/site-packages/airflow/example_dags/example_branch_python_dop_operator_3.py
[2024-04-04T01:18:10.547-0500] {processor.py:830} INFO - Processing file /Volumes/SLU_CS/big_data_scd_all_types_project/.venv/lib/python3.11/site-packages/airflow/example_dags/example_branch_python_dop_operator_3.py for tasks to queue
[2024-04-04T01:18:10.548-0500] {logging_mixin.py:188} INFO - [2024-04-04T01:18:10.547-0500] {dagbag.py:540} INFO - Filling up the DagBag from /Volumes/SLU_CS/big_data_scd_all_types_project/.venv/lib/python3.11/site-packages/airflow/example_dags/example_branch_python_dop_operator_3.py
[2024-04-04T01:18:10.561-0500] {processor.py:840} INFO - DAG(s) 'example_branch_dop_operator_v3' retrieved from /Volumes/SLU_CS/big_data_scd_all_types_project/.venv/lib/python3.11/site-packages/airflow/example_dags/example_branch_python_dop_operator_3.py
[2024-04-04T01:18:10.591-0500] {logging_mixin.py:188} INFO - [2024-04-04T01:18:10.590-0500] {dag.py:3047} INFO - Sync 1 DAGs
[2024-04-04T01:18:10.598-0500] {logging_mixin.py:188} INFO - [2024-04-04T01:18:10.598-0500] {dag.py:3834} INFO - Setting next_dagrun for example_branch_dop_operator_v3 to 2024-04-04 06:17:00+00:00, run_after=2024-04-04 06:18:00+00:00
[2024-04-04T01:18:10.604-0500] {processor.py:183} INFO - Processing /Volumes/SLU_CS/big_data_scd_all_types_project/.venv/lib/python3.11/site-packages/airflow/example_dags/example_branch_python_dop_operator_3.py took 0.060 seconds
[2024-04-04T01:20:01.112-0500] {processor.py:161} INFO - Started process (PID=34229) to work on /Volumes/SLU_CS/big_data_scd_all_types_project/.venv/lib/python3.11/site-packages/airflow/example_dags/example_branch_python_dop_operator_3.py
[2024-04-04T01:20:01.113-0500] {processor.py:830} INFO - Processing file /Volumes/SLU_CS/big_data_scd_all_types_project/.venv/lib/python3.11/site-packages/airflow/example_dags/example_branch_python_dop_operator_3.py for tasks to queue
[2024-04-04T01:20:01.114-0500] {logging_mixin.py:188} INFO - [2024-04-04T01:20:01.114-0500] {dagbag.py:540} INFO - Filling up the DagBag from /Volumes/SLU_CS/big_data_scd_all_types_project/.venv/lib/python3.11/site-packages/airflow/example_dags/example_branch_python_dop_operator_3.py
[2024-04-04T01:20:01.128-0500] {processor.py:840} INFO - DAG(s) 'example_branch_dop_operator_v3' retrieved from /Volumes/SLU_CS/big_data_scd_all_types_project/.venv/lib/python3.11/site-packages/airflow/example_dags/example_branch_python_dop_operator_3.py
[2024-04-04T01:20:01.158-0500] {logging_mixin.py:188} INFO - [2024-04-04T01:20:01.158-0500] {dag.py:3047} INFO - Sync 1 DAGs
[2024-04-04T01:20:01.166-0500] {logging_mixin.py:188} INFO - [2024-04-04T01:20:01.165-0500] {dag.py:3834} INFO - Setting next_dagrun for example_branch_dop_operator_v3 to 2024-04-04 06:19:00+00:00, run_after=2024-04-04 06:20:00+00:00
[2024-04-04T01:20:01.172-0500] {processor.py:183} INFO - Processing /Volumes/SLU_CS/big_data_scd_all_types_project/.venv/lib/python3.11/site-packages/airflow/example_dags/example_branch_python_dop_operator_3.py took 0.061 seconds
