[2024-04-04T01:02:28.538-0500] {processor.py:161} INFO - Started process (PID=31952) to work on /Volumes/SLU_CS/big_data_scd_all_types_project/.venv/lib/python3.11/site-packages/airflow/example_dags/example_params_trigger_ui.py
[2024-04-04T01:02:28.538-0500] {processor.py:830} INFO - Processing file /Volumes/SLU_CS/big_data_scd_all_types_project/.venv/lib/python3.11/site-packages/airflow/example_dags/example_params_trigger_ui.py for tasks to queue
[2024-04-04T01:02:28.539-0500] {logging_mixin.py:188} INFO - [2024-04-04T01:02:28.538-0500] {dagbag.py:540} INFO - Filling up the DagBag from /Volumes/SLU_CS/big_data_scd_all_types_project/.venv/lib/python3.11/site-packages/airflow/example_dags/example_params_trigger_ui.py
[2024-04-04T01:02:28.553-0500] {processor.py:840} INFO - DAG(s) 'example_params_trigger_ui' retrieved from /Volumes/SLU_CS/big_data_scd_all_types_project/.venv/lib/python3.11/site-packages/airflow/example_dags/example_params_trigger_ui.py
[2024-04-04T01:02:28.642-0500] {logging_mixin.py:188} INFO - [2024-04-04T01:02:28.642-0500] {dag.py:3047} INFO - Sync 1 DAGs
[2024-04-04T01:02:28.646-0500] {logging_mixin.py:188} INFO - [2024-04-04T01:02:28.646-0500] {dag.py:3834} INFO - Setting next_dagrun for example_params_trigger_ui to None, run_after=None
[2024-04-04T01:02:28.654-0500] {processor.py:183} INFO - Processing /Volumes/SLU_CS/big_data_scd_all_types_project/.venv/lib/python3.11/site-packages/airflow/example_dags/example_params_trigger_ui.py took 0.117 seconds
[2024-04-04T01:03:49.978-0500] {processor.py:161} INFO - Started process (PID=32149) to work on /Volumes/SLU_CS/big_data_scd_all_types_project/.venv/lib/python3.11/site-packages/airflow/example_dags/example_params_trigger_ui.py
[2024-04-04T01:03:49.980-0500] {processor.py:830} INFO - Processing file /Volumes/SLU_CS/big_data_scd_all_types_project/.venv/lib/python3.11/site-packages/airflow/example_dags/example_params_trigger_ui.py for tasks to queue
[2024-04-04T01:03:49.980-0500] {logging_mixin.py:188} INFO - [2024-04-04T01:03:49.980-0500] {dagbag.py:540} INFO - Filling up the DagBag from /Volumes/SLU_CS/big_data_scd_all_types_project/.venv/lib/python3.11/site-packages/airflow/example_dags/example_params_trigger_ui.py
[2024-04-04T01:03:49.994-0500] {processor.py:840} INFO - DAG(s) 'example_params_trigger_ui' retrieved from /Volumes/SLU_CS/big_data_scd_all_types_project/.venv/lib/python3.11/site-packages/airflow/example_dags/example_params_trigger_ui.py
[2024-04-04T01:03:50.030-0500] {logging_mixin.py:188} INFO - [2024-04-04T01:03:50.030-0500] {dag.py:3047} INFO - Sync 1 DAGs
[2024-04-04T01:03:50.033-0500] {logging_mixin.py:188} INFO - [2024-04-04T01:03:50.033-0500] {dag.py:3834} INFO - Setting next_dagrun for example_params_trigger_ui to None, run_after=None
[2024-04-04T01:03:50.042-0500] {processor.py:183} INFO - Processing /Volumes/SLU_CS/big_data_scd_all_types_project/.venv/lib/python3.11/site-packages/airflow/example_dags/example_params_trigger_ui.py took 0.064 seconds
[2024-04-04T01:05:32.324-0500] {processor.py:161} INFO - Started process (PID=32351) to work on /Volumes/SLU_CS/big_data_scd_all_types_project/.venv/lib/python3.11/site-packages/airflow/example_dags/example_params_trigger_ui.py
[2024-04-04T01:05:32.325-0500] {processor.py:830} INFO - Processing file /Volumes/SLU_CS/big_data_scd_all_types_project/.venv/lib/python3.11/site-packages/airflow/example_dags/example_params_trigger_ui.py for tasks to queue
[2024-04-04T01:05:32.325-0500] {logging_mixin.py:188} INFO - [2024-04-04T01:05:32.325-0500] {dagbag.py:540} INFO - Filling up the DagBag from /Volumes/SLU_CS/big_data_scd_all_types_project/.venv/lib/python3.11/site-packages/airflow/example_dags/example_params_trigger_ui.py
[2024-04-04T01:05:32.339-0500] {processor.py:840} INFO - DAG(s) 'example_params_trigger_ui' retrieved from /Volumes/SLU_CS/big_data_scd_all_types_project/.venv/lib/python3.11/site-packages/airflow/example_dags/example_params_trigger_ui.py
[2024-04-04T01:05:32.374-0500] {logging_mixin.py:188} INFO - [2024-04-04T01:05:32.374-0500] {dag.py:3047} INFO - Sync 1 DAGs
[2024-04-04T01:05:32.377-0500] {logging_mixin.py:188} INFO - [2024-04-04T01:05:32.377-0500] {dag.py:3834} INFO - Setting next_dagrun for example_params_trigger_ui to None, run_after=None
[2024-04-04T01:05:32.384-0500] {processor.py:183} INFO - Processing /Volumes/SLU_CS/big_data_scd_all_types_project/.venv/lib/python3.11/site-packages/airflow/example_dags/example_params_trigger_ui.py took 0.061 seconds
[2024-04-04T01:07:37.654-0500] {processor.py:161} INFO - Started process (PID=32631) to work on /Volumes/SLU_CS/big_data_scd_all_types_project/.venv/lib/python3.11/site-packages/airflow/example_dags/example_params_trigger_ui.py
[2024-04-04T01:07:37.654-0500] {processor.py:830} INFO - Processing file /Volumes/SLU_CS/big_data_scd_all_types_project/.venv/lib/python3.11/site-packages/airflow/example_dags/example_params_trigger_ui.py for tasks to queue
[2024-04-04T01:07:37.654-0500] {logging_mixin.py:188} INFO - [2024-04-04T01:07:37.654-0500] {dagbag.py:540} INFO - Filling up the DagBag from /Volumes/SLU_CS/big_data_scd_all_types_project/.venv/lib/python3.11/site-packages/airflow/example_dags/example_params_trigger_ui.py
[2024-04-04T01:07:37.674-0500] {processor.py:840} INFO - DAG(s) 'example_params_trigger_ui' retrieved from /Volumes/SLU_CS/big_data_scd_all_types_project/.venv/lib/python3.11/site-packages/airflow/example_dags/example_params_trigger_ui.py
[2024-04-04T01:07:37.712-0500] {logging_mixin.py:188} INFO - [2024-04-04T01:07:37.712-0500] {dag.py:3047} INFO - Sync 1 DAGs
[2024-04-04T01:07:37.715-0500] {logging_mixin.py:188} INFO - [2024-04-04T01:07:37.715-0500] {dag.py:3834} INFO - Setting next_dagrun for example_params_trigger_ui to None, run_after=None
[2024-04-04T01:07:37.722-0500] {processor.py:183} INFO - Processing /Volumes/SLU_CS/big_data_scd_all_types_project/.venv/lib/python3.11/site-packages/airflow/example_dags/example_params_trigger_ui.py took 0.069 seconds
[2024-04-04T01:09:01.852-0500] {processor.py:161} INFO - Started process (PID=32755) to work on /Volumes/SLU_CS/big_data_scd_all_types_project/.venv/lib/python3.11/site-packages/airflow/example_dags/example_params_trigger_ui.py
[2024-04-04T01:09:01.852-0500] {processor.py:830} INFO - Processing file /Volumes/SLU_CS/big_data_scd_all_types_project/.venv/lib/python3.11/site-packages/airflow/example_dags/example_params_trigger_ui.py for tasks to queue
[2024-04-04T01:09:01.852-0500] {logging_mixin.py:188} INFO - [2024-04-04T01:09:01.852-0500] {dagbag.py:540} INFO - Filling up the DagBag from /Volumes/SLU_CS/big_data_scd_all_types_project/.venv/lib/python3.11/site-packages/airflow/example_dags/example_params_trigger_ui.py
[2024-04-04T01:09:01.868-0500] {processor.py:840} INFO - DAG(s) 'example_params_trigger_ui' retrieved from /Volumes/SLU_CS/big_data_scd_all_types_project/.venv/lib/python3.11/site-packages/airflow/example_dags/example_params_trigger_ui.py
[2024-04-04T01:09:01.910-0500] {logging_mixin.py:188} INFO - [2024-04-04T01:09:01.910-0500] {dag.py:3047} INFO - Sync 1 DAGs
[2024-04-04T01:09:01.915-0500] {logging_mixin.py:188} INFO - [2024-04-04T01:09:01.915-0500] {dag.py:3834} INFO - Setting next_dagrun for example_params_trigger_ui to None, run_after=None
[2024-04-04T01:09:01.931-0500] {processor.py:183} INFO - Processing /Volumes/SLU_CS/big_data_scd_all_types_project/.venv/lib/python3.11/site-packages/airflow/example_dags/example_params_trigger_ui.py took 0.080 seconds
[2024-04-04T01:10:41.617-0500] {processor.py:161} INFO - Started process (PID=32993) to work on /Volumes/SLU_CS/big_data_scd_all_types_project/.venv/lib/python3.11/site-packages/airflow/example_dags/example_params_trigger_ui.py
[2024-04-04T01:10:41.635-0500] {processor.py:830} INFO - Processing file /Volumes/SLU_CS/big_data_scd_all_types_project/.venv/lib/python3.11/site-packages/airflow/example_dags/example_params_trigger_ui.py for tasks to queue
[2024-04-04T01:10:41.636-0500] {logging_mixin.py:188} INFO - [2024-04-04T01:10:41.636-0500] {dagbag.py:540} INFO - Filling up the DagBag from /Volumes/SLU_CS/big_data_scd_all_types_project/.venv/lib/python3.11/site-packages/airflow/example_dags/example_params_trigger_ui.py
[2024-04-04T01:10:41.662-0500] {processor.py:840} INFO - DAG(s) 'example_params_trigger_ui' retrieved from /Volumes/SLU_CS/big_data_scd_all_types_project/.venv/lib/python3.11/site-packages/airflow/example_dags/example_params_trigger_ui.py
[2024-04-04T01:10:41.700-0500] {logging_mixin.py:188} INFO - [2024-04-04T01:10:41.700-0500] {dag.py:3047} INFO - Sync 1 DAGs
[2024-04-04T01:10:41.703-0500] {logging_mixin.py:188} INFO - [2024-04-04T01:10:41.703-0500] {dag.py:3834} INFO - Setting next_dagrun for example_params_trigger_ui to None, run_after=None
[2024-04-04T01:10:41.710-0500] {processor.py:183} INFO - Processing /Volumes/SLU_CS/big_data_scd_all_types_project/.venv/lib/python3.11/site-packages/airflow/example_dags/example_params_trigger_ui.py took 0.094 seconds
[2024-04-04T01:12:29.103-0500] {processor.py:161} INFO - Started process (PID=33302) to work on /Volumes/SLU_CS/big_data_scd_all_types_project/.venv/lib/python3.11/site-packages/airflow/example_dags/example_params_trigger_ui.py
[2024-04-04T01:12:29.104-0500] {processor.py:830} INFO - Processing file /Volumes/SLU_CS/big_data_scd_all_types_project/.venv/lib/python3.11/site-packages/airflow/example_dags/example_params_trigger_ui.py for tasks to queue
[2024-04-04T01:12:29.104-0500] {logging_mixin.py:188} INFO - [2024-04-04T01:12:29.104-0500] {dagbag.py:540} INFO - Filling up the DagBag from /Volumes/SLU_CS/big_data_scd_all_types_project/.venv/lib/python3.11/site-packages/airflow/example_dags/example_params_trigger_ui.py
[2024-04-04T01:12:29.125-0500] {processor.py:840} INFO - DAG(s) 'example_params_trigger_ui' retrieved from /Volumes/SLU_CS/big_data_scd_all_types_project/.venv/lib/python3.11/site-packages/airflow/example_dags/example_params_trigger_ui.py
[2024-04-04T01:12:29.170-0500] {logging_mixin.py:188} INFO - [2024-04-04T01:12:29.170-0500] {dag.py:3047} INFO - Sync 1 DAGs
[2024-04-04T01:12:29.173-0500] {logging_mixin.py:188} INFO - [2024-04-04T01:12:29.173-0500] {dag.py:3834} INFO - Setting next_dagrun for example_params_trigger_ui to None, run_after=None
[2024-04-04T01:12:29.180-0500] {processor.py:183} INFO - Processing /Volumes/SLU_CS/big_data_scd_all_types_project/.venv/lib/python3.11/site-packages/airflow/example_dags/example_params_trigger_ui.py took 0.078 seconds
[2024-04-04T01:14:08.222-0500] {processor.py:161} INFO - Started process (PID=33539) to work on /Volumes/SLU_CS/big_data_scd_all_types_project/.venv/lib/python3.11/site-packages/airflow/example_dags/example_params_trigger_ui.py
[2024-04-04T01:14:08.223-0500] {processor.py:830} INFO - Processing file /Volumes/SLU_CS/big_data_scd_all_types_project/.venv/lib/python3.11/site-packages/airflow/example_dags/example_params_trigger_ui.py for tasks to queue
[2024-04-04T01:14:08.223-0500] {logging_mixin.py:188} INFO - [2024-04-04T01:14:08.223-0500] {dagbag.py:540} INFO - Filling up the DagBag from /Volumes/SLU_CS/big_data_scd_all_types_project/.venv/lib/python3.11/site-packages/airflow/example_dags/example_params_trigger_ui.py
[2024-04-04T01:14:08.237-0500] {processor.py:840} INFO - DAG(s) 'example_params_trigger_ui' retrieved from /Volumes/SLU_CS/big_data_scd_all_types_project/.venv/lib/python3.11/site-packages/airflow/example_dags/example_params_trigger_ui.py
[2024-04-04T01:14:08.272-0500] {logging_mixin.py:188} INFO - [2024-04-04T01:14:08.272-0500] {dag.py:3047} INFO - Sync 1 DAGs
[2024-04-04T01:14:08.275-0500] {logging_mixin.py:188} INFO - [2024-04-04T01:14:08.275-0500] {dag.py:3834} INFO - Setting next_dagrun for example_params_trigger_ui to None, run_after=None
[2024-04-04T01:14:08.281-0500] {processor.py:183} INFO - Processing /Volumes/SLU_CS/big_data_scd_all_types_project/.venv/lib/python3.11/site-packages/airflow/example_dags/example_params_trigger_ui.py took 0.061 seconds
[2024-04-04T01:15:43.957-0500] {processor.py:161} INFO - Started process (PID=33700) to work on /Volumes/SLU_CS/big_data_scd_all_types_project/.venv/lib/python3.11/site-packages/airflow/example_dags/example_params_trigger_ui.py
[2024-04-04T01:15:43.958-0500] {processor.py:830} INFO - Processing file /Volumes/SLU_CS/big_data_scd_all_types_project/.venv/lib/python3.11/site-packages/airflow/example_dags/example_params_trigger_ui.py for tasks to queue
[2024-04-04T01:15:43.958-0500] {logging_mixin.py:188} INFO - [2024-04-04T01:15:43.958-0500] {dagbag.py:540} INFO - Filling up the DagBag from /Volumes/SLU_CS/big_data_scd_all_types_project/.venv/lib/python3.11/site-packages/airflow/example_dags/example_params_trigger_ui.py
[2024-04-04T01:15:43.972-0500] {processor.py:840} INFO - DAG(s) 'example_params_trigger_ui' retrieved from /Volumes/SLU_CS/big_data_scd_all_types_project/.venv/lib/python3.11/site-packages/airflow/example_dags/example_params_trigger_ui.py
[2024-04-04T01:15:44.009-0500] {logging_mixin.py:188} INFO - [2024-04-04T01:15:44.009-0500] {dag.py:3047} INFO - Sync 1 DAGs
[2024-04-04T01:15:44.012-0500] {logging_mixin.py:188} INFO - [2024-04-04T01:15:44.012-0500] {dag.py:3834} INFO - Setting next_dagrun for example_params_trigger_ui to None, run_after=None
[2024-04-04T01:15:44.018-0500] {processor.py:183} INFO - Processing /Volumes/SLU_CS/big_data_scd_all_types_project/.venv/lib/python3.11/site-packages/airflow/example_dags/example_params_trigger_ui.py took 0.062 seconds
[2024-04-04T01:17:25.643-0500] {processor.py:161} INFO - Started process (PID=33871) to work on /Volumes/SLU_CS/big_data_scd_all_types_project/.venv/lib/python3.11/site-packages/airflow/example_dags/example_params_trigger_ui.py
[2024-04-04T01:17:25.644-0500] {processor.py:830} INFO - Processing file /Volumes/SLU_CS/big_data_scd_all_types_project/.venv/lib/python3.11/site-packages/airflow/example_dags/example_params_trigger_ui.py for tasks to queue
[2024-04-04T01:17:25.644-0500] {logging_mixin.py:188} INFO - [2024-04-04T01:17:25.644-0500] {dagbag.py:540} INFO - Filling up the DagBag from /Volumes/SLU_CS/big_data_scd_all_types_project/.venv/lib/python3.11/site-packages/airflow/example_dags/example_params_trigger_ui.py
[2024-04-04T01:17:25.658-0500] {processor.py:840} INFO - DAG(s) 'example_params_trigger_ui' retrieved from /Volumes/SLU_CS/big_data_scd_all_types_project/.venv/lib/python3.11/site-packages/airflow/example_dags/example_params_trigger_ui.py
[2024-04-04T01:17:25.693-0500] {logging_mixin.py:188} INFO - [2024-04-04T01:17:25.693-0500] {dag.py:3047} INFO - Sync 1 DAGs
[2024-04-04T01:17:25.696-0500] {logging_mixin.py:188} INFO - [2024-04-04T01:17:25.696-0500] {dag.py:3834} INFO - Setting next_dagrun for example_params_trigger_ui to None, run_after=None
[2024-04-04T01:17:25.702-0500] {processor.py:183} INFO - Processing /Volumes/SLU_CS/big_data_scd_all_types_project/.venv/lib/python3.11/site-packages/airflow/example_dags/example_params_trigger_ui.py took 0.060 seconds
[2024-04-04T01:19:13.726-0500] {processor.py:161} INFO - Started process (PID=34144) to work on /Volumes/SLU_CS/big_data_scd_all_types_project/.venv/lib/python3.11/site-packages/airflow/example_dags/example_params_trigger_ui.py
[2024-04-04T01:19:13.727-0500] {processor.py:830} INFO - Processing file /Volumes/SLU_CS/big_data_scd_all_types_project/.venv/lib/python3.11/site-packages/airflow/example_dags/example_params_trigger_ui.py for tasks to queue
[2024-04-04T01:19:13.727-0500] {logging_mixin.py:188} INFO - [2024-04-04T01:19:13.727-0500] {dagbag.py:540} INFO - Filling up the DagBag from /Volumes/SLU_CS/big_data_scd_all_types_project/.venv/lib/python3.11/site-packages/airflow/example_dags/example_params_trigger_ui.py
[2024-04-04T01:19:13.743-0500] {processor.py:840} INFO - DAG(s) 'example_params_trigger_ui' retrieved from /Volumes/SLU_CS/big_data_scd_all_types_project/.venv/lib/python3.11/site-packages/airflow/example_dags/example_params_trigger_ui.py
[2024-04-04T01:19:13.779-0500] {logging_mixin.py:188} INFO - [2024-04-04T01:19:13.779-0500] {dag.py:3047} INFO - Sync 1 DAGs
[2024-04-04T01:19:13.782-0500] {logging_mixin.py:188} INFO - [2024-04-04T01:19:13.782-0500] {dag.py:3834} INFO - Setting next_dagrun for example_params_trigger_ui to None, run_after=None
[2024-04-04T01:19:13.789-0500] {processor.py:183} INFO - Processing /Volumes/SLU_CS/big_data_scd_all_types_project/.venv/lib/python3.11/site-packages/airflow/example_dags/example_params_trigger_ui.py took 0.064 seconds
