[2024-04-04T01:02:56.266-0500] {processor.py:161} INFO - Started process (PID=32000) to work on /Volumes/SLU_CS/big_data_scd_all_types_project/.venv/lib/python3.11/site-packages/airflow/example_dags/example_branch_day_of_week_operator.py
[2024-04-04T01:02:56.267-0500] {processor.py:830} INFO - Processing file /Volumes/SLU_CS/big_data_scd_all_types_project/.venv/lib/python3.11/site-packages/airflow/example_dags/example_branch_day_of_week_operator.py for tasks to queue
[2024-04-04T01:02:56.267-0500] {logging_mixin.py:188} INFO - [2024-04-04T01:02:56.267-0500] {dagbag.py:540} INFO - Filling up the DagBag from /Volumes/SLU_CS/big_data_scd_all_types_project/.venv/lib/python3.11/site-packages/airflow/example_dags/example_branch_day_of_week_operator.py
[2024-04-04T01:02:56.271-0500] {processor.py:840} INFO - DAG(s) 'example_weekday_branch_operator' retrieved from /Volumes/SLU_CS/big_data_scd_all_types_project/.venv/lib/python3.11/site-packages/airflow/example_dags/example_branch_day_of_week_operator.py
[2024-04-04T01:02:56.356-0500] {logging_mixin.py:188} INFO - [2024-04-04T01:02:56.355-0500] {dag.py:3047} INFO - Sync 1 DAGs
[2024-04-04T01:02:56.361-0500] {logging_mixin.py:188} INFO - [2024-04-04T01:02:56.361-0500] {dag.py:3834} INFO - Setting next_dagrun for example_weekday_branch_operator to 2024-04-03 00:00:00+00:00, run_after=2024-04-04 00:00:00+00:00
[2024-04-04T01:02:56.368-0500] {processor.py:183} INFO - Processing /Volumes/SLU_CS/big_data_scd_all_types_project/.venv/lib/python3.11/site-packages/airflow/example_dags/example_branch_day_of_week_operator.py took 0.102 seconds
[2024-04-04T01:04:41.025-0500] {processor.py:161} INFO - Started process (PID=32276) to work on /Volumes/SLU_CS/big_data_scd_all_types_project/.venv/lib/python3.11/site-packages/airflow/example_dags/example_branch_day_of_week_operator.py
[2024-04-04T01:04:41.026-0500] {processor.py:830} INFO - Processing file /Volumes/SLU_CS/big_data_scd_all_types_project/.venv/lib/python3.11/site-packages/airflow/example_dags/example_branch_day_of_week_operator.py for tasks to queue
[2024-04-04T01:04:41.026-0500] {logging_mixin.py:188} INFO - [2024-04-04T01:04:41.026-0500] {dagbag.py:540} INFO - Filling up the DagBag from /Volumes/SLU_CS/big_data_scd_all_types_project/.venv/lib/python3.11/site-packages/airflow/example_dags/example_branch_day_of_week_operator.py
[2024-04-04T01:04:41.031-0500] {processor.py:840} INFO - DAG(s) 'example_weekday_branch_operator' retrieved from /Volumes/SLU_CS/big_data_scd_all_types_project/.venv/lib/python3.11/site-packages/airflow/example_dags/example_branch_day_of_week_operator.py
[2024-04-04T01:04:41.061-0500] {logging_mixin.py:188} INFO - [2024-04-04T01:04:41.061-0500] {dag.py:3047} INFO - Sync 1 DAGs
[2024-04-04T01:04:41.068-0500] {logging_mixin.py:188} INFO - [2024-04-04T01:04:41.067-0500] {dag.py:3834} INFO - Setting next_dagrun for example_weekday_branch_operator to 2024-04-03 00:00:00+00:00, run_after=2024-04-04 00:00:00+00:00
[2024-04-04T01:04:41.074-0500] {processor.py:183} INFO - Processing /Volumes/SLU_CS/big_data_scd_all_types_project/.venv/lib/python3.11/site-packages/airflow/example_dags/example_branch_day_of_week_operator.py took 0.049 seconds
[2024-04-04T01:06:24.242-0500] {processor.py:161} INFO - Started process (PID=32467) to work on /Volumes/SLU_CS/big_data_scd_all_types_project/.venv/lib/python3.11/site-packages/airflow/example_dags/example_branch_day_of_week_operator.py
[2024-04-04T01:06:24.243-0500] {processor.py:830} INFO - Processing file /Volumes/SLU_CS/big_data_scd_all_types_project/.venv/lib/python3.11/site-packages/airflow/example_dags/example_branch_day_of_week_operator.py for tasks to queue
[2024-04-04T01:06:24.243-0500] {logging_mixin.py:188} INFO - [2024-04-04T01:06:24.243-0500] {dagbag.py:540} INFO - Filling up the DagBag from /Volumes/SLU_CS/big_data_scd_all_types_project/.venv/lib/python3.11/site-packages/airflow/example_dags/example_branch_day_of_week_operator.py
[2024-04-04T01:06:24.248-0500] {processor.py:840} INFO - DAG(s) 'example_weekday_branch_operator' retrieved from /Volumes/SLU_CS/big_data_scd_all_types_project/.venv/lib/python3.11/site-packages/airflow/example_dags/example_branch_day_of_week_operator.py
[2024-04-04T01:06:24.278-0500] {logging_mixin.py:188} INFO - [2024-04-04T01:06:24.278-0500] {dag.py:3047} INFO - Sync 1 DAGs
[2024-04-04T01:06:24.284-0500] {logging_mixin.py:188} INFO - [2024-04-04T01:06:24.284-0500] {dag.py:3834} INFO - Setting next_dagrun for example_weekday_branch_operator to 2024-04-03 00:00:00+00:00, run_after=2024-04-04 00:00:00+00:00
[2024-04-04T01:06:24.290-0500] {processor.py:183} INFO - Processing /Volumes/SLU_CS/big_data_scd_all_types_project/.venv/lib/python3.11/site-packages/airflow/example_dags/example_branch_day_of_week_operator.py took 0.049 seconds
[2024-04-04T01:08:05.529-0500] {processor.py:161} INFO - Started process (PID=32673) to work on /Volumes/SLU_CS/big_data_scd_all_types_project/.venv/lib/python3.11/site-packages/airflow/example_dags/example_branch_day_of_week_operator.py
[2024-04-04T01:08:05.529-0500] {processor.py:830} INFO - Processing file /Volumes/SLU_CS/big_data_scd_all_types_project/.venv/lib/python3.11/site-packages/airflow/example_dags/example_branch_day_of_week_operator.py for tasks to queue
[2024-04-04T01:08:05.530-0500] {logging_mixin.py:188} INFO - [2024-04-04T01:08:05.530-0500] {dagbag.py:540} INFO - Filling up the DagBag from /Volumes/SLU_CS/big_data_scd_all_types_project/.venv/lib/python3.11/site-packages/airflow/example_dags/example_branch_day_of_week_operator.py
[2024-04-04T01:08:05.534-0500] {processor.py:840} INFO - DAG(s) 'example_weekday_branch_operator' retrieved from /Volumes/SLU_CS/big_data_scd_all_types_project/.venv/lib/python3.11/site-packages/airflow/example_dags/example_branch_day_of_week_operator.py
[2024-04-04T01:08:05.564-0500] {logging_mixin.py:188} INFO - [2024-04-04T01:08:05.564-0500] {dag.py:3047} INFO - Sync 1 DAGs
[2024-04-04T01:08:05.570-0500] {logging_mixin.py:188} INFO - [2024-04-04T01:08:05.570-0500] {dag.py:3834} INFO - Setting next_dagrun for example_weekday_branch_operator to 2024-04-03 00:00:00+00:00, run_after=2024-04-04 00:00:00+00:00
[2024-04-04T01:08:05.576-0500] {processor.py:183} INFO - Processing /Volumes/SLU_CS/big_data_scd_all_types_project/.venv/lib/python3.11/site-packages/airflow/example_dags/example_branch_day_of_week_operator.py took 0.048 seconds
[2024-04-04T01:09:52.304-0500] {processor.py:161} INFO - Started process (PID=32875) to work on /Volumes/SLU_CS/big_data_scd_all_types_project/.venv/lib/python3.11/site-packages/airflow/example_dags/example_branch_day_of_week_operator.py
[2024-04-04T01:09:52.304-0500] {processor.py:830} INFO - Processing file /Volumes/SLU_CS/big_data_scd_all_types_project/.venv/lib/python3.11/site-packages/airflow/example_dags/example_branch_day_of_week_operator.py for tasks to queue
[2024-04-04T01:09:52.305-0500] {logging_mixin.py:188} INFO - [2024-04-04T01:09:52.304-0500] {dagbag.py:540} INFO - Filling up the DagBag from /Volumes/SLU_CS/big_data_scd_all_types_project/.venv/lib/python3.11/site-packages/airflow/example_dags/example_branch_day_of_week_operator.py
[2024-04-04T01:09:52.309-0500] {processor.py:840} INFO - DAG(s) 'example_weekday_branch_operator' retrieved from /Volumes/SLU_CS/big_data_scd_all_types_project/.venv/lib/python3.11/site-packages/airflow/example_dags/example_branch_day_of_week_operator.py
[2024-04-04T01:09:52.340-0500] {logging_mixin.py:188} INFO - [2024-04-04T01:09:52.340-0500] {dag.py:3047} INFO - Sync 1 DAGs
[2024-04-04T01:09:52.347-0500] {logging_mixin.py:188} INFO - [2024-04-04T01:09:52.347-0500] {dag.py:3834} INFO - Setting next_dagrun for example_weekday_branch_operator to 2024-04-03 00:00:00+00:00, run_after=2024-04-04 00:00:00+00:00
[2024-04-04T01:09:52.355-0500] {processor.py:183} INFO - Processing /Volumes/SLU_CS/big_data_scd_all_types_project/.venv/lib/python3.11/site-packages/airflow/example_dags/example_branch_day_of_week_operator.py took 0.052 seconds
[2024-04-04T01:11:33.012-0500] {processor.py:161} INFO - Started process (PID=33136) to work on /Volumes/SLU_CS/big_data_scd_all_types_project/.venv/lib/python3.11/site-packages/airflow/example_dags/example_branch_day_of_week_operator.py
[2024-04-04T01:11:33.014-0500] {processor.py:830} INFO - Processing file /Volumes/SLU_CS/big_data_scd_all_types_project/.venv/lib/python3.11/site-packages/airflow/example_dags/example_branch_day_of_week_operator.py for tasks to queue
[2024-04-04T01:11:33.014-0500] {logging_mixin.py:188} INFO - [2024-04-04T01:11:33.014-0500] {dagbag.py:540} INFO - Filling up the DagBag from /Volumes/SLU_CS/big_data_scd_all_types_project/.venv/lib/python3.11/site-packages/airflow/example_dags/example_branch_day_of_week_operator.py
[2024-04-04T01:11:33.019-0500] {processor.py:840} INFO - DAG(s) 'example_weekday_branch_operator' retrieved from /Volumes/SLU_CS/big_data_scd_all_types_project/.venv/lib/python3.11/site-packages/airflow/example_dags/example_branch_day_of_week_operator.py
[2024-04-04T01:11:33.053-0500] {logging_mixin.py:188} INFO - [2024-04-04T01:11:33.053-0500] {dag.py:3047} INFO - Sync 1 DAGs
[2024-04-04T01:11:33.060-0500] {logging_mixin.py:188} INFO - [2024-04-04T01:11:33.060-0500] {dag.py:3834} INFO - Setting next_dagrun for example_weekday_branch_operator to 2024-04-03 00:00:00+00:00, run_after=2024-04-04 00:00:00+00:00
[2024-04-04T01:11:33.066-0500] {processor.py:183} INFO - Processing /Volumes/SLU_CS/big_data_scd_all_types_project/.venv/lib/python3.11/site-packages/airflow/example_dags/example_branch_day_of_week_operator.py took 0.056 seconds
[2024-04-04T01:13:16.894-0500] {processor.py:161} INFO - Started process (PID=33441) to work on /Volumes/SLU_CS/big_data_scd_all_types_project/.venv/lib/python3.11/site-packages/airflow/example_dags/example_branch_day_of_week_operator.py
[2024-04-04T01:13:16.895-0500] {processor.py:830} INFO - Processing file /Volumes/SLU_CS/big_data_scd_all_types_project/.venv/lib/python3.11/site-packages/airflow/example_dags/example_branch_day_of_week_operator.py for tasks to queue
[2024-04-04T01:13:16.895-0500] {logging_mixin.py:188} INFO - [2024-04-04T01:13:16.895-0500] {dagbag.py:540} INFO - Filling up the DagBag from /Volumes/SLU_CS/big_data_scd_all_types_project/.venv/lib/python3.11/site-packages/airflow/example_dags/example_branch_day_of_week_operator.py
[2024-04-04T01:13:16.900-0500] {processor.py:840} INFO - DAG(s) 'example_weekday_branch_operator' retrieved from /Volumes/SLU_CS/big_data_scd_all_types_project/.venv/lib/python3.11/site-packages/airflow/example_dags/example_branch_day_of_week_operator.py
[2024-04-04T01:13:16.930-0500] {logging_mixin.py:188} INFO - [2024-04-04T01:13:16.930-0500] {dag.py:3047} INFO - Sync 1 DAGs
[2024-04-04T01:13:16.937-0500] {logging_mixin.py:188} INFO - [2024-04-04T01:13:16.936-0500] {dag.py:3834} INFO - Setting next_dagrun for example_weekday_branch_operator to 2024-04-03 00:00:00+00:00, run_after=2024-04-04 00:00:00+00:00
[2024-04-04T01:13:16.943-0500] {processor.py:183} INFO - Processing /Volumes/SLU_CS/big_data_scd_all_types_project/.venv/lib/python3.11/site-packages/airflow/example_dags/example_branch_day_of_week_operator.py took 0.049 seconds
[2024-04-04T01:14:54.452-0500] {processor.py:161} INFO - Started process (PID=33615) to work on /Volumes/SLU_CS/big_data_scd_all_types_project/.venv/lib/python3.11/site-packages/airflow/example_dags/example_branch_day_of_week_operator.py
[2024-04-04T01:14:54.453-0500] {processor.py:830} INFO - Processing file /Volumes/SLU_CS/big_data_scd_all_types_project/.venv/lib/python3.11/site-packages/airflow/example_dags/example_branch_day_of_week_operator.py for tasks to queue
[2024-04-04T01:14:54.453-0500] {logging_mixin.py:188} INFO - [2024-04-04T01:14:54.453-0500] {dagbag.py:540} INFO - Filling up the DagBag from /Volumes/SLU_CS/big_data_scd_all_types_project/.venv/lib/python3.11/site-packages/airflow/example_dags/example_branch_day_of_week_operator.py
[2024-04-04T01:14:54.458-0500] {processor.py:840} INFO - DAG(s) 'example_weekday_branch_operator' retrieved from /Volumes/SLU_CS/big_data_scd_all_types_project/.venv/lib/python3.11/site-packages/airflow/example_dags/example_branch_day_of_week_operator.py
[2024-04-04T01:14:54.489-0500] {logging_mixin.py:188} INFO - [2024-04-04T01:14:54.489-0500] {dag.py:3047} INFO - Sync 1 DAGs
[2024-04-04T01:14:54.495-0500] {logging_mixin.py:188} INFO - [2024-04-04T01:14:54.495-0500] {dag.py:3834} INFO - Setting next_dagrun for example_weekday_branch_operator to 2024-04-03 00:00:00+00:00, run_after=2024-04-04 00:00:00+00:00
[2024-04-04T01:14:54.502-0500] {processor.py:183} INFO - Processing /Volumes/SLU_CS/big_data_scd_all_types_project/.venv/lib/python3.11/site-packages/airflow/example_dags/example_branch_day_of_week_operator.py took 0.052 seconds
[2024-04-04T01:16:30.566-0500] {processor.py:161} INFO - Started process (PID=33781) to work on /Volumes/SLU_CS/big_data_scd_all_types_project/.venv/lib/python3.11/site-packages/airflow/example_dags/example_branch_day_of_week_operator.py
[2024-04-04T01:16:30.567-0500] {processor.py:830} INFO - Processing file /Volumes/SLU_CS/big_data_scd_all_types_project/.venv/lib/python3.11/site-packages/airflow/example_dags/example_branch_day_of_week_operator.py for tasks to queue
[2024-04-04T01:16:30.567-0500] {logging_mixin.py:188} INFO - [2024-04-04T01:16:30.567-0500] {dagbag.py:540} INFO - Filling up the DagBag from /Volumes/SLU_CS/big_data_scd_all_types_project/.venv/lib/python3.11/site-packages/airflow/example_dags/example_branch_day_of_week_operator.py
[2024-04-04T01:16:30.572-0500] {processor.py:840} INFO - DAG(s) 'example_weekday_branch_operator' retrieved from /Volumes/SLU_CS/big_data_scd_all_types_project/.venv/lib/python3.11/site-packages/airflow/example_dags/example_branch_day_of_week_operator.py
[2024-04-04T01:16:30.603-0500] {logging_mixin.py:188} INFO - [2024-04-04T01:16:30.603-0500] {dag.py:3047} INFO - Sync 1 DAGs
[2024-04-04T01:16:30.609-0500] {logging_mixin.py:188} INFO - [2024-04-04T01:16:30.609-0500] {dag.py:3834} INFO - Setting next_dagrun for example_weekday_branch_operator to 2024-04-03 00:00:00+00:00, run_after=2024-04-04 00:00:00+00:00
[2024-04-04T01:16:30.616-0500] {processor.py:183} INFO - Processing /Volumes/SLU_CS/big_data_scd_all_types_project/.venv/lib/python3.11/site-packages/airflow/example_dags/example_branch_day_of_week_operator.py took 0.051 seconds
[2024-04-04T01:18:17.549-0500] {processor.py:161} INFO - Started process (PID=33943) to work on /Volumes/SLU_CS/big_data_scd_all_types_project/.venv/lib/python3.11/site-packages/airflow/example_dags/example_branch_day_of_week_operator.py
[2024-04-04T01:18:17.550-0500] {processor.py:830} INFO - Processing file /Volumes/SLU_CS/big_data_scd_all_types_project/.venv/lib/python3.11/site-packages/airflow/example_dags/example_branch_day_of_week_operator.py for tasks to queue
[2024-04-04T01:18:17.550-0500] {logging_mixin.py:188} INFO - [2024-04-04T01:18:17.550-0500] {dagbag.py:540} INFO - Filling up the DagBag from /Volumes/SLU_CS/big_data_scd_all_types_project/.venv/lib/python3.11/site-packages/airflow/example_dags/example_branch_day_of_week_operator.py
[2024-04-04T01:18:17.554-0500] {processor.py:840} INFO - DAG(s) 'example_weekday_branch_operator' retrieved from /Volumes/SLU_CS/big_data_scd_all_types_project/.venv/lib/python3.11/site-packages/airflow/example_dags/example_branch_day_of_week_operator.py
[2024-04-04T01:18:17.585-0500] {logging_mixin.py:188} INFO - [2024-04-04T01:18:17.585-0500] {dag.py:3047} INFO - Sync 1 DAGs
[2024-04-04T01:18:17.591-0500] {logging_mixin.py:188} INFO - [2024-04-04T01:18:17.591-0500] {dag.py:3834} INFO - Setting next_dagrun for example_weekday_branch_operator to 2024-04-03 00:00:00+00:00, run_after=2024-04-04 00:00:00+00:00
[2024-04-04T01:18:17.598-0500] {processor.py:183} INFO - Processing /Volumes/SLU_CS/big_data_scd_all_types_project/.venv/lib/python3.11/site-packages/airflow/example_dags/example_branch_day_of_week_operator.py took 0.049 seconds
[2024-04-04T01:20:07.920-0500] {processor.py:161} INFO - Started process (PID=34242) to work on /Volumes/SLU_CS/big_data_scd_all_types_project/.venv/lib/python3.11/site-packages/airflow/example_dags/example_branch_day_of_week_operator.py
[2024-04-04T01:20:07.923-0500] {processor.py:830} INFO - Processing file /Volumes/SLU_CS/big_data_scd_all_types_project/.venv/lib/python3.11/site-packages/airflow/example_dags/example_branch_day_of_week_operator.py for tasks to queue
[2024-04-04T01:20:07.924-0500] {logging_mixin.py:188} INFO - [2024-04-04T01:20:07.924-0500] {dagbag.py:540} INFO - Filling up the DagBag from /Volumes/SLU_CS/big_data_scd_all_types_project/.venv/lib/python3.11/site-packages/airflow/example_dags/example_branch_day_of_week_operator.py
[2024-04-04T01:20:07.929-0500] {processor.py:840} INFO - DAG(s) 'example_weekday_branch_operator' retrieved from /Volumes/SLU_CS/big_data_scd_all_types_project/.venv/lib/python3.11/site-packages/airflow/example_dags/example_branch_day_of_week_operator.py
[2024-04-04T01:20:07.963-0500] {logging_mixin.py:188} INFO - [2024-04-04T01:20:07.963-0500] {dag.py:3047} INFO - Sync 1 DAGs
[2024-04-04T01:20:07.969-0500] {logging_mixin.py:188} INFO - [2024-04-04T01:20:07.969-0500] {dag.py:3834} INFO - Setting next_dagrun for example_weekday_branch_operator to 2024-04-03 00:00:00+00:00, run_after=2024-04-04 00:00:00+00:00
[2024-04-04T01:20:07.976-0500] {processor.py:183} INFO - Processing /Volumes/SLU_CS/big_data_scd_all_types_project/.venv/lib/python3.11/site-packages/airflow/example_dags/example_branch_day_of_week_operator.py took 0.057 seconds
