[2024-04-04T01:02:35.204-0500] {processor.py:161} INFO - Started process (PID=31967) to work on /Volumes/SLU_CS/big_data_scd_all_types_project/.venv/lib/python3.11/site-packages/airflow/example_dags/example_latest_only.py
[2024-04-04T01:02:35.205-0500] {processor.py:830} INFO - Processing file /Volumes/SLU_CS/big_data_scd_all_types_project/.venv/lib/python3.11/site-packages/airflow/example_dags/example_latest_only.py for tasks to queue
[2024-04-04T01:02:35.205-0500] {logging_mixin.py:188} INFO - [2024-04-04T01:02:35.205-0500] {dagbag.py:540} INFO - Filling up the DagBag from /Volumes/SLU_CS/big_data_scd_all_types_project/.venv/lib/python3.11/site-packages/airflow/example_dags/example_latest_only.py
[2024-04-04T01:02:35.210-0500] {processor.py:840} INFO - DAG(s) 'latest_only' retrieved from /Volumes/SLU_CS/big_data_scd_all_types_project/.venv/lib/python3.11/site-packages/airflow/example_dags/example_latest_only.py
[2024-04-04T01:02:35.294-0500] {logging_mixin.py:188} INFO - [2024-04-04T01:02:35.293-0500] {dag.py:3047} INFO - Sync 1 DAGs
[2024-04-04T01:02:35.299-0500] {logging_mixin.py:188} INFO - [2024-04-04T01:02:35.299-0500] {dag.py:3834} INFO - Setting next_dagrun for latest_only to 2024-04-04 00:00:00+00:00, run_after=2024-04-04 04:00:00+00:00
[2024-04-04T01:02:35.306-0500] {processor.py:183} INFO - Processing /Volumes/SLU_CS/big_data_scd_all_types_project/.venv/lib/python3.11/site-packages/airflow/example_dags/example_latest_only.py took 0.103 seconds
[2024-04-04T01:04:20.852-0500] {processor.py:161} INFO - Started process (PID=32233) to work on /Volumes/SLU_CS/big_data_scd_all_types_project/.venv/lib/python3.11/site-packages/airflow/example_dags/example_latest_only.py
[2024-04-04T01:04:20.854-0500] {processor.py:830} INFO - Processing file /Volumes/SLU_CS/big_data_scd_all_types_project/.venv/lib/python3.11/site-packages/airflow/example_dags/example_latest_only.py for tasks to queue
[2024-04-04T01:04:20.854-0500] {logging_mixin.py:188} INFO - [2024-04-04T01:04:20.854-0500] {dagbag.py:540} INFO - Filling up the DagBag from /Volumes/SLU_CS/big_data_scd_all_types_project/.venv/lib/python3.11/site-packages/airflow/example_dags/example_latest_only.py
[2024-04-04T01:04:20.865-0500] {processor.py:840} INFO - DAG(s) 'latest_only' retrieved from /Volumes/SLU_CS/big_data_scd_all_types_project/.venv/lib/python3.11/site-packages/airflow/example_dags/example_latest_only.py
[2024-04-04T01:04:20.898-0500] {logging_mixin.py:188} INFO - [2024-04-04T01:04:20.898-0500] {dag.py:3047} INFO - Sync 1 DAGs
[2024-04-04T01:04:20.904-0500] {logging_mixin.py:188} INFO - [2024-04-04T01:04:20.904-0500] {dag.py:3834} INFO - Setting next_dagrun for latest_only to 2024-04-04 00:00:00+00:00, run_after=2024-04-04 04:00:00+00:00
[2024-04-04T01:04:20.911-0500] {processor.py:183} INFO - Processing /Volumes/SLU_CS/big_data_scd_all_types_project/.venv/lib/python3.11/site-packages/airflow/example_dags/example_latest_only.py took 0.059 seconds
[2024-04-04T01:06:02.837-0500] {processor.py:161} INFO - Started process (PID=32423) to work on /Volumes/SLU_CS/big_data_scd_all_types_project/.venv/lib/python3.11/site-packages/airflow/example_dags/example_latest_only.py
[2024-04-04T01:06:02.838-0500] {processor.py:830} INFO - Processing file /Volumes/SLU_CS/big_data_scd_all_types_project/.venv/lib/python3.11/site-packages/airflow/example_dags/example_latest_only.py for tasks to queue
[2024-04-04T01:06:02.838-0500] {logging_mixin.py:188} INFO - [2024-04-04T01:06:02.838-0500] {dagbag.py:540} INFO - Filling up the DagBag from /Volumes/SLU_CS/big_data_scd_all_types_project/.venv/lib/python3.11/site-packages/airflow/example_dags/example_latest_only.py
[2024-04-04T01:06:02.842-0500] {processor.py:840} INFO - DAG(s) 'latest_only' retrieved from /Volumes/SLU_CS/big_data_scd_all_types_project/.venv/lib/python3.11/site-packages/airflow/example_dags/example_latest_only.py
[2024-04-04T01:06:02.877-0500] {logging_mixin.py:188} INFO - [2024-04-04T01:06:02.876-0500] {dag.py:3047} INFO - Sync 1 DAGs
[2024-04-04T01:06:02.883-0500] {logging_mixin.py:188} INFO - [2024-04-04T01:06:02.883-0500] {dag.py:3834} INFO - Setting next_dagrun for latest_only to 2024-04-04 00:00:00+00:00, run_after=2024-04-04 04:00:00+00:00
[2024-04-04T01:06:02.890-0500] {processor.py:183} INFO - Processing /Volumes/SLU_CS/big_data_scd_all_types_project/.venv/lib/python3.11/site-packages/airflow/example_dags/example_latest_only.py took 0.054 seconds
[2024-04-04T01:07:44.601-0500] {processor.py:161} INFO - Started process (PID=32641) to work on /Volumes/SLU_CS/big_data_scd_all_types_project/.venv/lib/python3.11/site-packages/airflow/example_dags/example_latest_only.py
[2024-04-04T01:07:44.602-0500] {processor.py:830} INFO - Processing file /Volumes/SLU_CS/big_data_scd_all_types_project/.venv/lib/python3.11/site-packages/airflow/example_dags/example_latest_only.py for tasks to queue
[2024-04-04T01:07:44.602-0500] {logging_mixin.py:188} INFO - [2024-04-04T01:07:44.602-0500] {dagbag.py:540} INFO - Filling up the DagBag from /Volumes/SLU_CS/big_data_scd_all_types_project/.venv/lib/python3.11/site-packages/airflow/example_dags/example_latest_only.py
[2024-04-04T01:07:44.605-0500] {processor.py:840} INFO - DAG(s) 'latest_only' retrieved from /Volumes/SLU_CS/big_data_scd_all_types_project/.venv/lib/python3.11/site-packages/airflow/example_dags/example_latest_only.py
[2024-04-04T01:07:44.634-0500] {logging_mixin.py:188} INFO - [2024-04-04T01:07:44.634-0500] {dag.py:3047} INFO - Sync 1 DAGs
[2024-04-04T01:07:44.640-0500] {logging_mixin.py:188} INFO - [2024-04-04T01:07:44.640-0500] {dag.py:3834} INFO - Setting next_dagrun for latest_only to 2024-04-04 00:00:00+00:00, run_after=2024-04-04 04:00:00+00:00
[2024-04-04T01:07:44.647-0500] {processor.py:183} INFO - Processing /Volumes/SLU_CS/big_data_scd_all_types_project/.venv/lib/python3.11/site-packages/airflow/example_dags/example_latest_only.py took 0.046 seconds
[2024-04-04T01:09:33.310-0500] {processor.py:161} INFO - Started process (PID=32831) to work on /Volumes/SLU_CS/big_data_scd_all_types_project/.venv/lib/python3.11/site-packages/airflow/example_dags/example_latest_only.py
[2024-04-04T01:09:33.311-0500] {processor.py:830} INFO - Processing file /Volumes/SLU_CS/big_data_scd_all_types_project/.venv/lib/python3.11/site-packages/airflow/example_dags/example_latest_only.py for tasks to queue
[2024-04-04T01:09:33.311-0500] {logging_mixin.py:188} INFO - [2024-04-04T01:09:33.311-0500] {dagbag.py:540} INFO - Filling up the DagBag from /Volumes/SLU_CS/big_data_scd_all_types_project/.venv/lib/python3.11/site-packages/airflow/example_dags/example_latest_only.py
[2024-04-04T01:09:33.315-0500] {processor.py:840} INFO - DAG(s) 'latest_only' retrieved from /Volumes/SLU_CS/big_data_scd_all_types_project/.venv/lib/python3.11/site-packages/airflow/example_dags/example_latest_only.py
[2024-04-04T01:09:33.350-0500] {logging_mixin.py:188} INFO - [2024-04-04T01:09:33.350-0500] {dag.py:3047} INFO - Sync 1 DAGs
[2024-04-04T01:09:33.358-0500] {logging_mixin.py:188} INFO - [2024-04-04T01:09:33.357-0500] {dag.py:3834} INFO - Setting next_dagrun for latest_only to 2024-04-04 00:00:00+00:00, run_after=2024-04-04 04:00:00+00:00
[2024-04-04T01:09:33.374-0500] {processor.py:183} INFO - Processing /Volumes/SLU_CS/big_data_scd_all_types_project/.venv/lib/python3.11/site-packages/airflow/example_dags/example_latest_only.py took 0.065 seconds
[2024-04-04T01:11:11.409-0500] {processor.py:161} INFO - Started process (PID=33072) to work on /Volumes/SLU_CS/big_data_scd_all_types_project/.venv/lib/python3.11/site-packages/airflow/example_dags/example_latest_only.py
[2024-04-04T01:11:11.409-0500] {processor.py:830} INFO - Processing file /Volumes/SLU_CS/big_data_scd_all_types_project/.venv/lib/python3.11/site-packages/airflow/example_dags/example_latest_only.py for tasks to queue
[2024-04-04T01:11:11.410-0500] {logging_mixin.py:188} INFO - [2024-04-04T01:11:11.410-0500] {dagbag.py:540} INFO - Filling up the DagBag from /Volumes/SLU_CS/big_data_scd_all_types_project/.venv/lib/python3.11/site-packages/airflow/example_dags/example_latest_only.py
[2024-04-04T01:11:11.414-0500] {processor.py:840} INFO - DAG(s) 'latest_only' retrieved from /Volumes/SLU_CS/big_data_scd_all_types_project/.venv/lib/python3.11/site-packages/airflow/example_dags/example_latest_only.py
[2024-04-04T01:11:11.454-0500] {logging_mixin.py:188} INFO - [2024-04-04T01:11:11.454-0500] {dag.py:3047} INFO - Sync 1 DAGs
[2024-04-04T01:11:11.462-0500] {logging_mixin.py:188} INFO - [2024-04-04T01:11:11.462-0500] {dag.py:3834} INFO - Setting next_dagrun for latest_only to 2024-04-04 00:00:00+00:00, run_after=2024-04-04 04:00:00+00:00
[2024-04-04T01:11:11.473-0500] {processor.py:183} INFO - Processing /Volumes/SLU_CS/big_data_scd_all_types_project/.venv/lib/python3.11/site-packages/airflow/example_dags/example_latest_only.py took 0.064 seconds
[2024-04-04T01:12:57.460-0500] {processor.py:161} INFO - Started process (PID=33386) to work on /Volumes/SLU_CS/big_data_scd_all_types_project/.venv/lib/python3.11/site-packages/airflow/example_dags/example_latest_only.py
[2024-04-04T01:12:57.461-0500] {processor.py:830} INFO - Processing file /Volumes/SLU_CS/big_data_scd_all_types_project/.venv/lib/python3.11/site-packages/airflow/example_dags/example_latest_only.py for tasks to queue
[2024-04-04T01:12:57.461-0500] {logging_mixin.py:188} INFO - [2024-04-04T01:12:57.461-0500] {dagbag.py:540} INFO - Filling up the DagBag from /Volumes/SLU_CS/big_data_scd_all_types_project/.venv/lib/python3.11/site-packages/airflow/example_dags/example_latest_only.py
[2024-04-04T01:12:57.464-0500] {processor.py:840} INFO - DAG(s) 'latest_only' retrieved from /Volumes/SLU_CS/big_data_scd_all_types_project/.venv/lib/python3.11/site-packages/airflow/example_dags/example_latest_only.py
[2024-04-04T01:12:57.495-0500] {logging_mixin.py:188} INFO - [2024-04-04T01:12:57.494-0500] {dag.py:3047} INFO - Sync 1 DAGs
[2024-04-04T01:12:57.500-0500] {logging_mixin.py:188} INFO - [2024-04-04T01:12:57.500-0500] {dag.py:3834} INFO - Setting next_dagrun for latest_only to 2024-04-04 00:00:00+00:00, run_after=2024-04-04 04:00:00+00:00
[2024-04-04T01:12:57.507-0500] {processor.py:183} INFO - Processing /Volumes/SLU_CS/big_data_scd_all_types_project/.venv/lib/python3.11/site-packages/airflow/example_dags/example_latest_only.py took 0.047 seconds
[2024-04-04T01:14:35.153-0500] {processor.py:161} INFO - Started process (PID=33580) to work on /Volumes/SLU_CS/big_data_scd_all_types_project/.venv/lib/python3.11/site-packages/airflow/example_dags/example_latest_only.py
[2024-04-04T01:14:35.154-0500] {processor.py:830} INFO - Processing file /Volumes/SLU_CS/big_data_scd_all_types_project/.venv/lib/python3.11/site-packages/airflow/example_dags/example_latest_only.py for tasks to queue
[2024-04-04T01:14:35.154-0500] {logging_mixin.py:188} INFO - [2024-04-04T01:14:35.154-0500] {dagbag.py:540} INFO - Filling up the DagBag from /Volumes/SLU_CS/big_data_scd_all_types_project/.venv/lib/python3.11/site-packages/airflow/example_dags/example_latest_only.py
[2024-04-04T01:14:35.157-0500] {processor.py:840} INFO - DAG(s) 'latest_only' retrieved from /Volumes/SLU_CS/big_data_scd_all_types_project/.venv/lib/python3.11/site-packages/airflow/example_dags/example_latest_only.py
[2024-04-04T01:14:35.187-0500] {logging_mixin.py:188} INFO - [2024-04-04T01:14:35.187-0500] {dag.py:3047} INFO - Sync 1 DAGs
[2024-04-04T01:14:35.193-0500] {logging_mixin.py:188} INFO - [2024-04-04T01:14:35.193-0500] {dag.py:3834} INFO - Setting next_dagrun for latest_only to 2024-04-04 00:00:00+00:00, run_after=2024-04-04 04:00:00+00:00
[2024-04-04T01:14:35.199-0500] {processor.py:183} INFO - Processing /Volumes/SLU_CS/big_data_scd_all_types_project/.venv/lib/python3.11/site-packages/airflow/example_dags/example_latest_only.py took 0.047 seconds
[2024-04-04T01:16:09.349-0500] {processor.py:161} INFO - Started process (PID=33735) to work on /Volumes/SLU_CS/big_data_scd_all_types_project/.venv/lib/python3.11/site-packages/airflow/example_dags/example_latest_only.py
[2024-04-04T01:16:09.350-0500] {processor.py:830} INFO - Processing file /Volumes/SLU_CS/big_data_scd_all_types_project/.venv/lib/python3.11/site-packages/airflow/example_dags/example_latest_only.py for tasks to queue
[2024-04-04T01:16:09.350-0500] {logging_mixin.py:188} INFO - [2024-04-04T01:16:09.350-0500] {dagbag.py:540} INFO - Filling up the DagBag from /Volumes/SLU_CS/big_data_scd_all_types_project/.venv/lib/python3.11/site-packages/airflow/example_dags/example_latest_only.py
[2024-04-04T01:16:09.353-0500] {processor.py:840} INFO - DAG(s) 'latest_only' retrieved from /Volumes/SLU_CS/big_data_scd_all_types_project/.venv/lib/python3.11/site-packages/airflow/example_dags/example_latest_only.py
[2024-04-04T01:16:09.383-0500] {logging_mixin.py:188} INFO - [2024-04-04T01:16:09.383-0500] {dag.py:3047} INFO - Sync 1 DAGs
[2024-04-04T01:16:09.389-0500] {logging_mixin.py:188} INFO - [2024-04-04T01:16:09.389-0500] {dag.py:3834} INFO - Setting next_dagrun for latest_only to 2024-04-04 00:00:00+00:00, run_after=2024-04-04 04:00:00+00:00
[2024-04-04T01:16:09.395-0500] {processor.py:183} INFO - Processing /Volumes/SLU_CS/big_data_scd_all_types_project/.venv/lib/python3.11/site-packages/airflow/example_dags/example_latest_only.py took 0.046 seconds
[2024-04-04T01:17:56.386-0500] {processor.py:161} INFO - Started process (PID=33915) to work on /Volumes/SLU_CS/big_data_scd_all_types_project/.venv/lib/python3.11/site-packages/airflow/example_dags/example_latest_only.py
[2024-04-04T01:17:56.387-0500] {processor.py:830} INFO - Processing file /Volumes/SLU_CS/big_data_scd_all_types_project/.venv/lib/python3.11/site-packages/airflow/example_dags/example_latest_only.py for tasks to queue
[2024-04-04T01:17:56.387-0500] {logging_mixin.py:188} INFO - [2024-04-04T01:17:56.387-0500] {dagbag.py:540} INFO - Filling up the DagBag from /Volumes/SLU_CS/big_data_scd_all_types_project/.venv/lib/python3.11/site-packages/airflow/example_dags/example_latest_only.py
[2024-04-04T01:17:56.390-0500] {processor.py:840} INFO - DAG(s) 'latest_only' retrieved from /Volumes/SLU_CS/big_data_scd_all_types_project/.venv/lib/python3.11/site-packages/airflow/example_dags/example_latest_only.py
[2024-04-04T01:17:56.421-0500] {logging_mixin.py:188} INFO - [2024-04-04T01:17:56.421-0500] {dag.py:3047} INFO - Sync 1 DAGs
[2024-04-04T01:17:56.427-0500] {logging_mixin.py:188} INFO - [2024-04-04T01:17:56.427-0500] {dag.py:3834} INFO - Setting next_dagrun for latest_only to 2024-04-04 00:00:00+00:00, run_after=2024-04-04 04:00:00+00:00
[2024-04-04T01:17:56.433-0500] {processor.py:183} INFO - Processing /Volumes/SLU_CS/big_data_scd_all_types_project/.venv/lib/python3.11/site-packages/airflow/example_dags/example_latest_only.py took 0.048 seconds
[2024-04-04T01:19:48.919-0500] {processor.py:161} INFO - Started process (PID=34209) to work on /Volumes/SLU_CS/big_data_scd_all_types_project/.venv/lib/python3.11/site-packages/airflow/example_dags/example_latest_only.py
[2024-04-04T01:19:48.920-0500] {processor.py:830} INFO - Processing file /Volumes/SLU_CS/big_data_scd_all_types_project/.venv/lib/python3.11/site-packages/airflow/example_dags/example_latest_only.py for tasks to queue
[2024-04-04T01:19:48.921-0500] {logging_mixin.py:188} INFO - [2024-04-04T01:19:48.921-0500] {dagbag.py:540} INFO - Filling up the DagBag from /Volumes/SLU_CS/big_data_scd_all_types_project/.venv/lib/python3.11/site-packages/airflow/example_dags/example_latest_only.py
[2024-04-04T01:19:48.924-0500] {processor.py:840} INFO - DAG(s) 'latest_only' retrieved from /Volumes/SLU_CS/big_data_scd_all_types_project/.venv/lib/python3.11/site-packages/airflow/example_dags/example_latest_only.py
[2024-04-04T01:19:48.956-0500] {logging_mixin.py:188} INFO - [2024-04-04T01:19:48.956-0500] {dag.py:3047} INFO - Sync 1 DAGs
[2024-04-04T01:19:48.962-0500] {logging_mixin.py:188} INFO - [2024-04-04T01:19:48.962-0500] {dag.py:3834} INFO - Setting next_dagrun for latest_only to 2024-04-04 00:00:00+00:00, run_after=2024-04-04 04:00:00+00:00
[2024-04-04T01:19:48.970-0500] {processor.py:183} INFO - Processing /Volumes/SLU_CS/big_data_scd_all_types_project/.venv/lib/python3.11/site-packages/airflow/example_dags/example_latest_only.py took 0.051 seconds
