[2024-04-04T01:01:54.560-0500] {processor.py:161} INFO - Started process (PID=31886) to work on /Volumes/SLU_CS/big_data_scd_all_types_project/.venv/lib/python3.11/site-packages/airflow/example_dags/example_xcom.py
[2024-04-04T01:01:54.561-0500] {processor.py:830} INFO - Processing file /Volumes/SLU_CS/big_data_scd_all_types_project/.venv/lib/python3.11/site-packages/airflow/example_dags/example_xcom.py for tasks to queue
[2024-04-04T01:01:54.562-0500] {logging_mixin.py:188} INFO - [2024-04-04T01:01:54.562-0500] {dagbag.py:540} INFO - Filling up the DagBag from /Volumes/SLU_CS/big_data_scd_all_types_project/.venv/lib/python3.11/site-packages/airflow/example_dags/example_xcom.py
[2024-04-04T01:01:54.577-0500] {processor.py:840} INFO - DAG(s) 'example_xcom' retrieved from /Volumes/SLU_CS/big_data_scd_all_types_project/.venv/lib/python3.11/site-packages/airflow/example_dags/example_xcom.py
[2024-04-04T01:01:54.678-0500] {logging_mixin.py:188} INFO - [2024-04-04T01:01:54.677-0500] {dag.py:3047} INFO - Sync 1 DAGs
[2024-04-04T01:01:54.693-0500] {logging_mixin.py:188} INFO - [2024-04-04T01:01:54.692-0500] {dag.py:3834} INFO - Setting next_dagrun for example_xcom to 2021-01-01 00:00:00+00:00, run_after=2021-01-01 00:00:00+00:00
[2024-04-04T01:01:54.719-0500] {processor.py:183} INFO - Processing /Volumes/SLU_CS/big_data_scd_all_types_project/.venv/lib/python3.11/site-packages/airflow/example_dags/example_xcom.py took 0.160 seconds
[2024-04-04T01:03:20.647-0500] {processor.py:161} INFO - Started process (PID=32060) to work on /Volumes/SLU_CS/big_data_scd_all_types_project/.venv/lib/python3.11/site-packages/airflow/example_dags/example_xcom.py
[2024-04-04T01:03:20.648-0500] {processor.py:830} INFO - Processing file /Volumes/SLU_CS/big_data_scd_all_types_project/.venv/lib/python3.11/site-packages/airflow/example_dags/example_xcom.py for tasks to queue
[2024-04-04T01:03:20.648-0500] {logging_mixin.py:188} INFO - [2024-04-04T01:03:20.648-0500] {dagbag.py:540} INFO - Filling up the DagBag from /Volumes/SLU_CS/big_data_scd_all_types_project/.venv/lib/python3.11/site-packages/airflow/example_dags/example_xcom.py
[2024-04-04T01:03:20.665-0500] {processor.py:840} INFO - DAG(s) 'example_xcom' retrieved from /Volumes/SLU_CS/big_data_scd_all_types_project/.venv/lib/python3.11/site-packages/airflow/example_dags/example_xcom.py
[2024-04-04T01:03:20.697-0500] {logging_mixin.py:188} INFO - [2024-04-04T01:03:20.697-0500] {dag.py:3047} INFO - Sync 1 DAGs
[2024-04-04T01:03:20.702-0500] {logging_mixin.py:188} INFO - [2024-04-04T01:03:20.702-0500] {dag.py:3834} INFO - Setting next_dagrun for example_xcom to 2021-01-01 00:00:00+00:00, run_after=2021-01-01 00:00:00+00:00
[2024-04-04T01:03:20.709-0500] {processor.py:183} INFO - Processing /Volumes/SLU_CS/big_data_scd_all_types_project/.venv/lib/python3.11/site-packages/airflow/example_dags/example_xcom.py took 0.062 seconds
[2024-04-04T01:04:13.327-0500] {processor.py:161} INFO - Started process (PID=32211) to work on /Volumes/SLU_CS/big_data_scd_all_types_project/.venv/lib/python3.11/site-packages/airflow/example_dags/example_xcom.py
[2024-04-04T01:04:13.328-0500] {processor.py:830} INFO - Processing file /Volumes/SLU_CS/big_data_scd_all_types_project/.venv/lib/python3.11/site-packages/airflow/example_dags/example_xcom.py for tasks to queue
[2024-04-04T01:04:13.328-0500] {logging_mixin.py:188} INFO - [2024-04-04T01:04:13.328-0500] {dagbag.py:540} INFO - Filling up the DagBag from /Volumes/SLU_CS/big_data_scd_all_types_project/.venv/lib/python3.11/site-packages/airflow/example_dags/example_xcom.py
[2024-04-04T01:04:13.342-0500] {processor.py:840} INFO - DAG(s) 'example_xcom' retrieved from /Volumes/SLU_CS/big_data_scd_all_types_project/.venv/lib/python3.11/site-packages/airflow/example_dags/example_xcom.py
[2024-04-04T01:04:13.374-0500] {logging_mixin.py:188} INFO - [2024-04-04T01:04:13.374-0500] {dag.py:3047} INFO - Sync 1 DAGs
[2024-04-04T01:04:13.380-0500] {logging_mixin.py:188} INFO - [2024-04-04T01:04:13.380-0500] {dag.py:3834} INFO - Setting next_dagrun for example_xcom to 2021-01-01 00:00:00+00:00, run_after=2021-01-01 00:00:00+00:00
[2024-04-04T01:04:13.388-0500] {processor.py:183} INFO - Processing /Volumes/SLU_CS/big_data_scd_all_types_project/.venv/lib/python3.11/site-packages/airflow/example_dags/example_xcom.py took 0.061 seconds
[2024-04-04T01:05:04.732-0500] {processor.py:161} INFO - Started process (PID=32308) to work on /Volumes/SLU_CS/big_data_scd_all_types_project/.venv/lib/python3.11/site-packages/airflow/example_dags/example_xcom.py
[2024-04-04T01:05:04.733-0500] {processor.py:830} INFO - Processing file /Volumes/SLU_CS/big_data_scd_all_types_project/.venv/lib/python3.11/site-packages/airflow/example_dags/example_xcom.py for tasks to queue
[2024-04-04T01:05:04.733-0500] {logging_mixin.py:188} INFO - [2024-04-04T01:05:04.733-0500] {dagbag.py:540} INFO - Filling up the DagBag from /Volumes/SLU_CS/big_data_scd_all_types_project/.venv/lib/python3.11/site-packages/airflow/example_dags/example_xcom.py
[2024-04-04T01:05:04.746-0500] {processor.py:840} INFO - DAG(s) 'example_xcom' retrieved from /Volumes/SLU_CS/big_data_scd_all_types_project/.venv/lib/python3.11/site-packages/airflow/example_dags/example_xcom.py
[2024-04-04T01:05:04.775-0500] {logging_mixin.py:188} INFO - [2024-04-04T01:05:04.775-0500] {dag.py:3047} INFO - Sync 1 DAGs
[2024-04-04T01:05:04.781-0500] {logging_mixin.py:188} INFO - [2024-04-04T01:05:04.780-0500] {dag.py:3834} INFO - Setting next_dagrun for example_xcom to 2021-01-01 00:00:00+00:00, run_after=2021-01-01 00:00:00+00:00
[2024-04-04T01:05:04.787-0500] {processor.py:183} INFO - Processing /Volumes/SLU_CS/big_data_scd_all_types_project/.venv/lib/python3.11/site-packages/airflow/example_dags/example_xcom.py took 0.055 seconds
[2024-04-04T01:05:55.806-0500] {processor.py:161} INFO - Started process (PID=32410) to work on /Volumes/SLU_CS/big_data_scd_all_types_project/.venv/lib/python3.11/site-packages/airflow/example_dags/example_xcom.py
[2024-04-04T01:05:55.807-0500] {processor.py:830} INFO - Processing file /Volumes/SLU_CS/big_data_scd_all_types_project/.venv/lib/python3.11/site-packages/airflow/example_dags/example_xcom.py for tasks to queue
[2024-04-04T01:05:55.807-0500] {logging_mixin.py:188} INFO - [2024-04-04T01:05:55.807-0500] {dagbag.py:540} INFO - Filling up the DagBag from /Volumes/SLU_CS/big_data_scd_all_types_project/.venv/lib/python3.11/site-packages/airflow/example_dags/example_xcom.py
[2024-04-04T01:05:55.821-0500] {processor.py:840} INFO - DAG(s) 'example_xcom' retrieved from /Volumes/SLU_CS/big_data_scd_all_types_project/.venv/lib/python3.11/site-packages/airflow/example_dags/example_xcom.py
[2024-04-04T01:05:55.851-0500] {logging_mixin.py:188} INFO - [2024-04-04T01:05:55.850-0500] {dag.py:3047} INFO - Sync 1 DAGs
[2024-04-04T01:05:55.856-0500] {logging_mixin.py:188} INFO - [2024-04-04T01:05:55.856-0500] {dag.py:3834} INFO - Setting next_dagrun for example_xcom to 2021-01-01 00:00:00+00:00, run_after=2021-01-01 00:00:00+00:00
[2024-04-04T01:05:55.864-0500] {processor.py:183} INFO - Processing /Volumes/SLU_CS/big_data_scd_all_types_project/.venv/lib/python3.11/site-packages/airflow/example_dags/example_xcom.py took 0.060 seconds
[2024-04-04T01:07:05.449-0500] {processor.py:161} INFO - Started process (PID=32578) to work on /Volumes/SLU_CS/big_data_scd_all_types_project/.venv/lib/python3.11/site-packages/airflow/example_dags/example_xcom.py
[2024-04-04T01:07:05.450-0500] {processor.py:830} INFO - Processing file /Volumes/SLU_CS/big_data_scd_all_types_project/.venv/lib/python3.11/site-packages/airflow/example_dags/example_xcom.py for tasks to queue
[2024-04-04T01:07:05.450-0500] {logging_mixin.py:188} INFO - [2024-04-04T01:07:05.450-0500] {dagbag.py:540} INFO - Filling up the DagBag from /Volumes/SLU_CS/big_data_scd_all_types_project/.venv/lib/python3.11/site-packages/airflow/example_dags/example_xcom.py
[2024-04-04T01:07:05.464-0500] {processor.py:840} INFO - DAG(s) 'example_xcom' retrieved from /Volumes/SLU_CS/big_data_scd_all_types_project/.venv/lib/python3.11/site-packages/airflow/example_dags/example_xcom.py
[2024-04-04T01:07:05.495-0500] {logging_mixin.py:188} INFO - [2024-04-04T01:07:05.495-0500] {dag.py:3047} INFO - Sync 1 DAGs
[2024-04-04T01:07:05.501-0500] {logging_mixin.py:188} INFO - [2024-04-04T01:07:05.501-0500] {dag.py:3834} INFO - Setting next_dagrun for example_xcom to 2021-01-01 00:00:00+00:00, run_after=2021-01-01 00:00:00+00:00
[2024-04-04T01:07:05.507-0500] {processor.py:183} INFO - Processing /Volumes/SLU_CS/big_data_scd_all_types_project/.venv/lib/python3.11/site-packages/airflow/example_dags/example_xcom.py took 0.059 seconds
[2024-04-04T01:08:29.657-0500] {processor.py:161} INFO - Started process (PID=32704) to work on /Volumes/SLU_CS/big_data_scd_all_types_project/.venv/lib/python3.11/site-packages/airflow/example_dags/example_xcom.py
[2024-04-04T01:08:29.658-0500] {processor.py:830} INFO - Processing file /Volumes/SLU_CS/big_data_scd_all_types_project/.venv/lib/python3.11/site-packages/airflow/example_dags/example_xcom.py for tasks to queue
[2024-04-04T01:08:29.658-0500] {logging_mixin.py:188} INFO - [2024-04-04T01:08:29.658-0500] {dagbag.py:540} INFO - Filling up the DagBag from /Volumes/SLU_CS/big_data_scd_all_types_project/.venv/lib/python3.11/site-packages/airflow/example_dags/example_xcom.py
[2024-04-04T01:08:29.673-0500] {processor.py:840} INFO - DAG(s) 'example_xcom' retrieved from /Volumes/SLU_CS/big_data_scd_all_types_project/.venv/lib/python3.11/site-packages/airflow/example_dags/example_xcom.py
[2024-04-04T01:08:29.704-0500] {logging_mixin.py:188} INFO - [2024-04-04T01:08:29.704-0500] {dag.py:3047} INFO - Sync 1 DAGs
[2024-04-04T01:08:29.710-0500] {logging_mixin.py:188} INFO - [2024-04-04T01:08:29.710-0500] {dag.py:3834} INFO - Setting next_dagrun for example_xcom to 2021-01-01 00:00:00+00:00, run_after=2021-01-01 00:00:00+00:00
[2024-04-04T01:08:29.718-0500] {processor.py:183} INFO - Processing /Volumes/SLU_CS/big_data_scd_all_types_project/.venv/lib/python3.11/site-packages/airflow/example_dags/example_xcom.py took 0.062 seconds
[2024-04-04T01:09:24.418-0500] {processor.py:161} INFO - Started process (PID=32811) to work on /Volumes/SLU_CS/big_data_scd_all_types_project/.venv/lib/python3.11/site-packages/airflow/example_dags/example_xcom.py
[2024-04-04T01:09:24.419-0500] {processor.py:830} INFO - Processing file /Volumes/SLU_CS/big_data_scd_all_types_project/.venv/lib/python3.11/site-packages/airflow/example_dags/example_xcom.py for tasks to queue
[2024-04-04T01:09:24.419-0500] {logging_mixin.py:188} INFO - [2024-04-04T01:09:24.419-0500] {dagbag.py:540} INFO - Filling up the DagBag from /Volumes/SLU_CS/big_data_scd_all_types_project/.venv/lib/python3.11/site-packages/airflow/example_dags/example_xcom.py
[2024-04-04T01:09:24.434-0500] {processor.py:840} INFO - DAG(s) 'example_xcom' retrieved from /Volumes/SLU_CS/big_data_scd_all_types_project/.venv/lib/python3.11/site-packages/airflow/example_dags/example_xcom.py
[2024-04-04T01:09:24.464-0500] {logging_mixin.py:188} INFO - [2024-04-04T01:09:24.464-0500] {dag.py:3047} INFO - Sync 1 DAGs
[2024-04-04T01:09:24.469-0500] {logging_mixin.py:188} INFO - [2024-04-04T01:09:24.469-0500] {dag.py:3834} INFO - Setting next_dagrun for example_xcom to 2021-01-01 00:00:00+00:00, run_after=2021-01-01 00:00:00+00:00
[2024-04-04T01:09:24.477-0500] {processor.py:183} INFO - Processing /Volumes/SLU_CS/big_data_scd_all_types_project/.venv/lib/python3.11/site-packages/airflow/example_dags/example_xcom.py took 0.059 seconds
[2024-04-04T01:10:15.661-0500] {processor.py:161} INFO - Started process (PID=32933) to work on /Volumes/SLU_CS/big_data_scd_all_types_project/.venv/lib/python3.11/site-packages/airflow/example_dags/example_xcom.py
[2024-04-04T01:10:15.661-0500] {processor.py:830} INFO - Processing file /Volumes/SLU_CS/big_data_scd_all_types_project/.venv/lib/python3.11/site-packages/airflow/example_dags/example_xcom.py for tasks to queue
[2024-04-04T01:10:15.662-0500] {logging_mixin.py:188} INFO - [2024-04-04T01:10:15.662-0500] {dagbag.py:540} INFO - Filling up the DagBag from /Volumes/SLU_CS/big_data_scd_all_types_project/.venv/lib/python3.11/site-packages/airflow/example_dags/example_xcom.py
[2024-04-04T01:10:15.674-0500] {processor.py:840} INFO - DAG(s) 'example_xcom' retrieved from /Volumes/SLU_CS/big_data_scd_all_types_project/.venv/lib/python3.11/site-packages/airflow/example_dags/example_xcom.py
[2024-04-04T01:10:15.705-0500] {logging_mixin.py:188} INFO - [2024-04-04T01:10:15.705-0500] {dag.py:3047} INFO - Sync 1 DAGs
[2024-04-04T01:10:15.710-0500] {logging_mixin.py:188} INFO - [2024-04-04T01:10:15.710-0500] {dag.py:3834} INFO - Setting next_dagrun for example_xcom to 2021-01-01 00:00:00+00:00, run_after=2021-01-01 00:00:00+00:00
[2024-04-04T01:10:15.716-0500] {processor.py:183} INFO - Processing /Volumes/SLU_CS/big_data_scd_all_types_project/.venv/lib/python3.11/site-packages/airflow/example_dags/example_xcom.py took 0.056 seconds
[2024-04-04T01:11:57.430-0500] {processor.py:161} INFO - Started process (PID=33207) to work on /Volumes/SLU_CS/big_data_scd_all_types_project/.venv/lib/python3.11/site-packages/airflow/example_dags/example_xcom.py
[2024-04-04T01:11:57.431-0500] {processor.py:830} INFO - Processing file /Volumes/SLU_CS/big_data_scd_all_types_project/.venv/lib/python3.11/site-packages/airflow/example_dags/example_xcom.py for tasks to queue
[2024-04-04T01:11:57.431-0500] {logging_mixin.py:188} INFO - [2024-04-04T01:11:57.431-0500] {dagbag.py:540} INFO - Filling up the DagBag from /Volumes/SLU_CS/big_data_scd_all_types_project/.venv/lib/python3.11/site-packages/airflow/example_dags/example_xcom.py
[2024-04-04T01:11:57.446-0500] {processor.py:840} INFO - DAG(s) 'example_xcom' retrieved from /Volumes/SLU_CS/big_data_scd_all_types_project/.venv/lib/python3.11/site-packages/airflow/example_dags/example_xcom.py
[2024-04-04T01:11:57.476-0500] {logging_mixin.py:188} INFO - [2024-04-04T01:11:57.475-0500] {dag.py:3047} INFO - Sync 1 DAGs
[2024-04-04T01:11:57.481-0500] {logging_mixin.py:188} INFO - [2024-04-04T01:11:57.481-0500] {dag.py:3834} INFO - Setting next_dagrun for example_xcom to 2021-01-01 00:00:00+00:00, run_after=2021-01-01 00:00:00+00:00
[2024-04-04T01:11:57.487-0500] {processor.py:183} INFO - Processing /Volumes/SLU_CS/big_data_scd_all_types_project/.venv/lib/python3.11/site-packages/airflow/example_dags/example_xcom.py took 0.058 seconds
[2024-04-04T01:12:49.347-0500] {processor.py:161} INFO - Started process (PID=33363) to work on /Volumes/SLU_CS/big_data_scd_all_types_project/.venv/lib/python3.11/site-packages/airflow/example_dags/example_xcom.py
[2024-04-04T01:12:49.348-0500] {processor.py:830} INFO - Processing file /Volumes/SLU_CS/big_data_scd_all_types_project/.venv/lib/python3.11/site-packages/airflow/example_dags/example_xcom.py for tasks to queue
[2024-04-04T01:12:49.348-0500] {logging_mixin.py:188} INFO - [2024-04-04T01:12:49.348-0500] {dagbag.py:540} INFO - Filling up the DagBag from /Volumes/SLU_CS/big_data_scd_all_types_project/.venv/lib/python3.11/site-packages/airflow/example_dags/example_xcom.py
[2024-04-04T01:12:49.364-0500] {processor.py:840} INFO - DAG(s) 'example_xcom' retrieved from /Volumes/SLU_CS/big_data_scd_all_types_project/.venv/lib/python3.11/site-packages/airflow/example_dags/example_xcom.py
[2024-04-04T01:12:49.394-0500] {logging_mixin.py:188} INFO - [2024-04-04T01:12:49.394-0500] {dag.py:3047} INFO - Sync 1 DAGs
[2024-04-04T01:12:49.400-0500] {logging_mixin.py:188} INFO - [2024-04-04T01:12:49.400-0500] {dag.py:3834} INFO - Setting next_dagrun for example_xcom to 2021-01-01 00:00:00+00:00, run_after=2021-01-01 00:00:00+00:00
[2024-04-04T01:12:49.406-0500] {processor.py:183} INFO - Processing /Volumes/SLU_CS/big_data_scd_all_types_project/.venv/lib/python3.11/site-packages/airflow/example_dags/example_xcom.py took 0.060 seconds
[2024-04-04T01:13:38.414-0500] {processor.py:161} INFO - Started process (PID=33483) to work on /Volumes/SLU_CS/big_data_scd_all_types_project/.venv/lib/python3.11/site-packages/airflow/example_dags/example_xcom.py
[2024-04-04T01:13:38.415-0500] {processor.py:830} INFO - Processing file /Volumes/SLU_CS/big_data_scd_all_types_project/.venv/lib/python3.11/site-packages/airflow/example_dags/example_xcom.py for tasks to queue
[2024-04-04T01:13:38.415-0500] {logging_mixin.py:188} INFO - [2024-04-04T01:13:38.415-0500] {dagbag.py:540} INFO - Filling up the DagBag from /Volumes/SLU_CS/big_data_scd_all_types_project/.venv/lib/python3.11/site-packages/airflow/example_dags/example_xcom.py
[2024-04-04T01:13:38.429-0500] {processor.py:840} INFO - DAG(s) 'example_xcom' retrieved from /Volumes/SLU_CS/big_data_scd_all_types_project/.venv/lib/python3.11/site-packages/airflow/example_dags/example_xcom.py
[2024-04-04T01:13:38.459-0500] {logging_mixin.py:188} INFO - [2024-04-04T01:13:38.459-0500] {dag.py:3047} INFO - Sync 1 DAGs
[2024-04-04T01:13:38.464-0500] {logging_mixin.py:188} INFO - [2024-04-04T01:13:38.464-0500] {dag.py:3834} INFO - Setting next_dagrun for example_xcom to 2021-01-01 00:00:00+00:00, run_after=2021-01-01 00:00:00+00:00
[2024-04-04T01:13:38.470-0500] {processor.py:183} INFO - Processing /Volumes/SLU_CS/big_data_scd_all_types_project/.venv/lib/python3.11/site-packages/airflow/example_dags/example_xcom.py took 0.057 seconds
[2024-04-04T01:14:27.378-0500] {processor.py:161} INFO - Started process (PID=33569) to work on /Volumes/SLU_CS/big_data_scd_all_types_project/.venv/lib/python3.11/site-packages/airflow/example_dags/example_xcom.py
[2024-04-04T01:14:27.379-0500] {processor.py:830} INFO - Processing file /Volumes/SLU_CS/big_data_scd_all_types_project/.venv/lib/python3.11/site-packages/airflow/example_dags/example_xcom.py for tasks to queue
[2024-04-04T01:14:27.380-0500] {logging_mixin.py:188} INFO - [2024-04-04T01:14:27.380-0500] {dagbag.py:540} INFO - Filling up the DagBag from /Volumes/SLU_CS/big_data_scd_all_types_project/.venv/lib/python3.11/site-packages/airflow/example_dags/example_xcom.py
[2024-04-04T01:14:27.392-0500] {processor.py:840} INFO - DAG(s) 'example_xcom' retrieved from /Volumes/SLU_CS/big_data_scd_all_types_project/.venv/lib/python3.11/site-packages/airflow/example_dags/example_xcom.py
[2024-04-04T01:14:27.421-0500] {logging_mixin.py:188} INFO - [2024-04-04T01:14:27.421-0500] {dag.py:3047} INFO - Sync 1 DAGs
[2024-04-04T01:14:27.426-0500] {logging_mixin.py:188} INFO - [2024-04-04T01:14:27.426-0500] {dag.py:3834} INFO - Setting next_dagrun for example_xcom to 2021-01-01 00:00:00+00:00, run_after=2021-01-01 00:00:00+00:00
[2024-04-04T01:14:27.432-0500] {processor.py:183} INFO - Processing /Volumes/SLU_CS/big_data_scd_all_types_project/.venv/lib/python3.11/site-packages/airflow/example_dags/example_xcom.py took 0.054 seconds
[2024-04-04T01:15:17.760-0500] {processor.py:161} INFO - Started process (PID=33665) to work on /Volumes/SLU_CS/big_data_scd_all_types_project/.venv/lib/python3.11/site-packages/airflow/example_dags/example_xcom.py
[2024-04-04T01:15:17.760-0500] {processor.py:830} INFO - Processing file /Volumes/SLU_CS/big_data_scd_all_types_project/.venv/lib/python3.11/site-packages/airflow/example_dags/example_xcom.py for tasks to queue
[2024-04-04T01:15:17.760-0500] {logging_mixin.py:188} INFO - [2024-04-04T01:15:17.760-0500] {dagbag.py:540} INFO - Filling up the DagBag from /Volumes/SLU_CS/big_data_scd_all_types_project/.venv/lib/python3.11/site-packages/airflow/example_dags/example_xcom.py
[2024-04-04T01:15:17.778-0500] {processor.py:840} INFO - DAG(s) 'example_xcom' retrieved from /Volumes/SLU_CS/big_data_scd_all_types_project/.venv/lib/python3.11/site-packages/airflow/example_dags/example_xcom.py
[2024-04-04T01:15:17.807-0500] {logging_mixin.py:188} INFO - [2024-04-04T01:15:17.807-0500] {dag.py:3047} INFO - Sync 1 DAGs
[2024-04-04T01:15:17.812-0500] {logging_mixin.py:188} INFO - [2024-04-04T01:15:17.812-0500] {dag.py:3834} INFO - Setting next_dagrun for example_xcom to 2021-01-01 00:00:00+00:00, run_after=2021-01-01 00:00:00+00:00
[2024-04-04T01:15:17.818-0500] {processor.py:183} INFO - Processing /Volumes/SLU_CS/big_data_scd_all_types_project/.venv/lib/python3.11/site-packages/airflow/example_dags/example_xcom.py took 0.059 seconds
[2024-04-04T01:16:54.787-0500] {processor.py:161} INFO - Started process (PID=33817) to work on /Volumes/SLU_CS/big_data_scd_all_types_project/.venv/lib/python3.11/site-packages/airflow/example_dags/example_xcom.py
[2024-04-04T01:16:54.788-0500] {processor.py:830} INFO - Processing file /Volumes/SLU_CS/big_data_scd_all_types_project/.venv/lib/python3.11/site-packages/airflow/example_dags/example_xcom.py for tasks to queue
[2024-04-04T01:16:54.788-0500] {logging_mixin.py:188} INFO - [2024-04-04T01:16:54.788-0500] {dagbag.py:540} INFO - Filling up the DagBag from /Volumes/SLU_CS/big_data_scd_all_types_project/.venv/lib/python3.11/site-packages/airflow/example_dags/example_xcom.py
[2024-04-04T01:16:54.802-0500] {processor.py:840} INFO - DAG(s) 'example_xcom' retrieved from /Volumes/SLU_CS/big_data_scd_all_types_project/.venv/lib/python3.11/site-packages/airflow/example_dags/example_xcom.py
[2024-04-04T01:16:54.832-0500] {logging_mixin.py:188} INFO - [2024-04-04T01:16:54.832-0500] {dag.py:3047} INFO - Sync 1 DAGs
[2024-04-04T01:16:54.837-0500] {logging_mixin.py:188} INFO - [2024-04-04T01:16:54.837-0500] {dag.py:3834} INFO - Setting next_dagrun for example_xcom to 2021-01-01 00:00:00+00:00, run_after=2021-01-01 00:00:00+00:00
[2024-04-04T01:16:54.843-0500] {processor.py:183} INFO - Processing /Volumes/SLU_CS/big_data_scd_all_types_project/.venv/lib/python3.11/site-packages/airflow/example_dags/example_xcom.py took 0.056 seconds
[2024-04-04T01:17:49.354-0500] {processor.py:161} INFO - Started process (PID=33904) to work on /Volumes/SLU_CS/big_data_scd_all_types_project/.venv/lib/python3.11/site-packages/airflow/example_dags/example_xcom.py
[2024-04-04T01:17:49.355-0500] {processor.py:830} INFO - Processing file /Volumes/SLU_CS/big_data_scd_all_types_project/.venv/lib/python3.11/site-packages/airflow/example_dags/example_xcom.py for tasks to queue
[2024-04-04T01:17:49.355-0500] {logging_mixin.py:188} INFO - [2024-04-04T01:17:49.355-0500] {dagbag.py:540} INFO - Filling up the DagBag from /Volumes/SLU_CS/big_data_scd_all_types_project/.venv/lib/python3.11/site-packages/airflow/example_dags/example_xcom.py
[2024-04-04T01:17:49.369-0500] {processor.py:840} INFO - DAG(s) 'example_xcom' retrieved from /Volumes/SLU_CS/big_data_scd_all_types_project/.venv/lib/python3.11/site-packages/airflow/example_dags/example_xcom.py
[2024-04-04T01:17:49.399-0500] {logging_mixin.py:188} INFO - [2024-04-04T01:17:49.399-0500] {dag.py:3047} INFO - Sync 1 DAGs
[2024-04-04T01:17:49.404-0500] {logging_mixin.py:188} INFO - [2024-04-04T01:17:49.404-0500] {dag.py:3834} INFO - Setting next_dagrun for example_xcom to 2021-01-01 00:00:00+00:00, run_after=2021-01-01 00:00:00+00:00
[2024-04-04T01:17:49.411-0500] {processor.py:183} INFO - Processing /Volumes/SLU_CS/big_data_scd_all_types_project/.venv/lib/python3.11/site-packages/airflow/example_dags/example_xcom.py took 0.058 seconds
[2024-04-04T01:18:42.062-0500] {processor.py:161} INFO - Started process (PID=33982) to work on /Volumes/SLU_CS/big_data_scd_all_types_project/.venv/lib/python3.11/site-packages/airflow/example_dags/example_xcom.py
[2024-04-04T01:18:42.063-0500] {processor.py:830} INFO - Processing file /Volumes/SLU_CS/big_data_scd_all_types_project/.venv/lib/python3.11/site-packages/airflow/example_dags/example_xcom.py for tasks to queue
[2024-04-04T01:18:42.063-0500] {logging_mixin.py:188} INFO - [2024-04-04T01:18:42.063-0500] {dagbag.py:540} INFO - Filling up the DagBag from /Volumes/SLU_CS/big_data_scd_all_types_project/.venv/lib/python3.11/site-packages/airflow/example_dags/example_xcom.py
[2024-04-04T01:18:42.079-0500] {processor.py:840} INFO - DAG(s) 'example_xcom' retrieved from /Volumes/SLU_CS/big_data_scd_all_types_project/.venv/lib/python3.11/site-packages/airflow/example_dags/example_xcom.py
[2024-04-04T01:18:42.116-0500] {logging_mixin.py:188} INFO - [2024-04-04T01:18:42.116-0500] {dag.py:3047} INFO - Sync 1 DAGs
[2024-04-04T01:18:42.121-0500] {logging_mixin.py:188} INFO - [2024-04-04T01:18:42.121-0500] {dag.py:3834} INFO - Setting next_dagrun for example_xcom to 2021-01-01 00:00:00+00:00, run_after=2021-01-01 00:00:00+00:00
[2024-04-04T01:18:42.128-0500] {processor.py:183} INFO - Processing /Volumes/SLU_CS/big_data_scd_all_types_project/.venv/lib/python3.11/site-packages/airflow/example_dags/example_xcom.py took 0.069 seconds
[2024-04-04T01:19:38.562-0500] {processor.py:161} INFO - Started process (PID=34192) to work on /Volumes/SLU_CS/big_data_scd_all_types_project/.venv/lib/python3.11/site-packages/airflow/example_dags/example_xcom.py
[2024-04-04T01:19:38.563-0500] {processor.py:830} INFO - Processing file /Volumes/SLU_CS/big_data_scd_all_types_project/.venv/lib/python3.11/site-packages/airflow/example_dags/example_xcom.py for tasks to queue
[2024-04-04T01:19:38.563-0500] {logging_mixin.py:188} INFO - [2024-04-04T01:19:38.563-0500] {dagbag.py:540} INFO - Filling up the DagBag from /Volumes/SLU_CS/big_data_scd_all_types_project/.venv/lib/python3.11/site-packages/airflow/example_dags/example_xcom.py
[2024-04-04T01:19:38.577-0500] {processor.py:840} INFO - DAG(s) 'example_xcom' retrieved from /Volumes/SLU_CS/big_data_scd_all_types_project/.venv/lib/python3.11/site-packages/airflow/example_dags/example_xcom.py
[2024-04-04T01:19:38.607-0500] {logging_mixin.py:188} INFO - [2024-04-04T01:19:38.607-0500] {dag.py:3047} INFO - Sync 1 DAGs
[2024-04-04T01:19:38.613-0500] {logging_mixin.py:188} INFO - [2024-04-04T01:19:38.613-0500] {dag.py:3834} INFO - Setting next_dagrun for example_xcom to 2021-01-01 00:00:00+00:00, run_after=2021-01-01 00:00:00+00:00
[2024-04-04T01:19:38.620-0500] {processor.py:183} INFO - Processing /Volumes/SLU_CS/big_data_scd_all_types_project/.venv/lib/python3.11/site-packages/airflow/example_dags/example_xcom.py took 0.058 seconds
[2024-04-04T01:20:32.714-0500] {processor.py:161} INFO - Started process (PID=34285) to work on /Volumes/SLU_CS/big_data_scd_all_types_project/.venv/lib/python3.11/site-packages/airflow/example_dags/example_xcom.py
[2024-04-04T01:20:32.716-0500] {processor.py:830} INFO - Processing file /Volumes/SLU_CS/big_data_scd_all_types_project/.venv/lib/python3.11/site-packages/airflow/example_dags/example_xcom.py for tasks to queue
[2024-04-04T01:20:32.716-0500] {logging_mixin.py:188} INFO - [2024-04-04T01:20:32.716-0500] {dagbag.py:540} INFO - Filling up the DagBag from /Volumes/SLU_CS/big_data_scd_all_types_project/.venv/lib/python3.11/site-packages/airflow/example_dags/example_xcom.py
[2024-04-04T01:20:32.731-0500] {processor.py:840} INFO - DAG(s) 'example_xcom' retrieved from /Volumes/SLU_CS/big_data_scd_all_types_project/.venv/lib/python3.11/site-packages/airflow/example_dags/example_xcom.py
[2024-04-04T01:20:32.763-0500] {logging_mixin.py:188} INFO - [2024-04-04T01:20:32.763-0500] {dag.py:3047} INFO - Sync 1 DAGs
[2024-04-04T01:20:32.769-0500] {logging_mixin.py:188} INFO - [2024-04-04T01:20:32.769-0500] {dag.py:3834} INFO - Setting next_dagrun for example_xcom to 2021-01-01 00:00:00+00:00, run_after=2021-01-01 00:00:00+00:00
[2024-04-04T01:20:32.776-0500] {processor.py:183} INFO - Processing /Volumes/SLU_CS/big_data_scd_all_types_project/.venv/lib/python3.11/site-packages/airflow/example_dags/example_xcom.py took 0.063 seconds
