[2024-04-04T01:02:52.647-0500] {processor.py:161} INFO - Started process (PID=31991) to work on /Volumes/SLU_CS/big_data_scd_all_types_project/.venv/lib/python3.11/site-packages/airflow/example_dags/example_branch_operator.py
[2024-04-04T01:02:52.648-0500] {processor.py:830} INFO - Processing file /Volumes/SLU_CS/big_data_scd_all_types_project/.venv/lib/python3.11/site-packages/airflow/example_dags/example_branch_operator.py for tasks to queue
[2024-04-04T01:02:52.648-0500] {logging_mixin.py:188} INFO - [2024-04-04T01:02:52.648-0500] {dagbag.py:540} INFO - Filling up the DagBag from /Volumes/SLU_CS/big_data_scd_all_types_project/.venv/lib/python3.11/site-packages/airflow/example_dags/example_branch_operator.py
[2024-04-04T01:02:52.660-0500] {processor.py:840} INFO - DAG(s) 'example_branch_operator' retrieved from /Volumes/SLU_CS/big_data_scd_all_types_project/.venv/lib/python3.11/site-packages/airflow/example_dags/example_branch_operator.py
[2024-04-04T01:02:52.744-0500] {logging_mixin.py:188} INFO - [2024-04-04T01:02:52.744-0500] {dag.py:3047} INFO - Sync 1 DAGs
[2024-04-04T01:02:52.750-0500] {logging_mixin.py:188} INFO - [2024-04-04T01:02:52.750-0500] {dag.py:3834} INFO - Setting next_dagrun for example_branch_operator to 2024-04-03 00:00:00+00:00, run_after=2024-04-04 00:00:00+00:00
[2024-04-04T01:02:52.758-0500] {processor.py:183} INFO - Processing /Volumes/SLU_CS/big_data_scd_all_types_project/.venv/lib/python3.11/site-packages/airflow/example_dags/example_branch_operator.py took 0.111 seconds
[2024-04-04T01:04:37.472-0500] {processor.py:161} INFO - Started process (PID=32273) to work on /Volumes/SLU_CS/big_data_scd_all_types_project/.venv/lib/python3.11/site-packages/airflow/example_dags/example_branch_operator.py
[2024-04-04T01:04:37.472-0500] {processor.py:830} INFO - Processing file /Volumes/SLU_CS/big_data_scd_all_types_project/.venv/lib/python3.11/site-packages/airflow/example_dags/example_branch_operator.py for tasks to queue
[2024-04-04T01:04:37.473-0500] {logging_mixin.py:188} INFO - [2024-04-04T01:04:37.472-0500] {dagbag.py:540} INFO - Filling up the DagBag from /Volumes/SLU_CS/big_data_scd_all_types_project/.venv/lib/python3.11/site-packages/airflow/example_dags/example_branch_operator.py
[2024-04-04T01:04:37.485-0500] {processor.py:840} INFO - DAG(s) 'example_branch_operator' retrieved from /Volumes/SLU_CS/big_data_scd_all_types_project/.venv/lib/python3.11/site-packages/airflow/example_dags/example_branch_operator.py
[2024-04-04T01:04:37.569-0500] {logging_mixin.py:188} INFO - [2024-04-04T01:04:37.569-0500] {dag.py:3047} INFO - Sync 1 DAGs
[2024-04-04T01:04:37.575-0500] {logging_mixin.py:188} INFO - [2024-04-04T01:04:37.575-0500] {dag.py:3834} INFO - Setting next_dagrun for example_branch_operator to 2024-04-03 00:00:00+00:00, run_after=2024-04-04 00:00:00+00:00
[2024-04-04T01:04:37.582-0500] {processor.py:183} INFO - Processing /Volumes/SLU_CS/big_data_scd_all_types_project/.venv/lib/python3.11/site-packages/airflow/example_dags/example_branch_operator.py took 0.111 seconds
[2024-04-04T01:06:20.684-0500] {processor.py:161} INFO - Started process (PID=32459) to work on /Volumes/SLU_CS/big_data_scd_all_types_project/.venv/lib/python3.11/site-packages/airflow/example_dags/example_branch_operator.py
[2024-04-04T01:06:20.684-0500] {processor.py:830} INFO - Processing file /Volumes/SLU_CS/big_data_scd_all_types_project/.venv/lib/python3.11/site-packages/airflow/example_dags/example_branch_operator.py for tasks to queue
[2024-04-04T01:06:20.685-0500] {logging_mixin.py:188} INFO - [2024-04-04T01:06:20.685-0500] {dagbag.py:540} INFO - Filling up the DagBag from /Volumes/SLU_CS/big_data_scd_all_types_project/.venv/lib/python3.11/site-packages/airflow/example_dags/example_branch_operator.py
[2024-04-04T01:06:20.697-0500] {processor.py:840} INFO - DAG(s) 'example_branch_operator' retrieved from /Volumes/SLU_CS/big_data_scd_all_types_project/.venv/lib/python3.11/site-packages/airflow/example_dags/example_branch_operator.py
[2024-04-04T01:06:20.782-0500] {logging_mixin.py:188} INFO - [2024-04-04T01:06:20.782-0500] {dag.py:3047} INFO - Sync 1 DAGs
[2024-04-04T01:06:20.788-0500] {logging_mixin.py:188} INFO - [2024-04-04T01:06:20.788-0500] {dag.py:3834} INFO - Setting next_dagrun for example_branch_operator to 2024-04-03 00:00:00+00:00, run_after=2024-04-04 00:00:00+00:00
[2024-04-04T01:06:20.795-0500] {processor.py:183} INFO - Processing /Volumes/SLU_CS/big_data_scd_all_types_project/.venv/lib/python3.11/site-packages/airflow/example_dags/example_branch_operator.py took 0.113 seconds
[2024-04-04T01:08:01.941-0500] {processor.py:161} INFO - Started process (PID=32662) to work on /Volumes/SLU_CS/big_data_scd_all_types_project/.venv/lib/python3.11/site-packages/airflow/example_dags/example_branch_operator.py
[2024-04-04T01:08:01.942-0500] {processor.py:830} INFO - Processing file /Volumes/SLU_CS/big_data_scd_all_types_project/.venv/lib/python3.11/site-packages/airflow/example_dags/example_branch_operator.py for tasks to queue
[2024-04-04T01:08:01.942-0500] {logging_mixin.py:188} INFO - [2024-04-04T01:08:01.942-0500] {dagbag.py:540} INFO - Filling up the DagBag from /Volumes/SLU_CS/big_data_scd_all_types_project/.venv/lib/python3.11/site-packages/airflow/example_dags/example_branch_operator.py
[2024-04-04T01:08:01.954-0500] {processor.py:840} INFO - DAG(s) 'example_branch_operator' retrieved from /Volumes/SLU_CS/big_data_scd_all_types_project/.venv/lib/python3.11/site-packages/airflow/example_dags/example_branch_operator.py
[2024-04-04T01:08:02.042-0500] {logging_mixin.py:188} INFO - [2024-04-04T01:08:02.041-0500] {dag.py:3047} INFO - Sync 1 DAGs
[2024-04-04T01:08:02.048-0500] {logging_mixin.py:188} INFO - [2024-04-04T01:08:02.048-0500] {dag.py:3834} INFO - Setting next_dagrun for example_branch_operator to 2024-04-03 00:00:00+00:00, run_after=2024-04-04 00:00:00+00:00
[2024-04-04T01:08:02.058-0500] {processor.py:183} INFO - Processing /Volumes/SLU_CS/big_data_scd_all_types_project/.venv/lib/python3.11/site-packages/airflow/example_dags/example_branch_operator.py took 0.118 seconds
[2024-04-04T01:09:49.581-0500] {processor.py:161} INFO - Started process (PID=32870) to work on /Volumes/SLU_CS/big_data_scd_all_types_project/.venv/lib/python3.11/site-packages/airflow/example_dags/example_branch_operator.py
[2024-04-04T01:09:49.582-0500] {processor.py:830} INFO - Processing file /Volumes/SLU_CS/big_data_scd_all_types_project/.venv/lib/python3.11/site-packages/airflow/example_dags/example_branch_operator.py for tasks to queue
[2024-04-04T01:09:49.583-0500] {logging_mixin.py:188} INFO - [2024-04-04T01:09:49.582-0500] {dagbag.py:540} INFO - Filling up the DagBag from /Volumes/SLU_CS/big_data_scd_all_types_project/.venv/lib/python3.11/site-packages/airflow/example_dags/example_branch_operator.py
[2024-04-04T01:09:49.596-0500] {processor.py:840} INFO - DAG(s) 'example_branch_operator' retrieved from /Volumes/SLU_CS/big_data_scd_all_types_project/.venv/lib/python3.11/site-packages/airflow/example_dags/example_branch_operator.py
[2024-04-04T01:09:49.683-0500] {logging_mixin.py:188} INFO - [2024-04-04T01:09:49.683-0500] {dag.py:3047} INFO - Sync 1 DAGs
[2024-04-04T01:09:49.689-0500] {logging_mixin.py:188} INFO - [2024-04-04T01:09:49.689-0500] {dag.py:3834} INFO - Setting next_dagrun for example_branch_operator to 2024-04-03 00:00:00+00:00, run_after=2024-04-04 00:00:00+00:00
[2024-04-04T01:09:49.696-0500] {processor.py:183} INFO - Processing /Volumes/SLU_CS/big_data_scd_all_types_project/.venv/lib/python3.11/site-packages/airflow/example_dags/example_branch_operator.py took 0.118 seconds
[2024-04-04T01:11:29.578-0500] {processor.py:161} INFO - Started process (PID=33124) to work on /Volumes/SLU_CS/big_data_scd_all_types_project/.venv/lib/python3.11/site-packages/airflow/example_dags/example_branch_operator.py
[2024-04-04T01:11:29.578-0500] {processor.py:830} INFO - Processing file /Volumes/SLU_CS/big_data_scd_all_types_project/.venv/lib/python3.11/site-packages/airflow/example_dags/example_branch_operator.py for tasks to queue
[2024-04-04T01:11:29.579-0500] {logging_mixin.py:188} INFO - [2024-04-04T01:11:29.579-0500] {dagbag.py:540} INFO - Filling up the DagBag from /Volumes/SLU_CS/big_data_scd_all_types_project/.venv/lib/python3.11/site-packages/airflow/example_dags/example_branch_operator.py
[2024-04-04T01:11:29.598-0500] {processor.py:840} INFO - DAG(s) 'example_branch_operator' retrieved from /Volumes/SLU_CS/big_data_scd_all_types_project/.venv/lib/python3.11/site-packages/airflow/example_dags/example_branch_operator.py
[2024-04-04T01:11:29.685-0500] {logging_mixin.py:188} INFO - [2024-04-04T01:11:29.685-0500] {dag.py:3047} INFO - Sync 1 DAGs
[2024-04-04T01:11:29.691-0500] {logging_mixin.py:188} INFO - [2024-04-04T01:11:29.691-0500] {dag.py:3834} INFO - Setting next_dagrun for example_branch_operator to 2024-04-03 00:00:00+00:00, run_after=2024-04-04 00:00:00+00:00
[2024-04-04T01:11:29.698-0500] {processor.py:183} INFO - Processing /Volumes/SLU_CS/big_data_scd_all_types_project/.venv/lib/python3.11/site-packages/airflow/example_dags/example_branch_operator.py took 0.121 seconds
[2024-04-04T01:13:14.366-0500] {processor.py:161} INFO - Started process (PID=33435) to work on /Volumes/SLU_CS/big_data_scd_all_types_project/.venv/lib/python3.11/site-packages/airflow/example_dags/example_branch_operator.py
[2024-04-04T01:13:14.368-0500] {processor.py:830} INFO - Processing file /Volumes/SLU_CS/big_data_scd_all_types_project/.venv/lib/python3.11/site-packages/airflow/example_dags/example_branch_operator.py for tasks to queue
[2024-04-04T01:13:14.368-0500] {logging_mixin.py:188} INFO - [2024-04-04T01:13:14.368-0500] {dagbag.py:540} INFO - Filling up the DagBag from /Volumes/SLU_CS/big_data_scd_all_types_project/.venv/lib/python3.11/site-packages/airflow/example_dags/example_branch_operator.py
[2024-04-04T01:13:14.380-0500] {processor.py:840} INFO - DAG(s) 'example_branch_operator' retrieved from /Volumes/SLU_CS/big_data_scd_all_types_project/.venv/lib/python3.11/site-packages/airflow/example_dags/example_branch_operator.py
[2024-04-04T01:13:14.466-0500] {logging_mixin.py:188} INFO - [2024-04-04T01:13:14.466-0500] {dag.py:3047} INFO - Sync 1 DAGs
[2024-04-04T01:13:14.472-0500] {logging_mixin.py:188} INFO - [2024-04-04T01:13:14.472-0500] {dag.py:3834} INFO - Setting next_dagrun for example_branch_operator to 2024-04-03 00:00:00+00:00, run_after=2024-04-04 00:00:00+00:00
[2024-04-04T01:13:14.480-0500] {processor.py:183} INFO - Processing /Volumes/SLU_CS/big_data_scd_all_types_project/.venv/lib/python3.11/site-packages/airflow/example_dags/example_branch_operator.py took 0.114 seconds
[2024-04-04T01:14:50.781-0500] {processor.py:161} INFO - Started process (PID=33609) to work on /Volumes/SLU_CS/big_data_scd_all_types_project/.venv/lib/python3.11/site-packages/airflow/example_dags/example_branch_operator.py
[2024-04-04T01:14:50.782-0500] {processor.py:830} INFO - Processing file /Volumes/SLU_CS/big_data_scd_all_types_project/.venv/lib/python3.11/site-packages/airflow/example_dags/example_branch_operator.py for tasks to queue
[2024-04-04T01:14:50.782-0500] {logging_mixin.py:188} INFO - [2024-04-04T01:14:50.782-0500] {dagbag.py:540} INFO - Filling up the DagBag from /Volumes/SLU_CS/big_data_scd_all_types_project/.venv/lib/python3.11/site-packages/airflow/example_dags/example_branch_operator.py
[2024-04-04T01:14:50.795-0500] {processor.py:840} INFO - DAG(s) 'example_branch_operator' retrieved from /Volumes/SLU_CS/big_data_scd_all_types_project/.venv/lib/python3.11/site-packages/airflow/example_dags/example_branch_operator.py
[2024-04-04T01:14:50.885-0500] {logging_mixin.py:188} INFO - [2024-04-04T01:14:50.885-0500] {dag.py:3047} INFO - Sync 1 DAGs
[2024-04-04T01:14:50.891-0500] {logging_mixin.py:188} INFO - [2024-04-04T01:14:50.891-0500] {dag.py:3834} INFO - Setting next_dagrun for example_branch_operator to 2024-04-03 00:00:00+00:00, run_after=2024-04-04 00:00:00+00:00
[2024-04-04T01:14:50.898-0500] {processor.py:183} INFO - Processing /Volumes/SLU_CS/big_data_scd_all_types_project/.venv/lib/python3.11/site-packages/airflow/example_dags/example_branch_operator.py took 0.119 seconds
[2024-04-04T01:16:26.913-0500] {processor.py:161} INFO - Started process (PID=33760) to work on /Volumes/SLU_CS/big_data_scd_all_types_project/.venv/lib/python3.11/site-packages/airflow/example_dags/example_branch_operator.py
[2024-04-04T01:16:26.914-0500] {processor.py:830} INFO - Processing file /Volumes/SLU_CS/big_data_scd_all_types_project/.venv/lib/python3.11/site-packages/airflow/example_dags/example_branch_operator.py for tasks to queue
[2024-04-04T01:16:26.914-0500] {logging_mixin.py:188} INFO - [2024-04-04T01:16:26.914-0500] {dagbag.py:540} INFO - Filling up the DagBag from /Volumes/SLU_CS/big_data_scd_all_types_project/.venv/lib/python3.11/site-packages/airflow/example_dags/example_branch_operator.py
[2024-04-04T01:16:26.926-0500] {processor.py:840} INFO - DAG(s) 'example_branch_operator' retrieved from /Volumes/SLU_CS/big_data_scd_all_types_project/.venv/lib/python3.11/site-packages/airflow/example_dags/example_branch_operator.py
[2024-04-04T01:16:27.021-0500] {logging_mixin.py:188} INFO - [2024-04-04T01:16:27.021-0500] {dag.py:3047} INFO - Sync 1 DAGs
[2024-04-04T01:16:27.028-0500] {logging_mixin.py:188} INFO - [2024-04-04T01:16:27.028-0500] {dag.py:3834} INFO - Setting next_dagrun for example_branch_operator to 2024-04-03 00:00:00+00:00, run_after=2024-04-04 00:00:00+00:00
[2024-04-04T01:16:27.035-0500] {processor.py:183} INFO - Processing /Volumes/SLU_CS/big_data_scd_all_types_project/.venv/lib/python3.11/site-packages/airflow/example_dags/example_branch_operator.py took 0.123 seconds
[2024-04-04T01:18:14.030-0500] {processor.py:161} INFO - Started process (PID=33938) to work on /Volumes/SLU_CS/big_data_scd_all_types_project/.venv/lib/python3.11/site-packages/airflow/example_dags/example_branch_operator.py
[2024-04-04T01:18:14.031-0500] {processor.py:830} INFO - Processing file /Volumes/SLU_CS/big_data_scd_all_types_project/.venv/lib/python3.11/site-packages/airflow/example_dags/example_branch_operator.py for tasks to queue
[2024-04-04T01:18:14.031-0500] {logging_mixin.py:188} INFO - [2024-04-04T01:18:14.031-0500] {dagbag.py:540} INFO - Filling up the DagBag from /Volumes/SLU_CS/big_data_scd_all_types_project/.venv/lib/python3.11/site-packages/airflow/example_dags/example_branch_operator.py
[2024-04-04T01:18:14.043-0500] {processor.py:840} INFO - DAG(s) 'example_branch_operator' retrieved from /Volumes/SLU_CS/big_data_scd_all_types_project/.venv/lib/python3.11/site-packages/airflow/example_dags/example_branch_operator.py
[2024-04-04T01:18:14.127-0500] {logging_mixin.py:188} INFO - [2024-04-04T01:18:14.126-0500] {dag.py:3047} INFO - Sync 1 DAGs
[2024-04-04T01:18:14.132-0500] {logging_mixin.py:188} INFO - [2024-04-04T01:18:14.132-0500] {dag.py:3834} INFO - Setting next_dagrun for example_branch_operator to 2024-04-03 00:00:00+00:00, run_after=2024-04-04 00:00:00+00:00
[2024-04-04T01:18:14.139-0500] {processor.py:183} INFO - Processing /Volumes/SLU_CS/big_data_scd_all_types_project/.venv/lib/python3.11/site-packages/airflow/example_dags/example_branch_operator.py took 0.110 seconds
[2024-04-04T01:20:04.192-0500] {processor.py:161} INFO - Started process (PID=34238) to work on /Volumes/SLU_CS/big_data_scd_all_types_project/.venv/lib/python3.11/site-packages/airflow/example_dags/example_branch_operator.py
[2024-04-04T01:20:04.194-0500] {processor.py:830} INFO - Processing file /Volumes/SLU_CS/big_data_scd_all_types_project/.venv/lib/python3.11/site-packages/airflow/example_dags/example_branch_operator.py for tasks to queue
[2024-04-04T01:20:04.194-0500] {logging_mixin.py:188} INFO - [2024-04-04T01:20:04.194-0500] {dagbag.py:540} INFO - Filling up the DagBag from /Volumes/SLU_CS/big_data_scd_all_types_project/.venv/lib/python3.11/site-packages/airflow/example_dags/example_branch_operator.py
[2024-04-04T01:20:04.210-0500] {processor.py:840} INFO - DAG(s) 'example_branch_operator' retrieved from /Volumes/SLU_CS/big_data_scd_all_types_project/.venv/lib/python3.11/site-packages/airflow/example_dags/example_branch_operator.py
[2024-04-04T01:20:04.307-0500] {logging_mixin.py:188} INFO - [2024-04-04T01:20:04.306-0500] {dag.py:3047} INFO - Sync 1 DAGs
[2024-04-04T01:20:04.313-0500] {logging_mixin.py:188} INFO - [2024-04-04T01:20:04.313-0500] {dag.py:3834} INFO - Setting next_dagrun for example_branch_operator to 2024-04-03 00:00:00+00:00, run_after=2024-04-04 00:00:00+00:00
[2024-04-04T01:20:04.320-0500] {processor.py:183} INFO - Processing /Volumes/SLU_CS/big_data_scd_all_types_project/.venv/lib/python3.11/site-packages/airflow/example_dags/example_branch_operator.py took 0.129 seconds
