[2024-04-04T01:01:50.191-0500] {processor.py:161} INFO - Started process (PID=31879) to work on /Volumes/SLU_CS/big_data_scd_all_types_project/.venv/lib/python3.11/site-packages/airflow/example_dags/tutorial_dag.py
[2024-04-04T01:01:50.192-0500] {processor.py:830} INFO - Processing file /Volumes/SLU_CS/big_data_scd_all_types_project/.venv/lib/python3.11/site-packages/airflow/example_dags/tutorial_dag.py for tasks to queue
[2024-04-04T01:01:50.192-0500] {logging_mixin.py:188} INFO - [2024-04-04T01:01:50.192-0500] {dagbag.py:540} INFO - Filling up the DagBag from /Volumes/SLU_CS/big_data_scd_all_types_project/.venv/lib/python3.11/site-packages/airflow/example_dags/tutorial_dag.py
[2024-04-04T01:01:50.201-0500] {processor.py:840} INFO - DAG(s) 'tutorial_dag' retrieved from /Volumes/SLU_CS/big_data_scd_all_types_project/.venv/lib/python3.11/site-packages/airflow/example_dags/tutorial_dag.py
[2024-04-04T01:01:50.288-0500] {logging_mixin.py:188} INFO - [2024-04-04T01:01:50.288-0500] {dag.py:3047} INFO - Sync 1 DAGs
[2024-04-04T01:01:50.291-0500] {logging_mixin.py:188} INFO - [2024-04-04T01:01:50.291-0500] {dag.py:3834} INFO - Setting next_dagrun for tutorial_dag to None, run_after=None
[2024-04-04T01:01:50.297-0500] {processor.py:183} INFO - Processing /Volumes/SLU_CS/big_data_scd_all_types_project/.venv/lib/python3.11/site-packages/airflow/example_dags/tutorial_dag.py took 0.108 seconds
[2024-04-04T01:03:15.316-0500] {processor.py:161} INFO - Started process (PID=32049) to work on /Volumes/SLU_CS/big_data_scd_all_types_project/.venv/lib/python3.11/site-packages/airflow/example_dags/tutorial_dag.py
[2024-04-04T01:03:15.316-0500] {processor.py:830} INFO - Processing file /Volumes/SLU_CS/big_data_scd_all_types_project/.venv/lib/python3.11/site-packages/airflow/example_dags/tutorial_dag.py for tasks to queue
[2024-04-04T01:03:15.317-0500] {logging_mixin.py:188} INFO - [2024-04-04T01:03:15.317-0500] {dagbag.py:540} INFO - Filling up the DagBag from /Volumes/SLU_CS/big_data_scd_all_types_project/.venv/lib/python3.11/site-packages/airflow/example_dags/tutorial_dag.py
[2024-04-04T01:03:15.326-0500] {processor.py:840} INFO - DAG(s) 'tutorial_dag' retrieved from /Volumes/SLU_CS/big_data_scd_all_types_project/.venv/lib/python3.11/site-packages/airflow/example_dags/tutorial_dag.py
[2024-04-04T01:03:15.355-0500] {logging_mixin.py:188} INFO - [2024-04-04T01:03:15.355-0500] {dag.py:3047} INFO - Sync 1 DAGs
[2024-04-04T01:03:15.358-0500] {logging_mixin.py:188} INFO - [2024-04-04T01:03:15.358-0500] {dag.py:3834} INFO - Setting next_dagrun for tutorial_dag to None, run_after=None
[2024-04-04T01:03:15.365-0500] {processor.py:183} INFO - Processing /Volumes/SLU_CS/big_data_scd_all_types_project/.venv/lib/python3.11/site-packages/airflow/example_dags/tutorial_dag.py took 0.050 seconds
[2024-04-04T01:04:08.439-0500] {processor.py:161} INFO - Started process (PID=32203) to work on /Volumes/SLU_CS/big_data_scd_all_types_project/.venv/lib/python3.11/site-packages/airflow/example_dags/tutorial_dag.py
[2024-04-04T01:04:08.440-0500] {processor.py:830} INFO - Processing file /Volumes/SLU_CS/big_data_scd_all_types_project/.venv/lib/python3.11/site-packages/airflow/example_dags/tutorial_dag.py for tasks to queue
[2024-04-04T01:04:08.441-0500] {logging_mixin.py:188} INFO - [2024-04-04T01:04:08.441-0500] {dagbag.py:540} INFO - Filling up the DagBag from /Volumes/SLU_CS/big_data_scd_all_types_project/.venv/lib/python3.11/site-packages/airflow/example_dags/tutorial_dag.py
[2024-04-04T01:04:08.459-0500] {processor.py:840} INFO - DAG(s) 'tutorial_dag' retrieved from /Volumes/SLU_CS/big_data_scd_all_types_project/.venv/lib/python3.11/site-packages/airflow/example_dags/tutorial_dag.py
[2024-04-04T01:04:08.492-0500] {logging_mixin.py:188} INFO - [2024-04-04T01:04:08.491-0500] {dag.py:3047} INFO - Sync 1 DAGs
[2024-04-04T01:04:08.495-0500] {logging_mixin.py:188} INFO - [2024-04-04T01:04:08.494-0500] {dag.py:3834} INFO - Setting next_dagrun for tutorial_dag to None, run_after=None
[2024-04-04T01:04:08.503-0500] {processor.py:183} INFO - Processing /Volumes/SLU_CS/big_data_scd_all_types_project/.venv/lib/python3.11/site-packages/airflow/example_dags/tutorial_dag.py took 0.065 seconds
[2024-04-04T01:04:59.539-0500] {processor.py:161} INFO - Started process (PID=32300) to work on /Volumes/SLU_CS/big_data_scd_all_types_project/.venv/lib/python3.11/site-packages/airflow/example_dags/tutorial_dag.py
[2024-04-04T01:04:59.540-0500] {processor.py:830} INFO - Processing file /Volumes/SLU_CS/big_data_scd_all_types_project/.venv/lib/python3.11/site-packages/airflow/example_dags/tutorial_dag.py for tasks to queue
[2024-04-04T01:04:59.541-0500] {logging_mixin.py:188} INFO - [2024-04-04T01:04:59.540-0500] {dagbag.py:540} INFO - Filling up the DagBag from /Volumes/SLU_CS/big_data_scd_all_types_project/.venv/lib/python3.11/site-packages/airflow/example_dags/tutorial_dag.py
[2024-04-04T01:04:59.551-0500] {processor.py:840} INFO - DAG(s) 'tutorial_dag' retrieved from /Volumes/SLU_CS/big_data_scd_all_types_project/.venv/lib/python3.11/site-packages/airflow/example_dags/tutorial_dag.py
[2024-04-04T01:04:59.581-0500] {logging_mixin.py:188} INFO - [2024-04-04T01:04:59.581-0500] {dag.py:3047} INFO - Sync 1 DAGs
[2024-04-04T01:04:59.585-0500] {logging_mixin.py:188} INFO - [2024-04-04T01:04:59.584-0500] {dag.py:3834} INFO - Setting next_dagrun for tutorial_dag to None, run_after=None
[2024-04-04T01:04:59.591-0500] {processor.py:183} INFO - Processing /Volumes/SLU_CS/big_data_scd_all_types_project/.venv/lib/python3.11/site-packages/airflow/example_dags/tutorial_dag.py took 0.053 seconds
[2024-04-04T01:05:50.572-0500] {processor.py:161} INFO - Started process (PID=32390) to work on /Volumes/SLU_CS/big_data_scd_all_types_project/.venv/lib/python3.11/site-packages/airflow/example_dags/tutorial_dag.py
[2024-04-04T01:05:50.573-0500] {processor.py:830} INFO - Processing file /Volumes/SLU_CS/big_data_scd_all_types_project/.venv/lib/python3.11/site-packages/airflow/example_dags/tutorial_dag.py for tasks to queue
[2024-04-04T01:05:50.573-0500] {logging_mixin.py:188} INFO - [2024-04-04T01:05:50.573-0500] {dagbag.py:540} INFO - Filling up the DagBag from /Volumes/SLU_CS/big_data_scd_all_types_project/.venv/lib/python3.11/site-packages/airflow/example_dags/tutorial_dag.py
[2024-04-04T01:05:50.582-0500] {processor.py:840} INFO - DAG(s) 'tutorial_dag' retrieved from /Volumes/SLU_CS/big_data_scd_all_types_project/.venv/lib/python3.11/site-packages/airflow/example_dags/tutorial_dag.py
[2024-04-04T01:05:50.612-0500] {logging_mixin.py:188} INFO - [2024-04-04T01:05:50.612-0500] {dag.py:3047} INFO - Sync 1 DAGs
[2024-04-04T01:05:50.615-0500] {logging_mixin.py:188} INFO - [2024-04-04T01:05:50.615-0500] {dag.py:3834} INFO - Setting next_dagrun for tutorial_dag to None, run_after=None
[2024-04-04T01:05:50.622-0500] {processor.py:183} INFO - Processing /Volumes/SLU_CS/big_data_scd_all_types_project/.venv/lib/python3.11/site-packages/airflow/example_dags/tutorial_dag.py took 0.051 seconds
[2024-04-04T01:06:41.388-0500] {processor.py:161} INFO - Started process (PID=32502) to work on /Volumes/SLU_CS/big_data_scd_all_types_project/.venv/lib/python3.11/site-packages/airflow/example_dags/tutorial_dag.py
[2024-04-04T01:06:41.388-0500] {processor.py:830} INFO - Processing file /Volumes/SLU_CS/big_data_scd_all_types_project/.venv/lib/python3.11/site-packages/airflow/example_dags/tutorial_dag.py for tasks to queue
[2024-04-04T01:06:41.389-0500] {logging_mixin.py:188} INFO - [2024-04-04T01:06:41.389-0500] {dagbag.py:540} INFO - Filling up the DagBag from /Volumes/SLU_CS/big_data_scd_all_types_project/.venv/lib/python3.11/site-packages/airflow/example_dags/tutorial_dag.py
[2024-04-04T01:06:41.403-0500] {processor.py:840} INFO - DAG(s) 'tutorial_dag' retrieved from /Volumes/SLU_CS/big_data_scd_all_types_project/.venv/lib/python3.11/site-packages/airflow/example_dags/tutorial_dag.py
[2024-04-04T01:06:41.432-0500] {logging_mixin.py:188} INFO - [2024-04-04T01:06:41.432-0500] {dag.py:3047} INFO - Sync 1 DAGs
[2024-04-04T01:06:41.435-0500] {logging_mixin.py:188} INFO - [2024-04-04T01:06:41.435-0500] {dag.py:3834} INFO - Setting next_dagrun for tutorial_dag to None, run_after=None
[2024-04-04T01:06:41.441-0500] {processor.py:183} INFO - Processing /Volumes/SLU_CS/big_data_scd_all_types_project/.venv/lib/python3.11/site-packages/airflow/example_dags/tutorial_dag.py took 0.054 seconds
[2024-04-04T01:06:59.676-0500] {processor.py:161} INFO - Started process (PID=32561) to work on /Volumes/SLU_CS/big_data_scd_all_types_project/.venv/lib/python3.11/site-packages/airflow/example_dags/tutorial_dag.py
[2024-04-04T01:06:59.677-0500] {processor.py:830} INFO - Processing file /Volumes/SLU_CS/big_data_scd_all_types_project/.venv/lib/python3.11/site-packages/airflow/example_dags/tutorial_dag.py for tasks to queue
[2024-04-04T01:06:59.677-0500] {logging_mixin.py:188} INFO - [2024-04-04T01:06:59.677-0500] {dagbag.py:540} INFO - Filling up the DagBag from /Volumes/SLU_CS/big_data_scd_all_types_project/.venv/lib/python3.11/site-packages/airflow/example_dags/tutorial_dag.py
[2024-04-04T01:06:59.686-0500] {processor.py:840} INFO - DAG(s) 'tutorial_dag' retrieved from /Volumes/SLU_CS/big_data_scd_all_types_project/.venv/lib/python3.11/site-packages/airflow/example_dags/tutorial_dag.py
[2024-04-04T01:06:59.716-0500] {logging_mixin.py:188} INFO - [2024-04-04T01:06:59.715-0500] {dag.py:3047} INFO - Sync 1 DAGs
[2024-04-04T01:06:59.719-0500] {logging_mixin.py:188} INFO - [2024-04-04T01:06:59.719-0500] {dag.py:3834} INFO - Setting next_dagrun for tutorial_dag to None, run_after=None
[2024-04-04T01:06:59.726-0500] {processor.py:183} INFO - Processing /Volumes/SLU_CS/big_data_scd_all_types_project/.venv/lib/python3.11/site-packages/airflow/example_dags/tutorial_dag.py took 0.052 seconds
[2024-04-04T01:08:24.245-0500] {processor.py:161} INFO - Started process (PID=32698) to work on /Volumes/SLU_CS/big_data_scd_all_types_project/.venv/lib/python3.11/site-packages/airflow/example_dags/tutorial_dag.py
[2024-04-04T01:08:24.245-0500] {processor.py:830} INFO - Processing file /Volumes/SLU_CS/big_data_scd_all_types_project/.venv/lib/python3.11/site-packages/airflow/example_dags/tutorial_dag.py for tasks to queue
[2024-04-04T01:08:24.246-0500] {logging_mixin.py:188} INFO - [2024-04-04T01:08:24.246-0500] {dagbag.py:540} INFO - Filling up the DagBag from /Volumes/SLU_CS/big_data_scd_all_types_project/.venv/lib/python3.11/site-packages/airflow/example_dags/tutorial_dag.py
[2024-04-04T01:08:24.255-0500] {processor.py:840} INFO - DAG(s) 'tutorial_dag' retrieved from /Volumes/SLU_CS/big_data_scd_all_types_project/.venv/lib/python3.11/site-packages/airflow/example_dags/tutorial_dag.py
[2024-04-04T01:08:24.284-0500] {logging_mixin.py:188} INFO - [2024-04-04T01:08:24.284-0500] {dag.py:3047} INFO - Sync 1 DAGs
[2024-04-04T01:08:24.287-0500] {logging_mixin.py:188} INFO - [2024-04-04T01:08:24.287-0500] {dag.py:3834} INFO - Setting next_dagrun for tutorial_dag to None, run_after=None
[2024-04-04T01:08:24.294-0500] {processor.py:183} INFO - Processing /Volumes/SLU_CS/big_data_scd_all_types_project/.venv/lib/python3.11/site-packages/airflow/example_dags/tutorial_dag.py took 0.050 seconds
[2024-04-04T01:09:19.098-0500] {processor.py:161} INFO - Started process (PID=32801) to work on /Volumes/SLU_CS/big_data_scd_all_types_project/.venv/lib/python3.11/site-packages/airflow/example_dags/tutorial_dag.py
[2024-04-04T01:09:19.099-0500] {processor.py:830} INFO - Processing file /Volumes/SLU_CS/big_data_scd_all_types_project/.venv/lib/python3.11/site-packages/airflow/example_dags/tutorial_dag.py for tasks to queue
[2024-04-04T01:09:19.099-0500] {logging_mixin.py:188} INFO - [2024-04-04T01:09:19.099-0500] {dagbag.py:540} INFO - Filling up the DagBag from /Volumes/SLU_CS/big_data_scd_all_types_project/.venv/lib/python3.11/site-packages/airflow/example_dags/tutorial_dag.py
[2024-04-04T01:09:19.110-0500] {processor.py:840} INFO - DAG(s) 'tutorial_dag' retrieved from /Volumes/SLU_CS/big_data_scd_all_types_project/.venv/lib/python3.11/site-packages/airflow/example_dags/tutorial_dag.py
[2024-04-04T01:09:19.141-0500] {logging_mixin.py:188} INFO - [2024-04-04T01:09:19.141-0500] {dag.py:3047} INFO - Sync 1 DAGs
[2024-04-04T01:09:19.144-0500] {logging_mixin.py:188} INFO - [2024-04-04T01:09:19.144-0500] {dag.py:3834} INFO - Setting next_dagrun for tutorial_dag to None, run_after=None
[2024-04-04T01:09:19.150-0500] {processor.py:183} INFO - Processing /Volumes/SLU_CS/big_data_scd_all_types_project/.venv/lib/python3.11/site-packages/airflow/example_dags/tutorial_dag.py took 0.053 seconds
[2024-04-04T01:10:10.346-0500] {processor.py:161} INFO - Started process (PID=32920) to work on /Volumes/SLU_CS/big_data_scd_all_types_project/.venv/lib/python3.11/site-packages/airflow/example_dags/tutorial_dag.py
[2024-04-04T01:10:10.347-0500] {processor.py:830} INFO - Processing file /Volumes/SLU_CS/big_data_scd_all_types_project/.venv/lib/python3.11/site-packages/airflow/example_dags/tutorial_dag.py for tasks to queue
[2024-04-04T01:10:10.347-0500] {logging_mixin.py:188} INFO - [2024-04-04T01:10:10.347-0500] {dagbag.py:540} INFO - Filling up the DagBag from /Volumes/SLU_CS/big_data_scd_all_types_project/.venv/lib/python3.11/site-packages/airflow/example_dags/tutorial_dag.py
[2024-04-04T01:10:10.357-0500] {processor.py:840} INFO - DAG(s) 'tutorial_dag' retrieved from /Volumes/SLU_CS/big_data_scd_all_types_project/.venv/lib/python3.11/site-packages/airflow/example_dags/tutorial_dag.py
[2024-04-04T01:10:10.388-0500] {logging_mixin.py:188} INFO - [2024-04-04T01:10:10.388-0500] {dag.py:3047} INFO - Sync 1 DAGs
[2024-04-04T01:10:10.391-0500] {logging_mixin.py:188} INFO - [2024-04-04T01:10:10.391-0500] {dag.py:3834} INFO - Setting next_dagrun for tutorial_dag to None, run_after=None
[2024-04-04T01:10:10.398-0500] {processor.py:183} INFO - Processing /Volumes/SLU_CS/big_data_scd_all_types_project/.venv/lib/python3.11/site-packages/airflow/example_dags/tutorial_dag.py took 0.052 seconds
[2024-04-04T01:11:00.658-0500] {processor.py:161} INFO - Started process (PID=33049) to work on /Volumes/SLU_CS/big_data_scd_all_types_project/.venv/lib/python3.11/site-packages/airflow/example_dags/tutorial_dag.py
[2024-04-04T01:11:00.659-0500] {processor.py:830} INFO - Processing file /Volumes/SLU_CS/big_data_scd_all_types_project/.venv/lib/python3.11/site-packages/airflow/example_dags/tutorial_dag.py for tasks to queue
[2024-04-04T01:11:00.659-0500] {logging_mixin.py:188} INFO - [2024-04-04T01:11:00.659-0500] {dagbag.py:540} INFO - Filling up the DagBag from /Volumes/SLU_CS/big_data_scd_all_types_project/.venv/lib/python3.11/site-packages/airflow/example_dags/tutorial_dag.py
[2024-04-04T01:11:00.668-0500] {processor.py:840} INFO - DAG(s) 'tutorial_dag' retrieved from /Volumes/SLU_CS/big_data_scd_all_types_project/.venv/lib/python3.11/site-packages/airflow/example_dags/tutorial_dag.py
[2024-04-04T01:11:00.699-0500] {logging_mixin.py:188} INFO - [2024-04-04T01:11:00.699-0500] {dag.py:3047} INFO - Sync 1 DAGs
[2024-04-04T01:11:00.702-0500] {logging_mixin.py:188} INFO - [2024-04-04T01:11:00.702-0500] {dag.py:3834} INFO - Setting next_dagrun for tutorial_dag to None, run_after=None
[2024-04-04T01:11:00.709-0500] {processor.py:183} INFO - Processing /Volumes/SLU_CS/big_data_scd_all_types_project/.venv/lib/python3.11/site-packages/airflow/example_dags/tutorial_dag.py took 0.052 seconds
[2024-04-04T01:11:52.175-0500] {processor.py:161} INFO - Started process (PID=33191) to work on /Volumes/SLU_CS/big_data_scd_all_types_project/.venv/lib/python3.11/site-packages/airflow/example_dags/tutorial_dag.py
[2024-04-04T01:11:52.176-0500] {processor.py:830} INFO - Processing file /Volumes/SLU_CS/big_data_scd_all_types_project/.venv/lib/python3.11/site-packages/airflow/example_dags/tutorial_dag.py for tasks to queue
[2024-04-04T01:11:52.176-0500] {logging_mixin.py:188} INFO - [2024-04-04T01:11:52.176-0500] {dagbag.py:540} INFO - Filling up the DagBag from /Volumes/SLU_CS/big_data_scd_all_types_project/.venv/lib/python3.11/site-packages/airflow/example_dags/tutorial_dag.py
[2024-04-04T01:11:52.193-0500] {processor.py:840} INFO - DAG(s) 'tutorial_dag' retrieved from /Volumes/SLU_CS/big_data_scd_all_types_project/.venv/lib/python3.11/site-packages/airflow/example_dags/tutorial_dag.py
[2024-04-04T01:11:52.241-0500] {logging_mixin.py:188} INFO - [2024-04-04T01:11:52.241-0500] {dag.py:3047} INFO - Sync 1 DAGs
[2024-04-04T01:11:52.245-0500] {logging_mixin.py:188} INFO - [2024-04-04T01:11:52.244-0500] {dag.py:3834} INFO - Setting next_dagrun for tutorial_dag to None, run_after=None
[2024-04-04T01:11:52.252-0500] {processor.py:183} INFO - Processing /Volumes/SLU_CS/big_data_scd_all_types_project/.venv/lib/python3.11/site-packages/airflow/example_dags/tutorial_dag.py took 0.077 seconds
[2024-04-04T01:12:46.714-0500] {processor.py:161} INFO - Started process (PID=33352) to work on /Volumes/SLU_CS/big_data_scd_all_types_project/.venv/lib/python3.11/site-packages/airflow/example_dags/tutorial_dag.py
[2024-04-04T01:12:46.715-0500] {processor.py:830} INFO - Processing file /Volumes/SLU_CS/big_data_scd_all_types_project/.venv/lib/python3.11/site-packages/airflow/example_dags/tutorial_dag.py for tasks to queue
[2024-04-04T01:12:46.715-0500] {logging_mixin.py:188} INFO - [2024-04-04T01:12:46.715-0500] {dagbag.py:540} INFO - Filling up the DagBag from /Volumes/SLU_CS/big_data_scd_all_types_project/.venv/lib/python3.11/site-packages/airflow/example_dags/tutorial_dag.py
[2024-04-04T01:12:46.724-0500] {processor.py:840} INFO - DAG(s) 'tutorial_dag' retrieved from /Volumes/SLU_CS/big_data_scd_all_types_project/.venv/lib/python3.11/site-packages/airflow/example_dags/tutorial_dag.py
[2024-04-04T01:12:46.754-0500] {logging_mixin.py:188} INFO - [2024-04-04T01:12:46.754-0500] {dag.py:3047} INFO - Sync 1 DAGs
[2024-04-04T01:12:46.757-0500] {logging_mixin.py:188} INFO - [2024-04-04T01:12:46.757-0500] {dag.py:3834} INFO - Setting next_dagrun for tutorial_dag to None, run_after=None
[2024-04-04T01:12:46.763-0500] {processor.py:183} INFO - Processing /Volumes/SLU_CS/big_data_scd_all_types_project/.venv/lib/python3.11/site-packages/airflow/example_dags/tutorial_dag.py took 0.051 seconds
[2024-04-04T01:13:33.241-0500] {processor.py:161} INFO - Started process (PID=33472) to work on /Volumes/SLU_CS/big_data_scd_all_types_project/.venv/lib/python3.11/site-packages/airflow/example_dags/tutorial_dag.py
[2024-04-04T01:13:33.242-0500] {processor.py:830} INFO - Processing file /Volumes/SLU_CS/big_data_scd_all_types_project/.venv/lib/python3.11/site-packages/airflow/example_dags/tutorial_dag.py for tasks to queue
[2024-04-04T01:13:33.242-0500] {logging_mixin.py:188} INFO - [2024-04-04T01:13:33.242-0500] {dagbag.py:540} INFO - Filling up the DagBag from /Volumes/SLU_CS/big_data_scd_all_types_project/.venv/lib/python3.11/site-packages/airflow/example_dags/tutorial_dag.py
[2024-04-04T01:13:33.250-0500] {processor.py:840} INFO - DAG(s) 'tutorial_dag' retrieved from /Volumes/SLU_CS/big_data_scd_all_types_project/.venv/lib/python3.11/site-packages/airflow/example_dags/tutorial_dag.py
[2024-04-04T01:13:33.280-0500] {logging_mixin.py:188} INFO - [2024-04-04T01:13:33.280-0500] {dag.py:3047} INFO - Sync 1 DAGs
[2024-04-04T01:13:33.283-0500] {logging_mixin.py:188} INFO - [2024-04-04T01:13:33.282-0500] {dag.py:3834} INFO - Setting next_dagrun for tutorial_dag to None, run_after=None
[2024-04-04T01:13:33.289-0500] {processor.py:183} INFO - Processing /Volumes/SLU_CS/big_data_scd_all_types_project/.venv/lib/python3.11/site-packages/airflow/example_dags/tutorial_dag.py took 0.048 seconds
[2024-04-04T01:14:22.712-0500] {processor.py:161} INFO - Started process (PID=33562) to work on /Volumes/SLU_CS/big_data_scd_all_types_project/.venv/lib/python3.11/site-packages/airflow/example_dags/tutorial_dag.py
[2024-04-04T01:14:22.712-0500] {processor.py:830} INFO - Processing file /Volumes/SLU_CS/big_data_scd_all_types_project/.venv/lib/python3.11/site-packages/airflow/example_dags/tutorial_dag.py for tasks to queue
[2024-04-04T01:14:22.713-0500] {logging_mixin.py:188} INFO - [2024-04-04T01:14:22.713-0500] {dagbag.py:540} INFO - Filling up the DagBag from /Volumes/SLU_CS/big_data_scd_all_types_project/.venv/lib/python3.11/site-packages/airflow/example_dags/tutorial_dag.py
[2024-04-04T01:14:22.722-0500] {processor.py:840} INFO - DAG(s) 'tutorial_dag' retrieved from /Volumes/SLU_CS/big_data_scd_all_types_project/.venv/lib/python3.11/site-packages/airflow/example_dags/tutorial_dag.py
[2024-04-04T01:14:22.752-0500] {logging_mixin.py:188} INFO - [2024-04-04T01:14:22.752-0500] {dag.py:3047} INFO - Sync 1 DAGs
[2024-04-04T01:14:22.755-0500] {logging_mixin.py:188} INFO - [2024-04-04T01:14:22.755-0500] {dag.py:3834} INFO - Setting next_dagrun for tutorial_dag to None, run_after=None
[2024-04-04T01:14:22.762-0500] {processor.py:183} INFO - Processing /Volumes/SLU_CS/big_data_scd_all_types_project/.venv/lib/python3.11/site-packages/airflow/example_dags/tutorial_dag.py took 0.051 seconds
[2024-04-04T01:15:12.837-0500] {processor.py:161} INFO - Started process (PID=33657) to work on /Volumes/SLU_CS/big_data_scd_all_types_project/.venv/lib/python3.11/site-packages/airflow/example_dags/tutorial_dag.py
[2024-04-04T01:15:12.841-0500] {processor.py:830} INFO - Processing file /Volumes/SLU_CS/big_data_scd_all_types_project/.venv/lib/python3.11/site-packages/airflow/example_dags/tutorial_dag.py for tasks to queue
[2024-04-04T01:15:12.841-0500] {logging_mixin.py:188} INFO - [2024-04-04T01:15:12.841-0500] {dagbag.py:540} INFO - Filling up the DagBag from /Volumes/SLU_CS/big_data_scd_all_types_project/.venv/lib/python3.11/site-packages/airflow/example_dags/tutorial_dag.py
[2024-04-04T01:15:12.856-0500] {processor.py:840} INFO - DAG(s) 'tutorial_dag' retrieved from /Volumes/SLU_CS/big_data_scd_all_types_project/.venv/lib/python3.11/site-packages/airflow/example_dags/tutorial_dag.py
[2024-04-04T01:15:12.887-0500] {logging_mixin.py:188} INFO - [2024-04-04T01:15:12.887-0500] {dag.py:3047} INFO - Sync 1 DAGs
[2024-04-04T01:15:12.890-0500] {logging_mixin.py:188} INFO - [2024-04-04T01:15:12.890-0500] {dag.py:3834} INFO - Setting next_dagrun for tutorial_dag to None, run_after=None
[2024-04-04T01:15:12.897-0500] {processor.py:183} INFO - Processing /Volumes/SLU_CS/big_data_scd_all_types_project/.venv/lib/python3.11/site-packages/airflow/example_dags/tutorial_dag.py took 0.061 seconds
[2024-04-04T01:15:58.442-0500] {processor.py:161} INFO - Started process (PID=33720) to work on /Volumes/SLU_CS/big_data_scd_all_types_project/.venv/lib/python3.11/site-packages/airflow/example_dags/tutorial_dag.py
[2024-04-04T01:15:58.442-0500] {processor.py:830} INFO - Processing file /Volumes/SLU_CS/big_data_scd_all_types_project/.venv/lib/python3.11/site-packages/airflow/example_dags/tutorial_dag.py for tasks to queue
[2024-04-04T01:15:58.443-0500] {logging_mixin.py:188} INFO - [2024-04-04T01:15:58.443-0500] {dagbag.py:540} INFO - Filling up the DagBag from /Volumes/SLU_CS/big_data_scd_all_types_project/.venv/lib/python3.11/site-packages/airflow/example_dags/tutorial_dag.py
[2024-04-04T01:15:58.452-0500] {processor.py:840} INFO - DAG(s) 'tutorial_dag' retrieved from /Volumes/SLU_CS/big_data_scd_all_types_project/.venv/lib/python3.11/site-packages/airflow/example_dags/tutorial_dag.py
[2024-04-04T01:15:58.481-0500] {logging_mixin.py:188} INFO - [2024-04-04T01:15:58.481-0500] {dag.py:3047} INFO - Sync 1 DAGs
[2024-04-04T01:15:58.485-0500] {logging_mixin.py:188} INFO - [2024-04-04T01:15:58.485-0500] {dag.py:3834} INFO - Setting next_dagrun for tutorial_dag to None, run_after=None
[2024-04-04T01:15:58.492-0500] {processor.py:183} INFO - Processing /Volumes/SLU_CS/big_data_scd_all_types_project/.venv/lib/python3.11/site-packages/airflow/example_dags/tutorial_dag.py took 0.051 seconds
[2024-04-04T01:16:50.070-0500] {processor.py:161} INFO - Started process (PID=33809) to work on /Volumes/SLU_CS/big_data_scd_all_types_project/.venv/lib/python3.11/site-packages/airflow/example_dags/tutorial_dag.py
[2024-04-04T01:16:50.071-0500] {processor.py:830} INFO - Processing file /Volumes/SLU_CS/big_data_scd_all_types_project/.venv/lib/python3.11/site-packages/airflow/example_dags/tutorial_dag.py for tasks to queue
[2024-04-04T01:16:50.071-0500] {logging_mixin.py:188} INFO - [2024-04-04T01:16:50.071-0500] {dagbag.py:540} INFO - Filling up the DagBag from /Volumes/SLU_CS/big_data_scd_all_types_project/.venv/lib/python3.11/site-packages/airflow/example_dags/tutorial_dag.py
[2024-04-04T01:16:50.080-0500] {processor.py:840} INFO - DAG(s) 'tutorial_dag' retrieved from /Volumes/SLU_CS/big_data_scd_all_types_project/.venv/lib/python3.11/site-packages/airflow/example_dags/tutorial_dag.py
[2024-04-04T01:16:50.110-0500] {logging_mixin.py:188} INFO - [2024-04-04T01:16:50.109-0500] {dag.py:3047} INFO - Sync 1 DAGs
[2024-04-04T01:16:50.112-0500] {logging_mixin.py:188} INFO - [2024-04-04T01:16:50.112-0500] {dag.py:3834} INFO - Setting next_dagrun for tutorial_dag to None, run_after=None
[2024-04-04T01:16:50.119-0500] {processor.py:183} INFO - Processing /Volumes/SLU_CS/big_data_scd_all_types_project/.venv/lib/python3.11/site-packages/airflow/example_dags/tutorial_dag.py took 0.050 seconds
[2024-04-04T01:17:44.079-0500] {processor.py:161} INFO - Started process (PID=33898) to work on /Volumes/SLU_CS/big_data_scd_all_types_project/.venv/lib/python3.11/site-packages/airflow/example_dags/tutorial_dag.py
[2024-04-04T01:17:44.079-0500] {processor.py:830} INFO - Processing file /Volumes/SLU_CS/big_data_scd_all_types_project/.venv/lib/python3.11/site-packages/airflow/example_dags/tutorial_dag.py for tasks to queue
[2024-04-04T01:17:44.080-0500] {logging_mixin.py:188} INFO - [2024-04-04T01:17:44.080-0500] {dagbag.py:540} INFO - Filling up the DagBag from /Volumes/SLU_CS/big_data_scd_all_types_project/.venv/lib/python3.11/site-packages/airflow/example_dags/tutorial_dag.py
[2024-04-04T01:17:44.089-0500] {processor.py:840} INFO - DAG(s) 'tutorial_dag' retrieved from /Volumes/SLU_CS/big_data_scd_all_types_project/.venv/lib/python3.11/site-packages/airflow/example_dags/tutorial_dag.py
[2024-04-04T01:17:44.121-0500] {logging_mixin.py:188} INFO - [2024-04-04T01:17:44.121-0500] {dag.py:3047} INFO - Sync 1 DAGs
[2024-04-04T01:17:44.124-0500] {logging_mixin.py:188} INFO - [2024-04-04T01:17:44.124-0500] {dag.py:3834} INFO - Setting next_dagrun for tutorial_dag to None, run_after=None
[2024-04-04T01:17:44.132-0500] {processor.py:183} INFO - Processing /Volumes/SLU_CS/big_data_scd_all_types_project/.venv/lib/python3.11/site-packages/airflow/example_dags/tutorial_dag.py took 0.054 seconds
[2024-04-04T01:18:38.150-0500] {processor.py:161} INFO - Started process (PID=33971) to work on /Volumes/SLU_CS/big_data_scd_all_types_project/.venv/lib/python3.11/site-packages/airflow/example_dags/tutorial_dag.py
[2024-04-04T01:18:38.150-0500] {processor.py:830} INFO - Processing file /Volumes/SLU_CS/big_data_scd_all_types_project/.venv/lib/python3.11/site-packages/airflow/example_dags/tutorial_dag.py for tasks to queue
[2024-04-04T01:18:38.151-0500] {logging_mixin.py:188} INFO - [2024-04-04T01:18:38.151-0500] {dagbag.py:540} INFO - Filling up the DagBag from /Volumes/SLU_CS/big_data_scd_all_types_project/.venv/lib/python3.11/site-packages/airflow/example_dags/tutorial_dag.py
[2024-04-04T01:18:38.160-0500] {processor.py:840} INFO - DAG(s) 'tutorial_dag' retrieved from /Volumes/SLU_CS/big_data_scd_all_types_project/.venv/lib/python3.11/site-packages/airflow/example_dags/tutorial_dag.py
[2024-04-04T01:18:38.191-0500] {logging_mixin.py:188} INFO - [2024-04-04T01:18:38.191-0500] {dag.py:3047} INFO - Sync 1 DAGs
[2024-04-04T01:18:38.194-0500] {logging_mixin.py:188} INFO - [2024-04-04T01:18:38.194-0500] {dag.py:3834} INFO - Setting next_dagrun for tutorial_dag to None, run_after=None
[2024-04-04T01:18:38.201-0500] {processor.py:183} INFO - Processing /Volumes/SLU_CS/big_data_scd_all_types_project/.venv/lib/python3.11/site-packages/airflow/example_dags/tutorial_dag.py took 0.051 seconds
[2024-04-04T01:19:33.207-0500] {processor.py:161} INFO - Started process (PID=34184) to work on /Volumes/SLU_CS/big_data_scd_all_types_project/.venv/lib/python3.11/site-packages/airflow/example_dags/tutorial_dag.py
[2024-04-04T01:19:33.208-0500] {processor.py:830} INFO - Processing file /Volumes/SLU_CS/big_data_scd_all_types_project/.venv/lib/python3.11/site-packages/airflow/example_dags/tutorial_dag.py for tasks to queue
[2024-04-04T01:19:33.208-0500] {logging_mixin.py:188} INFO - [2024-04-04T01:19:33.208-0500] {dagbag.py:540} INFO - Filling up the DagBag from /Volumes/SLU_CS/big_data_scd_all_types_project/.venv/lib/python3.11/site-packages/airflow/example_dags/tutorial_dag.py
[2024-04-04T01:19:33.217-0500] {processor.py:840} INFO - DAG(s) 'tutorial_dag' retrieved from /Volumes/SLU_CS/big_data_scd_all_types_project/.venv/lib/python3.11/site-packages/airflow/example_dags/tutorial_dag.py
[2024-04-04T01:19:33.248-0500] {logging_mixin.py:188} INFO - [2024-04-04T01:19:33.248-0500] {dag.py:3047} INFO - Sync 1 DAGs
[2024-04-04T01:19:33.251-0500] {logging_mixin.py:188} INFO - [2024-04-04T01:19:33.251-0500] {dag.py:3834} INFO - Setting next_dagrun for tutorial_dag to None, run_after=None
[2024-04-04T01:19:33.258-0500] {processor.py:183} INFO - Processing /Volumes/SLU_CS/big_data_scd_all_types_project/.venv/lib/python3.11/site-packages/airflow/example_dags/tutorial_dag.py took 0.052 seconds
[2024-04-04T01:20:27.309-0500] {processor.py:161} INFO - Started process (PID=34278) to work on /Volumes/SLU_CS/big_data_scd_all_types_project/.venv/lib/python3.11/site-packages/airflow/example_dags/tutorial_dag.py
[2024-04-04T01:20:27.310-0500] {processor.py:830} INFO - Processing file /Volumes/SLU_CS/big_data_scd_all_types_project/.venv/lib/python3.11/site-packages/airflow/example_dags/tutorial_dag.py for tasks to queue
[2024-04-04T01:20:27.310-0500] {logging_mixin.py:188} INFO - [2024-04-04T01:20:27.310-0500] {dagbag.py:540} INFO - Filling up the DagBag from /Volumes/SLU_CS/big_data_scd_all_types_project/.venv/lib/python3.11/site-packages/airflow/example_dags/tutorial_dag.py
[2024-04-04T01:20:27.319-0500] {processor.py:840} INFO - DAG(s) 'tutorial_dag' retrieved from /Volumes/SLU_CS/big_data_scd_all_types_project/.venv/lib/python3.11/site-packages/airflow/example_dags/tutorial_dag.py
[2024-04-04T01:20:27.350-0500] {logging_mixin.py:188} INFO - [2024-04-04T01:20:27.350-0500] {dag.py:3047} INFO - Sync 1 DAGs
[2024-04-04T01:20:27.353-0500] {logging_mixin.py:188} INFO - [2024-04-04T01:20:27.353-0500] {dag.py:3834} INFO - Setting next_dagrun for tutorial_dag to None, run_after=None
[2024-04-04T01:20:27.360-0500] {processor.py:183} INFO - Processing /Volumes/SLU_CS/big_data_scd_all_types_project/.venv/lib/python3.11/site-packages/airflow/example_dags/tutorial_dag.py took 0.052 seconds
