[2024-04-04T01:01:50.948-0500] {processor.py:161} INFO - Started process (PID=31881) to work on /Volumes/SLU_CS/big_data_scd_all_types_project/.venv/lib/python3.11/site-packages/airflow/example_dags/tutorial.py
[2024-04-04T01:01:50.949-0500] {processor.py:830} INFO - Processing file /Volumes/SLU_CS/big_data_scd_all_types_project/.venv/lib/python3.11/site-packages/airflow/example_dags/tutorial.py for tasks to queue
[2024-04-04T01:01:50.949-0500] {logging_mixin.py:188} INFO - [2024-04-04T01:01:50.949-0500] {dagbag.py:540} INFO - Filling up the DagBag from /Volumes/SLU_CS/big_data_scd_all_types_project/.venv/lib/python3.11/site-packages/airflow/example_dags/tutorial.py
[2024-04-04T01:01:50.955-0500] {processor.py:840} INFO - DAG(s) 'tutorial' retrieved from /Volumes/SLU_CS/big_data_scd_all_types_project/.venv/lib/python3.11/site-packages/airflow/example_dags/tutorial.py
[2024-04-04T01:01:51.045-0500] {logging_mixin.py:188} INFO - [2024-04-04T01:01:51.045-0500] {dag.py:3047} INFO - Sync 1 DAGs
[2024-04-04T01:01:51.052-0500] {logging_mixin.py:188} INFO - [2024-04-04T01:01:51.052-0500] {dag.py:3834} INFO - Setting next_dagrun for tutorial to 2024-04-03 00:00:00+00:00, run_after=2024-04-04 00:00:00+00:00
[2024-04-04T01:01:51.060-0500] {processor.py:183} INFO - Processing /Volumes/SLU_CS/big_data_scd_all_types_project/.venv/lib/python3.11/site-packages/airflow/example_dags/tutorial.py took 0.113 seconds
[2024-04-04T01:03:17.110-0500] {processor.py:161} INFO - Started process (PID=32053) to work on /Volumes/SLU_CS/big_data_scd_all_types_project/.venv/lib/python3.11/site-packages/airflow/example_dags/tutorial.py
[2024-04-04T01:03:17.111-0500] {processor.py:830} INFO - Processing file /Volumes/SLU_CS/big_data_scd_all_types_project/.venv/lib/python3.11/site-packages/airflow/example_dags/tutorial.py for tasks to queue
[2024-04-04T01:03:17.111-0500] {logging_mixin.py:188} INFO - [2024-04-04T01:03:17.111-0500] {dagbag.py:540} INFO - Filling up the DagBag from /Volumes/SLU_CS/big_data_scd_all_types_project/.venv/lib/python3.11/site-packages/airflow/example_dags/tutorial.py
[2024-04-04T01:03:17.115-0500] {processor.py:840} INFO - DAG(s) 'tutorial' retrieved from /Volumes/SLU_CS/big_data_scd_all_types_project/.venv/lib/python3.11/site-packages/airflow/example_dags/tutorial.py
[2024-04-04T01:03:17.146-0500] {logging_mixin.py:188} INFO - [2024-04-04T01:03:17.146-0500] {dag.py:3047} INFO - Sync 1 DAGs
[2024-04-04T01:03:17.153-0500] {logging_mixin.py:188} INFO - [2024-04-04T01:03:17.153-0500] {dag.py:3834} INFO - Setting next_dagrun for tutorial to 2024-04-03 00:00:00+00:00, run_after=2024-04-04 00:00:00+00:00
[2024-04-04T01:03:17.160-0500] {processor.py:183} INFO - Processing /Volumes/SLU_CS/big_data_scd_all_types_project/.venv/lib/python3.11/site-packages/airflow/example_dags/tutorial.py took 0.051 seconds
[2024-04-04T01:04:09.778-0500] {processor.py:161} INFO - Started process (PID=32207) to work on /Volumes/SLU_CS/big_data_scd_all_types_project/.venv/lib/python3.11/site-packages/airflow/example_dags/tutorial.py
[2024-04-04T01:04:09.781-0500] {processor.py:830} INFO - Processing file /Volumes/SLU_CS/big_data_scd_all_types_project/.venv/lib/python3.11/site-packages/airflow/example_dags/tutorial.py for tasks to queue
[2024-04-04T01:04:09.782-0500] {logging_mixin.py:188} INFO - [2024-04-04T01:04:09.781-0500] {dagbag.py:540} INFO - Filling up the DagBag from /Volumes/SLU_CS/big_data_scd_all_types_project/.venv/lib/python3.11/site-packages/airflow/example_dags/tutorial.py
[2024-04-04T01:04:09.785-0500] {processor.py:840} INFO - DAG(s) 'tutorial' retrieved from /Volumes/SLU_CS/big_data_scd_all_types_project/.venv/lib/python3.11/site-packages/airflow/example_dags/tutorial.py
[2024-04-04T01:04:09.816-0500] {logging_mixin.py:188} INFO - [2024-04-04T01:04:09.816-0500] {dag.py:3047} INFO - Sync 1 DAGs
[2024-04-04T01:04:09.822-0500] {logging_mixin.py:188} INFO - [2024-04-04T01:04:09.822-0500] {dag.py:3834} INFO - Setting next_dagrun for tutorial to 2024-04-03 00:00:00+00:00, run_after=2024-04-04 00:00:00+00:00
[2024-04-04T01:04:09.829-0500] {processor.py:183} INFO - Processing /Volumes/SLU_CS/big_data_scd_all_types_project/.venv/lib/python3.11/site-packages/airflow/example_dags/tutorial.py took 0.052 seconds
[2024-04-04T01:05:01.275-0500] {processor.py:161} INFO - Started process (PID=32302) to work on /Volumes/SLU_CS/big_data_scd_all_types_project/.venv/lib/python3.11/site-packages/airflow/example_dags/tutorial.py
[2024-04-04T01:05:01.276-0500] {processor.py:830} INFO - Processing file /Volumes/SLU_CS/big_data_scd_all_types_project/.venv/lib/python3.11/site-packages/airflow/example_dags/tutorial.py for tasks to queue
[2024-04-04T01:05:01.276-0500] {logging_mixin.py:188} INFO - [2024-04-04T01:05:01.276-0500] {dagbag.py:540} INFO - Filling up the DagBag from /Volumes/SLU_CS/big_data_scd_all_types_project/.venv/lib/python3.11/site-packages/airflow/example_dags/tutorial.py
[2024-04-04T01:05:01.279-0500] {processor.py:840} INFO - DAG(s) 'tutorial' retrieved from /Volumes/SLU_CS/big_data_scd_all_types_project/.venv/lib/python3.11/site-packages/airflow/example_dags/tutorial.py
[2024-04-04T01:05:01.309-0500] {logging_mixin.py:188} INFO - [2024-04-04T01:05:01.308-0500] {dag.py:3047} INFO - Sync 1 DAGs
[2024-04-04T01:05:01.314-0500] {logging_mixin.py:188} INFO - [2024-04-04T01:05:01.314-0500] {dag.py:3834} INFO - Setting next_dagrun for tutorial to 2024-04-03 00:00:00+00:00, run_after=2024-04-04 00:00:00+00:00
[2024-04-04T01:05:01.320-0500] {processor.py:183} INFO - Processing /Volumes/SLU_CS/big_data_scd_all_types_project/.venv/lib/python3.11/site-packages/airflow/example_dags/tutorial.py took 0.046 seconds
[2024-04-04T01:05:52.334-0500] {processor.py:161} INFO - Started process (PID=32391) to work on /Volumes/SLU_CS/big_data_scd_all_types_project/.venv/lib/python3.11/site-packages/airflow/example_dags/tutorial.py
[2024-04-04T01:05:52.334-0500] {processor.py:830} INFO - Processing file /Volumes/SLU_CS/big_data_scd_all_types_project/.venv/lib/python3.11/site-packages/airflow/example_dags/tutorial.py for tasks to queue
[2024-04-04T01:05:52.335-0500] {logging_mixin.py:188} INFO - [2024-04-04T01:05:52.335-0500] {dagbag.py:540} INFO - Filling up the DagBag from /Volumes/SLU_CS/big_data_scd_all_types_project/.venv/lib/python3.11/site-packages/airflow/example_dags/tutorial.py
[2024-04-04T01:05:52.338-0500] {processor.py:840} INFO - DAG(s) 'tutorial' retrieved from /Volumes/SLU_CS/big_data_scd_all_types_project/.venv/lib/python3.11/site-packages/airflow/example_dags/tutorial.py
[2024-04-04T01:05:52.369-0500] {logging_mixin.py:188} INFO - [2024-04-04T01:05:52.369-0500] {dag.py:3047} INFO - Sync 1 DAGs
[2024-04-04T01:05:52.376-0500] {logging_mixin.py:188} INFO - [2024-04-04T01:05:52.375-0500] {dag.py:3834} INFO - Setting next_dagrun for tutorial to 2024-04-03 00:00:00+00:00, run_after=2024-04-04 00:00:00+00:00
[2024-04-04T01:05:52.383-0500] {processor.py:183} INFO - Processing /Volumes/SLU_CS/big_data_scd_all_types_project/.venv/lib/python3.11/site-packages/airflow/example_dags/tutorial.py took 0.050 seconds
[2024-04-04T01:07:01.428-0500] {processor.py:161} INFO - Started process (PID=32566) to work on /Volumes/SLU_CS/big_data_scd_all_types_project/.venv/lib/python3.11/site-packages/airflow/example_dags/tutorial.py
[2024-04-04T01:07:01.429-0500] {processor.py:830} INFO - Processing file /Volumes/SLU_CS/big_data_scd_all_types_project/.venv/lib/python3.11/site-packages/airflow/example_dags/tutorial.py for tasks to queue
[2024-04-04T01:07:01.429-0500] {logging_mixin.py:188} INFO - [2024-04-04T01:07:01.429-0500] {dagbag.py:540} INFO - Filling up the DagBag from /Volumes/SLU_CS/big_data_scd_all_types_project/.venv/lib/python3.11/site-packages/airflow/example_dags/tutorial.py
[2024-04-04T01:07:01.432-0500] {processor.py:840} INFO - DAG(s) 'tutorial' retrieved from /Volumes/SLU_CS/big_data_scd_all_types_project/.venv/lib/python3.11/site-packages/airflow/example_dags/tutorial.py
[2024-04-04T01:07:01.464-0500] {logging_mixin.py:188} INFO - [2024-04-04T01:07:01.464-0500] {dag.py:3047} INFO - Sync 1 DAGs
[2024-04-04T01:07:01.471-0500] {logging_mixin.py:188} INFO - [2024-04-04T01:07:01.471-0500] {dag.py:3834} INFO - Setting next_dagrun for tutorial to 2024-04-03 00:00:00+00:00, run_after=2024-04-04 00:00:00+00:00
[2024-04-04T01:07:01.478-0500] {processor.py:183} INFO - Processing /Volumes/SLU_CS/big_data_scd_all_types_project/.venv/lib/python3.11/site-packages/airflow/example_dags/tutorial.py took 0.051 seconds
[2024-04-04T01:08:26.001-0500] {processor.py:161} INFO - Started process (PID=32700) to work on /Volumes/SLU_CS/big_data_scd_all_types_project/.venv/lib/python3.11/site-packages/airflow/example_dags/tutorial.py
[2024-04-04T01:08:26.002-0500] {processor.py:830} INFO - Processing file /Volumes/SLU_CS/big_data_scd_all_types_project/.venv/lib/python3.11/site-packages/airflow/example_dags/tutorial.py for tasks to queue
[2024-04-04T01:08:26.002-0500] {logging_mixin.py:188} INFO - [2024-04-04T01:08:26.002-0500] {dagbag.py:540} INFO - Filling up the DagBag from /Volumes/SLU_CS/big_data_scd_all_types_project/.venv/lib/python3.11/site-packages/airflow/example_dags/tutorial.py
[2024-04-04T01:08:26.005-0500] {processor.py:840} INFO - DAG(s) 'tutorial' retrieved from /Volumes/SLU_CS/big_data_scd_all_types_project/.venv/lib/python3.11/site-packages/airflow/example_dags/tutorial.py
[2024-04-04T01:08:26.037-0500] {logging_mixin.py:188} INFO - [2024-04-04T01:08:26.036-0500] {dag.py:3047} INFO - Sync 1 DAGs
[2024-04-04T01:08:26.043-0500] {logging_mixin.py:188} INFO - [2024-04-04T01:08:26.043-0500] {dag.py:3834} INFO - Setting next_dagrun for tutorial to 2024-04-03 00:00:00+00:00, run_after=2024-04-04 00:00:00+00:00
[2024-04-04T01:08:26.050-0500] {processor.py:183} INFO - Processing /Volumes/SLU_CS/big_data_scd_all_types_project/.venv/lib/python3.11/site-packages/airflow/example_dags/tutorial.py took 0.050 seconds
[2024-04-04T01:09:20.847-0500] {processor.py:161} INFO - Started process (PID=32805) to work on /Volumes/SLU_CS/big_data_scd_all_types_project/.venv/lib/python3.11/site-packages/airflow/example_dags/tutorial.py
[2024-04-04T01:09:20.848-0500] {processor.py:830} INFO - Processing file /Volumes/SLU_CS/big_data_scd_all_types_project/.venv/lib/python3.11/site-packages/airflow/example_dags/tutorial.py for tasks to queue
[2024-04-04T01:09:20.848-0500] {logging_mixin.py:188} INFO - [2024-04-04T01:09:20.848-0500] {dagbag.py:540} INFO - Filling up the DagBag from /Volumes/SLU_CS/big_data_scd_all_types_project/.venv/lib/python3.11/site-packages/airflow/example_dags/tutorial.py
[2024-04-04T01:09:20.851-0500] {processor.py:840} INFO - DAG(s) 'tutorial' retrieved from /Volumes/SLU_CS/big_data_scd_all_types_project/.venv/lib/python3.11/site-packages/airflow/example_dags/tutorial.py
[2024-04-04T01:09:20.881-0500] {logging_mixin.py:188} INFO - [2024-04-04T01:09:20.881-0500] {dag.py:3047} INFO - Sync 1 DAGs
[2024-04-04T01:09:20.887-0500] {logging_mixin.py:188} INFO - [2024-04-04T01:09:20.887-0500] {dag.py:3834} INFO - Setting next_dagrun for tutorial to 2024-04-03 00:00:00+00:00, run_after=2024-04-04 00:00:00+00:00
[2024-04-04T01:09:20.893-0500] {processor.py:183} INFO - Processing /Volumes/SLU_CS/big_data_scd_all_types_project/.venv/lib/python3.11/site-packages/airflow/example_dags/tutorial.py took 0.047 seconds
[2024-04-04T01:10:12.190-0500] {processor.py:161} INFO - Started process (PID=32926) to work on /Volumes/SLU_CS/big_data_scd_all_types_project/.venv/lib/python3.11/site-packages/airflow/example_dags/tutorial.py
[2024-04-04T01:10:12.192-0500] {processor.py:830} INFO - Processing file /Volumes/SLU_CS/big_data_scd_all_types_project/.venv/lib/python3.11/site-packages/airflow/example_dags/tutorial.py for tasks to queue
[2024-04-04T01:10:12.192-0500] {logging_mixin.py:188} INFO - [2024-04-04T01:10:12.192-0500] {dagbag.py:540} INFO - Filling up the DagBag from /Volumes/SLU_CS/big_data_scd_all_types_project/.venv/lib/python3.11/site-packages/airflow/example_dags/tutorial.py
[2024-04-04T01:10:12.196-0500] {processor.py:840} INFO - DAG(s) 'tutorial' retrieved from /Volumes/SLU_CS/big_data_scd_all_types_project/.venv/lib/python3.11/site-packages/airflow/example_dags/tutorial.py
[2024-04-04T01:10:12.235-0500] {logging_mixin.py:188} INFO - [2024-04-04T01:10:12.235-0500] {dag.py:3047} INFO - Sync 1 DAGs
[2024-04-04T01:10:12.243-0500] {logging_mixin.py:188} INFO - [2024-04-04T01:10:12.243-0500] {dag.py:3834} INFO - Setting next_dagrun for tutorial to 2024-04-03 00:00:00+00:00, run_after=2024-04-04 00:00:00+00:00
[2024-04-04T01:10:12.250-0500] {processor.py:183} INFO - Processing /Volumes/SLU_CS/big_data_scd_all_types_project/.venv/lib/python3.11/site-packages/airflow/example_dags/tutorial.py took 0.060 seconds
[2024-04-04T01:11:02.375-0500] {processor.py:161} INFO - Started process (PID=33055) to work on /Volumes/SLU_CS/big_data_scd_all_types_project/.venv/lib/python3.11/site-packages/airflow/example_dags/tutorial.py
[2024-04-04T01:11:02.376-0500] {processor.py:830} INFO - Processing file /Volumes/SLU_CS/big_data_scd_all_types_project/.venv/lib/python3.11/site-packages/airflow/example_dags/tutorial.py for tasks to queue
[2024-04-04T01:11:02.376-0500] {logging_mixin.py:188} INFO - [2024-04-04T01:11:02.376-0500] {dagbag.py:540} INFO - Filling up the DagBag from /Volumes/SLU_CS/big_data_scd_all_types_project/.venv/lib/python3.11/site-packages/airflow/example_dags/tutorial.py
[2024-04-04T01:11:02.380-0500] {processor.py:840} INFO - DAG(s) 'tutorial' retrieved from /Volumes/SLU_CS/big_data_scd_all_types_project/.venv/lib/python3.11/site-packages/airflow/example_dags/tutorial.py
[2024-04-04T01:11:02.411-0500] {logging_mixin.py:188} INFO - [2024-04-04T01:11:02.411-0500] {dag.py:3047} INFO - Sync 1 DAGs
[2024-04-04T01:11:02.417-0500] {logging_mixin.py:188} INFO - [2024-04-04T01:11:02.417-0500] {dag.py:3834} INFO - Setting next_dagrun for tutorial to 2024-04-03 00:00:00+00:00, run_after=2024-04-04 00:00:00+00:00
[2024-04-04T01:11:02.423-0500] {processor.py:183} INFO - Processing /Volumes/SLU_CS/big_data_scd_all_types_project/.venv/lib/python3.11/site-packages/airflow/example_dags/tutorial.py took 0.048 seconds
[2024-04-04T01:11:53.951-0500] {processor.py:161} INFO - Started process (PID=33196) to work on /Volumes/SLU_CS/big_data_scd_all_types_project/.venv/lib/python3.11/site-packages/airflow/example_dags/tutorial.py
[2024-04-04T01:11:53.952-0500] {processor.py:830} INFO - Processing file /Volumes/SLU_CS/big_data_scd_all_types_project/.venv/lib/python3.11/site-packages/airflow/example_dags/tutorial.py for tasks to queue
[2024-04-04T01:11:53.952-0500] {logging_mixin.py:188} INFO - [2024-04-04T01:11:53.952-0500] {dagbag.py:540} INFO - Filling up the DagBag from /Volumes/SLU_CS/big_data_scd_all_types_project/.venv/lib/python3.11/site-packages/airflow/example_dags/tutorial.py
[2024-04-04T01:11:53.955-0500] {processor.py:840} INFO - DAG(s) 'tutorial' retrieved from /Volumes/SLU_CS/big_data_scd_all_types_project/.venv/lib/python3.11/site-packages/airflow/example_dags/tutorial.py
[2024-04-04T01:11:53.986-0500] {logging_mixin.py:188} INFO - [2024-04-04T01:11:53.986-0500] {dag.py:3047} INFO - Sync 1 DAGs
[2024-04-04T01:11:53.992-0500] {logging_mixin.py:188} INFO - [2024-04-04T01:11:53.992-0500] {dag.py:3834} INFO - Setting next_dagrun for tutorial to 2024-04-03 00:00:00+00:00, run_after=2024-04-04 00:00:00+00:00
[2024-04-04T01:11:53.999-0500] {processor.py:183} INFO - Processing /Volumes/SLU_CS/big_data_scd_all_types_project/.venv/lib/python3.11/site-packages/airflow/example_dags/tutorial.py took 0.049 seconds
[2024-04-04T01:12:47.685-0500] {processor.py:161} INFO - Started process (PID=33357) to work on /Volumes/SLU_CS/big_data_scd_all_types_project/.venv/lib/python3.11/site-packages/airflow/example_dags/tutorial.py
[2024-04-04T01:12:47.686-0500] {processor.py:830} INFO - Processing file /Volumes/SLU_CS/big_data_scd_all_types_project/.venv/lib/python3.11/site-packages/airflow/example_dags/tutorial.py for tasks to queue
[2024-04-04T01:12:47.686-0500] {logging_mixin.py:188} INFO - [2024-04-04T01:12:47.686-0500] {dagbag.py:540} INFO - Filling up the DagBag from /Volumes/SLU_CS/big_data_scd_all_types_project/.venv/lib/python3.11/site-packages/airflow/example_dags/tutorial.py
[2024-04-04T01:12:47.689-0500] {processor.py:840} INFO - DAG(s) 'tutorial' retrieved from /Volumes/SLU_CS/big_data_scd_all_types_project/.venv/lib/python3.11/site-packages/airflow/example_dags/tutorial.py
[2024-04-04T01:12:47.720-0500] {logging_mixin.py:188} INFO - [2024-04-04T01:12:47.720-0500] {dag.py:3047} INFO - Sync 1 DAGs
[2024-04-04T01:12:47.726-0500] {logging_mixin.py:188} INFO - [2024-04-04T01:12:47.726-0500] {dag.py:3834} INFO - Setting next_dagrun for tutorial to 2024-04-03 00:00:00+00:00, run_after=2024-04-04 00:00:00+00:00
[2024-04-04T01:12:47.733-0500] {processor.py:183} INFO - Processing /Volumes/SLU_CS/big_data_scd_all_types_project/.venv/lib/python3.11/site-packages/airflow/example_dags/tutorial.py took 0.049 seconds
[2024-04-04T01:13:34.969-0500] {processor.py:161} INFO - Started process (PID=33476) to work on /Volumes/SLU_CS/big_data_scd_all_types_project/.venv/lib/python3.11/site-packages/airflow/example_dags/tutorial.py
[2024-04-04T01:13:34.970-0500] {processor.py:830} INFO - Processing file /Volumes/SLU_CS/big_data_scd_all_types_project/.venv/lib/python3.11/site-packages/airflow/example_dags/tutorial.py for tasks to queue
[2024-04-04T01:13:34.970-0500] {logging_mixin.py:188} INFO - [2024-04-04T01:13:34.970-0500] {dagbag.py:540} INFO - Filling up the DagBag from /Volumes/SLU_CS/big_data_scd_all_types_project/.venv/lib/python3.11/site-packages/airflow/example_dags/tutorial.py
[2024-04-04T01:13:34.974-0500] {processor.py:840} INFO - DAG(s) 'tutorial' retrieved from /Volumes/SLU_CS/big_data_scd_all_types_project/.venv/lib/python3.11/site-packages/airflow/example_dags/tutorial.py
[2024-04-04T01:13:35.004-0500] {logging_mixin.py:188} INFO - [2024-04-04T01:13:35.004-0500] {dag.py:3047} INFO - Sync 1 DAGs
[2024-04-04T01:13:35.010-0500] {logging_mixin.py:188} INFO - [2024-04-04T01:13:35.010-0500] {dag.py:3834} INFO - Setting next_dagrun for tutorial to 2024-04-03 00:00:00+00:00, run_after=2024-04-04 00:00:00+00:00
[2024-04-04T01:13:35.016-0500] {processor.py:183} INFO - Processing /Volumes/SLU_CS/big_data_scd_all_types_project/.venv/lib/python3.11/site-packages/airflow/example_dags/tutorial.py took 0.047 seconds
[2024-04-04T01:14:24.447-0500] {processor.py:161} INFO - Started process (PID=33565) to work on /Volumes/SLU_CS/big_data_scd_all_types_project/.venv/lib/python3.11/site-packages/airflow/example_dags/tutorial.py
[2024-04-04T01:14:24.448-0500] {processor.py:830} INFO - Processing file /Volumes/SLU_CS/big_data_scd_all_types_project/.venv/lib/python3.11/site-packages/airflow/example_dags/tutorial.py for tasks to queue
[2024-04-04T01:14:24.448-0500] {logging_mixin.py:188} INFO - [2024-04-04T01:14:24.448-0500] {dagbag.py:540} INFO - Filling up the DagBag from /Volumes/SLU_CS/big_data_scd_all_types_project/.venv/lib/python3.11/site-packages/airflow/example_dags/tutorial.py
[2024-04-04T01:14:24.451-0500] {processor.py:840} INFO - DAG(s) 'tutorial' retrieved from /Volumes/SLU_CS/big_data_scd_all_types_project/.venv/lib/python3.11/site-packages/airflow/example_dags/tutorial.py
[2024-04-04T01:14:24.481-0500] {logging_mixin.py:188} INFO - [2024-04-04T01:14:24.480-0500] {dag.py:3047} INFO - Sync 1 DAGs
[2024-04-04T01:14:24.487-0500] {logging_mixin.py:188} INFO - [2024-04-04T01:14:24.486-0500] {dag.py:3834} INFO - Setting next_dagrun for tutorial to 2024-04-03 00:00:00+00:00, run_after=2024-04-04 00:00:00+00:00
[2024-04-04T01:14:24.493-0500] {processor.py:183} INFO - Processing /Volumes/SLU_CS/big_data_scd_all_types_project/.venv/lib/python3.11/site-packages/airflow/example_dags/tutorial.py took 0.046 seconds
[2024-04-04T01:15:14.605-0500] {processor.py:161} INFO - Started process (PID=33661) to work on /Volumes/SLU_CS/big_data_scd_all_types_project/.venv/lib/python3.11/site-packages/airflow/example_dags/tutorial.py
[2024-04-04T01:15:14.606-0500] {processor.py:830} INFO - Processing file /Volumes/SLU_CS/big_data_scd_all_types_project/.venv/lib/python3.11/site-packages/airflow/example_dags/tutorial.py for tasks to queue
[2024-04-04T01:15:14.606-0500] {logging_mixin.py:188} INFO - [2024-04-04T01:15:14.606-0500] {dagbag.py:540} INFO - Filling up the DagBag from /Volumes/SLU_CS/big_data_scd_all_types_project/.venv/lib/python3.11/site-packages/airflow/example_dags/tutorial.py
[2024-04-04T01:15:14.610-0500] {processor.py:840} INFO - DAG(s) 'tutorial' retrieved from /Volumes/SLU_CS/big_data_scd_all_types_project/.venv/lib/python3.11/site-packages/airflow/example_dags/tutorial.py
[2024-04-04T01:15:14.640-0500] {logging_mixin.py:188} INFO - [2024-04-04T01:15:14.640-0500] {dag.py:3047} INFO - Sync 1 DAGs
[2024-04-04T01:15:14.646-0500] {logging_mixin.py:188} INFO - [2024-04-04T01:15:14.646-0500] {dag.py:3834} INFO - Setting next_dagrun for tutorial to 2024-04-03 00:00:00+00:00, run_after=2024-04-04 00:00:00+00:00
[2024-04-04T01:15:14.652-0500] {processor.py:183} INFO - Processing /Volumes/SLU_CS/big_data_scd_all_types_project/.venv/lib/python3.11/site-packages/airflow/example_dags/tutorial.py took 0.048 seconds
[2024-04-04T01:15:59.297-0500] {processor.py:161} INFO - Started process (PID=33722) to work on /Volumes/SLU_CS/big_data_scd_all_types_project/.venv/lib/python3.11/site-packages/airflow/example_dags/tutorial.py
[2024-04-04T01:15:59.299-0500] {processor.py:830} INFO - Processing file /Volumes/SLU_CS/big_data_scd_all_types_project/.venv/lib/python3.11/site-packages/airflow/example_dags/tutorial.py for tasks to queue
[2024-04-04T01:15:59.299-0500] {logging_mixin.py:188} INFO - [2024-04-04T01:15:59.299-0500] {dagbag.py:540} INFO - Filling up the DagBag from /Volumes/SLU_CS/big_data_scd_all_types_project/.venv/lib/python3.11/site-packages/airflow/example_dags/tutorial.py
[2024-04-04T01:15:59.302-0500] {processor.py:840} INFO - DAG(s) 'tutorial' retrieved from /Volumes/SLU_CS/big_data_scd_all_types_project/.venv/lib/python3.11/site-packages/airflow/example_dags/tutorial.py
[2024-04-04T01:15:59.332-0500] {logging_mixin.py:188} INFO - [2024-04-04T01:15:59.332-0500] {dag.py:3047} INFO - Sync 1 DAGs
[2024-04-04T01:15:59.338-0500] {logging_mixin.py:188} INFO - [2024-04-04T01:15:59.338-0500] {dag.py:3834} INFO - Setting next_dagrun for tutorial to 2024-04-03 00:00:00+00:00, run_after=2024-04-04 00:00:00+00:00
[2024-04-04T01:15:59.344-0500] {processor.py:183} INFO - Processing /Volumes/SLU_CS/big_data_scd_all_types_project/.venv/lib/python3.11/site-packages/airflow/example_dags/tutorial.py took 0.047 seconds
[2024-04-04T01:16:51.859-0500] {processor.py:161} INFO - Started process (PID=33811) to work on /Volumes/SLU_CS/big_data_scd_all_types_project/.venv/lib/python3.11/site-packages/airflow/example_dags/tutorial.py
[2024-04-04T01:16:51.861-0500] {processor.py:830} INFO - Processing file /Volumes/SLU_CS/big_data_scd_all_types_project/.venv/lib/python3.11/site-packages/airflow/example_dags/tutorial.py for tasks to queue
[2024-04-04T01:16:51.861-0500] {logging_mixin.py:188} INFO - [2024-04-04T01:16:51.861-0500] {dagbag.py:540} INFO - Filling up the DagBag from /Volumes/SLU_CS/big_data_scd_all_types_project/.venv/lib/python3.11/site-packages/airflow/example_dags/tutorial.py
[2024-04-04T01:16:51.864-0500] {processor.py:840} INFO - DAG(s) 'tutorial' retrieved from /Volumes/SLU_CS/big_data_scd_all_types_project/.venv/lib/python3.11/site-packages/airflow/example_dags/tutorial.py
[2024-04-04T01:16:51.894-0500] {logging_mixin.py:188} INFO - [2024-04-04T01:16:51.894-0500] {dag.py:3047} INFO - Sync 1 DAGs
[2024-04-04T01:16:51.900-0500] {logging_mixin.py:188} INFO - [2024-04-04T01:16:51.900-0500] {dag.py:3834} INFO - Setting next_dagrun for tutorial to 2024-04-03 00:00:00+00:00, run_after=2024-04-04 00:00:00+00:00
[2024-04-04T01:16:51.906-0500] {processor.py:183} INFO - Processing /Volumes/SLU_CS/big_data_scd_all_types_project/.venv/lib/python3.11/site-packages/airflow/example_dags/tutorial.py took 0.048 seconds
[2024-04-04T01:17:45.638-0500] {processor.py:161} INFO - Started process (PID=33899) to work on /Volumes/SLU_CS/big_data_scd_all_types_project/.venv/lib/python3.11/site-packages/airflow/example_dags/tutorial.py
[2024-04-04T01:17:45.639-0500] {processor.py:830} INFO - Processing file /Volumes/SLU_CS/big_data_scd_all_types_project/.venv/lib/python3.11/site-packages/airflow/example_dags/tutorial.py for tasks to queue
[2024-04-04T01:17:45.639-0500] {logging_mixin.py:188} INFO - [2024-04-04T01:17:45.639-0500] {dagbag.py:540} INFO - Filling up the DagBag from /Volumes/SLU_CS/big_data_scd_all_types_project/.venv/lib/python3.11/site-packages/airflow/example_dags/tutorial.py
[2024-04-04T01:17:45.644-0500] {processor.py:840} INFO - DAG(s) 'tutorial' retrieved from /Volumes/SLU_CS/big_data_scd_all_types_project/.venv/lib/python3.11/site-packages/airflow/example_dags/tutorial.py
[2024-04-04T01:17:45.675-0500] {logging_mixin.py:188} INFO - [2024-04-04T01:17:45.675-0500] {dag.py:3047} INFO - Sync 1 DAGs
[2024-04-04T01:17:45.681-0500] {logging_mixin.py:188} INFO - [2024-04-04T01:17:45.681-0500] {dag.py:3834} INFO - Setting next_dagrun for tutorial to 2024-04-03 00:00:00+00:00, run_after=2024-04-04 00:00:00+00:00
[2024-04-04T01:17:45.687-0500] {processor.py:183} INFO - Processing /Volumes/SLU_CS/big_data_scd_all_types_project/.venv/lib/python3.11/site-packages/airflow/example_dags/tutorial.py took 0.050 seconds
[2024-04-04T01:18:39.043-0500] {processor.py:161} INFO - Started process (PID=33973) to work on /Volumes/SLU_CS/big_data_scd_all_types_project/.venv/lib/python3.11/site-packages/airflow/example_dags/tutorial.py
[2024-04-04T01:18:39.043-0500] {processor.py:830} INFO - Processing file /Volumes/SLU_CS/big_data_scd_all_types_project/.venv/lib/python3.11/site-packages/airflow/example_dags/tutorial.py for tasks to queue
[2024-04-04T01:18:39.044-0500] {logging_mixin.py:188} INFO - [2024-04-04T01:18:39.044-0500] {dagbag.py:540} INFO - Filling up the DagBag from /Volumes/SLU_CS/big_data_scd_all_types_project/.venv/lib/python3.11/site-packages/airflow/example_dags/tutorial.py
[2024-04-04T01:18:39.048-0500] {processor.py:840} INFO - DAG(s) 'tutorial' retrieved from /Volumes/SLU_CS/big_data_scd_all_types_project/.venv/lib/python3.11/site-packages/airflow/example_dags/tutorial.py
[2024-04-04T01:18:39.081-0500] {logging_mixin.py:188} INFO - [2024-04-04T01:18:39.081-0500] {dag.py:3047} INFO - Sync 1 DAGs
[2024-04-04T01:18:39.087-0500] {logging_mixin.py:188} INFO - [2024-04-04T01:18:39.087-0500] {dag.py:3834} INFO - Setting next_dagrun for tutorial to 2024-04-03 00:00:00+00:00, run_after=2024-04-04 00:00:00+00:00
[2024-04-04T01:18:39.094-0500] {processor.py:183} INFO - Processing /Volumes/SLU_CS/big_data_scd_all_types_project/.venv/lib/python3.11/site-packages/airflow/example_dags/tutorial.py took 0.052 seconds
[2024-04-04T01:19:34.996-0500] {processor.py:161} INFO - Started process (PID=34188) to work on /Volumes/SLU_CS/big_data_scd_all_types_project/.venv/lib/python3.11/site-packages/airflow/example_dags/tutorial.py
[2024-04-04T01:19:34.998-0500] {processor.py:830} INFO - Processing file /Volumes/SLU_CS/big_data_scd_all_types_project/.venv/lib/python3.11/site-packages/airflow/example_dags/tutorial.py for tasks to queue
[2024-04-04T01:19:34.998-0500] {logging_mixin.py:188} INFO - [2024-04-04T01:19:34.998-0500] {dagbag.py:540} INFO - Filling up the DagBag from /Volumes/SLU_CS/big_data_scd_all_types_project/.venv/lib/python3.11/site-packages/airflow/example_dags/tutorial.py
[2024-04-04T01:19:35.001-0500] {processor.py:840} INFO - DAG(s) 'tutorial' retrieved from /Volumes/SLU_CS/big_data_scd_all_types_project/.venv/lib/python3.11/site-packages/airflow/example_dags/tutorial.py
[2024-04-04T01:19:35.032-0500] {logging_mixin.py:188} INFO - [2024-04-04T01:19:35.032-0500] {dag.py:3047} INFO - Sync 1 DAGs
[2024-04-04T01:19:35.039-0500] {logging_mixin.py:188} INFO - [2024-04-04T01:19:35.039-0500] {dag.py:3834} INFO - Setting next_dagrun for tutorial to 2024-04-03 00:00:00+00:00, run_after=2024-04-04 00:00:00+00:00
[2024-04-04T01:19:35.045-0500] {processor.py:183} INFO - Processing /Volumes/SLU_CS/big_data_scd_all_types_project/.venv/lib/python3.11/site-packages/airflow/example_dags/tutorial.py took 0.050 seconds
[2024-04-04T01:20:29.095-0500] {processor.py:161} INFO - Started process (PID=34280) to work on /Volumes/SLU_CS/big_data_scd_all_types_project/.venv/lib/python3.11/site-packages/airflow/example_dags/tutorial.py
[2024-04-04T01:20:29.097-0500] {processor.py:830} INFO - Processing file /Volumes/SLU_CS/big_data_scd_all_types_project/.venv/lib/python3.11/site-packages/airflow/example_dags/tutorial.py for tasks to queue
[2024-04-04T01:20:29.097-0500] {logging_mixin.py:188} INFO - [2024-04-04T01:20:29.097-0500] {dagbag.py:540} INFO - Filling up the DagBag from /Volumes/SLU_CS/big_data_scd_all_types_project/.venv/lib/python3.11/site-packages/airflow/example_dags/tutorial.py
[2024-04-04T01:20:29.101-0500] {processor.py:840} INFO - DAG(s) 'tutorial' retrieved from /Volumes/SLU_CS/big_data_scd_all_types_project/.venv/lib/python3.11/site-packages/airflow/example_dags/tutorial.py
[2024-04-04T01:20:29.144-0500] {logging_mixin.py:188} INFO - [2024-04-04T01:20:29.144-0500] {dag.py:3047} INFO - Sync 1 DAGs
[2024-04-04T01:20:29.152-0500] {logging_mixin.py:188} INFO - [2024-04-04T01:20:29.151-0500] {dag.py:3834} INFO - Setting next_dagrun for tutorial to 2024-04-03 00:00:00+00:00, run_after=2024-04-04 00:00:00+00:00
[2024-04-04T01:20:29.160-0500] {processor.py:183} INFO - Processing /Volumes/SLU_CS/big_data_scd_all_types_project/.venv/lib/python3.11/site-packages/airflow/example_dags/tutorial.py took 0.066 seconds
