[2024-04-04T01:01:48.854-0500] {processor.py:161} INFO - Started process (PID=31878) to work on /Volumes/SLU_CS/big_data_scd_all_types_project/.venv/lib/python3.11/site-packages/airflow/example_dags/tutorial_objectstorage.py
[2024-04-04T01:01:48.855-0500] {processor.py:830} INFO - Processing file /Volumes/SLU_CS/big_data_scd_all_types_project/.venv/lib/python3.11/site-packages/airflow/example_dags/tutorial_objectstorage.py for tasks to queue
[2024-04-04T01:01:48.855-0500] {logging_mixin.py:188} INFO - [2024-04-04T01:01:48.855-0500] {dagbag.py:540} INFO - Filling up the DagBag from /Volumes/SLU_CS/big_data_scd_all_types_project/.venv/lib/python3.11/site-packages/airflow/example_dags/tutorial_objectstorage.py
[2024-04-04T01:01:48.877-0500] {processor.py:840} INFO - DAG(s) 'tutorial_objectstorage' retrieved from /Volumes/SLU_CS/big_data_scd_all_types_project/.venv/lib/python3.11/site-packages/airflow/example_dags/tutorial_objectstorage.py
[2024-04-04T01:01:48.960-0500] {logging_mixin.py:188} INFO - [2024-04-04T01:01:48.959-0500] {dag.py:3047} INFO - Sync 1 DAGs
[2024-04-04T01:01:48.962-0500] {logging_mixin.py:188} INFO - [2024-04-04T01:01:48.962-0500] {dag.py:3834} INFO - Setting next_dagrun for tutorial_objectstorage to None, run_after=None
[2024-04-04T01:01:48.970-0500] {processor.py:183} INFO - Processing /Volumes/SLU_CS/big_data_scd_all_types_project/.venv/lib/python3.11/site-packages/airflow/example_dags/tutorial_objectstorage.py took 0.116 seconds
[2024-04-04T01:03:13.529-0500] {processor.py:161} INFO - Started process (PID=32042) to work on /Volumes/SLU_CS/big_data_scd_all_types_project/.venv/lib/python3.11/site-packages/airflow/example_dags/tutorial_objectstorage.py
[2024-04-04T01:03:13.530-0500] {processor.py:830} INFO - Processing file /Volumes/SLU_CS/big_data_scd_all_types_project/.venv/lib/python3.11/site-packages/airflow/example_dags/tutorial_objectstorage.py for tasks to queue
[2024-04-04T01:03:13.530-0500] {logging_mixin.py:188} INFO - [2024-04-04T01:03:13.530-0500] {dagbag.py:540} INFO - Filling up the DagBag from /Volumes/SLU_CS/big_data_scd_all_types_project/.venv/lib/python3.11/site-packages/airflow/example_dags/tutorial_objectstorage.py
[2024-04-04T01:03:13.560-0500] {processor.py:840} INFO - DAG(s) 'tutorial_objectstorage' retrieved from /Volumes/SLU_CS/big_data_scd_all_types_project/.venv/lib/python3.11/site-packages/airflow/example_dags/tutorial_objectstorage.py
[2024-04-04T01:03:13.590-0500] {logging_mixin.py:188} INFO - [2024-04-04T01:03:13.590-0500] {dag.py:3047} INFO - Sync 1 DAGs
[2024-04-04T01:03:13.593-0500] {logging_mixin.py:188} INFO - [2024-04-04T01:03:13.593-0500] {dag.py:3834} INFO - Setting next_dagrun for tutorial_objectstorage to None, run_after=None
[2024-04-04T01:03:13.601-0500] {processor.py:183} INFO - Processing /Volumes/SLU_CS/big_data_scd_all_types_project/.venv/lib/python3.11/site-packages/airflow/example_dags/tutorial_objectstorage.py took 0.072 seconds
[2024-04-04T01:04:06.566-0500] {processor.py:161} INFO - Started process (PID=32201) to work on /Volumes/SLU_CS/big_data_scd_all_types_project/.venv/lib/python3.11/site-packages/airflow/example_dags/tutorial_objectstorage.py
[2024-04-04T01:04:06.567-0500] {processor.py:830} INFO - Processing file /Volumes/SLU_CS/big_data_scd_all_types_project/.venv/lib/python3.11/site-packages/airflow/example_dags/tutorial_objectstorage.py for tasks to queue
[2024-04-04T01:04:06.568-0500] {logging_mixin.py:188} INFO - [2024-04-04T01:04:06.568-0500] {dagbag.py:540} INFO - Filling up the DagBag from /Volumes/SLU_CS/big_data_scd_all_types_project/.venv/lib/python3.11/site-packages/airflow/example_dags/tutorial_objectstorage.py
[2024-04-04T01:04:06.596-0500] {processor.py:840} INFO - DAG(s) 'tutorial_objectstorage' retrieved from /Volumes/SLU_CS/big_data_scd_all_types_project/.venv/lib/python3.11/site-packages/airflow/example_dags/tutorial_objectstorage.py
[2024-04-04T01:04:06.625-0500] {logging_mixin.py:188} INFO - [2024-04-04T01:04:06.625-0500] {dag.py:3047} INFO - Sync 1 DAGs
[2024-04-04T01:04:06.628-0500] {logging_mixin.py:188} INFO - [2024-04-04T01:04:06.628-0500] {dag.py:3834} INFO - Setting next_dagrun for tutorial_objectstorage to None, run_after=None
[2024-04-04T01:04:06.635-0500] {processor.py:183} INFO - Processing /Volumes/SLU_CS/big_data_scd_all_types_project/.venv/lib/python3.11/site-packages/airflow/example_dags/tutorial_objectstorage.py took 0.070 seconds
[2024-04-04T01:04:58.483-0500] {processor.py:161} INFO - Started process (PID=32299) to work on /Volumes/SLU_CS/big_data_scd_all_types_project/.venv/lib/python3.11/site-packages/airflow/example_dags/tutorial_objectstorage.py
[2024-04-04T01:04:58.484-0500] {processor.py:830} INFO - Processing file /Volumes/SLU_CS/big_data_scd_all_types_project/.venv/lib/python3.11/site-packages/airflow/example_dags/tutorial_objectstorage.py for tasks to queue
[2024-04-04T01:04:58.485-0500] {logging_mixin.py:188} INFO - [2024-04-04T01:04:58.485-0500] {dagbag.py:540} INFO - Filling up the DagBag from /Volumes/SLU_CS/big_data_scd_all_types_project/.venv/lib/python3.11/site-packages/airflow/example_dags/tutorial_objectstorage.py
[2024-04-04T01:04:58.515-0500] {processor.py:840} INFO - DAG(s) 'tutorial_objectstorage' retrieved from /Volumes/SLU_CS/big_data_scd_all_types_project/.venv/lib/python3.11/site-packages/airflow/example_dags/tutorial_objectstorage.py
[2024-04-04T01:04:58.544-0500] {logging_mixin.py:188} INFO - [2024-04-04T01:04:58.544-0500] {dag.py:3047} INFO - Sync 1 DAGs
[2024-04-04T01:04:58.547-0500] {logging_mixin.py:188} INFO - [2024-04-04T01:04:58.547-0500] {dag.py:3834} INFO - Setting next_dagrun for tutorial_objectstorage to None, run_after=None
[2024-04-04T01:04:58.554-0500] {processor.py:183} INFO - Processing /Volumes/SLU_CS/big_data_scd_all_types_project/.venv/lib/python3.11/site-packages/airflow/example_dags/tutorial_objectstorage.py took 0.072 seconds
[2024-04-04T01:05:49.008-0500] {processor.py:161} INFO - Started process (PID=32385) to work on /Volumes/SLU_CS/big_data_scd_all_types_project/.venv/lib/python3.11/site-packages/airflow/example_dags/tutorial_objectstorage.py
[2024-04-04T01:05:49.008-0500] {processor.py:830} INFO - Processing file /Volumes/SLU_CS/big_data_scd_all_types_project/.venv/lib/python3.11/site-packages/airflow/example_dags/tutorial_objectstorage.py for tasks to queue
[2024-04-04T01:05:49.009-0500] {logging_mixin.py:188} INFO - [2024-04-04T01:05:49.009-0500] {dagbag.py:540} INFO - Filling up the DagBag from /Volumes/SLU_CS/big_data_scd_all_types_project/.venv/lib/python3.11/site-packages/airflow/example_dags/tutorial_objectstorage.py
[2024-04-04T01:05:49.038-0500] {processor.py:840} INFO - DAG(s) 'tutorial_objectstorage' retrieved from /Volumes/SLU_CS/big_data_scd_all_types_project/.venv/lib/python3.11/site-packages/airflow/example_dags/tutorial_objectstorage.py
[2024-04-04T01:05:49.070-0500] {logging_mixin.py:188} INFO - [2024-04-04T01:05:49.070-0500] {dag.py:3047} INFO - Sync 1 DAGs
[2024-04-04T01:05:49.073-0500] {logging_mixin.py:188} INFO - [2024-04-04T01:05:49.073-0500] {dag.py:3834} INFO - Setting next_dagrun for tutorial_objectstorage to None, run_after=None
[2024-04-04T01:05:49.080-0500] {processor.py:183} INFO - Processing /Volumes/SLU_CS/big_data_scd_all_types_project/.venv/lib/python3.11/site-packages/airflow/example_dags/tutorial_objectstorage.py took 0.073 seconds
[2024-04-04T01:06:39.541-0500] {processor.py:161} INFO - Started process (PID=32498) to work on /Volumes/SLU_CS/big_data_scd_all_types_project/.venv/lib/python3.11/site-packages/airflow/example_dags/tutorial_objectstorage.py
[2024-04-04T01:06:39.542-0500] {processor.py:830} INFO - Processing file /Volumes/SLU_CS/big_data_scd_all_types_project/.venv/lib/python3.11/site-packages/airflow/example_dags/tutorial_objectstorage.py for tasks to queue
[2024-04-04T01:06:39.543-0500] {logging_mixin.py:188} INFO - [2024-04-04T01:06:39.543-0500] {dagbag.py:540} INFO - Filling up the DagBag from /Volumes/SLU_CS/big_data_scd_all_types_project/.venv/lib/python3.11/site-packages/airflow/example_dags/tutorial_objectstorage.py
[2024-04-04T01:06:39.575-0500] {processor.py:840} INFO - DAG(s) 'tutorial_objectstorage' retrieved from /Volumes/SLU_CS/big_data_scd_all_types_project/.venv/lib/python3.11/site-packages/airflow/example_dags/tutorial_objectstorage.py
[2024-04-04T01:06:39.605-0500] {logging_mixin.py:188} INFO - [2024-04-04T01:06:39.605-0500] {dag.py:3047} INFO - Sync 1 DAGs
[2024-04-04T01:06:39.608-0500] {logging_mixin.py:188} INFO - [2024-04-04T01:06:39.608-0500] {dag.py:3834} INFO - Setting next_dagrun for tutorial_objectstorage to None, run_after=None
[2024-04-04T01:06:39.615-0500] {processor.py:183} INFO - Processing /Volumes/SLU_CS/big_data_scd_all_types_project/.venv/lib/python3.11/site-packages/airflow/example_dags/tutorial_objectstorage.py took 0.075 seconds
[2024-04-04T01:06:57.907-0500] {processor.py:161} INFO - Started process (PID=32556) to work on /Volumes/SLU_CS/big_data_scd_all_types_project/.venv/lib/python3.11/site-packages/airflow/example_dags/tutorial_objectstorage.py
[2024-04-04T01:06:57.908-0500] {processor.py:830} INFO - Processing file /Volumes/SLU_CS/big_data_scd_all_types_project/.venv/lib/python3.11/site-packages/airflow/example_dags/tutorial_objectstorage.py for tasks to queue
[2024-04-04T01:06:57.908-0500] {logging_mixin.py:188} INFO - [2024-04-04T01:06:57.908-0500] {dagbag.py:540} INFO - Filling up the DagBag from /Volumes/SLU_CS/big_data_scd_all_types_project/.venv/lib/python3.11/site-packages/airflow/example_dags/tutorial_objectstorage.py
[2024-04-04T01:06:57.931-0500] {processor.py:840} INFO - DAG(s) 'tutorial_objectstorage' retrieved from /Volumes/SLU_CS/big_data_scd_all_types_project/.venv/lib/python3.11/site-packages/airflow/example_dags/tutorial_objectstorage.py
[2024-04-04T01:06:57.959-0500] {logging_mixin.py:188} INFO - [2024-04-04T01:06:57.959-0500] {dag.py:3047} INFO - Sync 1 DAGs
[2024-04-04T01:06:57.962-0500] {logging_mixin.py:188} INFO - [2024-04-04T01:06:57.962-0500] {dag.py:3834} INFO - Setting next_dagrun for tutorial_objectstorage to None, run_after=None
[2024-04-04T01:06:57.969-0500] {processor.py:183} INFO - Processing /Volumes/SLU_CS/big_data_scd_all_types_project/.venv/lib/python3.11/site-packages/airflow/example_dags/tutorial_objectstorage.py took 0.064 seconds
[2024-04-04T01:08:22.430-0500] {processor.py:161} INFO - Started process (PID=32694) to work on /Volumes/SLU_CS/big_data_scd_all_types_project/.venv/lib/python3.11/site-packages/airflow/example_dags/tutorial_objectstorage.py
[2024-04-04T01:08:22.431-0500] {processor.py:830} INFO - Processing file /Volumes/SLU_CS/big_data_scd_all_types_project/.venv/lib/python3.11/site-packages/airflow/example_dags/tutorial_objectstorage.py for tasks to queue
[2024-04-04T01:08:22.431-0500] {logging_mixin.py:188} INFO - [2024-04-04T01:08:22.431-0500] {dagbag.py:540} INFO - Filling up the DagBag from /Volumes/SLU_CS/big_data_scd_all_types_project/.venv/lib/python3.11/site-packages/airflow/example_dags/tutorial_objectstorage.py
[2024-04-04T01:08:22.464-0500] {processor.py:840} INFO - DAG(s) 'tutorial_objectstorage' retrieved from /Volumes/SLU_CS/big_data_scd_all_types_project/.venv/lib/python3.11/site-packages/airflow/example_dags/tutorial_objectstorage.py
[2024-04-04T01:08:22.496-0500] {logging_mixin.py:188} INFO - [2024-04-04T01:08:22.496-0500] {dag.py:3047} INFO - Sync 1 DAGs
[2024-04-04T01:08:22.499-0500] {logging_mixin.py:188} INFO - [2024-04-04T01:08:22.499-0500] {dag.py:3834} INFO - Setting next_dagrun for tutorial_objectstorage to None, run_after=None
[2024-04-04T01:08:22.507-0500] {processor.py:183} INFO - Processing /Volumes/SLU_CS/big_data_scd_all_types_project/.venv/lib/python3.11/site-packages/airflow/example_dags/tutorial_objectstorage.py took 0.077 seconds
[2024-04-04T01:09:17.334-0500] {processor.py:161} INFO - Started process (PID=32795) to work on /Volumes/SLU_CS/big_data_scd_all_types_project/.venv/lib/python3.11/site-packages/airflow/example_dags/tutorial_objectstorage.py
[2024-04-04T01:09:17.334-0500] {processor.py:830} INFO - Processing file /Volumes/SLU_CS/big_data_scd_all_types_project/.venv/lib/python3.11/site-packages/airflow/example_dags/tutorial_objectstorage.py for tasks to queue
[2024-04-04T01:09:17.335-0500] {logging_mixin.py:188} INFO - [2024-04-04T01:09:17.335-0500] {dagbag.py:540} INFO - Filling up the DagBag from /Volumes/SLU_CS/big_data_scd_all_types_project/.venv/lib/python3.11/site-packages/airflow/example_dags/tutorial_objectstorage.py
[2024-04-04T01:09:17.363-0500] {processor.py:840} INFO - DAG(s) 'tutorial_objectstorage' retrieved from /Volumes/SLU_CS/big_data_scd_all_types_project/.venv/lib/python3.11/site-packages/airflow/example_dags/tutorial_objectstorage.py
[2024-04-04T01:09:17.393-0500] {logging_mixin.py:188} INFO - [2024-04-04T01:09:17.393-0500] {dag.py:3047} INFO - Sync 1 DAGs
[2024-04-04T01:09:17.396-0500] {logging_mixin.py:188} INFO - [2024-04-04T01:09:17.396-0500] {dag.py:3834} INFO - Setting next_dagrun for tutorial_objectstorage to None, run_after=None
[2024-04-04T01:09:17.403-0500] {processor.py:183} INFO - Processing /Volumes/SLU_CS/big_data_scd_all_types_project/.venv/lib/python3.11/site-packages/airflow/example_dags/tutorial_objectstorage.py took 0.070 seconds
[2024-04-04T01:10:08.568-0500] {processor.py:161} INFO - Started process (PID=32915) to work on /Volumes/SLU_CS/big_data_scd_all_types_project/.venv/lib/python3.11/site-packages/airflow/example_dags/tutorial_objectstorage.py
[2024-04-04T01:10:08.569-0500] {processor.py:830} INFO - Processing file /Volumes/SLU_CS/big_data_scd_all_types_project/.venv/lib/python3.11/site-packages/airflow/example_dags/tutorial_objectstorage.py for tasks to queue
[2024-04-04T01:10:08.569-0500] {logging_mixin.py:188} INFO - [2024-04-04T01:10:08.569-0500] {dagbag.py:540} INFO - Filling up the DagBag from /Volumes/SLU_CS/big_data_scd_all_types_project/.venv/lib/python3.11/site-packages/airflow/example_dags/tutorial_objectstorage.py
[2024-04-04T01:10:08.598-0500] {processor.py:840} INFO - DAG(s) 'tutorial_objectstorage' retrieved from /Volumes/SLU_CS/big_data_scd_all_types_project/.venv/lib/python3.11/site-packages/airflow/example_dags/tutorial_objectstorage.py
[2024-04-04T01:10:08.628-0500] {logging_mixin.py:188} INFO - [2024-04-04T01:10:08.628-0500] {dag.py:3047} INFO - Sync 1 DAGs
[2024-04-04T01:10:08.631-0500] {logging_mixin.py:188} INFO - [2024-04-04T01:10:08.631-0500] {dag.py:3834} INFO - Setting next_dagrun for tutorial_objectstorage to None, run_after=None
[2024-04-04T01:10:08.639-0500] {processor.py:183} INFO - Processing /Volumes/SLU_CS/big_data_scd_all_types_project/.venv/lib/python3.11/site-packages/airflow/example_dags/tutorial_objectstorage.py took 0.072 seconds
[2024-04-04T01:10:58.916-0500] {processor.py:161} INFO - Started process (PID=33047) to work on /Volumes/SLU_CS/big_data_scd_all_types_project/.venv/lib/python3.11/site-packages/airflow/example_dags/tutorial_objectstorage.py
[2024-04-04T01:10:58.917-0500] {processor.py:830} INFO - Processing file /Volumes/SLU_CS/big_data_scd_all_types_project/.venv/lib/python3.11/site-packages/airflow/example_dags/tutorial_objectstorage.py for tasks to queue
[2024-04-04T01:10:58.917-0500] {logging_mixin.py:188} INFO - [2024-04-04T01:10:58.917-0500] {dagbag.py:540} INFO - Filling up the DagBag from /Volumes/SLU_CS/big_data_scd_all_types_project/.venv/lib/python3.11/site-packages/airflow/example_dags/tutorial_objectstorage.py
[2024-04-04T01:10:58.945-0500] {processor.py:840} INFO - DAG(s) 'tutorial_objectstorage' retrieved from /Volumes/SLU_CS/big_data_scd_all_types_project/.venv/lib/python3.11/site-packages/airflow/example_dags/tutorial_objectstorage.py
[2024-04-04T01:10:58.976-0500] {logging_mixin.py:188} INFO - [2024-04-04T01:10:58.976-0500] {dag.py:3047} INFO - Sync 1 DAGs
[2024-04-04T01:10:58.979-0500] {logging_mixin.py:188} INFO - [2024-04-04T01:10:58.979-0500] {dag.py:3834} INFO - Setting next_dagrun for tutorial_objectstorage to None, run_after=None
[2024-04-04T01:10:58.986-0500] {processor.py:183} INFO - Processing /Volumes/SLU_CS/big_data_scd_all_types_project/.venv/lib/python3.11/site-packages/airflow/example_dags/tutorial_objectstorage.py took 0.071 seconds
[2024-04-04T01:11:50.388-0500] {processor.py:161} INFO - Started process (PID=33189) to work on /Volumes/SLU_CS/big_data_scd_all_types_project/.venv/lib/python3.11/site-packages/airflow/example_dags/tutorial_objectstorage.py
[2024-04-04T01:11:50.389-0500] {processor.py:830} INFO - Processing file /Volumes/SLU_CS/big_data_scd_all_types_project/.venv/lib/python3.11/site-packages/airflow/example_dags/tutorial_objectstorage.py for tasks to queue
[2024-04-04T01:11:50.389-0500] {logging_mixin.py:188} INFO - [2024-04-04T01:11:50.389-0500] {dagbag.py:540} INFO - Filling up the DagBag from /Volumes/SLU_CS/big_data_scd_all_types_project/.venv/lib/python3.11/site-packages/airflow/example_dags/tutorial_objectstorage.py
[2024-04-04T01:11:50.418-0500] {processor.py:840} INFO - DAG(s) 'tutorial_objectstorage' retrieved from /Volumes/SLU_CS/big_data_scd_all_types_project/.venv/lib/python3.11/site-packages/airflow/example_dags/tutorial_objectstorage.py
[2024-04-04T01:11:50.447-0500] {logging_mixin.py:188} INFO - [2024-04-04T01:11:50.447-0500] {dag.py:3047} INFO - Sync 1 DAGs
[2024-04-04T01:11:50.450-0500] {logging_mixin.py:188} INFO - [2024-04-04T01:11:50.450-0500] {dag.py:3834} INFO - Setting next_dagrun for tutorial_objectstorage to None, run_after=None
[2024-04-04T01:11:50.457-0500] {processor.py:183} INFO - Processing /Volumes/SLU_CS/big_data_scd_all_types_project/.venv/lib/python3.11/site-packages/airflow/example_dags/tutorial_objectstorage.py took 0.070 seconds
[2024-04-04T01:12:44.839-0500] {processor.py:161} INFO - Started process (PID=33347) to work on /Volumes/SLU_CS/big_data_scd_all_types_project/.venv/lib/python3.11/site-packages/airflow/example_dags/tutorial_objectstorage.py
[2024-04-04T01:12:44.840-0500] {processor.py:830} INFO - Processing file /Volumes/SLU_CS/big_data_scd_all_types_project/.venv/lib/python3.11/site-packages/airflow/example_dags/tutorial_objectstorage.py for tasks to queue
[2024-04-04T01:12:44.841-0500] {logging_mixin.py:188} INFO - [2024-04-04T01:12:44.841-0500] {dagbag.py:540} INFO - Filling up the DagBag from /Volumes/SLU_CS/big_data_scd_all_types_project/.venv/lib/python3.11/site-packages/airflow/example_dags/tutorial_objectstorage.py
[2024-04-04T01:12:44.884-0500] {processor.py:840} INFO - DAG(s) 'tutorial_objectstorage' retrieved from /Volumes/SLU_CS/big_data_scd_all_types_project/.venv/lib/python3.11/site-packages/airflow/example_dags/tutorial_objectstorage.py
[2024-04-04T01:12:44.933-0500] {logging_mixin.py:188} INFO - [2024-04-04T01:12:44.933-0500] {dag.py:3047} INFO - Sync 1 DAGs
[2024-04-04T01:12:44.937-0500] {logging_mixin.py:188} INFO - [2024-04-04T01:12:44.937-0500] {dag.py:3834} INFO - Setting next_dagrun for tutorial_objectstorage to None, run_after=None
[2024-04-04T01:12:44.946-0500] {processor.py:183} INFO - Processing /Volumes/SLU_CS/big_data_scd_all_types_project/.venv/lib/python3.11/site-packages/airflow/example_dags/tutorial_objectstorage.py took 0.108 seconds
[2024-04-04T01:13:31.488-0500] {processor.py:161} INFO - Started process (PID=33470) to work on /Volumes/SLU_CS/big_data_scd_all_types_project/.venv/lib/python3.11/site-packages/airflow/example_dags/tutorial_objectstorage.py
[2024-04-04T01:13:31.489-0500] {processor.py:830} INFO - Processing file /Volumes/SLU_CS/big_data_scd_all_types_project/.venv/lib/python3.11/site-packages/airflow/example_dags/tutorial_objectstorage.py for tasks to queue
[2024-04-04T01:13:31.489-0500] {logging_mixin.py:188} INFO - [2024-04-04T01:13:31.489-0500] {dagbag.py:540} INFO - Filling up the DagBag from /Volumes/SLU_CS/big_data_scd_all_types_project/.venv/lib/python3.11/site-packages/airflow/example_dags/tutorial_objectstorage.py
[2024-04-04T01:13:31.524-0500] {processor.py:840} INFO - DAG(s) 'tutorial_objectstorage' retrieved from /Volumes/SLU_CS/big_data_scd_all_types_project/.venv/lib/python3.11/site-packages/airflow/example_dags/tutorial_objectstorage.py
[2024-04-04T01:13:31.553-0500] {logging_mixin.py:188} INFO - [2024-04-04T01:13:31.553-0500] {dag.py:3047} INFO - Sync 1 DAGs
[2024-04-04T01:13:31.556-0500] {logging_mixin.py:188} INFO - [2024-04-04T01:13:31.556-0500] {dag.py:3834} INFO - Setting next_dagrun for tutorial_objectstorage to None, run_after=None
[2024-04-04T01:13:31.563-0500] {processor.py:183} INFO - Processing /Volumes/SLU_CS/big_data_scd_all_types_project/.venv/lib/python3.11/site-packages/airflow/example_dags/tutorial_objectstorage.py took 0.076 seconds
[2024-04-04T01:14:21.642-0500] {processor.py:161} INFO - Started process (PID=33560) to work on /Volumes/SLU_CS/big_data_scd_all_types_project/.venv/lib/python3.11/site-packages/airflow/example_dags/tutorial_objectstorage.py
[2024-04-04T01:14:21.643-0500] {processor.py:830} INFO - Processing file /Volumes/SLU_CS/big_data_scd_all_types_project/.venv/lib/python3.11/site-packages/airflow/example_dags/tutorial_objectstorage.py for tasks to queue
[2024-04-04T01:14:21.643-0500] {logging_mixin.py:188} INFO - [2024-04-04T01:14:21.643-0500] {dagbag.py:540} INFO - Filling up the DagBag from /Volumes/SLU_CS/big_data_scd_all_types_project/.venv/lib/python3.11/site-packages/airflow/example_dags/tutorial_objectstorage.py
[2024-04-04T01:14:21.671-0500] {processor.py:840} INFO - DAG(s) 'tutorial_objectstorage' retrieved from /Volumes/SLU_CS/big_data_scd_all_types_project/.venv/lib/python3.11/site-packages/airflow/example_dags/tutorial_objectstorage.py
[2024-04-04T01:14:21.700-0500] {logging_mixin.py:188} INFO - [2024-04-04T01:14:21.700-0500] {dag.py:3047} INFO - Sync 1 DAGs
[2024-04-04T01:14:21.703-0500] {logging_mixin.py:188} INFO - [2024-04-04T01:14:21.703-0500] {dag.py:3834} INFO - Setting next_dagrun for tutorial_objectstorage to None, run_after=None
[2024-04-04T01:14:21.711-0500] {processor.py:183} INFO - Processing /Volumes/SLU_CS/big_data_scd_all_types_project/.venv/lib/python3.11/site-packages/airflow/example_dags/tutorial_objectstorage.py took 0.069 seconds
[2024-04-04T01:15:10.962-0500] {processor.py:161} INFO - Started process (PID=33654) to work on /Volumes/SLU_CS/big_data_scd_all_types_project/.venv/lib/python3.11/site-packages/airflow/example_dags/tutorial_objectstorage.py
[2024-04-04T01:15:10.966-0500] {processor.py:830} INFO - Processing file /Volumes/SLU_CS/big_data_scd_all_types_project/.venv/lib/python3.11/site-packages/airflow/example_dags/tutorial_objectstorage.py for tasks to queue
[2024-04-04T01:15:10.967-0500] {logging_mixin.py:188} INFO - [2024-04-04T01:15:10.966-0500] {dagbag.py:540} INFO - Filling up the DagBag from /Volumes/SLU_CS/big_data_scd_all_types_project/.venv/lib/python3.11/site-packages/airflow/example_dags/tutorial_objectstorage.py
[2024-04-04T01:15:11.010-0500] {processor.py:840} INFO - DAG(s) 'tutorial_objectstorage' retrieved from /Volumes/SLU_CS/big_data_scd_all_types_project/.venv/lib/python3.11/site-packages/airflow/example_dags/tutorial_objectstorage.py
[2024-04-04T01:15:11.041-0500] {logging_mixin.py:188} INFO - [2024-04-04T01:15:11.040-0500] {dag.py:3047} INFO - Sync 1 DAGs
[2024-04-04T01:15:11.044-0500] {logging_mixin.py:188} INFO - [2024-04-04T01:15:11.044-0500] {dag.py:3834} INFO - Setting next_dagrun for tutorial_objectstorage to None, run_after=None
[2024-04-04T01:15:11.051-0500] {processor.py:183} INFO - Processing /Volumes/SLU_CS/big_data_scd_all_types_project/.venv/lib/python3.11/site-packages/airflow/example_dags/tutorial_objectstorage.py took 0.091 seconds
[2024-04-04T01:15:56.689-0500] {processor.py:161} INFO - Started process (PID=33717) to work on /Volumes/SLU_CS/big_data_scd_all_types_project/.venv/lib/python3.11/site-packages/airflow/example_dags/tutorial_objectstorage.py
[2024-04-04T01:15:56.690-0500] {processor.py:830} INFO - Processing file /Volumes/SLU_CS/big_data_scd_all_types_project/.venv/lib/python3.11/site-packages/airflow/example_dags/tutorial_objectstorage.py for tasks to queue
[2024-04-04T01:15:56.690-0500] {logging_mixin.py:188} INFO - [2024-04-04T01:15:56.690-0500] {dagbag.py:540} INFO - Filling up the DagBag from /Volumes/SLU_CS/big_data_scd_all_types_project/.venv/lib/python3.11/site-packages/airflow/example_dags/tutorial_objectstorage.py
[2024-04-04T01:15:56.722-0500] {processor.py:840} INFO - DAG(s) 'tutorial_objectstorage' retrieved from /Volumes/SLU_CS/big_data_scd_all_types_project/.venv/lib/python3.11/site-packages/airflow/example_dags/tutorial_objectstorage.py
[2024-04-04T01:15:56.751-0500] {logging_mixin.py:188} INFO - [2024-04-04T01:15:56.751-0500] {dag.py:3047} INFO - Sync 1 DAGs
[2024-04-04T01:15:56.754-0500] {logging_mixin.py:188} INFO - [2024-04-04T01:15:56.754-0500] {dag.py:3834} INFO - Setting next_dagrun for tutorial_objectstorage to None, run_after=None
[2024-04-04T01:15:56.762-0500] {processor.py:183} INFO - Processing /Volumes/SLU_CS/big_data_scd_all_types_project/.venv/lib/python3.11/site-packages/airflow/example_dags/tutorial_objectstorage.py took 0.074 seconds
[2024-04-04T01:16:45.741-0500] {processor.py:161} INFO - Started process (PID=33802) to work on /Volumes/SLU_CS/big_data_scd_all_types_project/.venv/lib/python3.11/site-packages/airflow/example_dags/tutorial_objectstorage.py
[2024-04-04T01:16:45.742-0500] {processor.py:830} INFO - Processing file /Volumes/SLU_CS/big_data_scd_all_types_project/.venv/lib/python3.11/site-packages/airflow/example_dags/tutorial_objectstorage.py for tasks to queue
[2024-04-04T01:16:45.742-0500] {logging_mixin.py:188} INFO - [2024-04-04T01:16:45.742-0500] {dagbag.py:540} INFO - Filling up the DagBag from /Volumes/SLU_CS/big_data_scd_all_types_project/.venv/lib/python3.11/site-packages/airflow/example_dags/tutorial_objectstorage.py
[2024-04-04T01:16:45.773-0500] {processor.py:840} INFO - DAG(s) 'tutorial_objectstorage' retrieved from /Volumes/SLU_CS/big_data_scd_all_types_project/.venv/lib/python3.11/site-packages/airflow/example_dags/tutorial_objectstorage.py
[2024-04-04T01:16:45.804-0500] {logging_mixin.py:188} INFO - [2024-04-04T01:16:45.804-0500] {dag.py:3047} INFO - Sync 1 DAGs
[2024-04-04T01:16:45.807-0500] {logging_mixin.py:188} INFO - [2024-04-04T01:16:45.807-0500] {dag.py:3834} INFO - Setting next_dagrun for tutorial_objectstorage to None, run_after=None
[2024-04-04T01:16:45.814-0500] {processor.py:183} INFO - Processing /Volumes/SLU_CS/big_data_scd_all_types_project/.venv/lib/python3.11/site-packages/airflow/example_dags/tutorial_objectstorage.py took 0.074 seconds
[2024-04-04T01:17:42.340-0500] {processor.py:161} INFO - Started process (PID=33894) to work on /Volumes/SLU_CS/big_data_scd_all_types_project/.venv/lib/python3.11/site-packages/airflow/example_dags/tutorial_objectstorage.py
[2024-04-04T01:17:42.340-0500] {processor.py:830} INFO - Processing file /Volumes/SLU_CS/big_data_scd_all_types_project/.venv/lib/python3.11/site-packages/airflow/example_dags/tutorial_objectstorage.py for tasks to queue
[2024-04-04T01:17:42.341-0500] {logging_mixin.py:188} INFO - [2024-04-04T01:17:42.340-0500] {dagbag.py:540} INFO - Filling up the DagBag from /Volumes/SLU_CS/big_data_scd_all_types_project/.venv/lib/python3.11/site-packages/airflow/example_dags/tutorial_objectstorage.py
[2024-04-04T01:17:42.368-0500] {processor.py:840} INFO - DAG(s) 'tutorial_objectstorage' retrieved from /Volumes/SLU_CS/big_data_scd_all_types_project/.venv/lib/python3.11/site-packages/airflow/example_dags/tutorial_objectstorage.py
[2024-04-04T01:17:42.397-0500] {logging_mixin.py:188} INFO - [2024-04-04T01:17:42.397-0500] {dag.py:3047} INFO - Sync 1 DAGs
[2024-04-04T01:17:42.400-0500] {logging_mixin.py:188} INFO - [2024-04-04T01:17:42.400-0500] {dag.py:3834} INFO - Setting next_dagrun for tutorial_objectstorage to None, run_after=None
[2024-04-04T01:17:42.407-0500] {processor.py:183} INFO - Processing /Volumes/SLU_CS/big_data_scd_all_types_project/.venv/lib/python3.11/site-packages/airflow/example_dags/tutorial_objectstorage.py took 0.068 seconds
[2024-04-04T01:18:36.369-0500] {processor.py:161} INFO - Started process (PID=33969) to work on /Volumes/SLU_CS/big_data_scd_all_types_project/.venv/lib/python3.11/site-packages/airflow/example_dags/tutorial_objectstorage.py
[2024-04-04T01:18:36.370-0500] {processor.py:830} INFO - Processing file /Volumes/SLU_CS/big_data_scd_all_types_project/.venv/lib/python3.11/site-packages/airflow/example_dags/tutorial_objectstorage.py for tasks to queue
[2024-04-04T01:18:36.370-0500] {logging_mixin.py:188} INFO - [2024-04-04T01:18:36.370-0500] {dagbag.py:540} INFO - Filling up the DagBag from /Volumes/SLU_CS/big_data_scd_all_types_project/.venv/lib/python3.11/site-packages/airflow/example_dags/tutorial_objectstorage.py
[2024-04-04T01:18:36.399-0500] {processor.py:840} INFO - DAG(s) 'tutorial_objectstorage' retrieved from /Volumes/SLU_CS/big_data_scd_all_types_project/.venv/lib/python3.11/site-packages/airflow/example_dags/tutorial_objectstorage.py
[2024-04-04T01:18:36.429-0500] {logging_mixin.py:188} INFO - [2024-04-04T01:18:36.429-0500] {dag.py:3047} INFO - Sync 1 DAGs
[2024-04-04T01:18:36.432-0500] {logging_mixin.py:188} INFO - [2024-04-04T01:18:36.432-0500] {dag.py:3834} INFO - Setting next_dagrun for tutorial_objectstorage to None, run_after=None
[2024-04-04T01:18:36.443-0500] {processor.py:183} INFO - Processing /Volumes/SLU_CS/big_data_scd_all_types_project/.venv/lib/python3.11/site-packages/airflow/example_dags/tutorial_objectstorage.py took 0.075 seconds
[2024-04-04T01:19:31.379-0500] {processor.py:161} INFO - Started process (PID=34181) to work on /Volumes/SLU_CS/big_data_scd_all_types_project/.venv/lib/python3.11/site-packages/airflow/example_dags/tutorial_objectstorage.py
[2024-04-04T01:19:31.381-0500] {processor.py:830} INFO - Processing file /Volumes/SLU_CS/big_data_scd_all_types_project/.venv/lib/python3.11/site-packages/airflow/example_dags/tutorial_objectstorage.py for tasks to queue
[2024-04-04T01:19:31.381-0500] {logging_mixin.py:188} INFO - [2024-04-04T01:19:31.381-0500] {dagbag.py:540} INFO - Filling up the DagBag from /Volumes/SLU_CS/big_data_scd_all_types_project/.venv/lib/python3.11/site-packages/airflow/example_dags/tutorial_objectstorage.py
[2024-04-04T01:19:31.416-0500] {processor.py:840} INFO - DAG(s) 'tutorial_objectstorage' retrieved from /Volumes/SLU_CS/big_data_scd_all_types_project/.venv/lib/python3.11/site-packages/airflow/example_dags/tutorial_objectstorage.py
[2024-04-04T01:19:31.446-0500] {logging_mixin.py:188} INFO - [2024-04-04T01:19:31.446-0500] {dag.py:3047} INFO - Sync 1 DAGs
[2024-04-04T01:19:31.450-0500] {logging_mixin.py:188} INFO - [2024-04-04T01:19:31.449-0500] {dag.py:3834} INFO - Setting next_dagrun for tutorial_objectstorage to None, run_after=None
[2024-04-04T01:19:31.457-0500] {processor.py:183} INFO - Processing /Volumes/SLU_CS/big_data_scd_all_types_project/.venv/lib/python3.11/site-packages/airflow/example_dags/tutorial_objectstorage.py took 0.080 seconds
[2024-04-04T01:20:26.361-0500] {processor.py:161} INFO - Started process (PID=34276) to work on /Volumes/SLU_CS/big_data_scd_all_types_project/.venv/lib/python3.11/site-packages/airflow/example_dags/tutorial_objectstorage.py
[2024-04-04T01:20:26.361-0500] {processor.py:830} INFO - Processing file /Volumes/SLU_CS/big_data_scd_all_types_project/.venv/lib/python3.11/site-packages/airflow/example_dags/tutorial_objectstorage.py for tasks to queue
[2024-04-04T01:20:26.361-0500] {logging_mixin.py:188} INFO - [2024-04-04T01:20:26.361-0500] {dagbag.py:540} INFO - Filling up the DagBag from /Volumes/SLU_CS/big_data_scd_all_types_project/.venv/lib/python3.11/site-packages/airflow/example_dags/tutorial_objectstorage.py
[2024-04-04T01:20:26.395-0500] {processor.py:840} INFO - DAG(s) 'tutorial_objectstorage' retrieved from /Volumes/SLU_CS/big_data_scd_all_types_project/.venv/lib/python3.11/site-packages/airflow/example_dags/tutorial_objectstorage.py
[2024-04-04T01:20:26.426-0500] {logging_mixin.py:188} INFO - [2024-04-04T01:20:26.425-0500] {dag.py:3047} INFO - Sync 1 DAGs
[2024-04-04T01:20:26.429-0500] {logging_mixin.py:188} INFO - [2024-04-04T01:20:26.429-0500] {dag.py:3834} INFO - Setting next_dagrun for tutorial_objectstorage to None, run_after=None
[2024-04-04T01:20:26.436-0500] {processor.py:183} INFO - Processing /Volumes/SLU_CS/big_data_scd_all_types_project/.venv/lib/python3.11/site-packages/airflow/example_dags/tutorial_objectstorage.py took 0.076 seconds
