[2024-04-04T01:01:47.012-0500] {processor.py:161} INFO - Started process (PID=31874) to work on /Volumes/SLU_CS/big_data_scd_all_types_project/.venv/lib/python3.11/site-packages/airflow/example_dags/tutorial_taskflow_api.py
[2024-04-04T01:01:47.012-0500] {processor.py:830} INFO - Processing file /Volumes/SLU_CS/big_data_scd_all_types_project/.venv/lib/python3.11/site-packages/airflow/example_dags/tutorial_taskflow_api.py for tasks to queue
[2024-04-04T01:01:47.012-0500] {logging_mixin.py:188} INFO - [2024-04-04T01:01:47.012-0500] {dagbag.py:540} INFO - Filling up the DagBag from /Volumes/SLU_CS/big_data_scd_all_types_project/.venv/lib/python3.11/site-packages/airflow/example_dags/tutorial_taskflow_api.py
[2024-04-04T01:01:47.025-0500] {processor.py:840} INFO - DAG(s) 'tutorial_taskflow_api' retrieved from /Volumes/SLU_CS/big_data_scd_all_types_project/.venv/lib/python3.11/site-packages/airflow/example_dags/tutorial_taskflow_api.py
[2024-04-04T01:01:47.111-0500] {logging_mixin.py:188} INFO - [2024-04-04T01:01:47.111-0500] {dag.py:3047} INFO - Sync 1 DAGs
[2024-04-04T01:01:47.113-0500] {logging_mixin.py:188} INFO - [2024-04-04T01:01:47.113-0500] {dag.py:3834} INFO - Setting next_dagrun for tutorial_taskflow_api to None, run_after=None
[2024-04-04T01:01:47.121-0500] {processor.py:183} INFO - Processing /Volumes/SLU_CS/big_data_scd_all_types_project/.venv/lib/python3.11/site-packages/airflow/example_dags/tutorial_taskflow_api.py took 0.110 seconds
[2024-04-04T01:03:12.759-0500] {processor.py:161} INFO - Started process (PID=32041) to work on /Volumes/SLU_CS/big_data_scd_all_types_project/.venv/lib/python3.11/site-packages/airflow/example_dags/tutorial_taskflow_api.py
[2024-04-04T01:03:12.759-0500] {processor.py:830} INFO - Processing file /Volumes/SLU_CS/big_data_scd_all_types_project/.venv/lib/python3.11/site-packages/airflow/example_dags/tutorial_taskflow_api.py for tasks to queue
[2024-04-04T01:03:12.759-0500] {logging_mixin.py:188} INFO - [2024-04-04T01:03:12.759-0500] {dagbag.py:540} INFO - Filling up the DagBag from /Volumes/SLU_CS/big_data_scd_all_types_project/.venv/lib/python3.11/site-packages/airflow/example_dags/tutorial_taskflow_api.py
[2024-04-04T01:03:12.772-0500] {processor.py:840} INFO - DAG(s) 'tutorial_taskflow_api' retrieved from /Volumes/SLU_CS/big_data_scd_all_types_project/.venv/lib/python3.11/site-packages/airflow/example_dags/tutorial_taskflow_api.py
[2024-04-04T01:03:12.802-0500] {logging_mixin.py:188} INFO - [2024-04-04T01:03:12.802-0500] {dag.py:3047} INFO - Sync 1 DAGs
[2024-04-04T01:03:12.805-0500] {logging_mixin.py:188} INFO - [2024-04-04T01:03:12.805-0500] {dag.py:3834} INFO - Setting next_dagrun for tutorial_taskflow_api to None, run_after=None
[2024-04-04T01:03:12.811-0500] {processor.py:183} INFO - Processing /Volumes/SLU_CS/big_data_scd_all_types_project/.venv/lib/python3.11/site-packages/airflow/example_dags/tutorial_taskflow_api.py took 0.054 seconds
[2024-04-04T01:04:04.808-0500] {processor.py:161} INFO - Started process (PID=32200) to work on /Volumes/SLU_CS/big_data_scd_all_types_project/.venv/lib/python3.11/site-packages/airflow/example_dags/tutorial_taskflow_api.py
[2024-04-04T01:04:04.809-0500] {processor.py:830} INFO - Processing file /Volumes/SLU_CS/big_data_scd_all_types_project/.venv/lib/python3.11/site-packages/airflow/example_dags/tutorial_taskflow_api.py for tasks to queue
[2024-04-04T01:04:04.809-0500] {logging_mixin.py:188} INFO - [2024-04-04T01:04:04.809-0500] {dagbag.py:540} INFO - Filling up the DagBag from /Volumes/SLU_CS/big_data_scd_all_types_project/.venv/lib/python3.11/site-packages/airflow/example_dags/tutorial_taskflow_api.py
[2024-04-04T01:04:04.822-0500] {processor.py:840} INFO - DAG(s) 'tutorial_taskflow_api' retrieved from /Volumes/SLU_CS/big_data_scd_all_types_project/.venv/lib/python3.11/site-packages/airflow/example_dags/tutorial_taskflow_api.py
[2024-04-04T01:04:04.854-0500] {logging_mixin.py:188} INFO - [2024-04-04T01:04:04.854-0500] {dag.py:3047} INFO - Sync 1 DAGs
[2024-04-04T01:04:04.858-0500] {logging_mixin.py:188} INFO - [2024-04-04T01:04:04.857-0500] {dag.py:3834} INFO - Setting next_dagrun for tutorial_taskflow_api to None, run_after=None
[2024-04-04T01:04:04.865-0500] {processor.py:183} INFO - Processing /Volumes/SLU_CS/big_data_scd_all_types_project/.venv/lib/python3.11/site-packages/airflow/example_dags/tutorial_taskflow_api.py took 0.058 seconds
[2024-04-04T01:04:56.763-0500] {processor.py:161} INFO - Started process (PID=32297) to work on /Volumes/SLU_CS/big_data_scd_all_types_project/.venv/lib/python3.11/site-packages/airflow/example_dags/tutorial_taskflow_api.py
[2024-04-04T01:04:56.764-0500] {processor.py:830} INFO - Processing file /Volumes/SLU_CS/big_data_scd_all_types_project/.venv/lib/python3.11/site-packages/airflow/example_dags/tutorial_taskflow_api.py for tasks to queue
[2024-04-04T01:04:56.765-0500] {logging_mixin.py:188} INFO - [2024-04-04T01:04:56.764-0500] {dagbag.py:540} INFO - Filling up the DagBag from /Volumes/SLU_CS/big_data_scd_all_types_project/.venv/lib/python3.11/site-packages/airflow/example_dags/tutorial_taskflow_api.py
[2024-04-04T01:04:56.779-0500] {processor.py:840} INFO - DAG(s) 'tutorial_taskflow_api' retrieved from /Volumes/SLU_CS/big_data_scd_all_types_project/.venv/lib/python3.11/site-packages/airflow/example_dags/tutorial_taskflow_api.py
[2024-04-04T01:04:56.810-0500] {logging_mixin.py:188} INFO - [2024-04-04T01:04:56.810-0500] {dag.py:3047} INFO - Sync 1 DAGs
[2024-04-04T01:04:56.813-0500] {logging_mixin.py:188} INFO - [2024-04-04T01:04:56.813-0500] {dag.py:3834} INFO - Setting next_dagrun for tutorial_taskflow_api to None, run_after=None
[2024-04-04T01:04:56.819-0500] {processor.py:183} INFO - Processing /Volumes/SLU_CS/big_data_scd_all_types_project/.venv/lib/python3.11/site-packages/airflow/example_dags/tutorial_taskflow_api.py took 0.057 seconds
[2024-04-04T01:05:47.260-0500] {processor.py:161} INFO - Started process (PID=32383) to work on /Volumes/SLU_CS/big_data_scd_all_types_project/.venv/lib/python3.11/site-packages/airflow/example_dags/tutorial_taskflow_api.py
[2024-04-04T01:05:47.261-0500] {processor.py:830} INFO - Processing file /Volumes/SLU_CS/big_data_scd_all_types_project/.venv/lib/python3.11/site-packages/airflow/example_dags/tutorial_taskflow_api.py for tasks to queue
[2024-04-04T01:05:47.261-0500] {logging_mixin.py:188} INFO - [2024-04-04T01:05:47.261-0500] {dagbag.py:540} INFO - Filling up the DagBag from /Volumes/SLU_CS/big_data_scd_all_types_project/.venv/lib/python3.11/site-packages/airflow/example_dags/tutorial_taskflow_api.py
[2024-04-04T01:05:47.274-0500] {processor.py:840} INFO - DAG(s) 'tutorial_taskflow_api' retrieved from /Volumes/SLU_CS/big_data_scd_all_types_project/.venv/lib/python3.11/site-packages/airflow/example_dags/tutorial_taskflow_api.py
[2024-04-04T01:05:47.305-0500] {logging_mixin.py:188} INFO - [2024-04-04T01:05:47.305-0500] {dag.py:3047} INFO - Sync 1 DAGs
[2024-04-04T01:05:47.308-0500] {logging_mixin.py:188} INFO - [2024-04-04T01:05:47.308-0500] {dag.py:3834} INFO - Setting next_dagrun for tutorial_taskflow_api to None, run_after=None
[2024-04-04T01:05:47.316-0500] {processor.py:183} INFO - Processing /Volumes/SLU_CS/big_data_scd_all_types_project/.venv/lib/python3.11/site-packages/airflow/example_dags/tutorial_taskflow_api.py took 0.056 seconds
[2024-04-04T01:06:37.782-0500] {processor.py:161} INFO - Started process (PID=32494) to work on /Volumes/SLU_CS/big_data_scd_all_types_project/.venv/lib/python3.11/site-packages/airflow/example_dags/tutorial_taskflow_api.py
[2024-04-04T01:06:37.783-0500] {processor.py:830} INFO - Processing file /Volumes/SLU_CS/big_data_scd_all_types_project/.venv/lib/python3.11/site-packages/airflow/example_dags/tutorial_taskflow_api.py for tasks to queue
[2024-04-04T01:06:37.783-0500] {logging_mixin.py:188} INFO - [2024-04-04T01:06:37.783-0500] {dagbag.py:540} INFO - Filling up the DagBag from /Volumes/SLU_CS/big_data_scd_all_types_project/.venv/lib/python3.11/site-packages/airflow/example_dags/tutorial_taskflow_api.py
[2024-04-04T01:06:37.797-0500] {processor.py:840} INFO - DAG(s) 'tutorial_taskflow_api' retrieved from /Volumes/SLU_CS/big_data_scd_all_types_project/.venv/lib/python3.11/site-packages/airflow/example_dags/tutorial_taskflow_api.py
[2024-04-04T01:06:37.828-0500] {logging_mixin.py:188} INFO - [2024-04-04T01:06:37.828-0500] {dag.py:3047} INFO - Sync 1 DAGs
[2024-04-04T01:06:37.831-0500] {logging_mixin.py:188} INFO - [2024-04-04T01:06:37.831-0500] {dag.py:3834} INFO - Setting next_dagrun for tutorial_taskflow_api to None, run_after=None
[2024-04-04T01:06:37.840-0500] {processor.py:183} INFO - Processing /Volumes/SLU_CS/big_data_scd_all_types_project/.venv/lib/python3.11/site-packages/airflow/example_dags/tutorial_taskflow_api.py took 0.060 seconds
[2024-04-04T01:06:56.024-0500] {processor.py:161} INFO - Started process (PID=32554) to work on /Volumes/SLU_CS/big_data_scd_all_types_project/.venv/lib/python3.11/site-packages/airflow/example_dags/tutorial_taskflow_api.py
[2024-04-04T01:06:56.025-0500] {processor.py:830} INFO - Processing file /Volumes/SLU_CS/big_data_scd_all_types_project/.venv/lib/python3.11/site-packages/airflow/example_dags/tutorial_taskflow_api.py for tasks to queue
[2024-04-04T01:06:56.025-0500] {logging_mixin.py:188} INFO - [2024-04-04T01:06:56.025-0500] {dagbag.py:540} INFO - Filling up the DagBag from /Volumes/SLU_CS/big_data_scd_all_types_project/.venv/lib/python3.11/site-packages/airflow/example_dags/tutorial_taskflow_api.py
[2024-04-04T01:06:56.040-0500] {processor.py:840} INFO - DAG(s) 'tutorial_taskflow_api' retrieved from /Volumes/SLU_CS/big_data_scd_all_types_project/.venv/lib/python3.11/site-packages/airflow/example_dags/tutorial_taskflow_api.py
[2024-04-04T01:06:56.078-0500] {logging_mixin.py:188} INFO - [2024-04-04T01:06:56.078-0500] {dag.py:3047} INFO - Sync 1 DAGs
[2024-04-04T01:06:56.081-0500] {logging_mixin.py:188} INFO - [2024-04-04T01:06:56.081-0500] {dag.py:3834} INFO - Setting next_dagrun for tutorial_taskflow_api to None, run_after=None
[2024-04-04T01:06:56.087-0500] {processor.py:183} INFO - Processing /Volumes/SLU_CS/big_data_scd_all_types_project/.venv/lib/python3.11/site-packages/airflow/example_dags/tutorial_taskflow_api.py took 0.064 seconds
[2024-04-04T01:08:21.289-0500] {processor.py:161} INFO - Started process (PID=32693) to work on /Volumes/SLU_CS/big_data_scd_all_types_project/.venv/lib/python3.11/site-packages/airflow/example_dags/tutorial_taskflow_api.py
[2024-04-04T01:08:21.289-0500] {processor.py:830} INFO - Processing file /Volumes/SLU_CS/big_data_scd_all_types_project/.venv/lib/python3.11/site-packages/airflow/example_dags/tutorial_taskflow_api.py for tasks to queue
[2024-04-04T01:08:21.289-0500] {logging_mixin.py:188} INFO - [2024-04-04T01:08:21.289-0500] {dagbag.py:540} INFO - Filling up the DagBag from /Volumes/SLU_CS/big_data_scd_all_types_project/.venv/lib/python3.11/site-packages/airflow/example_dags/tutorial_taskflow_api.py
[2024-04-04T01:08:21.303-0500] {processor.py:840} INFO - DAG(s) 'tutorial_taskflow_api' retrieved from /Volumes/SLU_CS/big_data_scd_all_types_project/.venv/lib/python3.11/site-packages/airflow/example_dags/tutorial_taskflow_api.py
[2024-04-04T01:08:21.333-0500] {logging_mixin.py:188} INFO - [2024-04-04T01:08:21.333-0500] {dag.py:3047} INFO - Sync 1 DAGs
[2024-04-04T01:08:21.336-0500] {logging_mixin.py:188} INFO - [2024-04-04T01:08:21.336-0500] {dag.py:3834} INFO - Setting next_dagrun for tutorial_taskflow_api to None, run_after=None
[2024-04-04T01:08:21.342-0500] {processor.py:183} INFO - Processing /Volumes/SLU_CS/big_data_scd_all_types_project/.venv/lib/python3.11/site-packages/airflow/example_dags/tutorial_taskflow_api.py took 0.054 seconds
[2024-04-04T01:09:16.101-0500] {processor.py:161} INFO - Started process (PID=32792) to work on /Volumes/SLU_CS/big_data_scd_all_types_project/.venv/lib/python3.11/site-packages/airflow/example_dags/tutorial_taskflow_api.py
[2024-04-04T01:09:16.102-0500] {processor.py:830} INFO - Processing file /Volumes/SLU_CS/big_data_scd_all_types_project/.venv/lib/python3.11/site-packages/airflow/example_dags/tutorial_taskflow_api.py for tasks to queue
[2024-04-04T01:09:16.102-0500] {logging_mixin.py:188} INFO - [2024-04-04T01:09:16.102-0500] {dagbag.py:540} INFO - Filling up the DagBag from /Volumes/SLU_CS/big_data_scd_all_types_project/.venv/lib/python3.11/site-packages/airflow/example_dags/tutorial_taskflow_api.py
[2024-04-04T01:09:16.114-0500] {processor.py:840} INFO - DAG(s) 'tutorial_taskflow_api' retrieved from /Volumes/SLU_CS/big_data_scd_all_types_project/.venv/lib/python3.11/site-packages/airflow/example_dags/tutorial_taskflow_api.py
[2024-04-04T01:09:16.144-0500] {logging_mixin.py:188} INFO - [2024-04-04T01:09:16.144-0500] {dag.py:3047} INFO - Sync 1 DAGs
[2024-04-04T01:09:16.147-0500] {logging_mixin.py:188} INFO - [2024-04-04T01:09:16.147-0500] {dag.py:3834} INFO - Setting next_dagrun for tutorial_taskflow_api to None, run_after=None
[2024-04-04T01:09:16.153-0500] {processor.py:183} INFO - Processing /Volumes/SLU_CS/big_data_scd_all_types_project/.venv/lib/python3.11/site-packages/airflow/example_dags/tutorial_taskflow_api.py took 0.054 seconds
[2024-04-04T01:10:06.821-0500] {processor.py:161} INFO - Started process (PID=32914) to work on /Volumes/SLU_CS/big_data_scd_all_types_project/.venv/lib/python3.11/site-packages/airflow/example_dags/tutorial_taskflow_api.py
[2024-04-04T01:10:06.823-0500] {processor.py:830} INFO - Processing file /Volumes/SLU_CS/big_data_scd_all_types_project/.venv/lib/python3.11/site-packages/airflow/example_dags/tutorial_taskflow_api.py for tasks to queue
[2024-04-04T01:10:06.823-0500] {logging_mixin.py:188} INFO - [2024-04-04T01:10:06.823-0500] {dagbag.py:540} INFO - Filling up the DagBag from /Volumes/SLU_CS/big_data_scd_all_types_project/.venv/lib/python3.11/site-packages/airflow/example_dags/tutorial_taskflow_api.py
[2024-04-04T01:10:06.836-0500] {processor.py:840} INFO - DAG(s) 'tutorial_taskflow_api' retrieved from /Volumes/SLU_CS/big_data_scd_all_types_project/.venv/lib/python3.11/site-packages/airflow/example_dags/tutorial_taskflow_api.py
[2024-04-04T01:10:06.865-0500] {logging_mixin.py:188} INFO - [2024-04-04T01:10:06.865-0500] {dag.py:3047} INFO - Sync 1 DAGs
[2024-04-04T01:10:06.868-0500] {logging_mixin.py:188} INFO - [2024-04-04T01:10:06.868-0500] {dag.py:3834} INFO - Setting next_dagrun for tutorial_taskflow_api to None, run_after=None
[2024-04-04T01:10:06.875-0500] {processor.py:183} INFO - Processing /Volumes/SLU_CS/big_data_scd_all_types_project/.venv/lib/python3.11/site-packages/airflow/example_dags/tutorial_taskflow_api.py took 0.054 seconds
[2024-04-04T01:10:57.173-0500] {processor.py:161} INFO - Started process (PID=33043) to work on /Volumes/SLU_CS/big_data_scd_all_types_project/.venv/lib/python3.11/site-packages/airflow/example_dags/tutorial_taskflow_api.py
[2024-04-04T01:10:57.174-0500] {processor.py:830} INFO - Processing file /Volumes/SLU_CS/big_data_scd_all_types_project/.venv/lib/python3.11/site-packages/airflow/example_dags/tutorial_taskflow_api.py for tasks to queue
[2024-04-04T01:10:57.174-0500] {logging_mixin.py:188} INFO - [2024-04-04T01:10:57.174-0500] {dagbag.py:540} INFO - Filling up the DagBag from /Volumes/SLU_CS/big_data_scd_all_types_project/.venv/lib/python3.11/site-packages/airflow/example_dags/tutorial_taskflow_api.py
[2024-04-04T01:10:57.188-0500] {processor.py:840} INFO - DAG(s) 'tutorial_taskflow_api' retrieved from /Volumes/SLU_CS/big_data_scd_all_types_project/.venv/lib/python3.11/site-packages/airflow/example_dags/tutorial_taskflow_api.py
[2024-04-04T01:10:57.217-0500] {logging_mixin.py:188} INFO - [2024-04-04T01:10:57.217-0500] {dag.py:3047} INFO - Sync 1 DAGs
[2024-04-04T01:10:57.220-0500] {logging_mixin.py:188} INFO - [2024-04-04T01:10:57.220-0500] {dag.py:3834} INFO - Setting next_dagrun for tutorial_taskflow_api to None, run_after=None
[2024-04-04T01:10:57.227-0500] {processor.py:183} INFO - Processing /Volumes/SLU_CS/big_data_scd_all_types_project/.venv/lib/python3.11/site-packages/airflow/example_dags/tutorial_taskflow_api.py took 0.055 seconds
[2024-04-04T01:11:48.645-0500] {processor.py:161} INFO - Started process (PID=33183) to work on /Volumes/SLU_CS/big_data_scd_all_types_project/.venv/lib/python3.11/site-packages/airflow/example_dags/tutorial_taskflow_api.py
[2024-04-04T01:11:48.646-0500] {processor.py:830} INFO - Processing file /Volumes/SLU_CS/big_data_scd_all_types_project/.venv/lib/python3.11/site-packages/airflow/example_dags/tutorial_taskflow_api.py for tasks to queue
[2024-04-04T01:11:48.647-0500] {logging_mixin.py:188} INFO - [2024-04-04T01:11:48.646-0500] {dagbag.py:540} INFO - Filling up the DagBag from /Volumes/SLU_CS/big_data_scd_all_types_project/.venv/lib/python3.11/site-packages/airflow/example_dags/tutorial_taskflow_api.py
[2024-04-04T01:11:48.663-0500] {processor.py:840} INFO - DAG(s) 'tutorial_taskflow_api' retrieved from /Volumes/SLU_CS/big_data_scd_all_types_project/.venv/lib/python3.11/site-packages/airflow/example_dags/tutorial_taskflow_api.py
[2024-04-04T01:11:48.697-0500] {logging_mixin.py:188} INFO - [2024-04-04T01:11:48.697-0500] {dag.py:3047} INFO - Sync 1 DAGs
[2024-04-04T01:11:48.700-0500] {logging_mixin.py:188} INFO - [2024-04-04T01:11:48.700-0500] {dag.py:3834} INFO - Setting next_dagrun for tutorial_taskflow_api to None, run_after=None
[2024-04-04T01:11:48.707-0500] {processor.py:183} INFO - Processing /Volumes/SLU_CS/big_data_scd_all_types_project/.venv/lib/python3.11/site-packages/airflow/example_dags/tutorial_taskflow_api.py took 0.063 seconds
[2024-04-04T01:12:42.979-0500] {processor.py:161} INFO - Started process (PID=33338) to work on /Volumes/SLU_CS/big_data_scd_all_types_project/.venv/lib/python3.11/site-packages/airflow/example_dags/tutorial_taskflow_api.py
[2024-04-04T01:12:42.980-0500] {processor.py:830} INFO - Processing file /Volumes/SLU_CS/big_data_scd_all_types_project/.venv/lib/python3.11/site-packages/airflow/example_dags/tutorial_taskflow_api.py for tasks to queue
[2024-04-04T01:12:42.980-0500] {logging_mixin.py:188} INFO - [2024-04-04T01:12:42.980-0500] {dagbag.py:540} INFO - Filling up the DagBag from /Volumes/SLU_CS/big_data_scd_all_types_project/.venv/lib/python3.11/site-packages/airflow/example_dags/tutorial_taskflow_api.py
[2024-04-04T01:12:42.992-0500] {processor.py:840} INFO - DAG(s) 'tutorial_taskflow_api' retrieved from /Volumes/SLU_CS/big_data_scd_all_types_project/.venv/lib/python3.11/site-packages/airflow/example_dags/tutorial_taskflow_api.py
[2024-04-04T01:12:43.021-0500] {logging_mixin.py:188} INFO - [2024-04-04T01:12:43.021-0500] {dag.py:3047} INFO - Sync 1 DAGs
[2024-04-04T01:12:43.024-0500] {logging_mixin.py:188} INFO - [2024-04-04T01:12:43.024-0500] {dag.py:3834} INFO - Setting next_dagrun for tutorial_taskflow_api to None, run_after=None
[2024-04-04T01:12:43.031-0500] {processor.py:183} INFO - Processing /Volumes/SLU_CS/big_data_scd_all_types_project/.venv/lib/python3.11/site-packages/airflow/example_dags/tutorial_taskflow_api.py took 0.052 seconds
[2024-04-04T01:13:30.147-0500] {processor.py:161} INFO - Started process (PID=33466) to work on /Volumes/SLU_CS/big_data_scd_all_types_project/.venv/lib/python3.11/site-packages/airflow/example_dags/tutorial_taskflow_api.py
[2024-04-04T01:13:30.148-0500] {processor.py:830} INFO - Processing file /Volumes/SLU_CS/big_data_scd_all_types_project/.venv/lib/python3.11/site-packages/airflow/example_dags/tutorial_taskflow_api.py for tasks to queue
[2024-04-04T01:13:30.149-0500] {logging_mixin.py:188} INFO - [2024-04-04T01:13:30.149-0500] {dagbag.py:540} INFO - Filling up the DagBag from /Volumes/SLU_CS/big_data_scd_all_types_project/.venv/lib/python3.11/site-packages/airflow/example_dags/tutorial_taskflow_api.py
[2024-04-04T01:13:30.161-0500] {processor.py:840} INFO - DAG(s) 'tutorial_taskflow_api' retrieved from /Volumes/SLU_CS/big_data_scd_all_types_project/.venv/lib/python3.11/site-packages/airflow/example_dags/tutorial_taskflow_api.py
[2024-04-04T01:13:30.189-0500] {logging_mixin.py:188} INFO - [2024-04-04T01:13:30.189-0500] {dag.py:3047} INFO - Sync 1 DAGs
[2024-04-04T01:13:30.192-0500] {logging_mixin.py:188} INFO - [2024-04-04T01:13:30.192-0500] {dag.py:3834} INFO - Setting next_dagrun for tutorial_taskflow_api to None, run_after=None
[2024-04-04T01:13:30.199-0500] {processor.py:183} INFO - Processing /Volumes/SLU_CS/big_data_scd_all_types_project/.venv/lib/python3.11/site-packages/airflow/example_dags/tutorial_taskflow_api.py took 0.052 seconds
[2024-04-04T01:14:19.905-0500] {processor.py:161} INFO - Started process (PID=33558) to work on /Volumes/SLU_CS/big_data_scd_all_types_project/.venv/lib/python3.11/site-packages/airflow/example_dags/tutorial_taskflow_api.py
[2024-04-04T01:14:19.906-0500] {processor.py:830} INFO - Processing file /Volumes/SLU_CS/big_data_scd_all_types_project/.venv/lib/python3.11/site-packages/airflow/example_dags/tutorial_taskflow_api.py for tasks to queue
[2024-04-04T01:14:19.906-0500] {logging_mixin.py:188} INFO - [2024-04-04T01:14:19.906-0500] {dagbag.py:540} INFO - Filling up the DagBag from /Volumes/SLU_CS/big_data_scd_all_types_project/.venv/lib/python3.11/site-packages/airflow/example_dags/tutorial_taskflow_api.py
[2024-04-04T01:14:19.920-0500] {processor.py:840} INFO - DAG(s) 'tutorial_taskflow_api' retrieved from /Volumes/SLU_CS/big_data_scd_all_types_project/.venv/lib/python3.11/site-packages/airflow/example_dags/tutorial_taskflow_api.py
[2024-04-04T01:14:19.952-0500] {logging_mixin.py:188} INFO - [2024-04-04T01:14:19.952-0500] {dag.py:3047} INFO - Sync 1 DAGs
[2024-04-04T01:14:19.955-0500] {logging_mixin.py:188} INFO - [2024-04-04T01:14:19.955-0500] {dag.py:3834} INFO - Setting next_dagrun for tutorial_taskflow_api to None, run_after=None
[2024-04-04T01:14:19.962-0500] {processor.py:183} INFO - Processing /Volumes/SLU_CS/big_data_scd_all_types_project/.venv/lib/python3.11/site-packages/airflow/example_dags/tutorial_taskflow_api.py took 0.058 seconds
[2024-04-04T01:15:09.076-0500] {processor.py:161} INFO - Started process (PID=33649) to work on /Volumes/SLU_CS/big_data_scd_all_types_project/.venv/lib/python3.11/site-packages/airflow/example_dags/tutorial_taskflow_api.py
[2024-04-04T01:15:09.077-0500] {processor.py:830} INFO - Processing file /Volumes/SLU_CS/big_data_scd_all_types_project/.venv/lib/python3.11/site-packages/airflow/example_dags/tutorial_taskflow_api.py for tasks to queue
[2024-04-04T01:15:09.079-0500] {logging_mixin.py:188} INFO - [2024-04-04T01:15:09.078-0500] {dagbag.py:540} INFO - Filling up the DagBag from /Volumes/SLU_CS/big_data_scd_all_types_project/.venv/lib/python3.11/site-packages/airflow/example_dags/tutorial_taskflow_api.py
[2024-04-04T01:15:09.110-0500] {processor.py:840} INFO - DAG(s) 'tutorial_taskflow_api' retrieved from /Volumes/SLU_CS/big_data_scd_all_types_project/.venv/lib/python3.11/site-packages/airflow/example_dags/tutorial_taskflow_api.py
[2024-04-04T01:15:09.150-0500] {logging_mixin.py:188} INFO - [2024-04-04T01:15:09.150-0500] {dag.py:3047} INFO - Sync 1 DAGs
[2024-04-04T01:15:09.167-0500] {logging_mixin.py:188} INFO - [2024-04-04T01:15:09.167-0500] {dag.py:3834} INFO - Setting next_dagrun for tutorial_taskflow_api to None, run_after=None
[2024-04-04T01:15:09.190-0500] {processor.py:183} INFO - Processing /Volumes/SLU_CS/big_data_scd_all_types_project/.venv/lib/python3.11/site-packages/airflow/example_dags/tutorial_taskflow_api.py took 0.115 seconds
[2024-04-04T01:15:54.964-0500] {processor.py:161} INFO - Started process (PID=33715) to work on /Volumes/SLU_CS/big_data_scd_all_types_project/.venv/lib/python3.11/site-packages/airflow/example_dags/tutorial_taskflow_api.py
[2024-04-04T01:15:54.965-0500] {processor.py:830} INFO - Processing file /Volumes/SLU_CS/big_data_scd_all_types_project/.venv/lib/python3.11/site-packages/airflow/example_dags/tutorial_taskflow_api.py for tasks to queue
[2024-04-04T01:15:54.965-0500] {logging_mixin.py:188} INFO - [2024-04-04T01:15:54.965-0500] {dagbag.py:540} INFO - Filling up the DagBag from /Volumes/SLU_CS/big_data_scd_all_types_project/.venv/lib/python3.11/site-packages/airflow/example_dags/tutorial_taskflow_api.py
[2024-04-04T01:15:54.979-0500] {processor.py:840} INFO - DAG(s) 'tutorial_taskflow_api' retrieved from /Volumes/SLU_CS/big_data_scd_all_types_project/.venv/lib/python3.11/site-packages/airflow/example_dags/tutorial_taskflow_api.py
[2024-04-04T01:15:55.008-0500] {logging_mixin.py:188} INFO - [2024-04-04T01:15:55.008-0500] {dag.py:3047} INFO - Sync 1 DAGs
[2024-04-04T01:15:55.011-0500] {logging_mixin.py:188} INFO - [2024-04-04T01:15:55.011-0500] {dag.py:3834} INFO - Setting next_dagrun for tutorial_taskflow_api to None, run_after=None
[2024-04-04T01:15:55.017-0500] {processor.py:183} INFO - Processing /Volumes/SLU_CS/big_data_scd_all_types_project/.venv/lib/python3.11/site-packages/airflow/example_dags/tutorial_taskflow_api.py took 0.054 seconds
[2024-04-04T01:16:44.681-0500] {processor.py:161} INFO - Started process (PID=33800) to work on /Volumes/SLU_CS/big_data_scd_all_types_project/.venv/lib/python3.11/site-packages/airflow/example_dags/tutorial_taskflow_api.py
[2024-04-04T01:16:44.682-0500] {processor.py:830} INFO - Processing file /Volumes/SLU_CS/big_data_scd_all_types_project/.venv/lib/python3.11/site-packages/airflow/example_dags/tutorial_taskflow_api.py for tasks to queue
[2024-04-04T01:16:44.682-0500] {logging_mixin.py:188} INFO - [2024-04-04T01:16:44.682-0500] {dagbag.py:540} INFO - Filling up the DagBag from /Volumes/SLU_CS/big_data_scd_all_types_project/.venv/lib/python3.11/site-packages/airflow/example_dags/tutorial_taskflow_api.py
[2024-04-04T01:16:44.697-0500] {processor.py:840} INFO - DAG(s) 'tutorial_taskflow_api' retrieved from /Volumes/SLU_CS/big_data_scd_all_types_project/.venv/lib/python3.11/site-packages/airflow/example_dags/tutorial_taskflow_api.py
[2024-04-04T01:16:44.727-0500] {logging_mixin.py:188} INFO - [2024-04-04T01:16:44.727-0500] {dag.py:3047} INFO - Sync 1 DAGs
[2024-04-04T01:16:44.730-0500] {logging_mixin.py:188} INFO - [2024-04-04T01:16:44.730-0500] {dag.py:3834} INFO - Setting next_dagrun for tutorial_taskflow_api to None, run_after=None
[2024-04-04T01:16:44.737-0500] {processor.py:183} INFO - Processing /Volumes/SLU_CS/big_data_scd_all_types_project/.venv/lib/python3.11/site-packages/airflow/example_dags/tutorial_taskflow_api.py took 0.057 seconds
[2024-04-04T01:17:41.438-0500] {processor.py:161} INFO - Started process (PID=33892) to work on /Volumes/SLU_CS/big_data_scd_all_types_project/.venv/lib/python3.11/site-packages/airflow/example_dags/tutorial_taskflow_api.py
[2024-04-04T01:17:41.439-0500] {processor.py:830} INFO - Processing file /Volumes/SLU_CS/big_data_scd_all_types_project/.venv/lib/python3.11/site-packages/airflow/example_dags/tutorial_taskflow_api.py for tasks to queue
[2024-04-04T01:17:41.439-0500] {logging_mixin.py:188} INFO - [2024-04-04T01:17:41.439-0500] {dagbag.py:540} INFO - Filling up the DagBag from /Volumes/SLU_CS/big_data_scd_all_types_project/.venv/lib/python3.11/site-packages/airflow/example_dags/tutorial_taskflow_api.py
[2024-04-04T01:17:41.451-0500] {processor.py:840} INFO - DAG(s) 'tutorial_taskflow_api' retrieved from /Volumes/SLU_CS/big_data_scd_all_types_project/.venv/lib/python3.11/site-packages/airflow/example_dags/tutorial_taskflow_api.py
[2024-04-04T01:17:41.481-0500] {logging_mixin.py:188} INFO - [2024-04-04T01:17:41.480-0500] {dag.py:3047} INFO - Sync 1 DAGs
[2024-04-04T01:17:41.483-0500] {logging_mixin.py:188} INFO - [2024-04-04T01:17:41.483-0500] {dag.py:3834} INFO - Setting next_dagrun for tutorial_taskflow_api to None, run_after=None
[2024-04-04T01:17:41.490-0500] {processor.py:183} INFO - Processing /Volumes/SLU_CS/big_data_scd_all_types_project/.venv/lib/python3.11/site-packages/airflow/example_dags/tutorial_taskflow_api.py took 0.053 seconds
[2024-04-04T01:18:34.586-0500] {processor.py:161} INFO - Started process (PID=33968) to work on /Volumes/SLU_CS/big_data_scd_all_types_project/.venv/lib/python3.11/site-packages/airflow/example_dags/tutorial_taskflow_api.py
[2024-04-04T01:18:34.588-0500] {processor.py:830} INFO - Processing file /Volumes/SLU_CS/big_data_scd_all_types_project/.venv/lib/python3.11/site-packages/airflow/example_dags/tutorial_taskflow_api.py for tasks to queue
[2024-04-04T01:18:34.588-0500] {logging_mixin.py:188} INFO - [2024-04-04T01:18:34.588-0500] {dagbag.py:540} INFO - Filling up the DagBag from /Volumes/SLU_CS/big_data_scd_all_types_project/.venv/lib/python3.11/site-packages/airflow/example_dags/tutorial_taskflow_api.py
[2024-04-04T01:18:34.601-0500] {processor.py:840} INFO - DAG(s) 'tutorial_taskflow_api' retrieved from /Volumes/SLU_CS/big_data_scd_all_types_project/.venv/lib/python3.11/site-packages/airflow/example_dags/tutorial_taskflow_api.py
[2024-04-04T01:18:34.631-0500] {logging_mixin.py:188} INFO - [2024-04-04T01:18:34.631-0500] {dag.py:3047} INFO - Sync 1 DAGs
[2024-04-04T01:18:34.634-0500] {logging_mixin.py:188} INFO - [2024-04-04T01:18:34.634-0500] {dag.py:3834} INFO - Setting next_dagrun for tutorial_taskflow_api to None, run_after=None
[2024-04-04T01:18:34.641-0500] {processor.py:183} INFO - Processing /Volumes/SLU_CS/big_data_scd_all_types_project/.venv/lib/python3.11/site-packages/airflow/example_dags/tutorial_taskflow_api.py took 0.055 seconds
[2024-04-04T01:19:29.512-0500] {processor.py:161} INFO - Started process (PID=34179) to work on /Volumes/SLU_CS/big_data_scd_all_types_project/.venv/lib/python3.11/site-packages/airflow/example_dags/tutorial_taskflow_api.py
[2024-04-04T01:19:29.513-0500] {processor.py:830} INFO - Processing file /Volumes/SLU_CS/big_data_scd_all_types_project/.venv/lib/python3.11/site-packages/airflow/example_dags/tutorial_taskflow_api.py for tasks to queue
[2024-04-04T01:19:29.513-0500] {logging_mixin.py:188} INFO - [2024-04-04T01:19:29.513-0500] {dagbag.py:540} INFO - Filling up the DagBag from /Volumes/SLU_CS/big_data_scd_all_types_project/.venv/lib/python3.11/site-packages/airflow/example_dags/tutorial_taskflow_api.py
[2024-04-04T01:19:29.528-0500] {processor.py:840} INFO - DAG(s) 'tutorial_taskflow_api' retrieved from /Volumes/SLU_CS/big_data_scd_all_types_project/.venv/lib/python3.11/site-packages/airflow/example_dags/tutorial_taskflow_api.py
[2024-04-04T01:19:29.560-0500] {logging_mixin.py:188} INFO - [2024-04-04T01:19:29.559-0500] {dag.py:3047} INFO - Sync 1 DAGs
[2024-04-04T01:19:29.563-0500] {logging_mixin.py:188} INFO - [2024-04-04T01:19:29.563-0500] {dag.py:3834} INFO - Setting next_dagrun for tutorial_taskflow_api to None, run_after=None
[2024-04-04T01:19:29.570-0500] {processor.py:183} INFO - Processing /Volumes/SLU_CS/big_data_scd_all_types_project/.venv/lib/python3.11/site-packages/airflow/example_dags/tutorial_taskflow_api.py took 0.059 seconds
[2024-04-04T01:20:24.563-0500] {processor.py:161} INFO - Started process (PID=34275) to work on /Volumes/SLU_CS/big_data_scd_all_types_project/.venv/lib/python3.11/site-packages/airflow/example_dags/tutorial_taskflow_api.py
[2024-04-04T01:20:24.565-0500] {processor.py:830} INFO - Processing file /Volumes/SLU_CS/big_data_scd_all_types_project/.venv/lib/python3.11/site-packages/airflow/example_dags/tutorial_taskflow_api.py for tasks to queue
[2024-04-04T01:20:24.566-0500] {logging_mixin.py:188} INFO - [2024-04-04T01:20:24.566-0500] {dagbag.py:540} INFO - Filling up the DagBag from /Volumes/SLU_CS/big_data_scd_all_types_project/.venv/lib/python3.11/site-packages/airflow/example_dags/tutorial_taskflow_api.py
[2024-04-04T01:20:24.581-0500] {processor.py:840} INFO - DAG(s) 'tutorial_taskflow_api' retrieved from /Volumes/SLU_CS/big_data_scd_all_types_project/.venv/lib/python3.11/site-packages/airflow/example_dags/tutorial_taskflow_api.py
[2024-04-04T01:20:24.613-0500] {logging_mixin.py:188} INFO - [2024-04-04T01:20:24.612-0500] {dag.py:3047} INFO - Sync 1 DAGs
[2024-04-04T01:20:24.616-0500] {logging_mixin.py:188} INFO - [2024-04-04T01:20:24.616-0500] {dag.py:3834} INFO - Setting next_dagrun for tutorial_taskflow_api to None, run_after=None
[2024-04-04T01:20:24.623-0500] {processor.py:183} INFO - Processing /Volumes/SLU_CS/big_data_scd_all_types_project/.venv/lib/python3.11/site-packages/airflow/example_dags/tutorial_taskflow_api.py took 0.061 seconds
