[2024-04-04T01:01:38.056-0500] {processor.py:161} INFO - Started process (PID=31847) to work on /Volumes/SLU_CS/big_data_scd_all_types_project/.venv/lib/python3.11/site-packages/airflow/example_dags/subdags/subdag.py
[2024-04-04T01:01:38.056-0500] {processor.py:830} INFO - Processing file /Volumes/SLU_CS/big_data_scd_all_types_project/.venv/lib/python3.11/site-packages/airflow/example_dags/subdags/subdag.py for tasks to queue
[2024-04-04T01:01:38.056-0500] {logging_mixin.py:188} INFO - [2024-04-04T01:01:38.056-0500] {dagbag.py:540} INFO - Filling up the DagBag from /Volumes/SLU_CS/big_data_scd_all_types_project/.venv/lib/python3.11/site-packages/airflow/example_dags/subdags/subdag.py
[2024-04-04T01:01:38.057-0500] {processor.py:842} WARNING - No viable dags retrieved from /Volumes/SLU_CS/big_data_scd_all_types_project/.venv/lib/python3.11/site-packages/airflow/example_dags/subdags/subdag.py
[2024-04-04T01:01:38.088-0500] {processor.py:183} INFO - Processing /Volumes/SLU_CS/big_data_scd_all_types_project/.venv/lib/python3.11/site-packages/airflow/example_dags/subdags/subdag.py took 0.033 seconds
[2024-04-04T01:03:04.013-0500] {processor.py:161} INFO - Started process (PID=32022) to work on /Volumes/SLU_CS/big_data_scd_all_types_project/.venv/lib/python3.11/site-packages/airflow/example_dags/subdags/subdag.py
[2024-04-04T01:03:04.014-0500] {processor.py:830} INFO - Processing file /Volumes/SLU_CS/big_data_scd_all_types_project/.venv/lib/python3.11/site-packages/airflow/example_dags/subdags/subdag.py for tasks to queue
[2024-04-04T01:03:04.014-0500] {logging_mixin.py:188} INFO - [2024-04-04T01:03:04.014-0500] {dagbag.py:540} INFO - Filling up the DagBag from /Volumes/SLU_CS/big_data_scd_all_types_project/.venv/lib/python3.11/site-packages/airflow/example_dags/subdags/subdag.py
[2024-04-04T01:03:04.015-0500] {processor.py:842} WARNING - No viable dags retrieved from /Volumes/SLU_CS/big_data_scd_all_types_project/.venv/lib/python3.11/site-packages/airflow/example_dags/subdags/subdag.py
[2024-04-04T01:03:04.058-0500] {processor.py:183} INFO - Processing /Volumes/SLU_CS/big_data_scd_all_types_project/.venv/lib/python3.11/site-packages/airflow/example_dags/subdags/subdag.py took 0.046 seconds
[2024-04-04T01:03:55.867-0500] {processor.py:161} INFO - Started process (PID=32172) to work on /Volumes/SLU_CS/big_data_scd_all_types_project/.venv/lib/python3.11/site-packages/airflow/example_dags/subdags/subdag.py
[2024-04-04T01:03:55.867-0500] {processor.py:830} INFO - Processing file /Volumes/SLU_CS/big_data_scd_all_types_project/.venv/lib/python3.11/site-packages/airflow/example_dags/subdags/subdag.py for tasks to queue
[2024-04-04T01:03:55.867-0500] {logging_mixin.py:188} INFO - [2024-04-04T01:03:55.867-0500] {dagbag.py:540} INFO - Filling up the DagBag from /Volumes/SLU_CS/big_data_scd_all_types_project/.venv/lib/python3.11/site-packages/airflow/example_dags/subdags/subdag.py
[2024-04-04T01:03:55.868-0500] {processor.py:842} WARNING - No viable dags retrieved from /Volumes/SLU_CS/big_data_scd_all_types_project/.venv/lib/python3.11/site-packages/airflow/example_dags/subdags/subdag.py
[2024-04-04T01:03:55.896-0500] {processor.py:183} INFO - Processing /Volumes/SLU_CS/big_data_scd_all_types_project/.venv/lib/python3.11/site-packages/airflow/example_dags/subdags/subdag.py took 0.031 seconds
[2024-04-04T01:04:48.384-0500] {processor.py:161} INFO - Started process (PID=32286) to work on /Volumes/SLU_CS/big_data_scd_all_types_project/.venv/lib/python3.11/site-packages/airflow/example_dags/subdags/subdag.py
[2024-04-04T01:04:48.384-0500] {processor.py:830} INFO - Processing file /Volumes/SLU_CS/big_data_scd_all_types_project/.venv/lib/python3.11/site-packages/airflow/example_dags/subdags/subdag.py for tasks to queue
[2024-04-04T01:04:48.385-0500] {logging_mixin.py:188} INFO - [2024-04-04T01:04:48.384-0500] {dagbag.py:540} INFO - Filling up the DagBag from /Volumes/SLU_CS/big_data_scd_all_types_project/.venv/lib/python3.11/site-packages/airflow/example_dags/subdags/subdag.py
[2024-04-04T01:04:48.385-0500] {processor.py:842} WARNING - No viable dags retrieved from /Volumes/SLU_CS/big_data_scd_all_types_project/.venv/lib/python3.11/site-packages/airflow/example_dags/subdags/subdag.py
[2024-04-04T01:04:48.411-0500] {processor.py:183} INFO - Processing /Volumes/SLU_CS/big_data_scd_all_types_project/.venv/lib/python3.11/site-packages/airflow/example_dags/subdags/subdag.py took 0.028 seconds
[2024-04-04T01:05:37.951-0500] {processor.py:161} INFO - Started process (PID=32358) to work on /Volumes/SLU_CS/big_data_scd_all_types_project/.venv/lib/python3.11/site-packages/airflow/example_dags/subdags/subdag.py
[2024-04-04T01:05:37.953-0500] {processor.py:830} INFO - Processing file /Volumes/SLU_CS/big_data_scd_all_types_project/.venv/lib/python3.11/site-packages/airflow/example_dags/subdags/subdag.py for tasks to queue
[2024-04-04T01:05:37.953-0500] {logging_mixin.py:188} INFO - [2024-04-04T01:05:37.953-0500] {dagbag.py:540} INFO - Filling up the DagBag from /Volumes/SLU_CS/big_data_scd_all_types_project/.venv/lib/python3.11/site-packages/airflow/example_dags/subdags/subdag.py
[2024-04-04T01:05:37.954-0500] {processor.py:842} WARNING - No viable dags retrieved from /Volumes/SLU_CS/big_data_scd_all_types_project/.venv/lib/python3.11/site-packages/airflow/example_dags/subdags/subdag.py
[2024-04-04T01:05:37.979-0500] {processor.py:183} INFO - Processing /Volumes/SLU_CS/big_data_scd_all_types_project/.venv/lib/python3.11/site-packages/airflow/example_dags/subdags/subdag.py took 0.028 seconds
[2024-04-04T01:06:30.779-0500] {processor.py:161} INFO - Started process (PID=32476) to work on /Volumes/SLU_CS/big_data_scd_all_types_project/.venv/lib/python3.11/site-packages/airflow/example_dags/subdags/subdag.py
[2024-04-04T01:06:30.780-0500] {processor.py:830} INFO - Processing file /Volumes/SLU_CS/big_data_scd_all_types_project/.venv/lib/python3.11/site-packages/airflow/example_dags/subdags/subdag.py for tasks to queue
[2024-04-04T01:06:30.780-0500] {logging_mixin.py:188} INFO - [2024-04-04T01:06:30.780-0500] {dagbag.py:540} INFO - Filling up the DagBag from /Volumes/SLU_CS/big_data_scd_all_types_project/.venv/lib/python3.11/site-packages/airflow/example_dags/subdags/subdag.py
[2024-04-04T01:06:30.781-0500] {processor.py:842} WARNING - No viable dags retrieved from /Volumes/SLU_CS/big_data_scd_all_types_project/.venv/lib/python3.11/site-packages/airflow/example_dags/subdags/subdag.py
[2024-04-04T01:06:30.806-0500] {processor.py:183} INFO - Processing /Volumes/SLU_CS/big_data_scd_all_types_project/.venv/lib/python3.11/site-packages/airflow/example_dags/subdags/subdag.py took 0.029 seconds
[2024-04-04T01:06:48.173-0500] {processor.py:161} INFO - Started process (PID=32536) to work on /Volumes/SLU_CS/big_data_scd_all_types_project/.venv/lib/python3.11/site-packages/airflow/example_dags/subdags/subdag.py
[2024-04-04T01:06:48.183-0500] {processor.py:830} INFO - Processing file /Volumes/SLU_CS/big_data_scd_all_types_project/.venv/lib/python3.11/site-packages/airflow/example_dags/subdags/subdag.py for tasks to queue
[2024-04-04T01:06:48.183-0500] {logging_mixin.py:188} INFO - [2024-04-04T01:06:48.183-0500] {dagbag.py:540} INFO - Filling up the DagBag from /Volumes/SLU_CS/big_data_scd_all_types_project/.venv/lib/python3.11/site-packages/airflow/example_dags/subdags/subdag.py
[2024-04-04T01:06:48.184-0500] {processor.py:842} WARNING - No viable dags retrieved from /Volumes/SLU_CS/big_data_scd_all_types_project/.venv/lib/python3.11/site-packages/airflow/example_dags/subdags/subdag.py
[2024-04-04T01:06:48.214-0500] {processor.py:183} INFO - Processing /Volumes/SLU_CS/big_data_scd_all_types_project/.venv/lib/python3.11/site-packages/airflow/example_dags/subdags/subdag.py took 0.041 seconds
[2024-04-04T01:08:12.939-0500] {processor.py:161} INFO - Started process (PID=32682) to work on /Volumes/SLU_CS/big_data_scd_all_types_project/.venv/lib/python3.11/site-packages/airflow/example_dags/subdags/subdag.py
[2024-04-04T01:08:12.939-0500] {processor.py:830} INFO - Processing file /Volumes/SLU_CS/big_data_scd_all_types_project/.venv/lib/python3.11/site-packages/airflow/example_dags/subdags/subdag.py for tasks to queue
[2024-04-04T01:08:12.940-0500] {logging_mixin.py:188} INFO - [2024-04-04T01:08:12.940-0500] {dagbag.py:540} INFO - Filling up the DagBag from /Volumes/SLU_CS/big_data_scd_all_types_project/.venv/lib/python3.11/site-packages/airflow/example_dags/subdags/subdag.py
[2024-04-04T01:08:12.941-0500] {processor.py:842} WARNING - No viable dags retrieved from /Volumes/SLU_CS/big_data_scd_all_types_project/.venv/lib/python3.11/site-packages/airflow/example_dags/subdags/subdag.py
[2024-04-04T01:08:12.966-0500] {processor.py:183} INFO - Processing /Volumes/SLU_CS/big_data_scd_all_types_project/.venv/lib/python3.11/site-packages/airflow/example_dags/subdags/subdag.py took 0.027 seconds
[2024-04-04T01:09:07.946-0500] {processor.py:161} INFO - Started process (PID=32776) to work on /Volumes/SLU_CS/big_data_scd_all_types_project/.venv/lib/python3.11/site-packages/airflow/example_dags/subdags/subdag.py
[2024-04-04T01:09:07.947-0500] {processor.py:830} INFO - Processing file /Volumes/SLU_CS/big_data_scd_all_types_project/.venv/lib/python3.11/site-packages/airflow/example_dags/subdags/subdag.py for tasks to queue
[2024-04-04T01:09:07.947-0500] {logging_mixin.py:188} INFO - [2024-04-04T01:09:07.947-0500] {dagbag.py:540} INFO - Filling up the DagBag from /Volumes/SLU_CS/big_data_scd_all_types_project/.venv/lib/python3.11/site-packages/airflow/example_dags/subdags/subdag.py
[2024-04-04T01:09:07.948-0500] {processor.py:842} WARNING - No viable dags retrieved from /Volumes/SLU_CS/big_data_scd_all_types_project/.venv/lib/python3.11/site-packages/airflow/example_dags/subdags/subdag.py
[2024-04-04T01:09:07.974-0500] {processor.py:183} INFO - Processing /Volumes/SLU_CS/big_data_scd_all_types_project/.venv/lib/python3.11/site-packages/airflow/example_dags/subdags/subdag.py took 0.029 seconds
[2024-04-04T01:09:59.002-0500] {processor.py:161} INFO - Started process (PID=32889) to work on /Volumes/SLU_CS/big_data_scd_all_types_project/.venv/lib/python3.11/site-packages/airflow/example_dags/subdags/subdag.py
[2024-04-04T01:09:59.004-0500] {processor.py:830} INFO - Processing file /Volumes/SLU_CS/big_data_scd_all_types_project/.venv/lib/python3.11/site-packages/airflow/example_dags/subdags/subdag.py for tasks to queue
[2024-04-04T01:09:59.004-0500] {logging_mixin.py:188} INFO - [2024-04-04T01:09:59.004-0500] {dagbag.py:540} INFO - Filling up the DagBag from /Volumes/SLU_CS/big_data_scd_all_types_project/.venv/lib/python3.11/site-packages/airflow/example_dags/subdags/subdag.py
[2024-04-04T01:09:59.005-0500] {processor.py:842} WARNING - No viable dags retrieved from /Volumes/SLU_CS/big_data_scd_all_types_project/.venv/lib/python3.11/site-packages/airflow/example_dags/subdags/subdag.py
[2024-04-04T01:09:59.032-0500] {processor.py:183} INFO - Processing /Volumes/SLU_CS/big_data_scd_all_types_project/.venv/lib/python3.11/site-packages/airflow/example_dags/subdags/subdag.py took 0.031 seconds
[2024-04-04T01:10:48.720-0500] {processor.py:161} INFO - Started process (PID=33017) to work on /Volumes/SLU_CS/big_data_scd_all_types_project/.venv/lib/python3.11/site-packages/airflow/example_dags/subdags/subdag.py
[2024-04-04T01:10:48.721-0500] {processor.py:830} INFO - Processing file /Volumes/SLU_CS/big_data_scd_all_types_project/.venv/lib/python3.11/site-packages/airflow/example_dags/subdags/subdag.py for tasks to queue
[2024-04-04T01:10:48.721-0500] {logging_mixin.py:188} INFO - [2024-04-04T01:10:48.721-0500] {dagbag.py:540} INFO - Filling up the DagBag from /Volumes/SLU_CS/big_data_scd_all_types_project/.venv/lib/python3.11/site-packages/airflow/example_dags/subdags/subdag.py
[2024-04-04T01:10:48.722-0500] {processor.py:842} WARNING - No viable dags retrieved from /Volumes/SLU_CS/big_data_scd_all_types_project/.venv/lib/python3.11/site-packages/airflow/example_dags/subdags/subdag.py
[2024-04-04T01:10:48.752-0500] {processor.py:183} INFO - Processing /Volumes/SLU_CS/big_data_scd_all_types_project/.venv/lib/python3.11/site-packages/airflow/example_dags/subdags/subdag.py took 0.033 seconds
[2024-04-04T01:11:39.871-0500] {processor.py:161} INFO - Started process (PID=33152) to work on /Volumes/SLU_CS/big_data_scd_all_types_project/.venv/lib/python3.11/site-packages/airflow/example_dags/subdags/subdag.py
[2024-04-04T01:11:39.872-0500] {processor.py:830} INFO - Processing file /Volumes/SLU_CS/big_data_scd_all_types_project/.venv/lib/python3.11/site-packages/airflow/example_dags/subdags/subdag.py for tasks to queue
[2024-04-04T01:11:39.873-0500] {logging_mixin.py:188} INFO - [2024-04-04T01:11:39.873-0500] {dagbag.py:540} INFO - Filling up the DagBag from /Volumes/SLU_CS/big_data_scd_all_types_project/.venv/lib/python3.11/site-packages/airflow/example_dags/subdags/subdag.py
[2024-04-04T01:11:39.874-0500] {processor.py:842} WARNING - No viable dags retrieved from /Volumes/SLU_CS/big_data_scd_all_types_project/.venv/lib/python3.11/site-packages/airflow/example_dags/subdags/subdag.py
[2024-04-04T01:11:39.904-0500] {processor.py:183} INFO - Processing /Volumes/SLU_CS/big_data_scd_all_types_project/.venv/lib/python3.11/site-packages/airflow/example_dags/subdags/subdag.py took 0.034 seconds
[2024-04-04T01:12:34.945-0500] {processor.py:161} INFO - Started process (PID=33320) to work on /Volumes/SLU_CS/big_data_scd_all_types_project/.venv/lib/python3.11/site-packages/airflow/example_dags/subdags/subdag.py
[2024-04-04T01:12:34.946-0500] {processor.py:830} INFO - Processing file /Volumes/SLU_CS/big_data_scd_all_types_project/.venv/lib/python3.11/site-packages/airflow/example_dags/subdags/subdag.py for tasks to queue
[2024-04-04T01:12:34.946-0500] {logging_mixin.py:188} INFO - [2024-04-04T01:12:34.946-0500] {dagbag.py:540} INFO - Filling up the DagBag from /Volumes/SLU_CS/big_data_scd_all_types_project/.venv/lib/python3.11/site-packages/airflow/example_dags/subdags/subdag.py
[2024-04-04T01:12:34.947-0500] {processor.py:842} WARNING - No viable dags retrieved from /Volumes/SLU_CS/big_data_scd_all_types_project/.venv/lib/python3.11/site-packages/airflow/example_dags/subdags/subdag.py
[2024-04-04T01:12:34.978-0500] {processor.py:183} INFO - Processing /Volumes/SLU_CS/big_data_scd_all_types_project/.venv/lib/python3.11/site-packages/airflow/example_dags/subdags/subdag.py took 0.034 seconds
[2024-04-04T01:13:21.922-0500] {processor.py:161} INFO - Started process (PID=33451) to work on /Volumes/SLU_CS/big_data_scd_all_types_project/.venv/lib/python3.11/site-packages/airflow/example_dags/subdags/subdag.py
[2024-04-04T01:13:21.923-0500] {processor.py:830} INFO - Processing file /Volumes/SLU_CS/big_data_scd_all_types_project/.venv/lib/python3.11/site-packages/airflow/example_dags/subdags/subdag.py for tasks to queue
[2024-04-04T01:13:21.923-0500] {logging_mixin.py:188} INFO - [2024-04-04T01:13:21.923-0500] {dagbag.py:540} INFO - Filling up the DagBag from /Volumes/SLU_CS/big_data_scd_all_types_project/.venv/lib/python3.11/site-packages/airflow/example_dags/subdags/subdag.py
[2024-04-04T01:13:21.925-0500] {processor.py:842} WARNING - No viable dags retrieved from /Volumes/SLU_CS/big_data_scd_all_types_project/.venv/lib/python3.11/site-packages/airflow/example_dags/subdags/subdag.py
[2024-04-04T01:13:21.951-0500] {processor.py:183} INFO - Processing /Volumes/SLU_CS/big_data_scd_all_types_project/.venv/lib/python3.11/site-packages/airflow/example_dags/subdags/subdag.py took 0.029 seconds
[2024-04-04T01:14:11.855-0500] {processor.py:161} INFO - Started process (PID=33543) to work on /Volumes/SLU_CS/big_data_scd_all_types_project/.venv/lib/python3.11/site-packages/airflow/example_dags/subdags/subdag.py
[2024-04-04T01:14:11.873-0500] {processor.py:830} INFO - Processing file /Volumes/SLU_CS/big_data_scd_all_types_project/.venv/lib/python3.11/site-packages/airflow/example_dags/subdags/subdag.py for tasks to queue
[2024-04-04T01:14:11.884-0500] {logging_mixin.py:188} INFO - [2024-04-04T01:14:11.883-0500] {dagbag.py:540} INFO - Filling up the DagBag from /Volumes/SLU_CS/big_data_scd_all_types_project/.venv/lib/python3.11/site-packages/airflow/example_dags/subdags/subdag.py
[2024-04-04T01:14:11.895-0500] {processor.py:842} WARNING - No viable dags retrieved from /Volumes/SLU_CS/big_data_scd_all_types_project/.venv/lib/python3.11/site-packages/airflow/example_dags/subdags/subdag.py
[2024-04-04T01:14:11.983-0500] {processor.py:183} INFO - Processing /Volumes/SLU_CS/big_data_scd_all_types_project/.venv/lib/python3.11/site-packages/airflow/example_dags/subdags/subdag.py took 0.142 seconds
[2024-04-04T01:14:59.843-0500] {processor.py:161} INFO - Started process (PID=33623) to work on /Volumes/SLU_CS/big_data_scd_all_types_project/.venv/lib/python3.11/site-packages/airflow/example_dags/subdags/subdag.py
[2024-04-04T01:14:59.844-0500] {processor.py:830} INFO - Processing file /Volumes/SLU_CS/big_data_scd_all_types_project/.venv/lib/python3.11/site-packages/airflow/example_dags/subdags/subdag.py for tasks to queue
[2024-04-04T01:14:59.844-0500] {logging_mixin.py:188} INFO - [2024-04-04T01:14:59.844-0500] {dagbag.py:540} INFO - Filling up the DagBag from /Volumes/SLU_CS/big_data_scd_all_types_project/.venv/lib/python3.11/site-packages/airflow/example_dags/subdags/subdag.py
[2024-04-04T01:14:59.845-0500] {processor.py:842} WARNING - No viable dags retrieved from /Volumes/SLU_CS/big_data_scd_all_types_project/.venv/lib/python3.11/site-packages/airflow/example_dags/subdags/subdag.py
[2024-04-04T01:14:59.872-0500] {processor.py:183} INFO - Processing /Volumes/SLU_CS/big_data_scd_all_types_project/.venv/lib/python3.11/site-packages/airflow/example_dags/subdags/subdag.py took 0.031 seconds
[2024-04-04T01:15:47.463-0500] {processor.py:161} INFO - Started process (PID=33704) to work on /Volumes/SLU_CS/big_data_scd_all_types_project/.venv/lib/python3.11/site-packages/airflow/example_dags/subdags/subdag.py
[2024-04-04T01:15:47.464-0500] {processor.py:830} INFO - Processing file /Volumes/SLU_CS/big_data_scd_all_types_project/.venv/lib/python3.11/site-packages/airflow/example_dags/subdags/subdag.py for tasks to queue
[2024-04-04T01:15:47.465-0500] {logging_mixin.py:188} INFO - [2024-04-04T01:15:47.464-0500] {dagbag.py:540} INFO - Filling up the DagBag from /Volumes/SLU_CS/big_data_scd_all_types_project/.venv/lib/python3.11/site-packages/airflow/example_dags/subdags/subdag.py
[2024-04-04T01:15:47.466-0500] {processor.py:842} WARNING - No viable dags retrieved from /Volumes/SLU_CS/big_data_scd_all_types_project/.venv/lib/python3.11/site-packages/airflow/example_dags/subdags/subdag.py
[2024-04-04T01:15:47.493-0500] {processor.py:183} INFO - Processing /Volumes/SLU_CS/big_data_scd_all_types_project/.venv/lib/python3.11/site-packages/airflow/example_dags/subdags/subdag.py took 0.031 seconds
[2024-04-04T01:16:35.775-0500] {processor.py:161} INFO - Started process (PID=33789) to work on /Volumes/SLU_CS/big_data_scd_all_types_project/.venv/lib/python3.11/site-packages/airflow/example_dags/subdags/subdag.py
[2024-04-04T01:16:35.776-0500] {processor.py:830} INFO - Processing file /Volumes/SLU_CS/big_data_scd_all_types_project/.venv/lib/python3.11/site-packages/airflow/example_dags/subdags/subdag.py for tasks to queue
[2024-04-04T01:16:35.776-0500] {logging_mixin.py:188} INFO - [2024-04-04T01:16:35.776-0500] {dagbag.py:540} INFO - Filling up the DagBag from /Volumes/SLU_CS/big_data_scd_all_types_project/.venv/lib/python3.11/site-packages/airflow/example_dags/subdags/subdag.py
[2024-04-04T01:16:35.777-0500] {processor.py:842} WARNING - No viable dags retrieved from /Volumes/SLU_CS/big_data_scd_all_types_project/.venv/lib/python3.11/site-packages/airflow/example_dags/subdags/subdag.py
[2024-04-04T01:16:35.802-0500] {processor.py:183} INFO - Processing /Volumes/SLU_CS/big_data_scd_all_types_project/.venv/lib/python3.11/site-packages/airflow/example_dags/subdags/subdag.py took 0.028 seconds
[2024-04-04T01:17:33.250-0500] {processor.py:161} INFO - Started process (PID=33879) to work on /Volumes/SLU_CS/big_data_scd_all_types_project/.venv/lib/python3.11/site-packages/airflow/example_dags/subdags/subdag.py
[2024-04-04T01:17:33.251-0500] {processor.py:830} INFO - Processing file /Volumes/SLU_CS/big_data_scd_all_types_project/.venv/lib/python3.11/site-packages/airflow/example_dags/subdags/subdag.py for tasks to queue
[2024-04-04T01:17:33.251-0500] {logging_mixin.py:188} INFO - [2024-04-04T01:17:33.251-0500] {dagbag.py:540} INFO - Filling up the DagBag from /Volumes/SLU_CS/big_data_scd_all_types_project/.venv/lib/python3.11/site-packages/airflow/example_dags/subdags/subdag.py
[2024-04-04T01:17:33.252-0500] {processor.py:842} WARNING - No viable dags retrieved from /Volumes/SLU_CS/big_data_scd_all_types_project/.venv/lib/python3.11/site-packages/airflow/example_dags/subdags/subdag.py
[2024-04-04T01:17:33.277-0500] {processor.py:183} INFO - Processing /Volumes/SLU_CS/big_data_scd_all_types_project/.venv/lib/python3.11/site-packages/airflow/example_dags/subdags/subdag.py took 0.028 seconds
[2024-04-04T01:18:26.280-0500] {processor.py:161} INFO - Started process (PID=33954) to work on /Volumes/SLU_CS/big_data_scd_all_types_project/.venv/lib/python3.11/site-packages/airflow/example_dags/subdags/subdag.py
[2024-04-04T01:18:26.280-0500] {processor.py:830} INFO - Processing file /Volumes/SLU_CS/big_data_scd_all_types_project/.venv/lib/python3.11/site-packages/airflow/example_dags/subdags/subdag.py for tasks to queue
[2024-04-04T01:18:26.281-0500] {logging_mixin.py:188} INFO - [2024-04-04T01:18:26.281-0500] {dagbag.py:540} INFO - Filling up the DagBag from /Volumes/SLU_CS/big_data_scd_all_types_project/.venv/lib/python3.11/site-packages/airflow/example_dags/subdags/subdag.py
[2024-04-04T01:18:26.282-0500] {processor.py:842} WARNING - No viable dags retrieved from /Volumes/SLU_CS/big_data_scd_all_types_project/.venv/lib/python3.11/site-packages/airflow/example_dags/subdags/subdag.py
[2024-04-04T01:18:26.307-0500] {processor.py:183} INFO - Processing /Volumes/SLU_CS/big_data_scd_all_types_project/.venv/lib/python3.11/site-packages/airflow/example_dags/subdags/subdag.py took 0.027 seconds
[2024-04-04T01:19:20.837-0500] {processor.py:161} INFO - Started process (PID=34164) to work on /Volumes/SLU_CS/big_data_scd_all_types_project/.venv/lib/python3.11/site-packages/airflow/example_dags/subdags/subdag.py
[2024-04-04T01:19:20.838-0500] {processor.py:830} INFO - Processing file /Volumes/SLU_CS/big_data_scd_all_types_project/.venv/lib/python3.11/site-packages/airflow/example_dags/subdags/subdag.py for tasks to queue
[2024-04-04T01:19:20.838-0500] {logging_mixin.py:188} INFO - [2024-04-04T01:19:20.838-0500] {dagbag.py:540} INFO - Filling up the DagBag from /Volumes/SLU_CS/big_data_scd_all_types_project/.venv/lib/python3.11/site-packages/airflow/example_dags/subdags/subdag.py
[2024-04-04T01:19:20.839-0500] {processor.py:842} WARNING - No viable dags retrieved from /Volumes/SLU_CS/big_data_scd_all_types_project/.venv/lib/python3.11/site-packages/airflow/example_dags/subdags/subdag.py
[2024-04-04T01:19:20.866-0500] {processor.py:183} INFO - Processing /Volumes/SLU_CS/big_data_scd_all_types_project/.venv/lib/python3.11/site-packages/airflow/example_dags/subdags/subdag.py took 0.030 seconds
[2024-04-04T01:20:16.922-0500] {processor.py:161} INFO - Started process (PID=34258) to work on /Volumes/SLU_CS/big_data_scd_all_types_project/.venv/lib/python3.11/site-packages/airflow/example_dags/subdags/subdag.py
[2024-04-04T01:20:16.923-0500] {processor.py:830} INFO - Processing file /Volumes/SLU_CS/big_data_scd_all_types_project/.venv/lib/python3.11/site-packages/airflow/example_dags/subdags/subdag.py for tasks to queue
[2024-04-04T01:20:16.924-0500] {logging_mixin.py:188} INFO - [2024-04-04T01:20:16.924-0500] {dagbag.py:540} INFO - Filling up the DagBag from /Volumes/SLU_CS/big_data_scd_all_types_project/.venv/lib/python3.11/site-packages/airflow/example_dags/subdags/subdag.py
[2024-04-04T01:20:16.925-0500] {processor.py:842} WARNING - No viable dags retrieved from /Volumes/SLU_CS/big_data_scd_all_types_project/.venv/lib/python3.11/site-packages/airflow/example_dags/subdags/subdag.py
[2024-04-04T01:20:16.952-0500] {processor.py:183} INFO - Processing /Volumes/SLU_CS/big_data_scd_all_types_project/.venv/lib/python3.11/site-packages/airflow/example_dags/subdags/subdag.py took 0.030 seconds
