[2024-04-04T01:04:14.982-0500] {taskinstance.py:1979} INFO - Dependencies all met for dep_context=non-requeueable deps ti=<TaskInstance: SlowChangingDimension_1.queryPostgresSaveFile scheduled__2024-04-03T00:00:00+00:00 [queued]>
[2024-04-04T01:04:14.985-0500] {taskinstance.py:1979} INFO - Dependencies all met for dep_context=requeueable deps ti=<TaskInstance: SlowChangingDimension_1.queryPostgresSaveFile scheduled__2024-04-03T00:00:00+00:00 [queued]>
[2024-04-04T01:04:14.985-0500] {taskinstance.py:2193} INFO - Starting attempt 1 of 1
[2024-04-04T01:04:14.989-0500] {taskinstance.py:2217} INFO - Executing <Task(PythonOperator): queryPostgresSaveFile> on 2024-04-03 00:00:00+00:00
[2024-04-04T01:04:14.993-0500] {standard_task_runner.py:60} INFO - Started process 32220 to run task
[2024-04-04T01:04:14.996-0500] {standard_task_runner.py:87} INFO - Running: ['airflow', 'tasks', 'run', 'SlowChangingDimension_1', 'queryPostgresSaveFile', 'scheduled__2024-04-03T00:00:00+00:00', '--job-id', '2', '--raw', '--subdir', 'DAGS_FOLDER/scd_0.py', '--cfg-path', '/var/folders/vv/q_fdzqpd787cn9t82l571nsw0000gn/T/tmpepkd__xo']
[2024-04-04T01:04:14.997-0500] {standard_task_runner.py:88} INFO - Job 2: Subtask queryPostgresSaveFile
[2024-04-04T01:04:15.022-0500] {task_command.py:423} INFO - Running <TaskInstance: SlowChangingDimension_1.queryPostgresSaveFile scheduled__2024-04-03T00:00:00+00:00 [running]> on host laxminayanasair.lan
[2024-04-04T01:04:15.041-0500] {taskinstance.py:2513} INFO - Exporting env vars: AIRFLOW_CTX_DAG_EMAIL='laxminarayana.vadnala@slu.edu' AIRFLOW_CTX_DAG_OWNER='airflow' AIRFLOW_CTX_DAG_ID='SlowChangingDimension_1' AIRFLOW_CTX_TASK_ID='queryPostgresSaveFile' AIRFLOW_CTX_EXECUTION_DATE='2024-04-03T00:00:00+00:00' AIRFLOW_CTX_TRY_NUMBER='1' AIRFLOW_CTX_DAG_RUN_ID='scheduled__2024-04-03T00:00:00+00:00'
[2024-04-04T01:04:15.044-0500] {taskinstance.py:2731} ERROR - Task failed with exception
Traceback (most recent call last):
  File "/Volumes/SLU_CS/big_data_scd_all_types_project/.venv/lib/python3.11/site-packages/airflow/models/taskinstance.py", line 444, in _execute_task
    result = _execute_callable(context=context, **execute_callable_kwargs)
             ^^^^^^^^^^^^^^^^^^^^^^^^^^^^^^^^^^^^^^^^^^^^^^^^^^^^^^^^^^^^^
  File "/Volumes/SLU_CS/big_data_scd_all_types_project/.venv/lib/python3.11/site-packages/airflow/models/taskinstance.py", line 414, in _execute_callable
    return execute_callable(context=context, **execute_callable_kwargs)
           ^^^^^^^^^^^^^^^^^^^^^^^^^^^^^^^^^^^^^^^^^^^^^^^^^^^^^^^^^^^^
  File "/Volumes/SLU_CS/big_data_scd_all_types_project/.venv/lib/python3.11/site-packages/airflow/operators/python.py", line 200, in execute
    return_value = self.execute_callable()
                   ^^^^^^^^^^^^^^^^^^^^^^^
  File "/Volumes/SLU_CS/big_data_scd_all_types_project/.venv/lib/python3.11/site-packages/airflow/operators/python.py", line 217, in execute_callable
    return self.python_callable(*self.op_args, **self.op_kwargs)
           ^^^^^^^^^^^^^^^^^^^^^^^^^^^^^^^^^^^^^^^^^^^^^^^^^^^^^
  File "/Volumes/SLU_CS/big_data_scd_all_types_project/airflow/dags/scd_0.py", line 27, in save_file
    step_1 = PostgresOperator(
             ^^^^^^^^^^^^^^^^^
  File "/Volumes/SLU_CS/big_data_scd_all_types_project/.venv/lib/python3.11/site-packages/airflow/models/baseoperator.py", line 437, in apply_defaults
    result = func(self, **kwargs, default_args=default_args)
             ^^^^^^^^^^^^^^^^^^^^^^^^^^^^^^^^^^^^^^^^^^^^^^^
  File "/Volumes/SLU_CS/big_data_scd_all_types_project/.venv/lib/python3.11/site-packages/airflow/providers/postgres/operators/postgres.py", line 84, in __init__
    super().__init__(conn_id=postgres_conn_id, **kwargs)
  File "/Volumes/SLU_CS/big_data_scd_all_types_project/.venv/lib/python3.11/site-packages/airflow/models/baseoperator.py", line 437, in apply_defaults
    result = func(self, **kwargs, default_args=default_args)
             ^^^^^^^^^^^^^^^^^^^^^^^^^^^^^^^^^^^^^^^^^^^^^^^
  File "/Volumes/SLU_CS/big_data_scd_all_types_project/.venv/lib/python3.11/site-packages/airflow/providers/common/sql/operators/sql.py", line 242, in __init__
    super().__init__(conn_id=conn_id, database=database, **kwargs)
  File "/Volumes/SLU_CS/big_data_scd_all_types_project/.venv/lib/python3.11/site-packages/airflow/models/baseoperator.py", line 437, in apply_defaults
    result = func(self, **kwargs, default_args=default_args)
             ^^^^^^^^^^^^^^^^^^^^^^^^^^^^^^^^^^^^^^^^^^^^^^^
  File "/Volumes/SLU_CS/big_data_scd_all_types_project/.venv/lib/python3.11/site-packages/airflow/providers/common/sql/operators/sql.py", line 139, in __init__
    super().__init__(**kwargs)
  File "/Volumes/SLU_CS/big_data_scd_all_types_project/.venv/lib/python3.11/site-packages/airflow/models/baseoperator.py", line 437, in apply_defaults
    result = func(self, **kwargs, default_args=default_args)
             ^^^^^^^^^^^^^^^^^^^^^^^^^^^^^^^^^^^^^^^^^^^^^^^
  File "/Volumes/SLU_CS/big_data_scd_all_types_project/.venv/lib/python3.11/site-packages/airflow/models/baseoperator.py", line 804, in __init__
    validate_key(task_id)
  File "/Volumes/SLU_CS/big_data_scd_all_types_project/.venv/lib/python3.11/site-packages/airflow/utils/helpers.py", line 57, in validate_key
    raise AirflowException(
airflow.exceptions.AirflowException: The key 'Queying the TransactionalDB' has to be made of alphanumeric characters, dashes, dots and underscores exclusively
[2024-04-04T01:04:15.047-0500] {taskinstance.py:1149} INFO - Marking task as FAILED. dag_id=SlowChangingDimension_1, task_id=queryPostgresSaveFile, execution_date=20240403T000000, start_date=20240404T060414, end_date=20240404T060415
[2024-04-04T01:04:15.050-0500] {standard_task_runner.py:107} ERROR - Failed to execute job 2 for task queryPostgresSaveFile (The key 'Queying the TransactionalDB' has to be made of alphanumeric characters, dashes, dots and underscores exclusively; 32220)
[2024-04-04T01:04:15.053-0500] {local_task_job_runner.py:234} INFO - Task exited with return code 1
[2024-04-04T01:04:15.060-0500] {taskinstance.py:3312} INFO - 0 downstream tasks scheduled from follow-on schedule check
