[2024-04-04T01:01:43.807-0500] {processor.py:161} INFO - Started process (PID=31868) to work on /Volumes/SLU_CS/big_data_scd_all_types_project/.venv/lib/python3.11/site-packages/airflow/example_dags/plugins/event_listener.py
[2024-04-04T01:01:43.808-0500] {processor.py:830} INFO - Processing file /Volumes/SLU_CS/big_data_scd_all_types_project/.venv/lib/python3.11/site-packages/airflow/example_dags/plugins/event_listener.py for tasks to queue
[2024-04-04T01:01:43.808-0500] {logging_mixin.py:188} INFO - [2024-04-04T01:01:43.808-0500] {dagbag.py:540} INFO - Filling up the DagBag from /Volumes/SLU_CS/big_data_scd_all_types_project/.venv/lib/python3.11/site-packages/airflow/example_dags/plugins/event_listener.py
[2024-04-04T01:01:43.808-0500] {processor.py:842} WARNING - No viable dags retrieved from /Volumes/SLU_CS/big_data_scd_all_types_project/.venv/lib/python3.11/site-packages/airflow/example_dags/plugins/event_listener.py
[2024-04-04T01:01:43.834-0500] {processor.py:183} INFO - Processing /Volumes/SLU_CS/big_data_scd_all_types_project/.venv/lib/python3.11/site-packages/airflow/example_dags/plugins/event_listener.py took 0.028 seconds
[2024-04-04T01:03:09.557-0500] {processor.py:161} INFO - Started process (PID=32030) to work on /Volumes/SLU_CS/big_data_scd_all_types_project/.venv/lib/python3.11/site-packages/airflow/example_dags/plugins/event_listener.py
[2024-04-04T01:03:09.557-0500] {processor.py:830} INFO - Processing file /Volumes/SLU_CS/big_data_scd_all_types_project/.venv/lib/python3.11/site-packages/airflow/example_dags/plugins/event_listener.py for tasks to queue
[2024-04-04T01:03:09.557-0500] {logging_mixin.py:188} INFO - [2024-04-04T01:03:09.557-0500] {dagbag.py:540} INFO - Filling up the DagBag from /Volumes/SLU_CS/big_data_scd_all_types_project/.venv/lib/python3.11/site-packages/airflow/example_dags/plugins/event_listener.py
[2024-04-04T01:03:09.558-0500] {processor.py:842} WARNING - No viable dags retrieved from /Volumes/SLU_CS/big_data_scd_all_types_project/.venv/lib/python3.11/site-packages/airflow/example_dags/plugins/event_listener.py
[2024-04-04T01:03:09.584-0500] {processor.py:183} INFO - Processing /Volumes/SLU_CS/big_data_scd_all_types_project/.venv/lib/python3.11/site-packages/airflow/example_dags/plugins/event_listener.py took 0.028 seconds
[2024-04-04T01:04:01.299-0500] {processor.py:161} INFO - Started process (PID=32191) to work on /Volumes/SLU_CS/big_data_scd_all_types_project/.venv/lib/python3.11/site-packages/airflow/example_dags/plugins/event_listener.py
[2024-04-04T01:04:01.299-0500] {processor.py:830} INFO - Processing file /Volumes/SLU_CS/big_data_scd_all_types_project/.venv/lib/python3.11/site-packages/airflow/example_dags/plugins/event_listener.py for tasks to queue
[2024-04-04T01:04:01.300-0500] {logging_mixin.py:188} INFO - [2024-04-04T01:04:01.299-0500] {dagbag.py:540} INFO - Filling up the DagBag from /Volumes/SLU_CS/big_data_scd_all_types_project/.venv/lib/python3.11/site-packages/airflow/example_dags/plugins/event_listener.py
[2024-04-04T01:04:01.300-0500] {processor.py:842} WARNING - No viable dags retrieved from /Volumes/SLU_CS/big_data_scd_all_types_project/.venv/lib/python3.11/site-packages/airflow/example_dags/plugins/event_listener.py
[2024-04-04T01:04:01.327-0500] {processor.py:183} INFO - Processing /Volumes/SLU_CS/big_data_scd_all_types_project/.venv/lib/python3.11/site-packages/airflow/example_dags/plugins/event_listener.py took 0.030 seconds
[2024-04-04T01:04:53.845-0500] {processor.py:161} INFO - Started process (PID=32294) to work on /Volumes/SLU_CS/big_data_scd_all_types_project/.venv/lib/python3.11/site-packages/airflow/example_dags/plugins/event_listener.py
[2024-04-04T01:04:53.847-0500] {processor.py:830} INFO - Processing file /Volumes/SLU_CS/big_data_scd_all_types_project/.venv/lib/python3.11/site-packages/airflow/example_dags/plugins/event_listener.py for tasks to queue
[2024-04-04T01:04:53.847-0500] {logging_mixin.py:188} INFO - [2024-04-04T01:04:53.847-0500] {dagbag.py:540} INFO - Filling up the DagBag from /Volumes/SLU_CS/big_data_scd_all_types_project/.venv/lib/python3.11/site-packages/airflow/example_dags/plugins/event_listener.py
[2024-04-04T01:04:53.847-0500] {processor.py:842} WARNING - No viable dags retrieved from /Volumes/SLU_CS/big_data_scd_all_types_project/.venv/lib/python3.11/site-packages/airflow/example_dags/plugins/event_listener.py
[2024-04-04T01:04:53.872-0500] {processor.py:183} INFO - Processing /Volumes/SLU_CS/big_data_scd_all_types_project/.venv/lib/python3.11/site-packages/airflow/example_dags/plugins/event_listener.py took 0.028 seconds
[2024-04-04T01:05:43.459-0500] {processor.py:161} INFO - Started process (PID=32364) to work on /Volumes/SLU_CS/big_data_scd_all_types_project/.venv/lib/python3.11/site-packages/airflow/example_dags/plugins/event_listener.py
[2024-04-04T01:05:43.460-0500] {processor.py:830} INFO - Processing file /Volumes/SLU_CS/big_data_scd_all_types_project/.venv/lib/python3.11/site-packages/airflow/example_dags/plugins/event_listener.py for tasks to queue
[2024-04-04T01:05:43.460-0500] {logging_mixin.py:188} INFO - [2024-04-04T01:05:43.460-0500] {dagbag.py:540} INFO - Filling up the DagBag from /Volumes/SLU_CS/big_data_scd_all_types_project/.venv/lib/python3.11/site-packages/airflow/example_dags/plugins/event_listener.py
[2024-04-04T01:05:43.460-0500] {processor.py:842} WARNING - No viable dags retrieved from /Volumes/SLU_CS/big_data_scd_all_types_project/.venv/lib/python3.11/site-packages/airflow/example_dags/plugins/event_listener.py
[2024-04-04T01:05:43.486-0500] {processor.py:183} INFO - Processing /Volumes/SLU_CS/big_data_scd_all_types_project/.venv/lib/python3.11/site-packages/airflow/example_dags/plugins/event_listener.py took 0.028 seconds
[2024-04-04T01:06:34.958-0500] {processor.py:161} INFO - Started process (PID=32483) to work on /Volumes/SLU_CS/big_data_scd_all_types_project/.venv/lib/python3.11/site-packages/airflow/example_dags/plugins/event_listener.py
[2024-04-04T01:06:34.959-0500] {processor.py:830} INFO - Processing file /Volumes/SLU_CS/big_data_scd_all_types_project/.venv/lib/python3.11/site-packages/airflow/example_dags/plugins/event_listener.py for tasks to queue
[2024-04-04T01:06:34.959-0500] {logging_mixin.py:188} INFO - [2024-04-04T01:06:34.959-0500] {dagbag.py:540} INFO - Filling up the DagBag from /Volumes/SLU_CS/big_data_scd_all_types_project/.venv/lib/python3.11/site-packages/airflow/example_dags/plugins/event_listener.py
[2024-04-04T01:06:34.959-0500] {processor.py:842} WARNING - No viable dags retrieved from /Volumes/SLU_CS/big_data_scd_all_types_project/.venv/lib/python3.11/site-packages/airflow/example_dags/plugins/event_listener.py
[2024-04-04T01:06:34.985-0500] {processor.py:183} INFO - Processing /Volumes/SLU_CS/big_data_scd_all_types_project/.venv/lib/python3.11/site-packages/airflow/example_dags/plugins/event_listener.py took 0.028 seconds
[2024-04-04T01:06:53.658-0500] {processor.py:161} INFO - Started process (PID=32547) to work on /Volumes/SLU_CS/big_data_scd_all_types_project/.venv/lib/python3.11/site-packages/airflow/example_dags/plugins/event_listener.py
[2024-04-04T01:06:53.658-0500] {processor.py:830} INFO - Processing file /Volumes/SLU_CS/big_data_scd_all_types_project/.venv/lib/python3.11/site-packages/airflow/example_dags/plugins/event_listener.py for tasks to queue
[2024-04-04T01:06:53.659-0500] {logging_mixin.py:188} INFO - [2024-04-04T01:06:53.659-0500] {dagbag.py:540} INFO - Filling up the DagBag from /Volumes/SLU_CS/big_data_scd_all_types_project/.venv/lib/python3.11/site-packages/airflow/example_dags/plugins/event_listener.py
[2024-04-04T01:06:53.659-0500] {processor.py:842} WARNING - No viable dags retrieved from /Volumes/SLU_CS/big_data_scd_all_types_project/.venv/lib/python3.11/site-packages/airflow/example_dags/plugins/event_listener.py
[2024-04-04T01:06:53.685-0500] {processor.py:183} INFO - Processing /Volumes/SLU_CS/big_data_scd_all_types_project/.venv/lib/python3.11/site-packages/airflow/example_dags/plugins/event_listener.py took 0.029 seconds
[2024-04-04T01:08:17.767-0500] {processor.py:161} INFO - Started process (PID=32689) to work on /Volumes/SLU_CS/big_data_scd_all_types_project/.venv/lib/python3.11/site-packages/airflow/example_dags/plugins/event_listener.py
[2024-04-04T01:08:17.768-0500] {processor.py:830} INFO - Processing file /Volumes/SLU_CS/big_data_scd_all_types_project/.venv/lib/python3.11/site-packages/airflow/example_dags/plugins/event_listener.py for tasks to queue
[2024-04-04T01:08:17.768-0500] {logging_mixin.py:188} INFO - [2024-04-04T01:08:17.768-0500] {dagbag.py:540} INFO - Filling up the DagBag from /Volumes/SLU_CS/big_data_scd_all_types_project/.venv/lib/python3.11/site-packages/airflow/example_dags/plugins/event_listener.py
[2024-04-04T01:08:17.768-0500] {processor.py:842} WARNING - No viable dags retrieved from /Volumes/SLU_CS/big_data_scd_all_types_project/.venv/lib/python3.11/site-packages/airflow/example_dags/plugins/event_listener.py
[2024-04-04T01:08:17.794-0500] {processor.py:183} INFO - Processing /Volumes/SLU_CS/big_data_scd_all_types_project/.venv/lib/python3.11/site-packages/airflow/example_dags/plugins/event_listener.py took 0.028 seconds
[2024-04-04T01:09:12.592-0500] {processor.py:161} INFO - Started process (PID=32784) to work on /Volumes/SLU_CS/big_data_scd_all_types_project/.venv/lib/python3.11/site-packages/airflow/example_dags/plugins/event_listener.py
[2024-04-04T01:09:12.593-0500] {processor.py:830} INFO - Processing file /Volumes/SLU_CS/big_data_scd_all_types_project/.venv/lib/python3.11/site-packages/airflow/example_dags/plugins/event_listener.py for tasks to queue
[2024-04-04T01:09:12.594-0500] {logging_mixin.py:188} INFO - [2024-04-04T01:09:12.593-0500] {dagbag.py:540} INFO - Filling up the DagBag from /Volumes/SLU_CS/big_data_scd_all_types_project/.venv/lib/python3.11/site-packages/airflow/example_dags/plugins/event_listener.py
[2024-04-04T01:09:12.594-0500] {processor.py:842} WARNING - No viable dags retrieved from /Volumes/SLU_CS/big_data_scd_all_types_project/.venv/lib/python3.11/site-packages/airflow/example_dags/plugins/event_listener.py
[2024-04-04T01:09:12.619-0500] {processor.py:183} INFO - Processing /Volumes/SLU_CS/big_data_scd_all_types_project/.venv/lib/python3.11/site-packages/airflow/example_dags/plugins/event_listener.py took 0.028 seconds
[2024-04-04T01:10:04.653-0500] {processor.py:161} INFO - Started process (PID=32911) to work on /Volumes/SLU_CS/big_data_scd_all_types_project/.venv/lib/python3.11/site-packages/airflow/example_dags/plugins/event_listener.py
[2024-04-04T01:10:04.654-0500] {processor.py:830} INFO - Processing file /Volumes/SLU_CS/big_data_scd_all_types_project/.venv/lib/python3.11/site-packages/airflow/example_dags/plugins/event_listener.py for tasks to queue
[2024-04-04T01:10:04.654-0500] {logging_mixin.py:188} INFO - [2024-04-04T01:10:04.654-0500] {dagbag.py:540} INFO - Filling up the DagBag from /Volumes/SLU_CS/big_data_scd_all_types_project/.venv/lib/python3.11/site-packages/airflow/example_dags/plugins/event_listener.py
[2024-04-04T01:10:04.654-0500] {processor.py:842} WARNING - No viable dags retrieved from /Volumes/SLU_CS/big_data_scd_all_types_project/.venv/lib/python3.11/site-packages/airflow/example_dags/plugins/event_listener.py
[2024-04-04T01:10:04.684-0500] {processor.py:183} INFO - Processing /Volumes/SLU_CS/big_data_scd_all_types_project/.venv/lib/python3.11/site-packages/airflow/example_dags/plugins/event_listener.py took 0.032 seconds
[2024-04-04T01:10:53.635-0500] {processor.py:161} INFO - Started process (PID=33035) to work on /Volumes/SLU_CS/big_data_scd_all_types_project/.venv/lib/python3.11/site-packages/airflow/example_dags/plugins/event_listener.py
[2024-04-04T01:10:53.635-0500] {processor.py:830} INFO - Processing file /Volumes/SLU_CS/big_data_scd_all_types_project/.venv/lib/python3.11/site-packages/airflow/example_dags/plugins/event_listener.py for tasks to queue
[2024-04-04T01:10:53.636-0500] {logging_mixin.py:188} INFO - [2024-04-04T01:10:53.636-0500] {dagbag.py:540} INFO - Filling up the DagBag from /Volumes/SLU_CS/big_data_scd_all_types_project/.venv/lib/python3.11/site-packages/airflow/example_dags/plugins/event_listener.py
[2024-04-04T01:10:53.636-0500] {processor.py:842} WARNING - No viable dags retrieved from /Volumes/SLU_CS/big_data_scd_all_types_project/.venv/lib/python3.11/site-packages/airflow/example_dags/plugins/event_listener.py
[2024-04-04T01:10:53.662-0500] {processor.py:183} INFO - Processing /Volumes/SLU_CS/big_data_scd_all_types_project/.venv/lib/python3.11/site-packages/airflow/example_dags/plugins/event_listener.py took 0.028 seconds
[2024-04-04T01:11:44.994-0500] {processor.py:161} INFO - Started process (PID=33169) to work on /Volumes/SLU_CS/big_data_scd_all_types_project/.venv/lib/python3.11/site-packages/airflow/example_dags/plugins/event_listener.py
[2024-04-04T01:11:44.995-0500] {processor.py:830} INFO - Processing file /Volumes/SLU_CS/big_data_scd_all_types_project/.venv/lib/python3.11/site-packages/airflow/example_dags/plugins/event_listener.py for tasks to queue
[2024-04-04T01:11:44.996-0500] {logging_mixin.py:188} INFO - [2024-04-04T01:11:44.995-0500] {dagbag.py:540} INFO - Filling up the DagBag from /Volumes/SLU_CS/big_data_scd_all_types_project/.venv/lib/python3.11/site-packages/airflow/example_dags/plugins/event_listener.py
[2024-04-04T01:11:44.996-0500] {processor.py:842} WARNING - No viable dags retrieved from /Volumes/SLU_CS/big_data_scd_all_types_project/.venv/lib/python3.11/site-packages/airflow/example_dags/plugins/event_listener.py
[2024-04-04T01:11:45.024-0500] {processor.py:183} INFO - Processing /Volumes/SLU_CS/big_data_scd_all_types_project/.venv/lib/python3.11/site-packages/airflow/example_dags/plugins/event_listener.py took 0.031 seconds
[2024-04-04T01:12:40.135-0500] {processor.py:161} INFO - Started process (PID=33332) to work on /Volumes/SLU_CS/big_data_scd_all_types_project/.venv/lib/python3.11/site-packages/airflow/example_dags/plugins/event_listener.py
[2024-04-04T01:12:40.136-0500] {processor.py:830} INFO - Processing file /Volumes/SLU_CS/big_data_scd_all_types_project/.venv/lib/python3.11/site-packages/airflow/example_dags/plugins/event_listener.py for tasks to queue
[2024-04-04T01:12:40.137-0500] {logging_mixin.py:188} INFO - [2024-04-04T01:12:40.136-0500] {dagbag.py:540} INFO - Filling up the DagBag from /Volumes/SLU_CS/big_data_scd_all_types_project/.venv/lib/python3.11/site-packages/airflow/example_dags/plugins/event_listener.py
[2024-04-04T01:12:40.137-0500] {processor.py:842} WARNING - No viable dags retrieved from /Volumes/SLU_CS/big_data_scd_all_types_project/.venv/lib/python3.11/site-packages/airflow/example_dags/plugins/event_listener.py
[2024-04-04T01:12:40.163-0500] {processor.py:183} INFO - Processing /Volumes/SLU_CS/big_data_scd_all_types_project/.venv/lib/python3.11/site-packages/airflow/example_dags/plugins/event_listener.py took 0.028 seconds
[2024-04-04T01:13:27.509-0500] {processor.py:161} INFO - Started process (PID=33461) to work on /Volumes/SLU_CS/big_data_scd_all_types_project/.venv/lib/python3.11/site-packages/airflow/example_dags/plugins/event_listener.py
[2024-04-04T01:13:27.510-0500] {processor.py:830} INFO - Processing file /Volumes/SLU_CS/big_data_scd_all_types_project/.venv/lib/python3.11/site-packages/airflow/example_dags/plugins/event_listener.py for tasks to queue
[2024-04-04T01:13:27.510-0500] {logging_mixin.py:188} INFO - [2024-04-04T01:13:27.510-0500] {dagbag.py:540} INFO - Filling up the DagBag from /Volumes/SLU_CS/big_data_scd_all_types_project/.venv/lib/python3.11/site-packages/airflow/example_dags/plugins/event_listener.py
[2024-04-04T01:13:27.510-0500] {processor.py:842} WARNING - No viable dags retrieved from /Volumes/SLU_CS/big_data_scd_all_types_project/.venv/lib/python3.11/site-packages/airflow/example_dags/plugins/event_listener.py
[2024-04-04T01:13:27.536-0500] {processor.py:183} INFO - Processing /Volumes/SLU_CS/big_data_scd_all_types_project/.venv/lib/python3.11/site-packages/airflow/example_dags/plugins/event_listener.py took 0.028 seconds
[2024-04-04T01:14:16.813-0500] {processor.py:161} INFO - Started process (PID=33554) to work on /Volumes/SLU_CS/big_data_scd_all_types_project/.venv/lib/python3.11/site-packages/airflow/example_dags/plugins/event_listener.py
[2024-04-04T01:14:16.816-0500] {processor.py:830} INFO - Processing file /Volumes/SLU_CS/big_data_scd_all_types_project/.venv/lib/python3.11/site-packages/airflow/example_dags/plugins/event_listener.py for tasks to queue
[2024-04-04T01:14:16.817-0500] {logging_mixin.py:188} INFO - [2024-04-04T01:14:16.817-0500] {dagbag.py:540} INFO - Filling up the DagBag from /Volumes/SLU_CS/big_data_scd_all_types_project/.venv/lib/python3.11/site-packages/airflow/example_dags/plugins/event_listener.py
[2024-04-04T01:14:16.817-0500] {processor.py:842} WARNING - No viable dags retrieved from /Volumes/SLU_CS/big_data_scd_all_types_project/.venv/lib/python3.11/site-packages/airflow/example_dags/plugins/event_listener.py
[2024-04-04T01:14:16.859-0500] {processor.py:183} INFO - Processing /Volumes/SLU_CS/big_data_scd_all_types_project/.venv/lib/python3.11/site-packages/airflow/example_dags/plugins/event_listener.py took 0.047 seconds
[2024-04-04T01:15:05.315-0500] {processor.py:161} INFO - Started process (PID=33636) to work on /Volumes/SLU_CS/big_data_scd_all_types_project/.venv/lib/python3.11/site-packages/airflow/example_dags/plugins/event_listener.py
[2024-04-04T01:15:05.316-0500] {processor.py:830} INFO - Processing file /Volumes/SLU_CS/big_data_scd_all_types_project/.venv/lib/python3.11/site-packages/airflow/example_dags/plugins/event_listener.py for tasks to queue
[2024-04-04T01:15:05.316-0500] {logging_mixin.py:188} INFO - [2024-04-04T01:15:05.316-0500] {dagbag.py:540} INFO - Filling up the DagBag from /Volumes/SLU_CS/big_data_scd_all_types_project/.venv/lib/python3.11/site-packages/airflow/example_dags/plugins/event_listener.py
[2024-04-04T01:15:05.317-0500] {processor.py:842} WARNING - No viable dags retrieved from /Volumes/SLU_CS/big_data_scd_all_types_project/.venv/lib/python3.11/site-packages/airflow/example_dags/plugins/event_listener.py
[2024-04-04T01:15:05.343-0500] {processor.py:183} INFO - Processing /Volumes/SLU_CS/big_data_scd_all_types_project/.venv/lib/python3.11/site-packages/airflow/example_dags/plugins/event_listener.py took 0.029 seconds
[2024-04-04T01:15:51.635-0500] {processor.py:161} INFO - Started process (PID=33709) to work on /Volumes/SLU_CS/big_data_scd_all_types_project/.venv/lib/python3.11/site-packages/airflow/example_dags/plugins/event_listener.py
[2024-04-04T01:15:51.636-0500] {processor.py:830} INFO - Processing file /Volumes/SLU_CS/big_data_scd_all_types_project/.venv/lib/python3.11/site-packages/airflow/example_dags/plugins/event_listener.py for tasks to queue
[2024-04-04T01:15:51.636-0500] {logging_mixin.py:188} INFO - [2024-04-04T01:15:51.636-0500] {dagbag.py:540} INFO - Filling up the DagBag from /Volumes/SLU_CS/big_data_scd_all_types_project/.venv/lib/python3.11/site-packages/airflow/example_dags/plugins/event_listener.py
[2024-04-04T01:15:51.637-0500] {processor.py:842} WARNING - No viable dags retrieved from /Volumes/SLU_CS/big_data_scd_all_types_project/.venv/lib/python3.11/site-packages/airflow/example_dags/plugins/event_listener.py
[2024-04-04T01:15:51.662-0500] {processor.py:183} INFO - Processing /Volumes/SLU_CS/big_data_scd_all_types_project/.venv/lib/python3.11/site-packages/airflow/example_dags/plugins/event_listener.py took 0.027 seconds
[2024-04-04T01:16:41.162-0500] {processor.py:161} INFO - Started process (PID=33795) to work on /Volumes/SLU_CS/big_data_scd_all_types_project/.venv/lib/python3.11/site-packages/airflow/example_dags/plugins/event_listener.py
[2024-04-04T01:16:41.163-0500] {processor.py:830} INFO - Processing file /Volumes/SLU_CS/big_data_scd_all_types_project/.venv/lib/python3.11/site-packages/airflow/example_dags/plugins/event_listener.py for tasks to queue
[2024-04-04T01:16:41.163-0500] {logging_mixin.py:188} INFO - [2024-04-04T01:16:41.163-0500] {dagbag.py:540} INFO - Filling up the DagBag from /Volumes/SLU_CS/big_data_scd_all_types_project/.venv/lib/python3.11/site-packages/airflow/example_dags/plugins/event_listener.py
[2024-04-04T01:16:41.163-0500] {processor.py:842} WARNING - No viable dags retrieved from /Volumes/SLU_CS/big_data_scd_all_types_project/.venv/lib/python3.11/site-packages/airflow/example_dags/plugins/event_listener.py
[2024-04-04T01:16:41.189-0500] {processor.py:183} INFO - Processing /Volumes/SLU_CS/big_data_scd_all_types_project/.venv/lib/python3.11/site-packages/airflow/example_dags/plugins/event_listener.py took 0.027 seconds
[2024-04-04T01:17:38.349-0500] {processor.py:161} INFO - Started process (PID=33889) to work on /Volumes/SLU_CS/big_data_scd_all_types_project/.venv/lib/python3.11/site-packages/airflow/example_dags/plugins/event_listener.py
[2024-04-04T01:17:38.349-0500] {processor.py:830} INFO - Processing file /Volumes/SLU_CS/big_data_scd_all_types_project/.venv/lib/python3.11/site-packages/airflow/example_dags/plugins/event_listener.py for tasks to queue
[2024-04-04T01:17:38.350-0500] {logging_mixin.py:188} INFO - [2024-04-04T01:17:38.349-0500] {dagbag.py:540} INFO - Filling up the DagBag from /Volumes/SLU_CS/big_data_scd_all_types_project/.venv/lib/python3.11/site-packages/airflow/example_dags/plugins/event_listener.py
[2024-04-04T01:17:38.350-0500] {processor.py:842} WARNING - No viable dags retrieved from /Volumes/SLU_CS/big_data_scd_all_types_project/.venv/lib/python3.11/site-packages/airflow/example_dags/plugins/event_listener.py
[2024-04-04T01:17:38.376-0500] {processor.py:183} INFO - Processing /Volumes/SLU_CS/big_data_scd_all_types_project/.venv/lib/python3.11/site-packages/airflow/example_dags/plugins/event_listener.py took 0.029 seconds
[2024-04-04T01:18:31.063-0500] {processor.py:161} INFO - Started process (PID=33960) to work on /Volumes/SLU_CS/big_data_scd_all_types_project/.venv/lib/python3.11/site-packages/airflow/example_dags/plugins/event_listener.py
[2024-04-04T01:18:31.064-0500] {processor.py:830} INFO - Processing file /Volumes/SLU_CS/big_data_scd_all_types_project/.venv/lib/python3.11/site-packages/airflow/example_dags/plugins/event_listener.py for tasks to queue
[2024-04-04T01:18:31.064-0500] {logging_mixin.py:188} INFO - [2024-04-04T01:18:31.064-0500] {dagbag.py:540} INFO - Filling up the DagBag from /Volumes/SLU_CS/big_data_scd_all_types_project/.venv/lib/python3.11/site-packages/airflow/example_dags/plugins/event_listener.py
[2024-04-04T01:18:31.064-0500] {processor.py:842} WARNING - No viable dags retrieved from /Volumes/SLU_CS/big_data_scd_all_types_project/.venv/lib/python3.11/site-packages/airflow/example_dags/plugins/event_listener.py
[2024-04-04T01:18:31.090-0500] {processor.py:183} INFO - Processing /Volumes/SLU_CS/big_data_scd_all_types_project/.venv/lib/python3.11/site-packages/airflow/example_dags/plugins/event_listener.py took 0.028 seconds
[2024-04-04T01:19:26.411-0500] {processor.py:161} INFO - Started process (PID=34172) to work on /Volumes/SLU_CS/big_data_scd_all_types_project/.venv/lib/python3.11/site-packages/airflow/example_dags/plugins/event_listener.py
[2024-04-04T01:19:26.412-0500] {processor.py:830} INFO - Processing file /Volumes/SLU_CS/big_data_scd_all_types_project/.venv/lib/python3.11/site-packages/airflow/example_dags/plugins/event_listener.py for tasks to queue
[2024-04-04T01:19:26.412-0500] {logging_mixin.py:188} INFO - [2024-04-04T01:19:26.412-0500] {dagbag.py:540} INFO - Filling up the DagBag from /Volumes/SLU_CS/big_data_scd_all_types_project/.venv/lib/python3.11/site-packages/airflow/example_dags/plugins/event_listener.py
[2024-04-04T01:19:26.413-0500] {processor.py:842} WARNING - No viable dags retrieved from /Volumes/SLU_CS/big_data_scd_all_types_project/.venv/lib/python3.11/site-packages/airflow/example_dags/plugins/event_listener.py
[2024-04-04T01:19:26.443-0500] {processor.py:183} INFO - Processing /Volumes/SLU_CS/big_data_scd_all_types_project/.venv/lib/python3.11/site-packages/airflow/example_dags/plugins/event_listener.py took 0.034 seconds
[2024-04-04T01:20:21.578-0500] {processor.py:161} INFO - Started process (PID=34269) to work on /Volumes/SLU_CS/big_data_scd_all_types_project/.venv/lib/python3.11/site-packages/airflow/example_dags/plugins/event_listener.py
[2024-04-04T01:20:21.579-0500] {processor.py:830} INFO - Processing file /Volumes/SLU_CS/big_data_scd_all_types_project/.venv/lib/python3.11/site-packages/airflow/example_dags/plugins/event_listener.py for tasks to queue
[2024-04-04T01:20:21.579-0500] {logging_mixin.py:188} INFO - [2024-04-04T01:20:21.579-0500] {dagbag.py:540} INFO - Filling up the DagBag from /Volumes/SLU_CS/big_data_scd_all_types_project/.venv/lib/python3.11/site-packages/airflow/example_dags/plugins/event_listener.py
[2024-04-04T01:20:21.579-0500] {processor.py:842} WARNING - No viable dags retrieved from /Volumes/SLU_CS/big_data_scd_all_types_project/.venv/lib/python3.11/site-packages/airflow/example_dags/plugins/event_listener.py
[2024-04-04T01:20:21.607-0500] {processor.py:183} INFO - Processing /Volumes/SLU_CS/big_data_scd_all_types_project/.venv/lib/python3.11/site-packages/airflow/example_dags/plugins/event_listener.py took 0.033 seconds
