[2024-04-04T01:01:42.018-0500] {processor.py:161} INFO - Started process (PID=31860) to work on /Volumes/SLU_CS/big_data_scd_all_types_project/.venv/lib/python3.11/site-packages/airflow/example_dags/plugins/listener_plugin.py
[2024-04-04T01:01:42.021-0500] {processor.py:830} INFO - Processing file /Volumes/SLU_CS/big_data_scd_all_types_project/.venv/lib/python3.11/site-packages/airflow/example_dags/plugins/listener_plugin.py for tasks to queue
[2024-04-04T01:01:42.021-0500] {logging_mixin.py:188} INFO - [2024-04-04T01:01:42.021-0500] {dagbag.py:540} INFO - Filling up the DagBag from /Volumes/SLU_CS/big_data_scd_all_types_project/.venv/lib/python3.11/site-packages/airflow/example_dags/plugins/listener_plugin.py
[2024-04-04T01:01:42.022-0500] {processor.py:842} WARNING - No viable dags retrieved from /Volumes/SLU_CS/big_data_scd_all_types_project/.venv/lib/python3.11/site-packages/airflow/example_dags/plugins/listener_plugin.py
[2024-04-04T01:01:42.064-0500] {processor.py:183} INFO - Processing /Volumes/SLU_CS/big_data_scd_all_types_project/.venv/lib/python3.11/site-packages/airflow/example_dags/plugins/listener_plugin.py took 0.048 seconds
[2024-04-04T01:03:07.825-0500] {processor.py:161} INFO - Started process (PID=32029) to work on /Volumes/SLU_CS/big_data_scd_all_types_project/.venv/lib/python3.11/site-packages/airflow/example_dags/plugins/listener_plugin.py
[2024-04-04T01:03:07.826-0500] {processor.py:830} INFO - Processing file /Volumes/SLU_CS/big_data_scd_all_types_project/.venv/lib/python3.11/site-packages/airflow/example_dags/plugins/listener_plugin.py for tasks to queue
[2024-04-04T01:03:07.826-0500] {logging_mixin.py:188} INFO - [2024-04-04T01:03:07.826-0500] {dagbag.py:540} INFO - Filling up the DagBag from /Volumes/SLU_CS/big_data_scd_all_types_project/.venv/lib/python3.11/site-packages/airflow/example_dags/plugins/listener_plugin.py
[2024-04-04T01:03:07.828-0500] {processor.py:842} WARNING - No viable dags retrieved from /Volumes/SLU_CS/big_data_scd_all_types_project/.venv/lib/python3.11/site-packages/airflow/example_dags/plugins/listener_plugin.py
[2024-04-04T01:03:07.855-0500] {processor.py:183} INFO - Processing /Volumes/SLU_CS/big_data_scd_all_types_project/.venv/lib/python3.11/site-packages/airflow/example_dags/plugins/listener_plugin.py took 0.030 seconds
[2024-04-04T01:03:59.519-0500] {processor.py:161} INFO - Started process (PID=32186) to work on /Volumes/SLU_CS/big_data_scd_all_types_project/.venv/lib/python3.11/site-packages/airflow/example_dags/plugins/listener_plugin.py
[2024-04-04T01:03:59.520-0500] {processor.py:830} INFO - Processing file /Volumes/SLU_CS/big_data_scd_all_types_project/.venv/lib/python3.11/site-packages/airflow/example_dags/plugins/listener_plugin.py for tasks to queue
[2024-04-04T01:03:59.520-0500] {logging_mixin.py:188} INFO - [2024-04-04T01:03:59.520-0500] {dagbag.py:540} INFO - Filling up the DagBag from /Volumes/SLU_CS/big_data_scd_all_types_project/.venv/lib/python3.11/site-packages/airflow/example_dags/plugins/listener_plugin.py
[2024-04-04T01:03:59.521-0500] {processor.py:842} WARNING - No viable dags retrieved from /Volumes/SLU_CS/big_data_scd_all_types_project/.venv/lib/python3.11/site-packages/airflow/example_dags/plugins/listener_plugin.py
[2024-04-04T01:03:59.549-0500] {processor.py:183} INFO - Processing /Volumes/SLU_CS/big_data_scd_all_types_project/.venv/lib/python3.11/site-packages/airflow/example_dags/plugins/listener_plugin.py took 0.031 seconds
[2024-04-04T01:04:52.109-0500] {processor.py:161} INFO - Started process (PID=32290) to work on /Volumes/SLU_CS/big_data_scd_all_types_project/.venv/lib/python3.11/site-packages/airflow/example_dags/plugins/listener_plugin.py
[2024-04-04T01:04:52.109-0500] {processor.py:830} INFO - Processing file /Volumes/SLU_CS/big_data_scd_all_types_project/.venv/lib/python3.11/site-packages/airflow/example_dags/plugins/listener_plugin.py for tasks to queue
[2024-04-04T01:04:52.110-0500] {logging_mixin.py:188} INFO - [2024-04-04T01:04:52.110-0500] {dagbag.py:540} INFO - Filling up the DagBag from /Volumes/SLU_CS/big_data_scd_all_types_project/.venv/lib/python3.11/site-packages/airflow/example_dags/plugins/listener_plugin.py
[2024-04-04T01:04:52.112-0500] {processor.py:842} WARNING - No viable dags retrieved from /Volumes/SLU_CS/big_data_scd_all_types_project/.venv/lib/python3.11/site-packages/airflow/example_dags/plugins/listener_plugin.py
[2024-04-04T01:04:52.138-0500] {processor.py:183} INFO - Processing /Volumes/SLU_CS/big_data_scd_all_types_project/.venv/lib/python3.11/site-packages/airflow/example_dags/plugins/listener_plugin.py took 0.029 seconds
[2024-04-04T01:05:41.677-0500] {processor.py:161} INFO - Started process (PID=32362) to work on /Volumes/SLU_CS/big_data_scd_all_types_project/.venv/lib/python3.11/site-packages/airflow/example_dags/plugins/listener_plugin.py
[2024-04-04T01:05:41.678-0500] {processor.py:830} INFO - Processing file /Volumes/SLU_CS/big_data_scd_all_types_project/.venv/lib/python3.11/site-packages/airflow/example_dags/plugins/listener_plugin.py for tasks to queue
[2024-04-04T01:05:41.678-0500] {logging_mixin.py:188} INFO - [2024-04-04T01:05:41.678-0500] {dagbag.py:540} INFO - Filling up the DagBag from /Volumes/SLU_CS/big_data_scd_all_types_project/.venv/lib/python3.11/site-packages/airflow/example_dags/plugins/listener_plugin.py
[2024-04-04T01:05:41.680-0500] {processor.py:842} WARNING - No viable dags retrieved from /Volumes/SLU_CS/big_data_scd_all_types_project/.venv/lib/python3.11/site-packages/airflow/example_dags/plugins/listener_plugin.py
[2024-04-04T01:05:41.708-0500] {processor.py:183} INFO - Processing /Volumes/SLU_CS/big_data_scd_all_types_project/.venv/lib/python3.11/site-packages/airflow/example_dags/plugins/listener_plugin.py took 0.031 seconds
[2024-04-04T01:06:33.251-0500] {processor.py:161} INFO - Started process (PID=32480) to work on /Volumes/SLU_CS/big_data_scd_all_types_project/.venv/lib/python3.11/site-packages/airflow/example_dags/plugins/listener_plugin.py
[2024-04-04T01:06:33.252-0500] {processor.py:830} INFO - Processing file /Volumes/SLU_CS/big_data_scd_all_types_project/.venv/lib/python3.11/site-packages/airflow/example_dags/plugins/listener_plugin.py for tasks to queue
[2024-04-04T01:06:33.252-0500] {logging_mixin.py:188} INFO - [2024-04-04T01:06:33.252-0500] {dagbag.py:540} INFO - Filling up the DagBag from /Volumes/SLU_CS/big_data_scd_all_types_project/.venv/lib/python3.11/site-packages/airflow/example_dags/plugins/listener_plugin.py
[2024-04-04T01:06:33.253-0500] {processor.py:842} WARNING - No viable dags retrieved from /Volumes/SLU_CS/big_data_scd_all_types_project/.venv/lib/python3.11/site-packages/airflow/example_dags/plugins/listener_plugin.py
[2024-04-04T01:06:33.282-0500] {processor.py:183} INFO - Processing /Volumes/SLU_CS/big_data_scd_all_types_project/.venv/lib/python3.11/site-packages/airflow/example_dags/plugins/listener_plugin.py took 0.033 seconds
[2024-04-04T01:06:51.889-0500] {processor.py:161} INFO - Started process (PID=32545) to work on /Volumes/SLU_CS/big_data_scd_all_types_project/.venv/lib/python3.11/site-packages/airflow/example_dags/plugins/listener_plugin.py
[2024-04-04T01:06:51.890-0500] {processor.py:830} INFO - Processing file /Volumes/SLU_CS/big_data_scd_all_types_project/.venv/lib/python3.11/site-packages/airflow/example_dags/plugins/listener_plugin.py for tasks to queue
[2024-04-04T01:06:51.890-0500] {logging_mixin.py:188} INFO - [2024-04-04T01:06:51.890-0500] {dagbag.py:540} INFO - Filling up the DagBag from /Volumes/SLU_CS/big_data_scd_all_types_project/.venv/lib/python3.11/site-packages/airflow/example_dags/plugins/listener_plugin.py
[2024-04-04T01:06:51.891-0500] {processor.py:842} WARNING - No viable dags retrieved from /Volumes/SLU_CS/big_data_scd_all_types_project/.venv/lib/python3.11/site-packages/airflow/example_dags/plugins/listener_plugin.py
[2024-04-04T01:06:51.918-0500] {processor.py:183} INFO - Processing /Volumes/SLU_CS/big_data_scd_all_types_project/.venv/lib/python3.11/site-packages/airflow/example_dags/plugins/listener_plugin.py took 0.030 seconds
[2024-04-04T01:08:16.703-0500] {processor.py:161} INFO - Started process (PID=32687) to work on /Volumes/SLU_CS/big_data_scd_all_types_project/.venv/lib/python3.11/site-packages/airflow/example_dags/plugins/listener_plugin.py
[2024-04-04T01:08:16.704-0500] {processor.py:830} INFO - Processing file /Volumes/SLU_CS/big_data_scd_all_types_project/.venv/lib/python3.11/site-packages/airflow/example_dags/plugins/listener_plugin.py for tasks to queue
[2024-04-04T01:08:16.704-0500] {logging_mixin.py:188} INFO - [2024-04-04T01:08:16.704-0500] {dagbag.py:540} INFO - Filling up the DagBag from /Volumes/SLU_CS/big_data_scd_all_types_project/.venv/lib/python3.11/site-packages/airflow/example_dags/plugins/listener_plugin.py
[2024-04-04T01:08:16.706-0500] {processor.py:842} WARNING - No viable dags retrieved from /Volumes/SLU_CS/big_data_scd_all_types_project/.venv/lib/python3.11/site-packages/airflow/example_dags/plugins/listener_plugin.py
[2024-04-04T01:08:16.732-0500] {processor.py:183} INFO - Processing /Volumes/SLU_CS/big_data_scd_all_types_project/.venv/lib/python3.11/site-packages/airflow/example_dags/plugins/listener_plugin.py took 0.031 seconds
[2024-04-04T01:09:11.635-0500] {processor.py:161} INFO - Started process (PID=32782) to work on /Volumes/SLU_CS/big_data_scd_all_types_project/.venv/lib/python3.11/site-packages/airflow/example_dags/plugins/listener_plugin.py
[2024-04-04T01:09:11.636-0500] {processor.py:830} INFO - Processing file /Volumes/SLU_CS/big_data_scd_all_types_project/.venv/lib/python3.11/site-packages/airflow/example_dags/plugins/listener_plugin.py for tasks to queue
[2024-04-04T01:09:11.636-0500] {logging_mixin.py:188} INFO - [2024-04-04T01:09:11.636-0500] {dagbag.py:540} INFO - Filling up the DagBag from /Volumes/SLU_CS/big_data_scd_all_types_project/.venv/lib/python3.11/site-packages/airflow/example_dags/plugins/listener_plugin.py
[2024-04-04T01:09:11.638-0500] {processor.py:842} WARNING - No viable dags retrieved from /Volumes/SLU_CS/big_data_scd_all_types_project/.venv/lib/python3.11/site-packages/airflow/example_dags/plugins/listener_plugin.py
[2024-04-04T01:09:11.664-0500] {processor.py:183} INFO - Processing /Volumes/SLU_CS/big_data_scd_all_types_project/.venv/lib/python3.11/site-packages/airflow/example_dags/plugins/listener_plugin.py took 0.031 seconds
[2024-04-04T01:10:02.879-0500] {processor.py:161} INFO - Started process (PID=32903) to work on /Volumes/SLU_CS/big_data_scd_all_types_project/.venv/lib/python3.11/site-packages/airflow/example_dags/plugins/listener_plugin.py
[2024-04-04T01:10:02.884-0500] {processor.py:830} INFO - Processing file /Volumes/SLU_CS/big_data_scd_all_types_project/.venv/lib/python3.11/site-packages/airflow/example_dags/plugins/listener_plugin.py for tasks to queue
[2024-04-04T01:10:02.885-0500] {logging_mixin.py:188} INFO - [2024-04-04T01:10:02.884-0500] {dagbag.py:540} INFO - Filling up the DagBag from /Volumes/SLU_CS/big_data_scd_all_types_project/.venv/lib/python3.11/site-packages/airflow/example_dags/plugins/listener_plugin.py
[2024-04-04T01:10:02.899-0500] {processor.py:842} WARNING - No viable dags retrieved from /Volumes/SLU_CS/big_data_scd_all_types_project/.venv/lib/python3.11/site-packages/airflow/example_dags/plugins/listener_plugin.py
[2024-04-04T01:10:02.931-0500] {processor.py:183} INFO - Processing /Volumes/SLU_CS/big_data_scd_all_types_project/.venv/lib/python3.11/site-packages/airflow/example_dags/plugins/listener_plugin.py took 0.052 seconds
[2024-04-04T01:10:52.737-0500] {processor.py:161} INFO - Started process (PID=33032) to work on /Volumes/SLU_CS/big_data_scd_all_types_project/.venv/lib/python3.11/site-packages/airflow/example_dags/plugins/listener_plugin.py
[2024-04-04T01:10:52.738-0500] {processor.py:830} INFO - Processing file /Volumes/SLU_CS/big_data_scd_all_types_project/.venv/lib/python3.11/site-packages/airflow/example_dags/plugins/listener_plugin.py for tasks to queue
[2024-04-04T01:10:52.738-0500] {logging_mixin.py:188} INFO - [2024-04-04T01:10:52.738-0500] {dagbag.py:540} INFO - Filling up the DagBag from /Volumes/SLU_CS/big_data_scd_all_types_project/.venv/lib/python3.11/site-packages/airflow/example_dags/plugins/listener_plugin.py
[2024-04-04T01:10:52.739-0500] {processor.py:842} WARNING - No viable dags retrieved from /Volumes/SLU_CS/big_data_scd_all_types_project/.venv/lib/python3.11/site-packages/airflow/example_dags/plugins/listener_plugin.py
[2024-04-04T01:10:52.765-0500] {processor.py:183} INFO - Processing /Volumes/SLU_CS/big_data_scd_all_types_project/.venv/lib/python3.11/site-packages/airflow/example_dags/plugins/listener_plugin.py took 0.029 seconds
[2024-04-04T01:11:43.717-0500] {processor.py:161} INFO - Started process (PID=33161) to work on /Volumes/SLU_CS/big_data_scd_all_types_project/.venv/lib/python3.11/site-packages/airflow/example_dags/plugins/listener_plugin.py
[2024-04-04T01:11:43.718-0500] {processor.py:830} INFO - Processing file /Volumes/SLU_CS/big_data_scd_all_types_project/.venv/lib/python3.11/site-packages/airflow/example_dags/plugins/listener_plugin.py for tasks to queue
[2024-04-04T01:11:43.718-0500] {logging_mixin.py:188} INFO - [2024-04-04T01:11:43.718-0500] {dagbag.py:540} INFO - Filling up the DagBag from /Volumes/SLU_CS/big_data_scd_all_types_project/.venv/lib/python3.11/site-packages/airflow/example_dags/plugins/listener_plugin.py
[2024-04-04T01:11:43.720-0500] {processor.py:842} WARNING - No viable dags retrieved from /Volumes/SLU_CS/big_data_scd_all_types_project/.venv/lib/python3.11/site-packages/airflow/example_dags/plugins/listener_plugin.py
[2024-04-04T01:11:43.748-0500] {processor.py:183} INFO - Processing /Volumes/SLU_CS/big_data_scd_all_types_project/.venv/lib/python3.11/site-packages/airflow/example_dags/plugins/listener_plugin.py took 0.032 seconds
[2024-04-04T01:12:38.420-0500] {processor.py:161} INFO - Started process (PID=33330) to work on /Volumes/SLU_CS/big_data_scd_all_types_project/.venv/lib/python3.11/site-packages/airflow/example_dags/plugins/listener_plugin.py
[2024-04-04T01:12:38.421-0500] {processor.py:830} INFO - Processing file /Volumes/SLU_CS/big_data_scd_all_types_project/.venv/lib/python3.11/site-packages/airflow/example_dags/plugins/listener_plugin.py for tasks to queue
[2024-04-04T01:12:38.421-0500] {logging_mixin.py:188} INFO - [2024-04-04T01:12:38.421-0500] {dagbag.py:540} INFO - Filling up the DagBag from /Volumes/SLU_CS/big_data_scd_all_types_project/.venv/lib/python3.11/site-packages/airflow/example_dags/plugins/listener_plugin.py
[2024-04-04T01:12:38.423-0500] {processor.py:842} WARNING - No viable dags retrieved from /Volumes/SLU_CS/big_data_scd_all_types_project/.venv/lib/python3.11/site-packages/airflow/example_dags/plugins/listener_plugin.py
[2024-04-04T01:12:38.449-0500] {processor.py:183} INFO - Processing /Volumes/SLU_CS/big_data_scd_all_types_project/.venv/lib/python3.11/site-packages/airflow/example_dags/plugins/listener_plugin.py took 0.029 seconds
[2024-04-04T01:13:25.749-0500] {processor.py:161} INFO - Started process (PID=33457) to work on /Volumes/SLU_CS/big_data_scd_all_types_project/.venv/lib/python3.11/site-packages/airflow/example_dags/plugins/listener_plugin.py
[2024-04-04T01:13:25.750-0500] {processor.py:830} INFO - Processing file /Volumes/SLU_CS/big_data_scd_all_types_project/.venv/lib/python3.11/site-packages/airflow/example_dags/plugins/listener_plugin.py for tasks to queue
[2024-04-04T01:13:25.751-0500] {logging_mixin.py:188} INFO - [2024-04-04T01:13:25.751-0500] {dagbag.py:540} INFO - Filling up the DagBag from /Volumes/SLU_CS/big_data_scd_all_types_project/.venv/lib/python3.11/site-packages/airflow/example_dags/plugins/listener_plugin.py
[2024-04-04T01:13:25.752-0500] {processor.py:842} WARNING - No viable dags retrieved from /Volumes/SLU_CS/big_data_scd_all_types_project/.venv/lib/python3.11/site-packages/airflow/example_dags/plugins/listener_plugin.py
[2024-04-04T01:13:25.788-0500] {processor.py:183} INFO - Processing /Volumes/SLU_CS/big_data_scd_all_types_project/.venv/lib/python3.11/site-packages/airflow/example_dags/plugins/listener_plugin.py took 0.040 seconds
[2024-04-04T01:14:15.960-0500] {processor.py:161} INFO - Started process (PID=33552) to work on /Volumes/SLU_CS/big_data_scd_all_types_project/.venv/lib/python3.11/site-packages/airflow/example_dags/plugins/listener_plugin.py
[2024-04-04T01:14:15.960-0500] {processor.py:830} INFO - Processing file /Volumes/SLU_CS/big_data_scd_all_types_project/.venv/lib/python3.11/site-packages/airflow/example_dags/plugins/listener_plugin.py for tasks to queue
[2024-04-04T01:14:15.961-0500] {logging_mixin.py:188} INFO - [2024-04-04T01:14:15.961-0500] {dagbag.py:540} INFO - Filling up the DagBag from /Volumes/SLU_CS/big_data_scd_all_types_project/.venv/lib/python3.11/site-packages/airflow/example_dags/plugins/listener_plugin.py
[2024-04-04T01:14:15.962-0500] {processor.py:842} WARNING - No viable dags retrieved from /Volumes/SLU_CS/big_data_scd_all_types_project/.venv/lib/python3.11/site-packages/airflow/example_dags/plugins/listener_plugin.py
[2024-04-04T01:14:15.988-0500] {processor.py:183} INFO - Processing /Volumes/SLU_CS/big_data_scd_all_types_project/.venv/lib/python3.11/site-packages/airflow/example_dags/plugins/listener_plugin.py took 0.029 seconds
[2024-04-04T01:15:03.908-0500] {processor.py:161} INFO - Started process (PID=33629) to work on /Volumes/SLU_CS/big_data_scd_all_types_project/.venv/lib/python3.11/site-packages/airflow/example_dags/plugins/listener_plugin.py
[2024-04-04T01:15:03.909-0500] {processor.py:830} INFO - Processing file /Volumes/SLU_CS/big_data_scd_all_types_project/.venv/lib/python3.11/site-packages/airflow/example_dags/plugins/listener_plugin.py for tasks to queue
[2024-04-04T01:15:03.909-0500] {logging_mixin.py:188} INFO - [2024-04-04T01:15:03.909-0500] {dagbag.py:540} INFO - Filling up the DagBag from /Volumes/SLU_CS/big_data_scd_all_types_project/.venv/lib/python3.11/site-packages/airflow/example_dags/plugins/listener_plugin.py
[2024-04-04T01:15:03.912-0500] {processor.py:842} WARNING - No viable dags retrieved from /Volumes/SLU_CS/big_data_scd_all_types_project/.venv/lib/python3.11/site-packages/airflow/example_dags/plugins/listener_plugin.py
[2024-04-04T01:15:03.951-0500] {processor.py:183} INFO - Processing /Volumes/SLU_CS/big_data_scd_all_types_project/.venv/lib/python3.11/site-packages/airflow/example_dags/plugins/listener_plugin.py took 0.044 seconds
[2024-04-04T01:15:50.336-0500] {processor.py:161} INFO - Started process (PID=33708) to work on /Volumes/SLU_CS/big_data_scd_all_types_project/.venv/lib/python3.11/site-packages/airflow/example_dags/plugins/listener_plugin.py
[2024-04-04T01:15:50.336-0500] {processor.py:830} INFO - Processing file /Volumes/SLU_CS/big_data_scd_all_types_project/.venv/lib/python3.11/site-packages/airflow/example_dags/plugins/listener_plugin.py for tasks to queue
[2024-04-04T01:15:50.336-0500] {logging_mixin.py:188} INFO - [2024-04-04T01:15:50.336-0500] {dagbag.py:540} INFO - Filling up the DagBag from /Volumes/SLU_CS/big_data_scd_all_types_project/.venv/lib/python3.11/site-packages/airflow/example_dags/plugins/listener_plugin.py
[2024-04-04T01:15:50.338-0500] {processor.py:842} WARNING - No viable dags retrieved from /Volumes/SLU_CS/big_data_scd_all_types_project/.venv/lib/python3.11/site-packages/airflow/example_dags/plugins/listener_plugin.py
[2024-04-04T01:15:50.364-0500] {processor.py:183} INFO - Processing /Volumes/SLU_CS/big_data_scd_all_types_project/.venv/lib/python3.11/site-packages/airflow/example_dags/plugins/listener_plugin.py took 0.029 seconds
[2024-04-04T01:16:39.437-0500] {processor.py:161} INFO - Started process (PID=33793) to work on /Volumes/SLU_CS/big_data_scd_all_types_project/.venv/lib/python3.11/site-packages/airflow/example_dags/plugins/listener_plugin.py
[2024-04-04T01:16:39.438-0500] {processor.py:830} INFO - Processing file /Volumes/SLU_CS/big_data_scd_all_types_project/.venv/lib/python3.11/site-packages/airflow/example_dags/plugins/listener_plugin.py for tasks to queue
[2024-04-04T01:16:39.438-0500] {logging_mixin.py:188} INFO - [2024-04-04T01:16:39.438-0500] {dagbag.py:540} INFO - Filling up the DagBag from /Volumes/SLU_CS/big_data_scd_all_types_project/.venv/lib/python3.11/site-packages/airflow/example_dags/plugins/listener_plugin.py
[2024-04-04T01:16:39.439-0500] {processor.py:842} WARNING - No viable dags retrieved from /Volumes/SLU_CS/big_data_scd_all_types_project/.venv/lib/python3.11/site-packages/airflow/example_dags/plugins/listener_plugin.py
[2024-04-04T01:16:39.465-0500] {processor.py:183} INFO - Processing /Volumes/SLU_CS/big_data_scd_all_types_project/.venv/lib/python3.11/site-packages/airflow/example_dags/plugins/listener_plugin.py took 0.030 seconds
[2024-04-04T01:17:36.632-0500] {processor.py:161} INFO - Started process (PID=33887) to work on /Volumes/SLU_CS/big_data_scd_all_types_project/.venv/lib/python3.11/site-packages/airflow/example_dags/plugins/listener_plugin.py
[2024-04-04T01:17:36.633-0500] {processor.py:830} INFO - Processing file /Volumes/SLU_CS/big_data_scd_all_types_project/.venv/lib/python3.11/site-packages/airflow/example_dags/plugins/listener_plugin.py for tasks to queue
[2024-04-04T01:17:36.633-0500] {logging_mixin.py:188} INFO - [2024-04-04T01:17:36.633-0500] {dagbag.py:540} INFO - Filling up the DagBag from /Volumes/SLU_CS/big_data_scd_all_types_project/.venv/lib/python3.11/site-packages/airflow/example_dags/plugins/listener_plugin.py
[2024-04-04T01:17:36.635-0500] {processor.py:842} WARNING - No viable dags retrieved from /Volumes/SLU_CS/big_data_scd_all_types_project/.venv/lib/python3.11/site-packages/airflow/example_dags/plugins/listener_plugin.py
[2024-04-04T01:17:36.662-0500] {processor.py:183} INFO - Processing /Volumes/SLU_CS/big_data_scd_all_types_project/.venv/lib/python3.11/site-packages/airflow/example_dags/plugins/listener_plugin.py took 0.032 seconds
[2024-04-04T01:18:30.080-0500] {processor.py:161} INFO - Started process (PID=33958) to work on /Volumes/SLU_CS/big_data_scd_all_types_project/.venv/lib/python3.11/site-packages/airflow/example_dags/plugins/listener_plugin.py
[2024-04-04T01:18:30.080-0500] {processor.py:830} INFO - Processing file /Volumes/SLU_CS/big_data_scd_all_types_project/.venv/lib/python3.11/site-packages/airflow/example_dags/plugins/listener_plugin.py for tasks to queue
[2024-04-04T01:18:30.080-0500] {logging_mixin.py:188} INFO - [2024-04-04T01:18:30.080-0500] {dagbag.py:540} INFO - Filling up the DagBag from /Volumes/SLU_CS/big_data_scd_all_types_project/.venv/lib/python3.11/site-packages/airflow/example_dags/plugins/listener_plugin.py
[2024-04-04T01:18:30.082-0500] {processor.py:842} WARNING - No viable dags retrieved from /Volumes/SLU_CS/big_data_scd_all_types_project/.venv/lib/python3.11/site-packages/airflow/example_dags/plugins/listener_plugin.py
[2024-04-04T01:18:30.107-0500] {processor.py:183} INFO - Processing /Volumes/SLU_CS/big_data_scd_all_types_project/.venv/lib/python3.11/site-packages/airflow/example_dags/plugins/listener_plugin.py took 0.028 seconds
[2024-04-04T01:19:24.633-0500] {processor.py:161} INFO - Started process (PID=34170) to work on /Volumes/SLU_CS/big_data_scd_all_types_project/.venv/lib/python3.11/site-packages/airflow/example_dags/plugins/listener_plugin.py
[2024-04-04T01:19:24.634-0500] {processor.py:830} INFO - Processing file /Volumes/SLU_CS/big_data_scd_all_types_project/.venv/lib/python3.11/site-packages/airflow/example_dags/plugins/listener_plugin.py for tasks to queue
[2024-04-04T01:19:24.634-0500] {logging_mixin.py:188} INFO - [2024-04-04T01:19:24.634-0500] {dagbag.py:540} INFO - Filling up the DagBag from /Volumes/SLU_CS/big_data_scd_all_types_project/.venv/lib/python3.11/site-packages/airflow/example_dags/plugins/listener_plugin.py
[2024-04-04T01:19:24.636-0500] {processor.py:842} WARNING - No viable dags retrieved from /Volumes/SLU_CS/big_data_scd_all_types_project/.venv/lib/python3.11/site-packages/airflow/example_dags/plugins/listener_plugin.py
[2024-04-04T01:19:24.662-0500] {processor.py:183} INFO - Processing /Volumes/SLU_CS/big_data_scd_all_types_project/.venv/lib/python3.11/site-packages/airflow/example_dags/plugins/listener_plugin.py took 0.030 seconds
[2024-04-04T01:20:20.778-0500] {processor.py:161} INFO - Started process (PID=34268) to work on /Volumes/SLU_CS/big_data_scd_all_types_project/.venv/lib/python3.11/site-packages/airflow/example_dags/plugins/listener_plugin.py
[2024-04-04T01:20:20.779-0500] {processor.py:830} INFO - Processing file /Volumes/SLU_CS/big_data_scd_all_types_project/.venv/lib/python3.11/site-packages/airflow/example_dags/plugins/listener_plugin.py for tasks to queue
[2024-04-04T01:20:20.779-0500] {logging_mixin.py:188} INFO - [2024-04-04T01:20:20.779-0500] {dagbag.py:540} INFO - Filling up the DagBag from /Volumes/SLU_CS/big_data_scd_all_types_project/.venv/lib/python3.11/site-packages/airflow/example_dags/plugins/listener_plugin.py
[2024-04-04T01:20:20.781-0500] {processor.py:842} WARNING - No viable dags retrieved from /Volumes/SLU_CS/big_data_scd_all_types_project/.venv/lib/python3.11/site-packages/airflow/example_dags/plugins/listener_plugin.py
[2024-04-04T01:20:20.810-0500] {processor.py:183} INFO - Processing /Volumes/SLU_CS/big_data_scd_all_types_project/.venv/lib/python3.11/site-packages/airflow/example_dags/plugins/listener_plugin.py took 0.032 seconds
