[2024-04-04T01:01:39.777-0500] {processor.py:161} INFO - Started process (PID=31853) to work on /Volumes/SLU_CS/big_data_scd_all_types_project/.venv/lib/python3.11/site-packages/airflow/example_dags/plugins/workday.py
[2024-04-04T01:01:39.779-0500] {processor.py:830} INFO - Processing file /Volumes/SLU_CS/big_data_scd_all_types_project/.venv/lib/python3.11/site-packages/airflow/example_dags/plugins/workday.py for tasks to queue
[2024-04-04T01:01:39.779-0500] {logging_mixin.py:188} INFO - [2024-04-04T01:01:39.779-0500] {dagbag.py:540} INFO - Filling up the DagBag from /Volumes/SLU_CS/big_data_scd_all_types_project/.venv/lib/python3.11/site-packages/airflow/example_dags/plugins/workday.py
[2024-04-04T01:01:40.047-0500] {processor.py:842} WARNING - No viable dags retrieved from /Volumes/SLU_CS/big_data_scd_all_types_project/.venv/lib/python3.11/site-packages/airflow/example_dags/plugins/workday.py
[2024-04-04T01:01:40.075-0500] {processor.py:183} INFO - Processing /Volumes/SLU_CS/big_data_scd_all_types_project/.venv/lib/python3.11/site-packages/airflow/example_dags/plugins/workday.py took 0.302 seconds
[2024-04-04T01:03:05.815-0500] {processor.py:161} INFO - Started process (PID=32027) to work on /Volumes/SLU_CS/big_data_scd_all_types_project/.venv/lib/python3.11/site-packages/airflow/example_dags/plugins/workday.py
[2024-04-04T01:03:05.816-0500] {processor.py:830} INFO - Processing file /Volumes/SLU_CS/big_data_scd_all_types_project/.venv/lib/python3.11/site-packages/airflow/example_dags/plugins/workday.py for tasks to queue
[2024-04-04T01:03:05.816-0500] {logging_mixin.py:188} INFO - [2024-04-04T01:03:05.816-0500] {dagbag.py:540} INFO - Filling up the DagBag from /Volumes/SLU_CS/big_data_scd_all_types_project/.venv/lib/python3.11/site-packages/airflow/example_dags/plugins/workday.py
[2024-04-04T01:03:06.104-0500] {processor.py:842} WARNING - No viable dags retrieved from /Volumes/SLU_CS/big_data_scd_all_types_project/.venv/lib/python3.11/site-packages/airflow/example_dags/plugins/workday.py
[2024-04-04T01:03:06.130-0500] {processor.py:183} INFO - Processing /Volumes/SLU_CS/big_data_scd_all_types_project/.venv/lib/python3.11/site-packages/airflow/example_dags/plugins/workday.py took 0.317 seconds
[2024-04-04T01:03:57.498-0500] {processor.py:161} INFO - Started process (PID=32179) to work on /Volumes/SLU_CS/big_data_scd_all_types_project/.venv/lib/python3.11/site-packages/airflow/example_dags/plugins/workday.py
[2024-04-04T01:03:57.499-0500] {processor.py:830} INFO - Processing file /Volumes/SLU_CS/big_data_scd_all_types_project/.venv/lib/python3.11/site-packages/airflow/example_dags/plugins/workday.py for tasks to queue
[2024-04-04T01:03:57.499-0500] {logging_mixin.py:188} INFO - [2024-04-04T01:03:57.499-0500] {dagbag.py:540} INFO - Filling up the DagBag from /Volumes/SLU_CS/big_data_scd_all_types_project/.venv/lib/python3.11/site-packages/airflow/example_dags/plugins/workday.py
[2024-04-04T01:03:57.772-0500] {processor.py:842} WARNING - No viable dags retrieved from /Volumes/SLU_CS/big_data_scd_all_types_project/.venv/lib/python3.11/site-packages/airflow/example_dags/plugins/workday.py
[2024-04-04T01:03:57.799-0500] {processor.py:183} INFO - Processing /Volumes/SLU_CS/big_data_scd_all_types_project/.venv/lib/python3.11/site-packages/airflow/example_dags/plugins/workday.py took 0.302 seconds
[2024-04-04T01:04:50.108-0500] {processor.py:161} INFO - Started process (PID=32288) to work on /Volumes/SLU_CS/big_data_scd_all_types_project/.venv/lib/python3.11/site-packages/airflow/example_dags/plugins/workday.py
[2024-04-04T01:04:50.109-0500] {processor.py:830} INFO - Processing file /Volumes/SLU_CS/big_data_scd_all_types_project/.venv/lib/python3.11/site-packages/airflow/example_dags/plugins/workday.py for tasks to queue
[2024-04-04T01:04:50.109-0500] {logging_mixin.py:188} INFO - [2024-04-04T01:04:50.109-0500] {dagbag.py:540} INFO - Filling up the DagBag from /Volumes/SLU_CS/big_data_scd_all_types_project/.venv/lib/python3.11/site-packages/airflow/example_dags/plugins/workday.py
[2024-04-04T01:04:50.341-0500] {processor.py:842} WARNING - No viable dags retrieved from /Volumes/SLU_CS/big_data_scd_all_types_project/.venv/lib/python3.11/site-packages/airflow/example_dags/plugins/workday.py
[2024-04-04T01:04:50.389-0500] {processor.py:183} INFO - Processing /Volumes/SLU_CS/big_data_scd_all_types_project/.venv/lib/python3.11/site-packages/airflow/example_dags/plugins/workday.py took 0.282 seconds
[2024-04-04T01:05:39.559-0500] {processor.py:161} INFO - Started process (PID=32360) to work on /Volumes/SLU_CS/big_data_scd_all_types_project/.venv/lib/python3.11/site-packages/airflow/example_dags/plugins/workday.py
[2024-04-04T01:05:39.559-0500] {processor.py:830} INFO - Processing file /Volumes/SLU_CS/big_data_scd_all_types_project/.venv/lib/python3.11/site-packages/airflow/example_dags/plugins/workday.py for tasks to queue
[2024-04-04T01:05:39.560-0500] {logging_mixin.py:188} INFO - [2024-04-04T01:05:39.559-0500] {dagbag.py:540} INFO - Filling up the DagBag from /Volumes/SLU_CS/big_data_scd_all_types_project/.venv/lib/python3.11/site-packages/airflow/example_dags/plugins/workday.py
[2024-04-04T01:05:39.800-0500] {processor.py:842} WARNING - No viable dags retrieved from /Volumes/SLU_CS/big_data_scd_all_types_project/.venv/lib/python3.11/site-packages/airflow/example_dags/plugins/workday.py
[2024-04-04T01:05:39.843-0500] {processor.py:183} INFO - Processing /Volumes/SLU_CS/big_data_scd_all_types_project/.venv/lib/python3.11/site-packages/airflow/example_dags/plugins/workday.py took 0.284 seconds
[2024-04-04T01:06:31.788-0500] {processor.py:161} INFO - Started process (PID=32478) to work on /Volumes/SLU_CS/big_data_scd_all_types_project/.venv/lib/python3.11/site-packages/airflow/example_dags/plugins/workday.py
[2024-04-04T01:06:31.789-0500] {processor.py:830} INFO - Processing file /Volumes/SLU_CS/big_data_scd_all_types_project/.venv/lib/python3.11/site-packages/airflow/example_dags/plugins/workday.py for tasks to queue
[2024-04-04T01:06:31.789-0500] {logging_mixin.py:188} INFO - [2024-04-04T01:06:31.789-0500] {dagbag.py:540} INFO - Filling up the DagBag from /Volumes/SLU_CS/big_data_scd_all_types_project/.venv/lib/python3.11/site-packages/airflow/example_dags/plugins/workday.py
[2024-04-04T01:06:32.038-0500] {processor.py:842} WARNING - No viable dags retrieved from /Volumes/SLU_CS/big_data_scd_all_types_project/.venv/lib/python3.11/site-packages/airflow/example_dags/plugins/workday.py
[2024-04-04T01:06:32.069-0500] {processor.py:183} INFO - Processing /Volumes/SLU_CS/big_data_scd_all_types_project/.venv/lib/python3.11/site-packages/airflow/example_dags/plugins/workday.py took 0.282 seconds
[2024-04-04T01:06:49.894-0500] {processor.py:161} INFO - Started process (PID=32542) to work on /Volumes/SLU_CS/big_data_scd_all_types_project/.venv/lib/python3.11/site-packages/airflow/example_dags/plugins/workday.py
[2024-04-04T01:06:49.895-0500] {processor.py:830} INFO - Processing file /Volumes/SLU_CS/big_data_scd_all_types_project/.venv/lib/python3.11/site-packages/airflow/example_dags/plugins/workday.py for tasks to queue
[2024-04-04T01:06:49.895-0500] {logging_mixin.py:188} INFO - [2024-04-04T01:06:49.895-0500] {dagbag.py:540} INFO - Filling up the DagBag from /Volumes/SLU_CS/big_data_scd_all_types_project/.venv/lib/python3.11/site-packages/airflow/example_dags/plugins/workday.py
[2024-04-04T01:06:50.138-0500] {processor.py:842} WARNING - No viable dags retrieved from /Volumes/SLU_CS/big_data_scd_all_types_project/.venv/lib/python3.11/site-packages/airflow/example_dags/plugins/workday.py
[2024-04-04T01:06:50.179-0500] {processor.py:183} INFO - Processing /Volumes/SLU_CS/big_data_scd_all_types_project/.venv/lib/python3.11/site-packages/airflow/example_dags/plugins/workday.py took 0.286 seconds
[2024-04-04T01:08:14.669-0500] {processor.py:161} INFO - Started process (PID=32685) to work on /Volumes/SLU_CS/big_data_scd_all_types_project/.venv/lib/python3.11/site-packages/airflow/example_dags/plugins/workday.py
[2024-04-04T01:08:14.670-0500] {processor.py:830} INFO - Processing file /Volumes/SLU_CS/big_data_scd_all_types_project/.venv/lib/python3.11/site-packages/airflow/example_dags/plugins/workday.py for tasks to queue
[2024-04-04T01:08:14.670-0500] {logging_mixin.py:188} INFO - [2024-04-04T01:08:14.670-0500] {dagbag.py:540} INFO - Filling up the DagBag from /Volumes/SLU_CS/big_data_scd_all_types_project/.venv/lib/python3.11/site-packages/airflow/example_dags/plugins/workday.py
[2024-04-04T01:08:14.950-0500] {processor.py:842} WARNING - No viable dags retrieved from /Volumes/SLU_CS/big_data_scd_all_types_project/.venv/lib/python3.11/site-packages/airflow/example_dags/plugins/workday.py
[2024-04-04T01:08:14.979-0500] {processor.py:183} INFO - Processing /Volumes/SLU_CS/big_data_scd_all_types_project/.venv/lib/python3.11/site-packages/airflow/example_dags/plugins/workday.py took 0.310 seconds
[2024-04-04T01:09:09.636-0500] {processor.py:161} INFO - Started process (PID=32781) to work on /Volumes/SLU_CS/big_data_scd_all_types_project/.venv/lib/python3.11/site-packages/airflow/example_dags/plugins/workday.py
[2024-04-04T01:09:09.636-0500] {processor.py:830} INFO - Processing file /Volumes/SLU_CS/big_data_scd_all_types_project/.venv/lib/python3.11/site-packages/airflow/example_dags/plugins/workday.py for tasks to queue
[2024-04-04T01:09:09.637-0500] {logging_mixin.py:188} INFO - [2024-04-04T01:09:09.636-0500] {dagbag.py:540} INFO - Filling up the DagBag from /Volumes/SLU_CS/big_data_scd_all_types_project/.venv/lib/python3.11/site-packages/airflow/example_dags/plugins/workday.py
[2024-04-04T01:09:09.872-0500] {processor.py:842} WARNING - No viable dags retrieved from /Volumes/SLU_CS/big_data_scd_all_types_project/.venv/lib/python3.11/site-packages/airflow/example_dags/plugins/workday.py
[2024-04-04T01:09:09.907-0500] {processor.py:183} INFO - Processing /Volumes/SLU_CS/big_data_scd_all_types_project/.venv/lib/python3.11/site-packages/airflow/example_dags/plugins/workday.py took 0.272 seconds
[2024-04-04T01:10:00.725-0500] {processor.py:161} INFO - Started process (PID=32901) to work on /Volumes/SLU_CS/big_data_scd_all_types_project/.venv/lib/python3.11/site-packages/airflow/example_dags/plugins/workday.py
[2024-04-04T01:10:00.726-0500] {processor.py:830} INFO - Processing file /Volumes/SLU_CS/big_data_scd_all_types_project/.venv/lib/python3.11/site-packages/airflow/example_dags/plugins/workday.py for tasks to queue
[2024-04-04T01:10:00.726-0500] {logging_mixin.py:188} INFO - [2024-04-04T01:10:00.726-0500] {dagbag.py:540} INFO - Filling up the DagBag from /Volumes/SLU_CS/big_data_scd_all_types_project/.venv/lib/python3.11/site-packages/airflow/example_dags/plugins/workday.py
[2024-04-04T01:10:01.053-0500] {processor.py:842} WARNING - No viable dags retrieved from /Volumes/SLU_CS/big_data_scd_all_types_project/.venv/lib/python3.11/site-packages/airflow/example_dags/plugins/workday.py
[2024-04-04T01:10:01.082-0500] {processor.py:183} INFO - Processing /Volumes/SLU_CS/big_data_scd_all_types_project/.venv/lib/python3.11/site-packages/airflow/example_dags/plugins/workday.py took 0.359 seconds
[2024-04-04T01:10:50.753-0500] {processor.py:161} INFO - Started process (PID=33025) to work on /Volumes/SLU_CS/big_data_scd_all_types_project/.venv/lib/python3.11/site-packages/airflow/example_dags/plugins/workday.py
[2024-04-04T01:10:50.753-0500] {processor.py:830} INFO - Processing file /Volumes/SLU_CS/big_data_scd_all_types_project/.venv/lib/python3.11/site-packages/airflow/example_dags/plugins/workday.py for tasks to queue
[2024-04-04T01:10:50.753-0500] {logging_mixin.py:188} INFO - [2024-04-04T01:10:50.753-0500] {dagbag.py:540} INFO - Filling up the DagBag from /Volumes/SLU_CS/big_data_scd_all_types_project/.venv/lib/python3.11/site-packages/airflow/example_dags/plugins/workday.py
[2024-04-04T01:10:51.024-0500] {processor.py:842} WARNING - No viable dags retrieved from /Volumes/SLU_CS/big_data_scd_all_types_project/.venv/lib/python3.11/site-packages/airflow/example_dags/plugins/workday.py
[2024-04-04T01:10:51.051-0500] {processor.py:183} INFO - Processing /Volumes/SLU_CS/big_data_scd_all_types_project/.venv/lib/python3.11/site-packages/airflow/example_dags/plugins/workday.py took 0.299 seconds
[2024-04-04T01:11:41.655-0500] {processor.py:161} INFO - Started process (PID=33159) to work on /Volumes/SLU_CS/big_data_scd_all_types_project/.venv/lib/python3.11/site-packages/airflow/example_dags/plugins/workday.py
[2024-04-04T01:11:41.655-0500] {processor.py:830} INFO - Processing file /Volumes/SLU_CS/big_data_scd_all_types_project/.venv/lib/python3.11/site-packages/airflow/example_dags/plugins/workday.py for tasks to queue
[2024-04-04T01:11:41.656-0500] {logging_mixin.py:188} INFO - [2024-04-04T01:11:41.656-0500] {dagbag.py:540} INFO - Filling up the DagBag from /Volumes/SLU_CS/big_data_scd_all_types_project/.venv/lib/python3.11/site-packages/airflow/example_dags/plugins/workday.py
[2024-04-04T01:11:41.903-0500] {processor.py:842} WARNING - No viable dags retrieved from /Volumes/SLU_CS/big_data_scd_all_types_project/.venv/lib/python3.11/site-packages/airflow/example_dags/plugins/workday.py
[2024-04-04T01:11:41.943-0500] {processor.py:183} INFO - Processing /Volumes/SLU_CS/big_data_scd_all_types_project/.venv/lib/python3.11/site-packages/airflow/example_dags/plugins/workday.py took 0.289 seconds
[2024-04-04T01:12:36.362-0500] {processor.py:161} INFO - Started process (PID=33328) to work on /Volumes/SLU_CS/big_data_scd_all_types_project/.venv/lib/python3.11/site-packages/airflow/example_dags/plugins/workday.py
[2024-04-04T01:12:36.362-0500] {processor.py:830} INFO - Processing file /Volumes/SLU_CS/big_data_scd_all_types_project/.venv/lib/python3.11/site-packages/airflow/example_dags/plugins/workday.py for tasks to queue
[2024-04-04T01:12:36.363-0500] {logging_mixin.py:188} INFO - [2024-04-04T01:12:36.363-0500] {dagbag.py:540} INFO - Filling up the DagBag from /Volumes/SLU_CS/big_data_scd_all_types_project/.venv/lib/python3.11/site-packages/airflow/example_dags/plugins/workday.py
[2024-04-04T01:12:36.647-0500] {processor.py:842} WARNING - No viable dags retrieved from /Volumes/SLU_CS/big_data_scd_all_types_project/.venv/lib/python3.11/site-packages/airflow/example_dags/plugins/workday.py
[2024-04-04T01:12:36.674-0500] {processor.py:183} INFO - Processing /Volumes/SLU_CS/big_data_scd_all_types_project/.venv/lib/python3.11/site-packages/airflow/example_dags/plugins/workday.py took 0.314 seconds
[2024-04-04T01:13:23.636-0500] {processor.py:161} INFO - Started process (PID=33452) to work on /Volumes/SLU_CS/big_data_scd_all_types_project/.venv/lib/python3.11/site-packages/airflow/example_dags/plugins/workday.py
[2024-04-04T01:13:23.637-0500] {processor.py:830} INFO - Processing file /Volumes/SLU_CS/big_data_scd_all_types_project/.venv/lib/python3.11/site-packages/airflow/example_dags/plugins/workday.py for tasks to queue
[2024-04-04T01:13:23.637-0500] {logging_mixin.py:188} INFO - [2024-04-04T01:13:23.637-0500] {dagbag.py:540} INFO - Filling up the DagBag from /Volumes/SLU_CS/big_data_scd_all_types_project/.venv/lib/python3.11/site-packages/airflow/example_dags/plugins/workday.py
[2024-04-04T01:13:24.011-0500] {processor.py:842} WARNING - No viable dags retrieved from /Volumes/SLU_CS/big_data_scd_all_types_project/.venv/lib/python3.11/site-packages/airflow/example_dags/plugins/workday.py
[2024-04-04T01:13:24.037-0500] {processor.py:183} INFO - Processing /Volumes/SLU_CS/big_data_scd_all_types_project/.venv/lib/python3.11/site-packages/airflow/example_dags/plugins/workday.py took 0.401 seconds
[2024-04-04T01:14:13.803-0500] {processor.py:161} INFO - Started process (PID=33548) to work on /Volumes/SLU_CS/big_data_scd_all_types_project/.venv/lib/python3.11/site-packages/airflow/example_dags/plugins/workday.py
[2024-04-04T01:14:13.804-0500] {processor.py:830} INFO - Processing file /Volumes/SLU_CS/big_data_scd_all_types_project/.venv/lib/python3.11/site-packages/airflow/example_dags/plugins/workday.py for tasks to queue
[2024-04-04T01:14:13.805-0500] {logging_mixin.py:188} INFO - [2024-04-04T01:14:13.805-0500] {dagbag.py:540} INFO - Filling up the DagBag from /Volumes/SLU_CS/big_data_scd_all_types_project/.venv/lib/python3.11/site-packages/airflow/example_dags/plugins/workday.py
[2024-04-04T01:14:14.182-0500] {processor.py:842} WARNING - No viable dags retrieved from /Volumes/SLU_CS/big_data_scd_all_types_project/.venv/lib/python3.11/site-packages/airflow/example_dags/plugins/workday.py
[2024-04-04T01:14:14.210-0500] {processor.py:183} INFO - Processing /Volumes/SLU_CS/big_data_scd_all_types_project/.venv/lib/python3.11/site-packages/airflow/example_dags/plugins/workday.py took 0.409 seconds
[2024-04-04T01:15:01.558-0500] {processor.py:161} INFO - Started process (PID=33625) to work on /Volumes/SLU_CS/big_data_scd_all_types_project/.venv/lib/python3.11/site-packages/airflow/example_dags/plugins/workday.py
[2024-04-04T01:15:01.559-0500] {processor.py:830} INFO - Processing file /Volumes/SLU_CS/big_data_scd_all_types_project/.venv/lib/python3.11/site-packages/airflow/example_dags/plugins/workday.py for tasks to queue
[2024-04-04T01:15:01.559-0500] {logging_mixin.py:188} INFO - [2024-04-04T01:15:01.559-0500] {dagbag.py:540} INFO - Filling up the DagBag from /Volumes/SLU_CS/big_data_scd_all_types_project/.venv/lib/python3.11/site-packages/airflow/example_dags/plugins/workday.py
[2024-04-04T01:15:02.017-0500] {processor.py:842} WARNING - No viable dags retrieved from /Volumes/SLU_CS/big_data_scd_all_types_project/.venv/lib/python3.11/site-packages/airflow/example_dags/plugins/workday.py
[2024-04-04T01:15:02.047-0500] {processor.py:183} INFO - Processing /Volumes/SLU_CS/big_data_scd_all_types_project/.venv/lib/python3.11/site-packages/airflow/example_dags/plugins/workday.py took 0.490 seconds
[2024-04-04T01:15:48.222-0500] {processor.py:161} INFO - Started process (PID=33706) to work on /Volumes/SLU_CS/big_data_scd_all_types_project/.venv/lib/python3.11/site-packages/airflow/example_dags/plugins/workday.py
[2024-04-04T01:15:48.225-0500] {processor.py:830} INFO - Processing file /Volumes/SLU_CS/big_data_scd_all_types_project/.venv/lib/python3.11/site-packages/airflow/example_dags/plugins/workday.py for tasks to queue
[2024-04-04T01:15:48.225-0500] {logging_mixin.py:188} INFO - [2024-04-04T01:15:48.225-0500] {dagbag.py:540} INFO - Filling up the DagBag from /Volumes/SLU_CS/big_data_scd_all_types_project/.venv/lib/python3.11/site-packages/airflow/example_dags/plugins/workday.py
[2024-04-04T01:15:48.613-0500] {processor.py:842} WARNING - No viable dags retrieved from /Volumes/SLU_CS/big_data_scd_all_types_project/.venv/lib/python3.11/site-packages/airflow/example_dags/plugins/workday.py
[2024-04-04T01:15:48.638-0500] {processor.py:183} INFO - Processing /Volumes/SLU_CS/big_data_scd_all_types_project/.venv/lib/python3.11/site-packages/airflow/example_dags/plugins/workday.py took 0.416 seconds
[2024-04-04T01:16:37.315-0500] {processor.py:161} INFO - Started process (PID=33791) to work on /Volumes/SLU_CS/big_data_scd_all_types_project/.venv/lib/python3.11/site-packages/airflow/example_dags/plugins/workday.py
[2024-04-04T01:16:37.315-0500] {processor.py:830} INFO - Processing file /Volumes/SLU_CS/big_data_scd_all_types_project/.venv/lib/python3.11/site-packages/airflow/example_dags/plugins/workday.py for tasks to queue
[2024-04-04T01:16:37.315-0500] {logging_mixin.py:188} INFO - [2024-04-04T01:16:37.315-0500] {dagbag.py:540} INFO - Filling up the DagBag from /Volumes/SLU_CS/big_data_scd_all_types_project/.venv/lib/python3.11/site-packages/airflow/example_dags/plugins/workday.py
[2024-04-04T01:16:37.676-0500] {processor.py:842} WARNING - No viable dags retrieved from /Volumes/SLU_CS/big_data_scd_all_types_project/.venv/lib/python3.11/site-packages/airflow/example_dags/plugins/workday.py
[2024-04-04T01:16:37.701-0500] {processor.py:183} INFO - Processing /Volumes/SLU_CS/big_data_scd_all_types_project/.venv/lib/python3.11/site-packages/airflow/example_dags/plugins/workday.py took 0.388 seconds
[2024-04-04T01:17:34.645-0500] {processor.py:161} INFO - Started process (PID=33885) to work on /Volumes/SLU_CS/big_data_scd_all_types_project/.venv/lib/python3.11/site-packages/airflow/example_dags/plugins/workday.py
[2024-04-04T01:17:34.646-0500] {processor.py:830} INFO - Processing file /Volumes/SLU_CS/big_data_scd_all_types_project/.venv/lib/python3.11/site-packages/airflow/example_dags/plugins/workday.py for tasks to queue
[2024-04-04T01:17:34.646-0500] {logging_mixin.py:188} INFO - [2024-04-04T01:17:34.646-0500] {dagbag.py:540} INFO - Filling up the DagBag from /Volumes/SLU_CS/big_data_scd_all_types_project/.venv/lib/python3.11/site-packages/airflow/example_dags/plugins/workday.py
[2024-04-04T01:17:34.865-0500] {processor.py:842} WARNING - No viable dags retrieved from /Volumes/SLU_CS/big_data_scd_all_types_project/.venv/lib/python3.11/site-packages/airflow/example_dags/plugins/workday.py
[2024-04-04T01:17:34.907-0500] {processor.py:183} INFO - Processing /Volumes/SLU_CS/big_data_scd_all_types_project/.venv/lib/python3.11/site-packages/airflow/example_dags/plugins/workday.py took 0.262 seconds
[2024-04-04T01:18:28.056-0500] {processor.py:161} INFO - Started process (PID=33956) to work on /Volumes/SLU_CS/big_data_scd_all_types_project/.venv/lib/python3.11/site-packages/airflow/example_dags/plugins/workday.py
[2024-04-04T01:18:28.057-0500] {processor.py:830} INFO - Processing file /Volumes/SLU_CS/big_data_scd_all_types_project/.venv/lib/python3.11/site-packages/airflow/example_dags/plugins/workday.py for tasks to queue
[2024-04-04T01:18:28.058-0500] {logging_mixin.py:188} INFO - [2024-04-04T01:18:28.058-0500] {dagbag.py:540} INFO - Filling up the DagBag from /Volumes/SLU_CS/big_data_scd_all_types_project/.venv/lib/python3.11/site-packages/airflow/example_dags/plugins/workday.py
[2024-04-04T01:18:28.308-0500] {processor.py:842} WARNING - No viable dags retrieved from /Volumes/SLU_CS/big_data_scd_all_types_project/.venv/lib/python3.11/site-packages/airflow/example_dags/plugins/workday.py
[2024-04-04T01:18:28.344-0500] {processor.py:183} INFO - Processing /Volumes/SLU_CS/big_data_scd_all_types_project/.venv/lib/python3.11/site-packages/airflow/example_dags/plugins/workday.py took 0.289 seconds
[2024-04-04T01:19:22.593-0500] {processor.py:161} INFO - Started process (PID=34166) to work on /Volumes/SLU_CS/big_data_scd_all_types_project/.venv/lib/python3.11/site-packages/airflow/example_dags/plugins/workday.py
[2024-04-04T01:19:22.594-0500] {processor.py:830} INFO - Processing file /Volumes/SLU_CS/big_data_scd_all_types_project/.venv/lib/python3.11/site-packages/airflow/example_dags/plugins/workday.py for tasks to queue
[2024-04-04T01:19:22.594-0500] {logging_mixin.py:188} INFO - [2024-04-04T01:19:22.594-0500] {dagbag.py:540} INFO - Filling up the DagBag from /Volumes/SLU_CS/big_data_scd_all_types_project/.venv/lib/python3.11/site-packages/airflow/example_dags/plugins/workday.py
[2024-04-04T01:19:22.845-0500] {processor.py:842} WARNING - No viable dags retrieved from /Volumes/SLU_CS/big_data_scd_all_types_project/.venv/lib/python3.11/site-packages/airflow/example_dags/plugins/workday.py
[2024-04-04T01:19:22.888-0500] {processor.py:183} INFO - Processing /Volumes/SLU_CS/big_data_scd_all_types_project/.venv/lib/python3.11/site-packages/airflow/example_dags/plugins/workday.py took 0.296 seconds
[2024-04-04T01:20:18.667-0500] {processor.py:161} INFO - Started process (PID=34265) to work on /Volumes/SLU_CS/big_data_scd_all_types_project/.venv/lib/python3.11/site-packages/airflow/example_dags/plugins/workday.py
[2024-04-04T01:20:18.667-0500] {processor.py:830} INFO - Processing file /Volumes/SLU_CS/big_data_scd_all_types_project/.venv/lib/python3.11/site-packages/airflow/example_dags/plugins/workday.py for tasks to queue
[2024-04-04T01:20:18.668-0500] {logging_mixin.py:188} INFO - [2024-04-04T01:20:18.668-0500] {dagbag.py:540} INFO - Filling up the DagBag from /Volumes/SLU_CS/big_data_scd_all_types_project/.venv/lib/python3.11/site-packages/airflow/example_dags/plugins/workday.py
[2024-04-04T01:20:18.924-0500] {processor.py:842} WARNING - No viable dags retrieved from /Volumes/SLU_CS/big_data_scd_all_types_project/.venv/lib/python3.11/site-packages/airflow/example_dags/plugins/workday.py
[2024-04-04T01:20:18.958-0500] {processor.py:183} INFO - Processing /Volumes/SLU_CS/big_data_scd_all_types_project/.venv/lib/python3.11/site-packages/airflow/example_dags/plugins/workday.py took 0.293 seconds
